[2022-10-01 01:35:28,826] {taskinstance.py:903} INFO - Dependencies all met for <TaskInstance: daily_data_processing_pipeline.start_task 2022-10-01T01:34:12.453219+00:00 [None]>
[2022-10-01 01:35:28,842] {taskinstance.py:903} INFO - Dependencies all met for <TaskInstance: daily_data_processing_pipeline.start_task 2022-10-01T01:34:12.453219+00:00 [None]>
[2022-10-01 01:35:28,843] {taskinstance.py:1094} INFO - 
--------------------------------------------------------------------------------
[2022-10-01 01:35:28,844] {taskinstance.py:1095} INFO - Starting attempt 1 of 1
[2022-10-01 01:35:28,845] {taskinstance.py:1096} INFO - 
--------------------------------------------------------------------------------
[2022-10-01 01:35:28,853] {taskinstance.py:1114} INFO - Executing <Task(_PythonDecoratedOperator): start_task> on 2022-10-01T01:34:12.453219+00:00
[2022-10-01 01:35:28,861] {standard_task_runner.py:52} INFO - Started process 1975 to run task
[2022-10-01 01:35:28,865] {standard_task_runner.py:76} INFO - Running: ['***', 'tasks', 'run', 'daily_data_processing_pipeline', 'start_task', '2022-10-01T01:34:12.453219+00:00', '--job-id', '4', '--pool', 'default_pool', '--raw', '--subdir', 'DAGS_FOLDER/dag_schedule.py', '--cfg-path', '/tmp/tmp68w8skas', '--error-file', '/tmp/tmp8r0x7f2q']
[2022-10-01 01:35:28,866] {standard_task_runner.py:77} INFO - Job 4: Subtask start_task
[2022-10-01 01:35:28,911] {logging_mixin.py:109} INFO - Running <TaskInstance: daily_data_processing_pipeline.start_task 2022-10-01T01:34:12.453219+00:00 [running]> on host f7d8021d0ce4
[2022-10-01 01:35:28,954] {taskinstance.py:1253} INFO - Exporting the following env vars:
AIRFLOW_CTX_DAG_OWNER=***
AIRFLOW_CTX_DAG_ID=daily_data_processing_pipeline
AIRFLOW_CTX_TASK_ID=start_task
AIRFLOW_CTX_EXECUTION_DATE=2022-10-01T01:34:12.453219+00:00
AIRFLOW_CTX_DAG_RUN_ID=manual__2022-10-01T01:34:12.453219+00:00
[2022-10-01 01:35:28,955] {dag_schedule.py:34} INFO - Task Triggered
[2022-10-01 01:35:28,956] {dag_schedule.py:35} INFO - 2022-10-01T01:35:28.956351
[2022-10-01 01:35:28,957] {python.py:151} INFO - Done. Returned value was: None
[2022-10-01 01:35:28,967] {taskinstance.py:1218} INFO - Marking task as SUCCESS. dag_id=daily_data_processing_pipeline, task_id=start_task, execution_date=20221001T013412, start_date=20221001T013528, end_date=20221001T013528
[2022-10-01 01:35:28,997] {local_task_job.py:151} INFO - Task exited with return code 0
[2022-10-01 01:35:29,019] {local_task_job.py:261} INFO - 2 downstream tasks scheduled from follow-on schedule check
