[2022-10-01 01:38:59,287] {taskinstance.py:903} INFO - Dependencies all met for <TaskInstance: daily_data_processing_pipeline.start_task 2022-10-01T01:38:51.258144+00:00 [None]>
[2022-10-01 01:38:59,304] {taskinstance.py:903} INFO - Dependencies all met for <TaskInstance: daily_data_processing_pipeline.start_task 2022-10-01T01:38:51.258144+00:00 [None]>
[2022-10-01 01:38:59,305] {taskinstance.py:1094} INFO - 
--------------------------------------------------------------------------------
[2022-10-01 01:38:59,307] {taskinstance.py:1095} INFO - Starting attempt 1 of 1
[2022-10-01 01:38:59,308] {taskinstance.py:1096} INFO - 
--------------------------------------------------------------------------------
[2022-10-01 01:38:59,316] {taskinstance.py:1114} INFO - Executing <Task(_PythonDecoratedOperator): start_task> on 2022-10-01T01:38:51.258144+00:00
[2022-10-01 01:38:59,321] {standard_task_runner.py:52} INFO - Started process 2334 to run task
[2022-10-01 01:38:59,324] {standard_task_runner.py:76} INFO - Running: ['***', 'tasks', 'run', 'daily_data_processing_pipeline', 'start_task', '2022-10-01T01:38:51.258144+00:00', '--job-id', '5', '--pool', 'default_pool', '--raw', '--subdir', 'DAGS_FOLDER/dag_schedule.py', '--cfg-path', '/tmp/tmp9i25zn7h', '--error-file', '/tmp/tmpaqju0pn2']
[2022-10-01 01:38:59,325] {standard_task_runner.py:77} INFO - Job 5: Subtask start_task
[2022-10-01 01:38:59,368] {logging_mixin.py:109} INFO - Running <TaskInstance: daily_data_processing_pipeline.start_task 2022-10-01T01:38:51.258144+00:00 [running]> on host f7d8021d0ce4
[2022-10-01 01:38:59,416] {taskinstance.py:1253} INFO - Exporting the following env vars:
AIRFLOW_CTX_DAG_OWNER=***
AIRFLOW_CTX_DAG_ID=daily_data_processing_pipeline
AIRFLOW_CTX_TASK_ID=start_task
AIRFLOW_CTX_EXECUTION_DATE=2022-10-01T01:38:51.258144+00:00
AIRFLOW_CTX_DAG_RUN_ID=manual__2022-10-01T01:38:51.258144+00:00
[2022-10-01 01:38:59,417] {dag_schedule.py:34} INFO - Task Triggered
[2022-10-01 01:38:59,418] {dag_schedule.py:35} INFO - 2022-10-01T01:38:59.418660
[2022-10-01 01:38:59,419] {python.py:151} INFO - Done. Returned value was: None
[2022-10-01 01:38:59,429] {taskinstance.py:1218} INFO - Marking task as SUCCESS. dag_id=daily_data_processing_pipeline, task_id=start_task, execution_date=20221001T013851, start_date=20221001T013859, end_date=20221001T013859
[2022-10-01 01:38:59,457] {local_task_job.py:151} INFO - Task exited with return code 0
[2022-10-01 01:38:59,481] {local_task_job.py:261} INFO - 2 downstream tasks scheduled from follow-on schedule check
