[2022-10-01 02:02:40,470] {taskinstance.py:903} INFO - Dependencies all met for <TaskInstance: daily_data_processing_pipeline.dataset1.load 2022-10-01T02:02:34.373129+00:00 [queued]>
[2022-10-01 02:02:40,485] {taskinstance.py:903} INFO - Dependencies all met for <TaskInstance: daily_data_processing_pipeline.dataset1.load 2022-10-01T02:02:34.373129+00:00 [queued]>
[2022-10-01 02:02:40,486] {taskinstance.py:1094} INFO - 
--------------------------------------------------------------------------------
[2022-10-01 02:02:40,487] {taskinstance.py:1095} INFO - Starting attempt 1 of 1
[2022-10-01 02:02:40,487] {taskinstance.py:1096} INFO - 
--------------------------------------------------------------------------------
[2022-10-01 02:02:40,495] {taskinstance.py:1114} INFO - Executing <Task(_PythonDecoratedOperator): dataset1.load> on 2022-10-01T02:02:34.373129+00:00
[2022-10-01 02:02:40,499] {standard_task_runner.py:52} INFO - Started process 4902 to run task
[2022-10-01 02:02:40,502] {standard_task_runner.py:76} INFO - Running: ['***', 'tasks', 'run', 'daily_data_processing_pipeline', 'dataset1.load', '2022-10-01T02:02:34.373129+00:00', '--job-id', '38', '--pool', 'default_pool', '--raw', '--subdir', 'DAGS_FOLDER/dag_schedule.py', '--cfg-path', '/tmp/tmp11mmg9o1', '--error-file', '/tmp/tmpqq78zv52']
[2022-10-01 02:02:40,503] {standard_task_runner.py:77} INFO - Job 38: Subtask dataset1.load
[2022-10-01 02:02:40,541] {logging_mixin.py:109} INFO - Running <TaskInstance: daily_data_processing_pipeline.dataset1.load 2022-10-01T02:02:34.373129+00:00 [running]> on host f7d8021d0ce4
[2022-10-01 02:02:40,758] {taskinstance.py:1253} INFO - Exporting the following env vars:
AIRFLOW_CTX_DAG_OWNER=***
AIRFLOW_CTX_DAG_ID=daily_data_processing_pipeline
AIRFLOW_CTX_TASK_ID=dataset1.load
AIRFLOW_CTX_EXECUTION_DATE=2022-10-01T02:02:34.373129+00:00
AIRFLOW_CTX_DAG_RUN_ID=manual__2022-10-01T02:02:34.373129+00:00
[2022-10-01 02:02:40,812] {dag_schedule.py:104} INFO - Output File Path
[2022-10-01 02:02:40,813] {dag_schedule.py:105} INFO - /opt/***/dags/output/dataset1.csv
[2022-10-01 02:02:40,835] {python.py:151} INFO - Done. Returned value was: None
[2022-10-01 02:02:40,844] {taskinstance.py:1218} INFO - Marking task as SUCCESS. dag_id=daily_data_processing_pipeline, task_id=dataset1.load, execution_date=20221001T020234, start_date=20221001T020240, end_date=20221001T020240
[2022-10-01 02:02:40,875] {local_task_job.py:151} INFO - Task exited with return code 0
[2022-10-01 02:02:40,895] {local_task_job.py:261} INFO - 0 downstream tasks scheduled from follow-on schedule check
