[2022-10-01 02:03:48,995] {taskinstance.py:903} INFO - Dependencies all met for <TaskInstance: daily_data_processing_pipeline.start_task 2022-10-01T02:03:47.919891+00:00 [queued]>
[2022-10-01 02:03:49,019] {taskinstance.py:903} INFO - Dependencies all met for <TaskInstance: daily_data_processing_pipeline.start_task 2022-10-01T02:03:47.919891+00:00 [queued]>
[2022-10-01 02:03:49,021] {taskinstance.py:1094} INFO - 
--------------------------------------------------------------------------------
[2022-10-01 02:03:49,022] {taskinstance.py:1095} INFO - Starting attempt 1 of 1
[2022-10-01 02:03:49,023] {taskinstance.py:1096} INFO - 
--------------------------------------------------------------------------------
[2022-10-01 02:03:49,040] {taskinstance.py:1114} INFO - Executing <Task(_PythonDecoratedOperator): start_task> on 2022-10-01T02:03:47.919891+00:00
[2022-10-01 02:03:49,048] {standard_task_runner.py:52} INFO - Started process 5019 to run task
[2022-10-01 02:03:49,052] {standard_task_runner.py:76} INFO - Running: ['***', 'tasks', 'run', 'daily_data_processing_pipeline', 'start_task', '2022-10-01T02:03:47.919891+00:00', '--job-id', '39', '--pool', 'default_pool', '--raw', '--subdir', 'DAGS_FOLDER/dag_schedule.py', '--cfg-path', '/tmp/tmpbguaf7hf', '--error-file', '/tmp/tmpegb_u7ru']
[2022-10-01 02:03:49,054] {standard_task_runner.py:77} INFO - Job 39: Subtask start_task
[2022-10-01 02:03:49,115] {logging_mixin.py:109} INFO - Running <TaskInstance: daily_data_processing_pipeline.start_task 2022-10-01T02:03:47.919891+00:00 [running]> on host f7d8021d0ce4
[2022-10-01 02:03:49,161] {taskinstance.py:1253} INFO - Exporting the following env vars:
AIRFLOW_CTX_DAG_OWNER=***
AIRFLOW_CTX_DAG_ID=daily_data_processing_pipeline
AIRFLOW_CTX_TASK_ID=start_task
AIRFLOW_CTX_EXECUTION_DATE=2022-10-01T02:03:47.919891+00:00
AIRFLOW_CTX_DAG_RUN_ID=manual__2022-10-01T02:03:47.919891+00:00
[2022-10-01 02:03:49,162] {dag_schedule.py:36} INFO - Task Triggered
[2022-10-01 02:03:49,163] {dag_schedule.py:37} INFO - 2022-10-01T02:03:49.163384
[2022-10-01 02:03:49,164] {python.py:151} INFO - Done. Returned value was: None
[2022-10-01 02:03:49,172] {taskinstance.py:1218} INFO - Marking task as SUCCESS. dag_id=daily_data_processing_pipeline, task_id=start_task, execution_date=20221001T020347, start_date=20221001T020348, end_date=20221001T020349
[2022-10-01 02:03:49,225] {local_task_job.py:151} INFO - Task exited with return code 0
[2022-10-01 02:03:49,252] {local_task_job.py:261} INFO - 2 downstream tasks scheduled from follow-on schedule check
