[2022-10-01 01:58:59,382] {taskinstance.py:903} INFO - Dependencies all met for <TaskInstance: daily_data_processing_pipeline.start_task 2022-10-01T01:58:57.767978+00:00 [queued]>
[2022-10-01 01:58:59,400] {taskinstance.py:903} INFO - Dependencies all met for <TaskInstance: daily_data_processing_pipeline.start_task 2022-10-01T01:58:57.767978+00:00 [queued]>
[2022-10-01 01:58:59,401] {taskinstance.py:1094} INFO - 
--------------------------------------------------------------------------------
[2022-10-01 01:58:59,402] {taskinstance.py:1095} INFO - Starting attempt 1 of 1
[2022-10-01 01:58:59,403] {taskinstance.py:1096} INFO - 
--------------------------------------------------------------------------------
[2022-10-01 01:58:59,412] {taskinstance.py:1114} INFO - Executing <Task(_PythonDecoratedOperator): start_task> on 2022-10-01T01:58:57.767978+00:00
[2022-10-01 01:58:59,417] {standard_task_runner.py:52} INFO - Started process 4476 to run task
[2022-10-01 01:58:59,420] {standard_task_runner.py:76} INFO - Running: ['***', 'tasks', 'run', 'daily_data_processing_pipeline', 'start_task', '2022-10-01T01:58:57.767978+00:00', '--job-id', '20', '--pool', 'default_pool', '--raw', '--subdir', 'DAGS_FOLDER/dag_schedule.py', '--cfg-path', '/tmp/tmpsm1xbi_7', '--error-file', '/tmp/tmpqi95dqt_']
[2022-10-01 01:58:59,421] {standard_task_runner.py:77} INFO - Job 20: Subtask start_task
[2022-10-01 01:58:59,464] {logging_mixin.py:109} INFO - Running <TaskInstance: daily_data_processing_pipeline.start_task 2022-10-01T01:58:57.767978+00:00 [running]> on host f7d8021d0ce4
[2022-10-01 01:58:59,509] {taskinstance.py:1253} INFO - Exporting the following env vars:
AIRFLOW_CTX_DAG_OWNER=***
AIRFLOW_CTX_DAG_ID=daily_data_processing_pipeline
AIRFLOW_CTX_TASK_ID=start_task
AIRFLOW_CTX_EXECUTION_DATE=2022-10-01T01:58:57.767978+00:00
AIRFLOW_CTX_DAG_RUN_ID=manual__2022-10-01T01:58:57.767978+00:00
[2022-10-01 01:58:59,510] {dag_schedule.py:36} INFO - Task Triggered
[2022-10-01 01:58:59,511] {dag_schedule.py:37} INFO - 2022-10-01T01:58:59.511700
[2022-10-01 01:58:59,512] {python.py:151} INFO - Done. Returned value was: None
[2022-10-01 01:58:59,523] {taskinstance.py:1218} INFO - Marking task as SUCCESS. dag_id=daily_data_processing_pipeline, task_id=start_task, execution_date=20221001T015857, start_date=20221001T015859, end_date=20221001T015859
[2022-10-01 01:58:59,553] {local_task_job.py:151} INFO - Task exited with return code 0
[2022-10-01 01:58:59,576] {local_task_job.py:261} INFO - 2 downstream tasks scheduled from follow-on schedule check
