[2022-10-01 01:30:23,488] {taskinstance.py:903} INFO - Dependencies all met for <TaskInstance: daily_data_processing_pipeline.start_task 2022-10-01T01:29:34.252780+00:00 [None]>
[2022-10-01 01:30:23,504] {taskinstance.py:903} INFO - Dependencies all met for <TaskInstance: daily_data_processing_pipeline.start_task 2022-10-01T01:29:34.252780+00:00 [None]>
[2022-10-01 01:30:23,504] {taskinstance.py:1094} INFO - 
--------------------------------------------------------------------------------
[2022-10-01 01:30:23,505] {taskinstance.py:1095} INFO - Starting attempt 1 of 1
[2022-10-01 01:30:23,506] {taskinstance.py:1096} INFO - 
--------------------------------------------------------------------------------
[2022-10-01 01:30:23,516] {taskinstance.py:1114} INFO - Executing <Task(_PythonDecoratedOperator): start_task> on 2022-10-01T01:29:34.252780+00:00
[2022-10-01 01:30:23,521] {standard_task_runner.py:52} INFO - Started process 1427 to run task
[2022-10-01 01:30:23,524] {standard_task_runner.py:76} INFO - Running: ['***', 'tasks', 'run', 'daily_data_processing_pipeline', 'start_task', '2022-10-01T01:29:34.252780+00:00', '--job-id', '3', '--pool', 'default_pool', '--raw', '--subdir', 'DAGS_FOLDER/dag_schedule.py', '--cfg-path', '/tmp/tmpkmds3wru', '--error-file', '/tmp/tmpnz1pn0g9']
[2022-10-01 01:30:23,525] {standard_task_runner.py:77} INFO - Job 3: Subtask start_task
[2022-10-01 01:30:23,564] {logging_mixin.py:109} INFO - Running <TaskInstance: daily_data_processing_pipeline.start_task 2022-10-01T01:29:34.252780+00:00 [running]> on host f7d8021d0ce4
[2022-10-01 01:30:23,611] {taskinstance.py:1253} INFO - Exporting the following env vars:
AIRFLOW_CTX_DAG_OWNER=***
AIRFLOW_CTX_DAG_ID=daily_data_processing_pipeline
AIRFLOW_CTX_TASK_ID=start_task
AIRFLOW_CTX_EXECUTION_DATE=2022-10-01T01:29:34.252780+00:00
AIRFLOW_CTX_DAG_RUN_ID=manual__2022-10-01T01:29:34.252780+00:00
[2022-10-01 01:30:23,613] {dag_schedule.py:34} INFO - Task Triggered
[2022-10-01 01:30:23,614] {dag_schedule.py:35} INFO - 2022-10-01T01:30:23.614011
[2022-10-01 01:30:23,615] {python.py:151} INFO - Done. Returned value was: None
[2022-10-01 01:30:23,626] {taskinstance.py:1218} INFO - Marking task as SUCCESS. dag_id=daily_data_processing_pipeline, task_id=start_task, execution_date=20221001T012934, start_date=20221001T013023, end_date=20221001T013023
[2022-10-01 01:30:23,657] {local_task_job.py:151} INFO - Task exited with return code 0
[2022-10-01 01:30:23,678] {local_task_job.py:261} INFO - 0 downstream tasks scheduled from follow-on schedule check
