[2022-10-01 00:00:31,325] {processor.py:162} INFO - Started process (PID=5574) to work on /home/airflow/.local/lib/python3.6/site-packages/airflow/example_dags/example_skip_dag.py
[2022-10-01 00:00:31,328] {processor.py:613} INFO - Processing file /home/airflow/.local/lib/python3.6/site-packages/airflow/example_dags/example_skip_dag.py for tasks to queue
[2022-10-01 00:00:31,330] {logging_mixin.py:109} INFO - [2022-10-01 00:00:31,330] {dagbag.py:496} INFO - Filling up the DagBag from /home/airflow/.local/lib/python3.6/site-packages/airflow/example_dags/example_skip_dag.py
[2022-10-01 00:00:31,345] {processor.py:623} INFO - DAG(s) dict_keys(['example_skip_dag']) retrieved from /home/airflow/.local/lib/python3.6/site-packages/airflow/example_dags/example_skip_dag.py
[2022-10-01 00:00:31,524] {logging_mixin.py:109} INFO - [2022-10-01 00:00:31,524] {dag.py:1833} INFO - Sync 1 DAGs
[2022-10-01 00:00:31,537] {logging_mixin.py:109} INFO - [2022-10-01 00:00:31,537] {dag.py:2306} INFO - Setting next_dagrun for example_skip_dag to 2022-09-29 00:00:00+00:00
[2022-10-01 00:00:31,549] {processor.py:170} INFO - Processing /home/airflow/.local/lib/python3.6/site-packages/airflow/example_dags/example_skip_dag.py took 0.230 seconds
[2022-10-01 00:01:02,272] {processor.py:162} INFO - Started process (PID=5624) to work on /home/airflow/.local/lib/python3.6/site-packages/airflow/example_dags/example_skip_dag.py
[2022-10-01 00:01:02,274] {processor.py:613} INFO - Processing file /home/airflow/.local/lib/python3.6/site-packages/airflow/example_dags/example_skip_dag.py for tasks to queue
[2022-10-01 00:01:02,276] {logging_mixin.py:109} INFO - [2022-10-01 00:01:02,276] {dagbag.py:496} INFO - Filling up the DagBag from /home/airflow/.local/lib/python3.6/site-packages/airflow/example_dags/example_skip_dag.py
[2022-10-01 00:01:02,289] {processor.py:623} INFO - DAG(s) dict_keys(['example_skip_dag']) retrieved from /home/airflow/.local/lib/python3.6/site-packages/airflow/example_dags/example_skip_dag.py
[2022-10-01 00:01:02,308] {logging_mixin.py:109} INFO - [2022-10-01 00:01:02,308] {dag.py:1833} INFO - Sync 1 DAGs
[2022-10-01 00:01:02,323] {logging_mixin.py:109} INFO - [2022-10-01 00:01:02,323] {dag.py:2306} INFO - Setting next_dagrun for example_skip_dag to 2022-09-29 00:00:00+00:00
[2022-10-01 00:01:02,336] {processor.py:170} INFO - Processing /home/airflow/.local/lib/python3.6/site-packages/airflow/example_dags/example_skip_dag.py took 0.068 seconds
[2022-10-01 00:01:32,569] {processor.py:162} INFO - Started process (PID=5685) to work on /home/airflow/.local/lib/python3.6/site-packages/airflow/example_dags/example_skip_dag.py
[2022-10-01 00:01:32,571] {processor.py:613} INFO - Processing file /home/airflow/.local/lib/python3.6/site-packages/airflow/example_dags/example_skip_dag.py for tasks to queue
[2022-10-01 00:01:32,572] {logging_mixin.py:109} INFO - [2022-10-01 00:01:32,572] {dagbag.py:496} INFO - Filling up the DagBag from /home/airflow/.local/lib/python3.6/site-packages/airflow/example_dags/example_skip_dag.py
[2022-10-01 00:01:32,580] {processor.py:623} INFO - DAG(s) dict_keys(['example_skip_dag']) retrieved from /home/airflow/.local/lib/python3.6/site-packages/airflow/example_dags/example_skip_dag.py
[2022-10-01 00:01:32,644] {logging_mixin.py:109} INFO - [2022-10-01 00:01:32,644] {dag.py:1833} INFO - Sync 1 DAGs
[2022-10-01 00:01:32,661] {logging_mixin.py:109} INFO - [2022-10-01 00:01:32,661] {dag.py:2306} INFO - Setting next_dagrun for example_skip_dag to 2022-09-29 00:00:00+00:00
[2022-10-01 00:01:32,672] {processor.py:170} INFO - Processing /home/airflow/.local/lib/python3.6/site-packages/airflow/example_dags/example_skip_dag.py took 0.106 seconds
[2022-10-01 00:02:02,865] {processor.py:162} INFO - Started process (PID=5746) to work on /home/airflow/.local/lib/python3.6/site-packages/airflow/example_dags/example_skip_dag.py
[2022-10-01 00:02:02,867] {processor.py:613} INFO - Processing file /home/airflow/.local/lib/python3.6/site-packages/airflow/example_dags/example_skip_dag.py for tasks to queue
[2022-10-01 00:02:02,868] {logging_mixin.py:109} INFO - [2022-10-01 00:02:02,868] {dagbag.py:496} INFO - Filling up the DagBag from /home/airflow/.local/lib/python3.6/site-packages/airflow/example_dags/example_skip_dag.py
[2022-10-01 00:02:02,879] {processor.py:623} INFO - DAG(s) dict_keys(['example_skip_dag']) retrieved from /home/airflow/.local/lib/python3.6/site-packages/airflow/example_dags/example_skip_dag.py
[2022-10-01 00:02:02,901] {logging_mixin.py:109} INFO - [2022-10-01 00:02:02,900] {dag.py:1833} INFO - Sync 1 DAGs
[2022-10-01 00:02:02,913] {logging_mixin.py:109} INFO - [2022-10-01 00:02:02,913] {dag.py:2306} INFO - Setting next_dagrun for example_skip_dag to 2022-09-29 00:00:00+00:00
[2022-10-01 00:02:02,924] {processor.py:170} INFO - Processing /home/airflow/.local/lib/python3.6/site-packages/airflow/example_dags/example_skip_dag.py took 0.062 seconds
[2022-10-01 00:02:33,223] {processor.py:162} INFO - Started process (PID=5797) to work on /home/airflow/.local/lib/python3.6/site-packages/airflow/example_dags/example_skip_dag.py
[2022-10-01 00:02:33,225] {processor.py:613} INFO - Processing file /home/airflow/.local/lib/python3.6/site-packages/airflow/example_dags/example_skip_dag.py for tasks to queue
[2022-10-01 00:02:33,226] {logging_mixin.py:109} INFO - [2022-10-01 00:02:33,226] {dagbag.py:496} INFO - Filling up the DagBag from /home/airflow/.local/lib/python3.6/site-packages/airflow/example_dags/example_skip_dag.py
[2022-10-01 00:02:33,234] {processor.py:623} INFO - DAG(s) dict_keys(['example_skip_dag']) retrieved from /home/airflow/.local/lib/python3.6/site-packages/airflow/example_dags/example_skip_dag.py
[2022-10-01 00:02:33,254] {logging_mixin.py:109} INFO - [2022-10-01 00:02:33,254] {dag.py:1833} INFO - Sync 1 DAGs
[2022-10-01 00:02:33,267] {logging_mixin.py:109} INFO - [2022-10-01 00:02:33,267] {dag.py:2306} INFO - Setting next_dagrun for example_skip_dag to 2022-09-29 00:00:00+00:00
[2022-10-01 00:02:33,278] {processor.py:170} INFO - Processing /home/airflow/.local/lib/python3.6/site-packages/airflow/example_dags/example_skip_dag.py took 0.057 seconds
[2022-10-01 00:03:03,343] {processor.py:162} INFO - Started process (PID=5858) to work on /home/airflow/.local/lib/python3.6/site-packages/airflow/example_dags/example_skip_dag.py
[2022-10-01 00:03:03,345] {processor.py:613} INFO - Processing file /home/airflow/.local/lib/python3.6/site-packages/airflow/example_dags/example_skip_dag.py for tasks to queue
[2022-10-01 00:03:03,347] {logging_mixin.py:109} INFO - [2022-10-01 00:03:03,347] {dagbag.py:496} INFO - Filling up the DagBag from /home/airflow/.local/lib/python3.6/site-packages/airflow/example_dags/example_skip_dag.py
[2022-10-01 00:03:03,357] {processor.py:623} INFO - DAG(s) dict_keys(['example_skip_dag']) retrieved from /home/airflow/.local/lib/python3.6/site-packages/airflow/example_dags/example_skip_dag.py
[2022-10-01 00:03:03,379] {logging_mixin.py:109} INFO - [2022-10-01 00:03:03,379] {dag.py:1833} INFO - Sync 1 DAGs
[2022-10-01 00:03:03,394] {logging_mixin.py:109} INFO - [2022-10-01 00:03:03,394] {dag.py:2306} INFO - Setting next_dagrun for example_skip_dag to 2022-09-29 00:00:00+00:00
[2022-10-01 00:03:03,406] {processor.py:170} INFO - Processing /home/airflow/.local/lib/python3.6/site-packages/airflow/example_dags/example_skip_dag.py took 0.066 seconds
[2022-10-01 00:03:33,638] {processor.py:162} INFO - Started process (PID=5919) to work on /home/airflow/.local/lib/python3.6/site-packages/airflow/example_dags/example_skip_dag.py
[2022-10-01 00:03:33,640] {processor.py:613} INFO - Processing file /home/airflow/.local/lib/python3.6/site-packages/airflow/example_dags/example_skip_dag.py for tasks to queue
[2022-10-01 00:03:33,641] {logging_mixin.py:109} INFO - [2022-10-01 00:03:33,641] {dagbag.py:496} INFO - Filling up the DagBag from /home/airflow/.local/lib/python3.6/site-packages/airflow/example_dags/example_skip_dag.py
[2022-10-01 00:03:33,651] {processor.py:623} INFO - DAG(s) dict_keys(['example_skip_dag']) retrieved from /home/airflow/.local/lib/python3.6/site-packages/airflow/example_dags/example_skip_dag.py
[2022-10-01 00:03:33,671] {logging_mixin.py:109} INFO - [2022-10-01 00:03:33,671] {dag.py:1833} INFO - Sync 1 DAGs
[2022-10-01 00:03:33,686] {logging_mixin.py:109} INFO - [2022-10-01 00:03:33,686] {dag.py:2306} INFO - Setting next_dagrun for example_skip_dag to 2022-09-29 00:00:00+00:00
[2022-10-01 00:03:33,698] {processor.py:170} INFO - Processing /home/airflow/.local/lib/python3.6/site-packages/airflow/example_dags/example_skip_dag.py took 0.063 seconds
[2022-10-01 00:04:03,939] {processor.py:162} INFO - Started process (PID=5970) to work on /home/airflow/.local/lib/python3.6/site-packages/airflow/example_dags/example_skip_dag.py
[2022-10-01 00:04:03,940] {processor.py:613} INFO - Processing file /home/airflow/.local/lib/python3.6/site-packages/airflow/example_dags/example_skip_dag.py for tasks to queue
[2022-10-01 00:04:03,942] {logging_mixin.py:109} INFO - [2022-10-01 00:04:03,942] {dagbag.py:496} INFO - Filling up the DagBag from /home/airflow/.local/lib/python3.6/site-packages/airflow/example_dags/example_skip_dag.py
[2022-10-01 00:04:03,952] {processor.py:623} INFO - DAG(s) dict_keys(['example_skip_dag']) retrieved from /home/airflow/.local/lib/python3.6/site-packages/airflow/example_dags/example_skip_dag.py
[2022-10-01 00:04:03,972] {logging_mixin.py:109} INFO - [2022-10-01 00:04:03,972] {dag.py:1833} INFO - Sync 1 DAGs
[2022-10-01 00:04:03,987] {logging_mixin.py:109} INFO - [2022-10-01 00:04:03,987] {dag.py:2306} INFO - Setting next_dagrun for example_skip_dag to 2022-09-29 00:00:00+00:00
[2022-10-01 00:04:04,002] {processor.py:170} INFO - Processing /home/airflow/.local/lib/python3.6/site-packages/airflow/example_dags/example_skip_dag.py took 0.066 seconds
[2022-10-01 00:04:34,220] {processor.py:162} INFO - Started process (PID=6031) to work on /home/airflow/.local/lib/python3.6/site-packages/airflow/example_dags/example_skip_dag.py
[2022-10-01 00:04:34,222] {processor.py:613} INFO - Processing file /home/airflow/.local/lib/python3.6/site-packages/airflow/example_dags/example_skip_dag.py for tasks to queue
[2022-10-01 00:04:34,224] {logging_mixin.py:109} INFO - [2022-10-01 00:04:34,224] {dagbag.py:496} INFO - Filling up the DagBag from /home/airflow/.local/lib/python3.6/site-packages/airflow/example_dags/example_skip_dag.py
[2022-10-01 00:04:34,231] {processor.py:623} INFO - DAG(s) dict_keys(['example_skip_dag']) retrieved from /home/airflow/.local/lib/python3.6/site-packages/airflow/example_dags/example_skip_dag.py
[2022-10-01 00:04:34,249] {logging_mixin.py:109} INFO - [2022-10-01 00:04:34,249] {dag.py:1833} INFO - Sync 1 DAGs
[2022-10-01 00:04:34,260] {logging_mixin.py:109} INFO - [2022-10-01 00:04:34,260] {dag.py:2306} INFO - Setting next_dagrun for example_skip_dag to 2022-09-29 00:00:00+00:00
[2022-10-01 00:04:34,270] {processor.py:170} INFO - Processing /home/airflow/.local/lib/python3.6/site-packages/airflow/example_dags/example_skip_dag.py took 0.051 seconds
[2022-10-01 00:05:04,583] {processor.py:162} INFO - Started process (PID=6091) to work on /home/airflow/.local/lib/python3.6/site-packages/airflow/example_dags/example_skip_dag.py
[2022-10-01 00:05:04,585] {processor.py:613} INFO - Processing file /home/airflow/.local/lib/python3.6/site-packages/airflow/example_dags/example_skip_dag.py for tasks to queue
[2022-10-01 00:05:04,587] {logging_mixin.py:109} INFO - [2022-10-01 00:05:04,587] {dagbag.py:496} INFO - Filling up the DagBag from /home/airflow/.local/lib/python3.6/site-packages/airflow/example_dags/example_skip_dag.py
[2022-10-01 00:05:04,597] {processor.py:623} INFO - DAG(s) dict_keys(['example_skip_dag']) retrieved from /home/airflow/.local/lib/python3.6/site-packages/airflow/example_dags/example_skip_dag.py
[2022-10-01 00:05:04,621] {logging_mixin.py:109} INFO - [2022-10-01 00:05:04,621] {dag.py:1833} INFO - Sync 1 DAGs
[2022-10-01 00:05:04,636] {logging_mixin.py:109} INFO - [2022-10-01 00:05:04,636] {dag.py:2306} INFO - Setting next_dagrun for example_skip_dag to 2022-09-29 00:00:00+00:00
[2022-10-01 00:05:04,649] {processor.py:170} INFO - Processing /home/airflow/.local/lib/python3.6/site-packages/airflow/example_dags/example_skip_dag.py took 0.069 seconds
[2022-10-01 00:05:34,862] {processor.py:162} INFO - Started process (PID=6143) to work on /home/airflow/.local/lib/python3.6/site-packages/airflow/example_dags/example_skip_dag.py
[2022-10-01 00:05:34,864] {processor.py:613} INFO - Processing file /home/airflow/.local/lib/python3.6/site-packages/airflow/example_dags/example_skip_dag.py for tasks to queue
[2022-10-01 00:05:34,865] {logging_mixin.py:109} INFO - [2022-10-01 00:05:34,865] {dagbag.py:496} INFO - Filling up the DagBag from /home/airflow/.local/lib/python3.6/site-packages/airflow/example_dags/example_skip_dag.py
[2022-10-01 00:05:34,874] {processor.py:623} INFO - DAG(s) dict_keys(['example_skip_dag']) retrieved from /home/airflow/.local/lib/python3.6/site-packages/airflow/example_dags/example_skip_dag.py
[2022-10-01 00:05:34,896] {logging_mixin.py:109} INFO - [2022-10-01 00:05:34,896] {dag.py:1833} INFO - Sync 1 DAGs
[2022-10-01 00:05:34,910] {logging_mixin.py:109} INFO - [2022-10-01 00:05:34,910] {dag.py:2306} INFO - Setting next_dagrun for example_skip_dag to 2022-09-29 00:00:00+00:00
[2022-10-01 00:05:34,921] {processor.py:170} INFO - Processing /home/airflow/.local/lib/python3.6/site-packages/airflow/example_dags/example_skip_dag.py took 0.063 seconds
[2022-10-01 00:06:05,201] {processor.py:162} INFO - Started process (PID=6205) to work on /home/airflow/.local/lib/python3.6/site-packages/airflow/example_dags/example_skip_dag.py
[2022-10-01 00:06:05,203] {processor.py:613} INFO - Processing file /home/airflow/.local/lib/python3.6/site-packages/airflow/example_dags/example_skip_dag.py for tasks to queue
[2022-10-01 00:06:05,204] {logging_mixin.py:109} INFO - [2022-10-01 00:06:05,204] {dagbag.py:496} INFO - Filling up the DagBag from /home/airflow/.local/lib/python3.6/site-packages/airflow/example_dags/example_skip_dag.py
[2022-10-01 00:06:05,214] {processor.py:623} INFO - DAG(s) dict_keys(['example_skip_dag']) retrieved from /home/airflow/.local/lib/python3.6/site-packages/airflow/example_dags/example_skip_dag.py
[2022-10-01 00:06:05,234] {logging_mixin.py:109} INFO - [2022-10-01 00:06:05,234] {dag.py:1833} INFO - Sync 1 DAGs
[2022-10-01 00:06:05,249] {logging_mixin.py:109} INFO - [2022-10-01 00:06:05,248] {dag.py:2306} INFO - Setting next_dagrun for example_skip_dag to 2022-09-29 00:00:00+00:00
[2022-10-01 00:06:05,259] {processor.py:170} INFO - Processing /home/airflow/.local/lib/python3.6/site-packages/airflow/example_dags/example_skip_dag.py took 0.060 seconds
[2022-10-01 00:06:35,466] {processor.py:162} INFO - Started process (PID=6257) to work on /home/airflow/.local/lib/python3.6/site-packages/airflow/example_dags/example_skip_dag.py
[2022-10-01 00:06:35,468] {processor.py:613} INFO - Processing file /home/airflow/.local/lib/python3.6/site-packages/airflow/example_dags/example_skip_dag.py for tasks to queue
[2022-10-01 00:06:35,469] {logging_mixin.py:109} INFO - [2022-10-01 00:06:35,469] {dagbag.py:496} INFO - Filling up the DagBag from /home/airflow/.local/lib/python3.6/site-packages/airflow/example_dags/example_skip_dag.py
[2022-10-01 00:06:35,482] {processor.py:623} INFO - DAG(s) dict_keys(['example_skip_dag']) retrieved from /home/airflow/.local/lib/python3.6/site-packages/airflow/example_dags/example_skip_dag.py
[2022-10-01 00:06:35,518] {logging_mixin.py:109} INFO - [2022-10-01 00:06:35,518] {dag.py:1833} INFO - Sync 1 DAGs
[2022-10-01 00:06:35,540] {logging_mixin.py:109} INFO - [2022-10-01 00:06:35,540] {dag.py:2306} INFO - Setting next_dagrun for example_skip_dag to 2022-09-29 00:00:00+00:00
[2022-10-01 00:06:35,558] {processor.py:170} INFO - Processing /home/airflow/.local/lib/python3.6/site-packages/airflow/example_dags/example_skip_dag.py took 0.095 seconds
[2022-10-01 00:07:05,679] {processor.py:162} INFO - Started process (PID=6318) to work on /home/airflow/.local/lib/python3.6/site-packages/airflow/example_dags/example_skip_dag.py
[2022-10-01 00:07:05,680] {processor.py:613} INFO - Processing file /home/airflow/.local/lib/python3.6/site-packages/airflow/example_dags/example_skip_dag.py for tasks to queue
[2022-10-01 00:07:05,682] {logging_mixin.py:109} INFO - [2022-10-01 00:07:05,682] {dagbag.py:496} INFO - Filling up the DagBag from /home/airflow/.local/lib/python3.6/site-packages/airflow/example_dags/example_skip_dag.py
[2022-10-01 00:07:05,690] {processor.py:623} INFO - DAG(s) dict_keys(['example_skip_dag']) retrieved from /home/airflow/.local/lib/python3.6/site-packages/airflow/example_dags/example_skip_dag.py
[2022-10-01 00:07:05,710] {logging_mixin.py:109} INFO - [2022-10-01 00:07:05,710] {dag.py:1833} INFO - Sync 1 DAGs
[2022-10-01 00:07:05,723] {logging_mixin.py:109} INFO - [2022-10-01 00:07:05,722] {dag.py:2306} INFO - Setting next_dagrun for example_skip_dag to 2022-09-29 00:00:00+00:00
[2022-10-01 00:07:05,734] {processor.py:170} INFO - Processing /home/airflow/.local/lib/python3.6/site-packages/airflow/example_dags/example_skip_dag.py took 0.058 seconds
[2022-10-01 00:07:37,186] {processor.py:162} INFO - Started process (PID=6379) to work on /home/airflow/.local/lib/python3.6/site-packages/airflow/example_dags/example_skip_dag.py
[2022-10-01 00:07:37,188] {processor.py:613} INFO - Processing file /home/airflow/.local/lib/python3.6/site-packages/airflow/example_dags/example_skip_dag.py for tasks to queue
[2022-10-01 00:07:37,190] {logging_mixin.py:109} INFO - [2022-10-01 00:07:37,190] {dagbag.py:496} INFO - Filling up the DagBag from /home/airflow/.local/lib/python3.6/site-packages/airflow/example_dags/example_skip_dag.py
[2022-10-01 00:07:37,203] {processor.py:623} INFO - DAG(s) dict_keys(['example_skip_dag']) retrieved from /home/airflow/.local/lib/python3.6/site-packages/airflow/example_dags/example_skip_dag.py
[2022-10-01 00:07:37,226] {logging_mixin.py:109} INFO - [2022-10-01 00:07:37,226] {dag.py:1833} INFO - Sync 1 DAGs
[2022-10-01 00:07:37,242] {logging_mixin.py:109} INFO - [2022-10-01 00:07:37,242] {dag.py:2306} INFO - Setting next_dagrun for example_skip_dag to 2022-09-29 00:00:00+00:00
[2022-10-01 00:07:37,253] {processor.py:170} INFO - Processing /home/airflow/.local/lib/python3.6/site-packages/airflow/example_dags/example_skip_dag.py took 0.071 seconds
[2022-10-01 00:08:07,407] {processor.py:162} INFO - Started process (PID=6430) to work on /home/airflow/.local/lib/python3.6/site-packages/airflow/example_dags/example_skip_dag.py
[2022-10-01 00:08:07,408] {processor.py:613} INFO - Processing file /home/airflow/.local/lib/python3.6/site-packages/airflow/example_dags/example_skip_dag.py for tasks to queue
[2022-10-01 00:08:07,410] {logging_mixin.py:109} INFO - [2022-10-01 00:08:07,410] {dagbag.py:496} INFO - Filling up the DagBag from /home/airflow/.local/lib/python3.6/site-packages/airflow/example_dags/example_skip_dag.py
[2022-10-01 00:08:07,418] {processor.py:623} INFO - DAG(s) dict_keys(['example_skip_dag']) retrieved from /home/airflow/.local/lib/python3.6/site-packages/airflow/example_dags/example_skip_dag.py
[2022-10-01 00:08:07,437] {logging_mixin.py:109} INFO - [2022-10-01 00:08:07,437] {dag.py:1833} INFO - Sync 1 DAGs
[2022-10-01 00:08:07,449] {logging_mixin.py:109} INFO - [2022-10-01 00:08:07,449] {dag.py:2306} INFO - Setting next_dagrun for example_skip_dag to 2022-09-29 00:00:00+00:00
[2022-10-01 00:08:07,459] {processor.py:170} INFO - Processing /home/airflow/.local/lib/python3.6/site-packages/airflow/example_dags/example_skip_dag.py took 0.055 seconds
[2022-10-01 00:08:37,696] {processor.py:162} INFO - Started process (PID=6491) to work on /home/airflow/.local/lib/python3.6/site-packages/airflow/example_dags/example_skip_dag.py
[2022-10-01 00:08:37,698] {processor.py:613} INFO - Processing file /home/airflow/.local/lib/python3.6/site-packages/airflow/example_dags/example_skip_dag.py for tasks to queue
[2022-10-01 00:08:37,699] {logging_mixin.py:109} INFO - [2022-10-01 00:08:37,699] {dagbag.py:496} INFO - Filling up the DagBag from /home/airflow/.local/lib/python3.6/site-packages/airflow/example_dags/example_skip_dag.py
[2022-10-01 00:08:37,707] {processor.py:623} INFO - DAG(s) dict_keys(['example_skip_dag']) retrieved from /home/airflow/.local/lib/python3.6/site-packages/airflow/example_dags/example_skip_dag.py
[2022-10-01 00:08:37,729] {logging_mixin.py:109} INFO - [2022-10-01 00:08:37,728] {dag.py:1833} INFO - Sync 1 DAGs
[2022-10-01 00:08:37,741] {logging_mixin.py:109} INFO - [2022-10-01 00:08:37,741] {dag.py:2306} INFO - Setting next_dagrun for example_skip_dag to 2022-09-29 00:00:00+00:00
[2022-10-01 00:08:37,754] {processor.py:170} INFO - Processing /home/airflow/.local/lib/python3.6/site-packages/airflow/example_dags/example_skip_dag.py took 0.060 seconds
[2022-10-01 00:09:08,789] {processor.py:162} INFO - Started process (PID=6549) to work on /home/airflow/.local/lib/python3.6/site-packages/airflow/example_dags/example_skip_dag.py
[2022-10-01 00:09:08,791] {processor.py:613} INFO - Processing file /home/airflow/.local/lib/python3.6/site-packages/airflow/example_dags/example_skip_dag.py for tasks to queue
[2022-10-01 00:09:08,792] {logging_mixin.py:109} INFO - [2022-10-01 00:09:08,792] {dagbag.py:496} INFO - Filling up the DagBag from /home/airflow/.local/lib/python3.6/site-packages/airflow/example_dags/example_skip_dag.py
[2022-10-01 00:09:08,803] {processor.py:623} INFO - DAG(s) dict_keys(['example_skip_dag']) retrieved from /home/airflow/.local/lib/python3.6/site-packages/airflow/example_dags/example_skip_dag.py
[2022-10-01 00:09:08,857] {logging_mixin.py:109} INFO - [2022-10-01 00:09:08,857] {dag.py:1833} INFO - Sync 1 DAGs
[2022-10-01 00:09:08,900] {logging_mixin.py:109} INFO - [2022-10-01 00:09:08,900] {dag.py:2306} INFO - Setting next_dagrun for example_skip_dag to 2022-09-29 00:00:00+00:00
[2022-10-01 00:09:08,921] {processor.py:170} INFO - Processing /home/airflow/.local/lib/python3.6/site-packages/airflow/example_dags/example_skip_dag.py took 0.135 seconds
[2022-10-01 00:09:39,573] {processor.py:162} INFO - Started process (PID=6603) to work on /home/airflow/.local/lib/python3.6/site-packages/airflow/example_dags/example_skip_dag.py
[2022-10-01 00:09:39,575] {processor.py:613} INFO - Processing file /home/airflow/.local/lib/python3.6/site-packages/airflow/example_dags/example_skip_dag.py for tasks to queue
[2022-10-01 00:09:39,576] {logging_mixin.py:109} INFO - [2022-10-01 00:09:39,576] {dagbag.py:496} INFO - Filling up the DagBag from /home/airflow/.local/lib/python3.6/site-packages/airflow/example_dags/example_skip_dag.py
[2022-10-01 00:09:39,587] {processor.py:623} INFO - DAG(s) dict_keys(['example_skip_dag']) retrieved from /home/airflow/.local/lib/python3.6/site-packages/airflow/example_dags/example_skip_dag.py
[2022-10-01 00:09:39,607] {logging_mixin.py:109} INFO - [2022-10-01 00:09:39,606] {dag.py:1833} INFO - Sync 1 DAGs
[2022-10-01 00:09:39,620] {logging_mixin.py:109} INFO - [2022-10-01 00:09:39,620] {dag.py:2306} INFO - Setting next_dagrun for example_skip_dag to 2022-09-29 00:00:00+00:00
[2022-10-01 00:09:39,631] {processor.py:170} INFO - Processing /home/airflow/.local/lib/python3.6/site-packages/airflow/example_dags/example_skip_dag.py took 0.061 seconds
[2022-10-01 00:10:10,517] {processor.py:162} INFO - Started process (PID=6664) to work on /home/airflow/.local/lib/python3.6/site-packages/airflow/example_dags/example_skip_dag.py
[2022-10-01 00:10:10,518] {processor.py:613} INFO - Processing file /home/airflow/.local/lib/python3.6/site-packages/airflow/example_dags/example_skip_dag.py for tasks to queue
[2022-10-01 00:10:10,520] {logging_mixin.py:109} INFO - [2022-10-01 00:10:10,520] {dagbag.py:496} INFO - Filling up the DagBag from /home/airflow/.local/lib/python3.6/site-packages/airflow/example_dags/example_skip_dag.py
[2022-10-01 00:10:10,529] {processor.py:623} INFO - DAG(s) dict_keys(['example_skip_dag']) retrieved from /home/airflow/.local/lib/python3.6/site-packages/airflow/example_dags/example_skip_dag.py
[2022-10-01 00:10:10,551] {logging_mixin.py:109} INFO - [2022-10-01 00:10:10,551] {dag.py:1833} INFO - Sync 1 DAGs
[2022-10-01 00:10:10,567] {logging_mixin.py:109} INFO - [2022-10-01 00:10:10,567] {dag.py:2306} INFO - Setting next_dagrun for example_skip_dag to 2022-09-29 00:00:00+00:00
[2022-10-01 00:10:10,579] {processor.py:170} INFO - Processing /home/airflow/.local/lib/python3.6/site-packages/airflow/example_dags/example_skip_dag.py took 0.065 seconds
[2022-10-01 00:10:41,100] {processor.py:162} INFO - Started process (PID=6725) to work on /home/airflow/.local/lib/python3.6/site-packages/airflow/example_dags/example_skip_dag.py
[2022-10-01 00:10:41,102] {processor.py:613} INFO - Processing file /home/airflow/.local/lib/python3.6/site-packages/airflow/example_dags/example_skip_dag.py for tasks to queue
[2022-10-01 00:10:41,103] {logging_mixin.py:109} INFO - [2022-10-01 00:10:41,103] {dagbag.py:496} INFO - Filling up the DagBag from /home/airflow/.local/lib/python3.6/site-packages/airflow/example_dags/example_skip_dag.py
[2022-10-01 00:10:41,112] {processor.py:623} INFO - DAG(s) dict_keys(['example_skip_dag']) retrieved from /home/airflow/.local/lib/python3.6/site-packages/airflow/example_dags/example_skip_dag.py
[2022-10-01 00:10:41,133] {logging_mixin.py:109} INFO - [2022-10-01 00:10:41,133] {dag.py:1833} INFO - Sync 1 DAGs
[2022-10-01 00:10:41,148] {logging_mixin.py:109} INFO - [2022-10-01 00:10:41,147] {dag.py:2306} INFO - Setting next_dagrun for example_skip_dag to 2022-09-29 00:00:00+00:00
[2022-10-01 00:10:41,159] {processor.py:170} INFO - Processing /home/airflow/.local/lib/python3.6/site-packages/airflow/example_dags/example_skip_dag.py took 0.062 seconds
[2022-10-01 00:11:11,638] {processor.py:162} INFO - Started process (PID=6776) to work on /home/airflow/.local/lib/python3.6/site-packages/airflow/example_dags/example_skip_dag.py
[2022-10-01 00:11:11,639] {processor.py:613} INFO - Processing file /home/airflow/.local/lib/python3.6/site-packages/airflow/example_dags/example_skip_dag.py for tasks to queue
[2022-10-01 00:11:11,641] {logging_mixin.py:109} INFO - [2022-10-01 00:11:11,641] {dagbag.py:496} INFO - Filling up the DagBag from /home/airflow/.local/lib/python3.6/site-packages/airflow/example_dags/example_skip_dag.py
[2022-10-01 00:11:11,650] {processor.py:623} INFO - DAG(s) dict_keys(['example_skip_dag']) retrieved from /home/airflow/.local/lib/python3.6/site-packages/airflow/example_dags/example_skip_dag.py
[2022-10-01 00:11:11,672] {logging_mixin.py:109} INFO - [2022-10-01 00:11:11,672] {dag.py:1833} INFO - Sync 1 DAGs
[2022-10-01 00:11:11,686] {logging_mixin.py:109} INFO - [2022-10-01 00:11:11,686] {dag.py:2306} INFO - Setting next_dagrun for example_skip_dag to 2022-09-29 00:00:00+00:00
[2022-10-01 00:11:11,697] {processor.py:170} INFO - Processing /home/airflow/.local/lib/python3.6/site-packages/airflow/example_dags/example_skip_dag.py took 0.062 seconds
[2022-10-01 00:11:42,520] {processor.py:162} INFO - Started process (PID=6837) to work on /home/airflow/.local/lib/python3.6/site-packages/airflow/example_dags/example_skip_dag.py
[2022-10-01 00:11:42,522] {processor.py:613} INFO - Processing file /home/airflow/.local/lib/python3.6/site-packages/airflow/example_dags/example_skip_dag.py for tasks to queue
[2022-10-01 00:11:42,523] {logging_mixin.py:109} INFO - [2022-10-01 00:11:42,523] {dagbag.py:496} INFO - Filling up the DagBag from /home/airflow/.local/lib/python3.6/site-packages/airflow/example_dags/example_skip_dag.py
[2022-10-01 00:11:42,531] {processor.py:623} INFO - DAG(s) dict_keys(['example_skip_dag']) retrieved from /home/airflow/.local/lib/python3.6/site-packages/airflow/example_dags/example_skip_dag.py
[2022-10-01 00:11:42,551] {logging_mixin.py:109} INFO - [2022-10-01 00:11:42,550] {dag.py:1833} INFO - Sync 1 DAGs
[2022-10-01 00:11:42,563] {logging_mixin.py:109} INFO - [2022-10-01 00:11:42,563] {dag.py:2306} INFO - Setting next_dagrun for example_skip_dag to 2022-09-29 00:00:00+00:00
[2022-10-01 00:11:42,576] {processor.py:170} INFO - Processing /home/airflow/.local/lib/python3.6/site-packages/airflow/example_dags/example_skip_dag.py took 0.058 seconds
[2022-10-01 00:12:12,669] {processor.py:162} INFO - Started process (PID=6898) to work on /home/airflow/.local/lib/python3.6/site-packages/airflow/example_dags/example_skip_dag.py
[2022-10-01 00:12:12,670] {processor.py:613} INFO - Processing file /home/airflow/.local/lib/python3.6/site-packages/airflow/example_dags/example_skip_dag.py for tasks to queue
[2022-10-01 00:12:12,671] {logging_mixin.py:109} INFO - [2022-10-01 00:12:12,671] {dagbag.py:496} INFO - Filling up the DagBag from /home/airflow/.local/lib/python3.6/site-packages/airflow/example_dags/example_skip_dag.py
[2022-10-01 00:12:12,680] {processor.py:623} INFO - DAG(s) dict_keys(['example_skip_dag']) retrieved from /home/airflow/.local/lib/python3.6/site-packages/airflow/example_dags/example_skip_dag.py
[2022-10-01 00:12:12,699] {logging_mixin.py:109} INFO - [2022-10-01 00:12:12,699] {dag.py:1833} INFO - Sync 1 DAGs
[2022-10-01 00:12:12,712] {logging_mixin.py:109} INFO - [2022-10-01 00:12:12,711] {dag.py:2306} INFO - Setting next_dagrun for example_skip_dag to 2022-09-29 00:00:00+00:00
[2022-10-01 00:12:12,721] {processor.py:170} INFO - Processing /home/airflow/.local/lib/python3.6/site-packages/airflow/example_dags/example_skip_dag.py took 0.055 seconds
[2022-10-01 00:12:43,769] {processor.py:162} INFO - Started process (PID=6949) to work on /home/airflow/.local/lib/python3.6/site-packages/airflow/example_dags/example_skip_dag.py
[2022-10-01 00:12:43,771] {processor.py:613} INFO - Processing file /home/airflow/.local/lib/python3.6/site-packages/airflow/example_dags/example_skip_dag.py for tasks to queue
[2022-10-01 00:12:43,772] {logging_mixin.py:109} INFO - [2022-10-01 00:12:43,772] {dagbag.py:496} INFO - Filling up the DagBag from /home/airflow/.local/lib/python3.6/site-packages/airflow/example_dags/example_skip_dag.py
[2022-10-01 00:12:43,781] {processor.py:623} INFO - DAG(s) dict_keys(['example_skip_dag']) retrieved from /home/airflow/.local/lib/python3.6/site-packages/airflow/example_dags/example_skip_dag.py
[2022-10-01 00:12:43,804] {logging_mixin.py:109} INFO - [2022-10-01 00:12:43,804] {dag.py:1833} INFO - Sync 1 DAGs
[2022-10-01 00:12:43,819] {logging_mixin.py:109} INFO - [2022-10-01 00:12:43,819] {dag.py:2306} INFO - Setting next_dagrun for example_skip_dag to 2022-09-29 00:00:00+00:00
[2022-10-01 00:12:43,831] {processor.py:170} INFO - Processing /home/airflow/.local/lib/python3.6/site-packages/airflow/example_dags/example_skip_dag.py took 0.064 seconds
[2022-10-01 00:13:14,804] {processor.py:162} INFO - Started process (PID=7011) to work on /home/airflow/.local/lib/python3.6/site-packages/airflow/example_dags/example_skip_dag.py
[2022-10-01 00:13:14,806] {processor.py:613} INFO - Processing file /home/airflow/.local/lib/python3.6/site-packages/airflow/example_dags/example_skip_dag.py for tasks to queue
[2022-10-01 00:13:14,808] {logging_mixin.py:109} INFO - [2022-10-01 00:13:14,808] {dagbag.py:496} INFO - Filling up the DagBag from /home/airflow/.local/lib/python3.6/site-packages/airflow/example_dags/example_skip_dag.py
[2022-10-01 00:13:14,818] {processor.py:623} INFO - DAG(s) dict_keys(['example_skip_dag']) retrieved from /home/airflow/.local/lib/python3.6/site-packages/airflow/example_dags/example_skip_dag.py
[2022-10-01 00:13:14,844] {logging_mixin.py:109} INFO - [2022-10-01 00:13:14,844] {dag.py:1833} INFO - Sync 1 DAGs
[2022-10-01 00:13:14,859] {logging_mixin.py:109} INFO - [2022-10-01 00:13:14,859] {dag.py:2306} INFO - Setting next_dagrun for example_skip_dag to 2022-09-29 00:00:00+00:00
[2022-10-01 00:13:14,871] {processor.py:170} INFO - Processing /home/airflow/.local/lib/python3.6/site-packages/airflow/example_dags/example_skip_dag.py took 0.071 seconds
[2022-10-01 00:13:45,872] {processor.py:162} INFO - Started process (PID=7072) to work on /home/airflow/.local/lib/python3.6/site-packages/airflow/example_dags/example_skip_dag.py
[2022-10-01 00:13:45,874] {processor.py:613} INFO - Processing file /home/airflow/.local/lib/python3.6/site-packages/airflow/example_dags/example_skip_dag.py for tasks to queue
[2022-10-01 00:13:45,875] {logging_mixin.py:109} INFO - [2022-10-01 00:13:45,875] {dagbag.py:496} INFO - Filling up the DagBag from /home/airflow/.local/lib/python3.6/site-packages/airflow/example_dags/example_skip_dag.py
[2022-10-01 00:13:45,883] {processor.py:623} INFO - DAG(s) dict_keys(['example_skip_dag']) retrieved from /home/airflow/.local/lib/python3.6/site-packages/airflow/example_dags/example_skip_dag.py
[2022-10-01 00:13:45,901] {logging_mixin.py:109} INFO - [2022-10-01 00:13:45,901] {dag.py:1833} INFO - Sync 1 DAGs
[2022-10-01 00:13:45,913] {logging_mixin.py:109} INFO - [2022-10-01 00:13:45,913] {dag.py:2306} INFO - Setting next_dagrun for example_skip_dag to 2022-09-29 00:00:00+00:00
[2022-10-01 00:13:45,924] {processor.py:170} INFO - Processing /home/airflow/.local/lib/python3.6/site-packages/airflow/example_dags/example_skip_dag.py took 0.055 seconds
[2022-10-01 00:14:16,442] {processor.py:162} INFO - Started process (PID=7123) to work on /home/airflow/.local/lib/python3.6/site-packages/airflow/example_dags/example_skip_dag.py
[2022-10-01 00:14:16,443] {processor.py:613} INFO - Processing file /home/airflow/.local/lib/python3.6/site-packages/airflow/example_dags/example_skip_dag.py for tasks to queue
[2022-10-01 00:14:16,445] {logging_mixin.py:109} INFO - [2022-10-01 00:14:16,445] {dagbag.py:496} INFO - Filling up the DagBag from /home/airflow/.local/lib/python3.6/site-packages/airflow/example_dags/example_skip_dag.py
[2022-10-01 00:14:16,453] {processor.py:623} INFO - DAG(s) dict_keys(['example_skip_dag']) retrieved from /home/airflow/.local/lib/python3.6/site-packages/airflow/example_dags/example_skip_dag.py
[2022-10-01 00:14:16,472] {logging_mixin.py:109} INFO - [2022-10-01 00:14:16,472] {dag.py:1833} INFO - Sync 1 DAGs
[2022-10-01 00:14:16,484] {logging_mixin.py:109} INFO - [2022-10-01 00:14:16,484] {dag.py:2306} INFO - Setting next_dagrun for example_skip_dag to 2022-09-29 00:00:00+00:00
[2022-10-01 00:14:16,494] {processor.py:170} INFO - Processing /home/airflow/.local/lib/python3.6/site-packages/airflow/example_dags/example_skip_dag.py took 0.055 seconds
[2022-10-01 00:14:47,118] {processor.py:162} INFO - Started process (PID=7185) to work on /home/airflow/.local/lib/python3.6/site-packages/airflow/example_dags/example_skip_dag.py
[2022-10-01 00:14:47,120] {processor.py:613} INFO - Processing file /home/airflow/.local/lib/python3.6/site-packages/airflow/example_dags/example_skip_dag.py for tasks to queue
[2022-10-01 00:14:47,122] {logging_mixin.py:109} INFO - [2022-10-01 00:14:47,122] {dagbag.py:496} INFO - Filling up the DagBag from /home/airflow/.local/lib/python3.6/site-packages/airflow/example_dags/example_skip_dag.py
[2022-10-01 00:14:47,135] {processor.py:623} INFO - DAG(s) dict_keys(['example_skip_dag']) retrieved from /home/airflow/.local/lib/python3.6/site-packages/airflow/example_dags/example_skip_dag.py
[2022-10-01 00:14:47,156] {logging_mixin.py:109} INFO - [2022-10-01 00:14:47,156] {dag.py:1833} INFO - Sync 1 DAGs
[2022-10-01 00:14:47,170] {logging_mixin.py:109} INFO - [2022-10-01 00:14:47,170] {dag.py:2306} INFO - Setting next_dagrun for example_skip_dag to 2022-09-29 00:00:00+00:00
[2022-10-01 00:14:47,181] {processor.py:170} INFO - Processing /home/airflow/.local/lib/python3.6/site-packages/airflow/example_dags/example_skip_dag.py took 0.065 seconds
[2022-10-01 00:15:17,975] {processor.py:162} INFO - Started process (PID=7246) to work on /home/airflow/.local/lib/python3.6/site-packages/airflow/example_dags/example_skip_dag.py
[2022-10-01 00:15:17,977] {processor.py:613} INFO - Processing file /home/airflow/.local/lib/python3.6/site-packages/airflow/example_dags/example_skip_dag.py for tasks to queue
[2022-10-01 00:15:17,979] {logging_mixin.py:109} INFO - [2022-10-01 00:15:17,979] {dagbag.py:496} INFO - Filling up the DagBag from /home/airflow/.local/lib/python3.6/site-packages/airflow/example_dags/example_skip_dag.py
[2022-10-01 00:15:17,987] {processor.py:623} INFO - DAG(s) dict_keys(['example_skip_dag']) retrieved from /home/airflow/.local/lib/python3.6/site-packages/airflow/example_dags/example_skip_dag.py
[2022-10-01 00:15:18,008] {logging_mixin.py:109} INFO - [2022-10-01 00:15:18,008] {dag.py:1833} INFO - Sync 1 DAGs
[2022-10-01 00:15:18,023] {logging_mixin.py:109} INFO - [2022-10-01 00:15:18,023] {dag.py:2306} INFO - Setting next_dagrun for example_skip_dag to 2022-09-29 00:00:00+00:00
[2022-10-01 00:15:18,034] {processor.py:170} INFO - Processing /home/airflow/.local/lib/python3.6/site-packages/airflow/example_dags/example_skip_dag.py took 0.061 seconds
[2022-10-01 00:15:48,111] {processor.py:162} INFO - Started process (PID=7297) to work on /home/airflow/.local/lib/python3.6/site-packages/airflow/example_dags/example_skip_dag.py
[2022-10-01 00:15:48,113] {processor.py:613} INFO - Processing file /home/airflow/.local/lib/python3.6/site-packages/airflow/example_dags/example_skip_dag.py for tasks to queue
[2022-10-01 00:15:48,114] {logging_mixin.py:109} INFO - [2022-10-01 00:15:48,114] {dagbag.py:496} INFO - Filling up the DagBag from /home/airflow/.local/lib/python3.6/site-packages/airflow/example_dags/example_skip_dag.py
[2022-10-01 00:15:48,123] {processor.py:623} INFO - DAG(s) dict_keys(['example_skip_dag']) retrieved from /home/airflow/.local/lib/python3.6/site-packages/airflow/example_dags/example_skip_dag.py
[2022-10-01 00:15:48,142] {logging_mixin.py:109} INFO - [2022-10-01 00:15:48,142] {dag.py:1833} INFO - Sync 1 DAGs
[2022-10-01 00:15:48,157] {logging_mixin.py:109} INFO - [2022-10-01 00:15:48,156] {dag.py:2306} INFO - Setting next_dagrun for example_skip_dag to 2022-09-29 00:00:00+00:00
[2022-10-01 00:15:48,168] {processor.py:170} INFO - Processing /home/airflow/.local/lib/python3.6/site-packages/airflow/example_dags/example_skip_dag.py took 0.059 seconds
[2022-10-01 00:16:18,793] {processor.py:162} INFO - Started process (PID=7358) to work on /home/airflow/.local/lib/python3.6/site-packages/airflow/example_dags/example_skip_dag.py
[2022-10-01 00:16:18,795] {processor.py:613} INFO - Processing file /home/airflow/.local/lib/python3.6/site-packages/airflow/example_dags/example_skip_dag.py for tasks to queue
[2022-10-01 00:16:18,796] {logging_mixin.py:109} INFO - [2022-10-01 00:16:18,796] {dagbag.py:496} INFO - Filling up the DagBag from /home/airflow/.local/lib/python3.6/site-packages/airflow/example_dags/example_skip_dag.py
[2022-10-01 00:16:18,806] {processor.py:623} INFO - DAG(s) dict_keys(['example_skip_dag']) retrieved from /home/airflow/.local/lib/python3.6/site-packages/airflow/example_dags/example_skip_dag.py
[2022-10-01 00:16:18,827] {logging_mixin.py:109} INFO - [2022-10-01 00:16:18,827] {dag.py:1833} INFO - Sync 1 DAGs
[2022-10-01 00:16:18,842] {logging_mixin.py:109} INFO - [2022-10-01 00:16:18,842] {dag.py:2306} INFO - Setting next_dagrun for example_skip_dag to 2022-09-29 00:00:00+00:00
[2022-10-01 00:16:18,853] {processor.py:170} INFO - Processing /home/airflow/.local/lib/python3.6/site-packages/airflow/example_dags/example_skip_dag.py took 0.062 seconds
[2022-10-01 00:16:49,758] {processor.py:162} INFO - Started process (PID=7419) to work on /home/airflow/.local/lib/python3.6/site-packages/airflow/example_dags/example_skip_dag.py
[2022-10-01 00:16:49,759] {processor.py:613} INFO - Processing file /home/airflow/.local/lib/python3.6/site-packages/airflow/example_dags/example_skip_dag.py for tasks to queue
[2022-10-01 00:16:49,761] {logging_mixin.py:109} INFO - [2022-10-01 00:16:49,760] {dagbag.py:496} INFO - Filling up the DagBag from /home/airflow/.local/lib/python3.6/site-packages/airflow/example_dags/example_skip_dag.py
[2022-10-01 00:16:49,769] {processor.py:623} INFO - DAG(s) dict_keys(['example_skip_dag']) retrieved from /home/airflow/.local/lib/python3.6/site-packages/airflow/example_dags/example_skip_dag.py
[2022-10-01 00:16:49,789] {logging_mixin.py:109} INFO - [2022-10-01 00:16:49,789] {dag.py:1833} INFO - Sync 1 DAGs
[2022-10-01 00:16:49,802] {logging_mixin.py:109} INFO - [2022-10-01 00:16:49,802] {dag.py:2306} INFO - Setting next_dagrun for example_skip_dag to 2022-09-29 00:00:00+00:00
[2022-10-01 00:16:49,816] {processor.py:170} INFO - Processing /home/airflow/.local/lib/python3.6/site-packages/airflow/example_dags/example_skip_dag.py took 0.061 seconds
[2022-10-01 00:17:19,918] {processor.py:162} INFO - Started process (PID=7470) to work on /home/airflow/.local/lib/python3.6/site-packages/airflow/example_dags/example_skip_dag.py
[2022-10-01 00:17:19,920] {processor.py:613} INFO - Processing file /home/airflow/.local/lib/python3.6/site-packages/airflow/example_dags/example_skip_dag.py for tasks to queue
[2022-10-01 00:17:19,921] {logging_mixin.py:109} INFO - [2022-10-01 00:17:19,921] {dagbag.py:496} INFO - Filling up the DagBag from /home/airflow/.local/lib/python3.6/site-packages/airflow/example_dags/example_skip_dag.py
[2022-10-01 00:17:19,930] {processor.py:623} INFO - DAG(s) dict_keys(['example_skip_dag']) retrieved from /home/airflow/.local/lib/python3.6/site-packages/airflow/example_dags/example_skip_dag.py
[2022-10-01 00:17:19,947] {logging_mixin.py:109} INFO - [2022-10-01 00:17:19,947] {dag.py:1833} INFO - Sync 1 DAGs
[2022-10-01 00:17:19,961] {logging_mixin.py:109} INFO - [2022-10-01 00:17:19,961] {dag.py:2306} INFO - Setting next_dagrun for example_skip_dag to 2022-09-29 00:00:00+00:00
[2022-10-01 00:17:19,972] {processor.py:170} INFO - Processing /home/airflow/.local/lib/python3.6/site-packages/airflow/example_dags/example_skip_dag.py took 0.057 seconds
[2022-10-01 00:17:50,893] {processor.py:162} INFO - Started process (PID=7532) to work on /home/airflow/.local/lib/python3.6/site-packages/airflow/example_dags/example_skip_dag.py
[2022-10-01 00:17:50,895] {processor.py:613} INFO - Processing file /home/airflow/.local/lib/python3.6/site-packages/airflow/example_dags/example_skip_dag.py for tasks to queue
[2022-10-01 00:17:50,896] {logging_mixin.py:109} INFO - [2022-10-01 00:17:50,896] {dagbag.py:496} INFO - Filling up the DagBag from /home/airflow/.local/lib/python3.6/site-packages/airflow/example_dags/example_skip_dag.py
[2022-10-01 00:17:50,905] {processor.py:623} INFO - DAG(s) dict_keys(['example_skip_dag']) retrieved from /home/airflow/.local/lib/python3.6/site-packages/airflow/example_dags/example_skip_dag.py
[2022-10-01 00:17:50,926] {logging_mixin.py:109} INFO - [2022-10-01 00:17:50,926] {dag.py:1833} INFO - Sync 1 DAGs
[2022-10-01 00:17:50,941] {logging_mixin.py:109} INFO - [2022-10-01 00:17:50,941] {dag.py:2306} INFO - Setting next_dagrun for example_skip_dag to 2022-09-29 00:00:00+00:00
[2022-10-01 00:17:50,954] {processor.py:170} INFO - Processing /home/airflow/.local/lib/python3.6/site-packages/airflow/example_dags/example_skip_dag.py took 0.063 seconds
[2022-10-01 00:18:17,358] {processor.py:162} INFO - Started process (PID=7585) to work on /home/airflow/.local/lib/python3.6/site-packages/airflow/example_dags/example_skip_dag.py
[2022-10-01 00:18:17,359] {processor.py:613} INFO - Processing file /home/airflow/.local/lib/python3.6/site-packages/airflow/example_dags/example_skip_dag.py for tasks to queue
[2022-10-01 00:18:17,360] {logging_mixin.py:109} INFO - [2022-10-01 00:18:17,360] {dagbag.py:496} INFO - Filling up the DagBag from /home/airflow/.local/lib/python3.6/site-packages/airflow/example_dags/example_skip_dag.py
[2022-10-01 00:18:17,372] {processor.py:623} INFO - DAG(s) dict_keys(['example_skip_dag']) retrieved from /home/airflow/.local/lib/python3.6/site-packages/airflow/example_dags/example_skip_dag.py
[2022-10-01 00:18:17,392] {logging_mixin.py:109} INFO - [2022-10-01 00:18:17,392] {dag.py:1833} INFO - Sync 1 DAGs
[2022-10-01 00:18:17,403] {logging_mixin.py:109} INFO - [2022-10-01 00:18:17,402] {dag.py:2306} INFO - Setting next_dagrun for example_skip_dag to 2022-09-29 00:00:00+00:00
[2022-10-01 00:18:17,417] {processor.py:170} INFO - Processing /home/airflow/.local/lib/python3.6/site-packages/airflow/example_dags/example_skip_dag.py took 0.062 seconds
[2022-10-01 00:18:48,681] {processor.py:162} INFO - Started process (PID=7646) to work on /home/airflow/.local/lib/python3.6/site-packages/airflow/example_dags/example_skip_dag.py
[2022-10-01 00:18:48,683] {processor.py:613} INFO - Processing file /home/airflow/.local/lib/python3.6/site-packages/airflow/example_dags/example_skip_dag.py for tasks to queue
[2022-10-01 00:18:48,684] {logging_mixin.py:109} INFO - [2022-10-01 00:18:48,684] {dagbag.py:496} INFO - Filling up the DagBag from /home/airflow/.local/lib/python3.6/site-packages/airflow/example_dags/example_skip_dag.py
[2022-10-01 00:18:48,693] {processor.py:623} INFO - DAG(s) dict_keys(['example_skip_dag']) retrieved from /home/airflow/.local/lib/python3.6/site-packages/airflow/example_dags/example_skip_dag.py
[2022-10-01 00:18:48,713] {logging_mixin.py:109} INFO - [2022-10-01 00:18:48,713] {dag.py:1833} INFO - Sync 1 DAGs
[2022-10-01 00:18:48,725] {logging_mixin.py:109} INFO - [2022-10-01 00:18:48,724] {dag.py:2306} INFO - Setting next_dagrun for example_skip_dag to 2022-09-29 00:00:00+00:00
[2022-10-01 00:18:48,735] {processor.py:170} INFO - Processing /home/airflow/.local/lib/python3.6/site-packages/airflow/example_dags/example_skip_dag.py took 0.056 seconds
[2022-10-01 00:19:19,652] {processor.py:162} INFO - Started process (PID=7707) to work on /home/airflow/.local/lib/python3.6/site-packages/airflow/example_dags/example_skip_dag.py
[2022-10-01 00:19:19,654] {processor.py:613} INFO - Processing file /home/airflow/.local/lib/python3.6/site-packages/airflow/example_dags/example_skip_dag.py for tasks to queue
[2022-10-01 00:19:19,655] {logging_mixin.py:109} INFO - [2022-10-01 00:19:19,655] {dagbag.py:496} INFO - Filling up the DagBag from /home/airflow/.local/lib/python3.6/site-packages/airflow/example_dags/example_skip_dag.py
[2022-10-01 00:19:19,664] {processor.py:623} INFO - DAG(s) dict_keys(['example_skip_dag']) retrieved from /home/airflow/.local/lib/python3.6/site-packages/airflow/example_dags/example_skip_dag.py
[2022-10-01 00:19:19,683] {logging_mixin.py:109} INFO - [2022-10-01 00:19:19,683] {dag.py:1833} INFO - Sync 1 DAGs
[2022-10-01 00:19:19,694] {logging_mixin.py:109} INFO - [2022-10-01 00:19:19,694] {dag.py:2306} INFO - Setting next_dagrun for example_skip_dag to 2022-09-29 00:00:00+00:00
[2022-10-01 00:19:19,704] {processor.py:170} INFO - Processing /home/airflow/.local/lib/python3.6/site-packages/airflow/example_dags/example_skip_dag.py took 0.055 seconds
[2022-10-01 00:19:50,726] {processor.py:162} INFO - Started process (PID=7767) to work on /home/airflow/.local/lib/python3.6/site-packages/airflow/example_dags/example_skip_dag.py
[2022-10-01 00:19:50,727] {processor.py:613} INFO - Processing file /home/airflow/.local/lib/python3.6/site-packages/airflow/example_dags/example_skip_dag.py for tasks to queue
[2022-10-01 00:19:50,729] {logging_mixin.py:109} INFO - [2022-10-01 00:19:50,729] {dagbag.py:496} INFO - Filling up the DagBag from /home/airflow/.local/lib/python3.6/site-packages/airflow/example_dags/example_skip_dag.py
[2022-10-01 00:19:50,738] {processor.py:623} INFO - DAG(s) dict_keys(['example_skip_dag']) retrieved from /home/airflow/.local/lib/python3.6/site-packages/airflow/example_dags/example_skip_dag.py
[2022-10-01 00:19:50,759] {logging_mixin.py:109} INFO - [2022-10-01 00:19:50,758] {dag.py:1833} INFO - Sync 1 DAGs
[2022-10-01 00:19:50,771] {logging_mixin.py:109} INFO - [2022-10-01 00:19:50,771] {dag.py:2306} INFO - Setting next_dagrun for example_skip_dag to 2022-09-29 00:00:00+00:00
[2022-10-01 00:19:50,781] {processor.py:170} INFO - Processing /home/airflow/.local/lib/python3.6/site-packages/airflow/example_dags/example_skip_dag.py took 0.058 seconds
