[2022-10-01 00:00:29,970] {processor.py:162} INFO - Started process (PID=5568) to work on /home/airflow/.local/lib/python3.6/site-packages/airflow/example_dags/example_xcomargs.py
[2022-10-01 00:00:29,972] {processor.py:613} INFO - Processing file /home/airflow/.local/lib/python3.6/site-packages/airflow/example_dags/example_xcomargs.py for tasks to queue
[2022-10-01 00:00:29,974] {logging_mixin.py:109} INFO - [2022-10-01 00:00:29,974] {dagbag.py:496} INFO - Filling up the DagBag from /home/airflow/.local/lib/python3.6/site-packages/airflow/example_dags/example_xcomargs.py
[2022-10-01 00:00:29,995] {processor.py:623} INFO - DAG(s) dict_keys(['example_xcom_args', 'example_xcom_args_with_operators']) retrieved from /home/airflow/.local/lib/python3.6/site-packages/airflow/example_dags/example_xcomargs.py
[2022-10-01 00:00:30,204] {logging_mixin.py:109} INFO - [2022-10-01 00:00:30,204] {dag.py:1833} INFO - Sync 2 DAGs
[2022-10-01 00:00:30,222] {logging_mixin.py:109} INFO - [2022-10-01 00:00:30,222] {dag.py:2306} INFO - Setting next_dagrun for example_xcom_args to None
[2022-10-01 00:00:30,224] {logging_mixin.py:109} INFO - [2022-10-01 00:00:30,224] {dag.py:2306} INFO - Setting next_dagrun for example_xcom_args_with_operators to None
[2022-10-01 00:00:30,240] {processor.py:170} INFO - Processing /home/airflow/.local/lib/python3.6/site-packages/airflow/example_dags/example_xcomargs.py took 0.274 seconds
[2022-10-01 00:01:00,937] {processor.py:162} INFO - Started process (PID=5618) to work on /home/airflow/.local/lib/python3.6/site-packages/airflow/example_dags/example_xcomargs.py
[2022-10-01 00:01:00,939] {processor.py:613} INFO - Processing file /home/airflow/.local/lib/python3.6/site-packages/airflow/example_dags/example_xcomargs.py for tasks to queue
[2022-10-01 00:01:00,942] {logging_mixin.py:109} INFO - [2022-10-01 00:01:00,941] {dagbag.py:496} INFO - Filling up the DagBag from /home/airflow/.local/lib/python3.6/site-packages/airflow/example_dags/example_xcomargs.py
[2022-10-01 00:01:00,959] {processor.py:623} INFO - DAG(s) dict_keys(['example_xcom_args', 'example_xcom_args_with_operators']) retrieved from /home/airflow/.local/lib/python3.6/site-packages/airflow/example_dags/example_xcomargs.py
[2022-10-01 00:01:00,984] {logging_mixin.py:109} INFO - [2022-10-01 00:01:00,984] {dag.py:1833} INFO - Sync 2 DAGs
[2022-10-01 00:01:00,998] {logging_mixin.py:109} INFO - [2022-10-01 00:01:00,998] {dag.py:2306} INFO - Setting next_dagrun for example_xcom_args to None
[2022-10-01 00:01:00,999] {logging_mixin.py:109} INFO - [2022-10-01 00:01:00,999] {dag.py:2306} INFO - Setting next_dagrun for example_xcom_args_with_operators to None
[2022-10-01 00:01:01,011] {processor.py:170} INFO - Processing /home/airflow/.local/lib/python3.6/site-packages/airflow/example_dags/example_xcomargs.py took 0.081 seconds
[2022-10-01 00:01:31,133] {processor.py:162} INFO - Started process (PID=5679) to work on /home/airflow/.local/lib/python3.6/site-packages/airflow/example_dags/example_xcomargs.py
[2022-10-01 00:01:31,135] {processor.py:613} INFO - Processing file /home/airflow/.local/lib/python3.6/site-packages/airflow/example_dags/example_xcomargs.py for tasks to queue
[2022-10-01 00:01:31,136] {logging_mixin.py:109} INFO - [2022-10-01 00:01:31,136] {dagbag.py:496} INFO - Filling up the DagBag from /home/airflow/.local/lib/python3.6/site-packages/airflow/example_dags/example_xcomargs.py
[2022-10-01 00:01:31,150] {processor.py:623} INFO - DAG(s) dict_keys(['example_xcom_args', 'example_xcom_args_with_operators']) retrieved from /home/airflow/.local/lib/python3.6/site-packages/airflow/example_dags/example_xcomargs.py
[2022-10-01 00:01:31,296] {logging_mixin.py:109} INFO - [2022-10-01 00:01:31,295] {dag.py:1833} INFO - Sync 2 DAGs
[2022-10-01 00:01:31,306] {logging_mixin.py:109} INFO - [2022-10-01 00:01:31,306] {dag.py:2306} INFO - Setting next_dagrun for example_xcom_args to None
[2022-10-01 00:01:31,307] {logging_mixin.py:109} INFO - [2022-10-01 00:01:31,307] {dag.py:2306} INFO - Setting next_dagrun for example_xcom_args_with_operators to None
[2022-10-01 00:01:31,320] {processor.py:170} INFO - Processing /home/airflow/.local/lib/python3.6/site-packages/airflow/example_dags/example_xcomargs.py took 0.190 seconds
[2022-10-01 00:02:01,451] {processor.py:162} INFO - Started process (PID=5730) to work on /home/airflow/.local/lib/python3.6/site-packages/airflow/example_dags/example_xcomargs.py
[2022-10-01 00:02:01,453] {processor.py:613} INFO - Processing file /home/airflow/.local/lib/python3.6/site-packages/airflow/example_dags/example_xcomargs.py for tasks to queue
[2022-10-01 00:02:01,454] {logging_mixin.py:109} INFO - [2022-10-01 00:02:01,454] {dagbag.py:496} INFO - Filling up the DagBag from /home/airflow/.local/lib/python3.6/site-packages/airflow/example_dags/example_xcomargs.py
[2022-10-01 00:02:01,469] {processor.py:623} INFO - DAG(s) dict_keys(['example_xcom_args', 'example_xcom_args_with_operators']) retrieved from /home/airflow/.local/lib/python3.6/site-packages/airflow/example_dags/example_xcomargs.py
[2022-10-01 00:02:01,636] {logging_mixin.py:109} INFO - [2022-10-01 00:02:01,636] {dag.py:1833} INFO - Sync 2 DAGs
[2022-10-01 00:02:01,646] {logging_mixin.py:109} INFO - [2022-10-01 00:02:01,646] {dag.py:2306} INFO - Setting next_dagrun for example_xcom_args to None
[2022-10-01 00:02:01,647] {logging_mixin.py:109} INFO - [2022-10-01 00:02:01,647] {dag.py:2306} INFO - Setting next_dagrun for example_xcom_args_with_operators to None
[2022-10-01 00:02:01,661] {processor.py:170} INFO - Processing /home/airflow/.local/lib/python3.6/site-packages/airflow/example_dags/example_xcomargs.py took 0.214 seconds
[2022-10-01 00:02:31,787] {processor.py:162} INFO - Started process (PID=5792) to work on /home/airflow/.local/lib/python3.6/site-packages/airflow/example_dags/example_xcomargs.py
[2022-10-01 00:02:31,789] {processor.py:613} INFO - Processing file /home/airflow/.local/lib/python3.6/site-packages/airflow/example_dags/example_xcomargs.py for tasks to queue
[2022-10-01 00:02:31,790] {logging_mixin.py:109} INFO - [2022-10-01 00:02:31,790] {dagbag.py:496} INFO - Filling up the DagBag from /home/airflow/.local/lib/python3.6/site-packages/airflow/example_dags/example_xcomargs.py
[2022-10-01 00:02:31,802] {processor.py:623} INFO - DAG(s) dict_keys(['example_xcom_args', 'example_xcom_args_with_operators']) retrieved from /home/airflow/.local/lib/python3.6/site-packages/airflow/example_dags/example_xcomargs.py
[2022-10-01 00:02:31,933] {logging_mixin.py:109} INFO - [2022-10-01 00:02:31,933] {dag.py:1833} INFO - Sync 2 DAGs
[2022-10-01 00:02:31,942] {logging_mixin.py:109} INFO - [2022-10-01 00:02:31,942] {dag.py:2306} INFO - Setting next_dagrun for example_xcom_args to None
[2022-10-01 00:02:31,943] {logging_mixin.py:109} INFO - [2022-10-01 00:02:31,943] {dag.py:2306} INFO - Setting next_dagrun for example_xcom_args_with_operators to None
[2022-10-01 00:02:31,953] {processor.py:170} INFO - Processing /home/airflow/.local/lib/python3.6/site-packages/airflow/example_dags/example_xcomargs.py took 0.168 seconds
[2022-10-01 00:03:02,849] {processor.py:162} INFO - Started process (PID=5853) to work on /home/airflow/.local/lib/python3.6/site-packages/airflow/example_dags/example_xcomargs.py
[2022-10-01 00:03:02,850] {processor.py:613} INFO - Processing file /home/airflow/.local/lib/python3.6/site-packages/airflow/example_dags/example_xcomargs.py for tasks to queue
[2022-10-01 00:03:02,851] {logging_mixin.py:109} INFO - [2022-10-01 00:03:02,851] {dagbag.py:496} INFO - Filling up the DagBag from /home/airflow/.local/lib/python3.6/site-packages/airflow/example_dags/example_xcomargs.py
[2022-10-01 00:03:02,872] {processor.py:623} INFO - DAG(s) dict_keys(['example_xcom_args', 'example_xcom_args_with_operators']) retrieved from /home/airflow/.local/lib/python3.6/site-packages/airflow/example_dags/example_xcomargs.py
[2022-10-01 00:03:03,054] {logging_mixin.py:109} INFO - [2022-10-01 00:03:03,054] {dag.py:1833} INFO - Sync 2 DAGs
[2022-10-01 00:03:03,069] {logging_mixin.py:109} INFO - [2022-10-01 00:03:03,068] {dag.py:2306} INFO - Setting next_dagrun for example_xcom_args to None
[2022-10-01 00:03:03,070] {logging_mixin.py:109} INFO - [2022-10-01 00:03:03,070] {dag.py:2306} INFO - Setting next_dagrun for example_xcom_args_with_operators to None
[2022-10-01 00:03:03,085] {processor.py:170} INFO - Processing /home/airflow/.local/lib/python3.6/site-packages/airflow/example_dags/example_xcomargs.py took 0.240 seconds
[2022-10-01 00:03:33,198] {processor.py:162} INFO - Started process (PID=5914) to work on /home/airflow/.local/lib/python3.6/site-packages/airflow/example_dags/example_xcomargs.py
[2022-10-01 00:03:33,199] {processor.py:613} INFO - Processing file /home/airflow/.local/lib/python3.6/site-packages/airflow/example_dags/example_xcomargs.py for tasks to queue
[2022-10-01 00:03:33,200] {logging_mixin.py:109} INFO - [2022-10-01 00:03:33,200] {dagbag.py:496} INFO - Filling up the DagBag from /home/airflow/.local/lib/python3.6/site-packages/airflow/example_dags/example_xcomargs.py
[2022-10-01 00:03:33,217] {processor.py:623} INFO - DAG(s) dict_keys(['example_xcom_args', 'example_xcom_args_with_operators']) retrieved from /home/airflow/.local/lib/python3.6/site-packages/airflow/example_dags/example_xcomargs.py
[2022-10-01 00:03:33,377] {logging_mixin.py:109} INFO - [2022-10-01 00:03:33,377] {dag.py:1833} INFO - Sync 2 DAGs
[2022-10-01 00:03:33,390] {logging_mixin.py:109} INFO - [2022-10-01 00:03:33,390] {dag.py:2306} INFO - Setting next_dagrun for example_xcom_args to None
[2022-10-01 00:03:33,392] {logging_mixin.py:109} INFO - [2022-10-01 00:03:33,392] {dag.py:2306} INFO - Setting next_dagrun for example_xcom_args_with_operators to None
[2022-10-01 00:03:33,406] {processor.py:170} INFO - Processing /home/airflow/.local/lib/python3.6/site-packages/airflow/example_dags/example_xcomargs.py took 0.211 seconds
[2022-10-01 00:04:03,507] {processor.py:162} INFO - Started process (PID=5965) to work on /home/airflow/.local/lib/python3.6/site-packages/airflow/example_dags/example_xcomargs.py
[2022-10-01 00:04:03,508] {processor.py:613} INFO - Processing file /home/airflow/.local/lib/python3.6/site-packages/airflow/example_dags/example_xcomargs.py for tasks to queue
[2022-10-01 00:04:03,509] {logging_mixin.py:109} INFO - [2022-10-01 00:04:03,509] {dagbag.py:496} INFO - Filling up the DagBag from /home/airflow/.local/lib/python3.6/site-packages/airflow/example_dags/example_xcomargs.py
[2022-10-01 00:04:03,523] {processor.py:623} INFO - DAG(s) dict_keys(['example_xcom_args', 'example_xcom_args_with_operators']) retrieved from /home/airflow/.local/lib/python3.6/site-packages/airflow/example_dags/example_xcomargs.py
[2022-10-01 00:04:03,684] {logging_mixin.py:109} INFO - [2022-10-01 00:04:03,684] {dag.py:1833} INFO - Sync 2 DAGs
[2022-10-01 00:04:03,695] {logging_mixin.py:109} INFO - [2022-10-01 00:04:03,695] {dag.py:2306} INFO - Setting next_dagrun for example_xcom_args to None
[2022-10-01 00:04:03,697] {logging_mixin.py:109} INFO - [2022-10-01 00:04:03,697] {dag.py:2306} INFO - Setting next_dagrun for example_xcom_args_with_operators to None
[2022-10-01 00:04:03,709] {processor.py:170} INFO - Processing /home/airflow/.local/lib/python3.6/site-packages/airflow/example_dags/example_xcomargs.py took 0.206 seconds
[2022-10-01 00:04:34,006] {processor.py:162} INFO - Started process (PID=6027) to work on /home/airflow/.local/lib/python3.6/site-packages/airflow/example_dags/example_xcomargs.py
[2022-10-01 00:04:34,007] {processor.py:613} INFO - Processing file /home/airflow/.local/lib/python3.6/site-packages/airflow/example_dags/example_xcomargs.py for tasks to queue
[2022-10-01 00:04:34,008] {logging_mixin.py:109} INFO - [2022-10-01 00:04:34,008] {dagbag.py:496} INFO - Filling up the DagBag from /home/airflow/.local/lib/python3.6/site-packages/airflow/example_dags/example_xcomargs.py
[2022-10-01 00:04:34,022] {processor.py:623} INFO - DAG(s) dict_keys(['example_xcom_args', 'example_xcom_args_with_operators']) retrieved from /home/airflow/.local/lib/python3.6/site-packages/airflow/example_dags/example_xcomargs.py
[2022-10-01 00:04:34,042] {logging_mixin.py:109} INFO - [2022-10-01 00:04:34,042] {dag.py:1833} INFO - Sync 2 DAGs
[2022-10-01 00:04:34,054] {logging_mixin.py:109} INFO - [2022-10-01 00:04:34,054] {dag.py:2306} INFO - Setting next_dagrun for example_xcom_args to None
[2022-10-01 00:04:34,055] {logging_mixin.py:109} INFO - [2022-10-01 00:04:34,055] {dag.py:2306} INFO - Setting next_dagrun for example_xcom_args_with_operators to None
[2022-10-01 00:04:34,065] {processor.py:170} INFO - Processing /home/airflow/.local/lib/python3.6/site-packages/airflow/example_dags/example_xcomargs.py took 0.062 seconds
[2022-10-01 00:05:04,323] {processor.py:162} INFO - Started process (PID=6087) to work on /home/airflow/.local/lib/python3.6/site-packages/airflow/example_dags/example_xcomargs.py
[2022-10-01 00:05:04,327] {processor.py:613} INFO - Processing file /home/airflow/.local/lib/python3.6/site-packages/airflow/example_dags/example_xcomargs.py for tasks to queue
[2022-10-01 00:05:04,328] {logging_mixin.py:109} INFO - [2022-10-01 00:05:04,328] {dagbag.py:496} INFO - Filling up the DagBag from /home/airflow/.local/lib/python3.6/site-packages/airflow/example_dags/example_xcomargs.py
[2022-10-01 00:05:04,346] {processor.py:623} INFO - DAG(s) dict_keys(['example_xcom_args', 'example_xcom_args_with_operators']) retrieved from /home/airflow/.local/lib/python3.6/site-packages/airflow/example_dags/example_xcomargs.py
[2022-10-01 00:05:04,527] {logging_mixin.py:109} INFO - [2022-10-01 00:05:04,527] {dag.py:1833} INFO - Sync 2 DAGs
[2022-10-01 00:05:04,542] {logging_mixin.py:109} INFO - [2022-10-01 00:05:04,542] {dag.py:2306} INFO - Setting next_dagrun for example_xcom_args to None
[2022-10-01 00:05:04,543] {logging_mixin.py:109} INFO - [2022-10-01 00:05:04,543] {dag.py:2306} INFO - Setting next_dagrun for example_xcom_args_with_operators to None
[2022-10-01 00:05:04,555] {processor.py:170} INFO - Processing /home/airflow/.local/lib/python3.6/site-packages/airflow/example_dags/example_xcomargs.py took 0.235 seconds
[2022-10-01 00:05:34,638] {processor.py:162} INFO - Started process (PID=6139) to work on /home/airflow/.local/lib/python3.6/site-packages/airflow/example_dags/example_xcomargs.py
[2022-10-01 00:05:34,639] {processor.py:613} INFO - Processing file /home/airflow/.local/lib/python3.6/site-packages/airflow/example_dags/example_xcomargs.py for tasks to queue
[2022-10-01 00:05:34,641] {logging_mixin.py:109} INFO - [2022-10-01 00:05:34,641] {dagbag.py:496} INFO - Filling up the DagBag from /home/airflow/.local/lib/python3.6/site-packages/airflow/example_dags/example_xcomargs.py
[2022-10-01 00:05:34,655] {processor.py:623} INFO - DAG(s) dict_keys(['example_xcom_args', 'example_xcom_args_with_operators']) retrieved from /home/airflow/.local/lib/python3.6/site-packages/airflow/example_dags/example_xcomargs.py
[2022-10-01 00:05:34,804] {logging_mixin.py:109} INFO - [2022-10-01 00:05:34,803] {dag.py:1833} INFO - Sync 2 DAGs
[2022-10-01 00:05:34,817] {logging_mixin.py:109} INFO - [2022-10-01 00:05:34,816] {dag.py:2306} INFO - Setting next_dagrun for example_xcom_args to None
[2022-10-01 00:05:34,818] {logging_mixin.py:109} INFO - [2022-10-01 00:05:34,818] {dag.py:2306} INFO - Setting next_dagrun for example_xcom_args_with_operators to None
[2022-10-01 00:05:34,831] {processor.py:170} INFO - Processing /home/airflow/.local/lib/python3.6/site-packages/airflow/example_dags/example_xcomargs.py took 0.196 seconds
[2022-10-01 00:06:04,876] {processor.py:162} INFO - Started process (PID=6202) to work on /home/airflow/.local/lib/python3.6/site-packages/airflow/example_dags/example_xcomargs.py
[2022-10-01 00:06:04,878] {processor.py:613} INFO - Processing file /home/airflow/.local/lib/python3.6/site-packages/airflow/example_dags/example_xcomargs.py for tasks to queue
[2022-10-01 00:06:04,880] {logging_mixin.py:109} INFO - [2022-10-01 00:06:04,880] {dagbag.py:496} INFO - Filling up the DagBag from /home/airflow/.local/lib/python3.6/site-packages/airflow/example_dags/example_xcomargs.py
[2022-10-01 00:06:04,899] {processor.py:623} INFO - DAG(s) dict_keys(['example_xcom_args', 'example_xcom_args_with_operators']) retrieved from /home/airflow/.local/lib/python3.6/site-packages/airflow/example_dags/example_xcomargs.py
[2022-10-01 00:06:05,133] {logging_mixin.py:109} INFO - [2022-10-01 00:06:05,133] {dag.py:1833} INFO - Sync 2 DAGs
[2022-10-01 00:06:05,150] {logging_mixin.py:109} INFO - [2022-10-01 00:06:05,149] {dag.py:2306} INFO - Setting next_dagrun for example_xcom_args to None
[2022-10-01 00:06:05,151] {logging_mixin.py:109} INFO - [2022-10-01 00:06:05,151] {dag.py:2306} INFO - Setting next_dagrun for example_xcom_args_with_operators to None
[2022-10-01 00:06:05,164] {processor.py:170} INFO - Processing /home/airflow/.local/lib/python3.6/site-packages/airflow/example_dags/example_xcomargs.py took 0.291 seconds
[2022-10-01 00:06:35,293] {processor.py:162} INFO - Started process (PID=6254) to work on /home/airflow/.local/lib/python3.6/site-packages/airflow/example_dags/example_xcomargs.py
[2022-10-01 00:06:35,294] {processor.py:613} INFO - Processing file /home/airflow/.local/lib/python3.6/site-packages/airflow/example_dags/example_xcomargs.py for tasks to queue
[2022-10-01 00:06:35,295] {logging_mixin.py:109} INFO - [2022-10-01 00:06:35,295] {dagbag.py:496} INFO - Filling up the DagBag from /home/airflow/.local/lib/python3.6/site-packages/airflow/example_dags/example_xcomargs.py
[2022-10-01 00:06:35,308] {processor.py:623} INFO - DAG(s) dict_keys(['example_xcom_args', 'example_xcom_args_with_operators']) retrieved from /home/airflow/.local/lib/python3.6/site-packages/airflow/example_dags/example_xcomargs.py
[2022-10-01 00:06:35,468] {logging_mixin.py:109} INFO - [2022-10-01 00:06:35,468] {dag.py:1833} INFO - Sync 2 DAGs
[2022-10-01 00:06:35,483] {logging_mixin.py:109} INFO - [2022-10-01 00:06:35,483] {dag.py:2306} INFO - Setting next_dagrun for example_xcom_args to None
[2022-10-01 00:06:35,484] {logging_mixin.py:109} INFO - [2022-10-01 00:06:35,484] {dag.py:2306} INFO - Setting next_dagrun for example_xcom_args_with_operators to None
[2022-10-01 00:06:35,502] {processor.py:170} INFO - Processing /home/airflow/.local/lib/python3.6/site-packages/airflow/example_dags/example_xcomargs.py took 0.212 seconds
[2022-10-01 00:07:05,544] {processor.py:162} INFO - Started process (PID=6316) to work on /home/airflow/.local/lib/python3.6/site-packages/airflow/example_dags/example_xcomargs.py
[2022-10-01 00:07:05,546] {processor.py:613} INFO - Processing file /home/airflow/.local/lib/python3.6/site-packages/airflow/example_dags/example_xcomargs.py for tasks to queue
[2022-10-01 00:07:05,547] {logging_mixin.py:109} INFO - [2022-10-01 00:07:05,547] {dagbag.py:496} INFO - Filling up the DagBag from /home/airflow/.local/lib/python3.6/site-packages/airflow/example_dags/example_xcomargs.py
[2022-10-01 00:07:05,560] {processor.py:623} INFO - DAG(s) dict_keys(['example_xcom_args', 'example_xcom_args_with_operators']) retrieved from /home/airflow/.local/lib/python3.6/site-packages/airflow/example_dags/example_xcomargs.py
[2022-10-01 00:07:05,713] {logging_mixin.py:109} INFO - [2022-10-01 00:07:05,713] {dag.py:1833} INFO - Sync 2 DAGs
[2022-10-01 00:07:05,726] {logging_mixin.py:109} INFO - [2022-10-01 00:07:05,726] {dag.py:2306} INFO - Setting next_dagrun for example_xcom_args to None
[2022-10-01 00:07:05,727] {logging_mixin.py:109} INFO - [2022-10-01 00:07:05,727] {dag.py:2306} INFO - Setting next_dagrun for example_xcom_args_with_operators to None
[2022-10-01 00:07:05,740] {processor.py:170} INFO - Processing /home/airflow/.local/lib/python3.6/site-packages/airflow/example_dags/example_xcomargs.py took 0.199 seconds
[2022-10-01 00:07:36,199] {processor.py:162} INFO - Started process (PID=6374) to work on /home/airflow/.local/lib/python3.6/site-packages/airflow/example_dags/example_xcomargs.py
[2022-10-01 00:07:36,202] {processor.py:613} INFO - Processing file /home/airflow/.local/lib/python3.6/site-packages/airflow/example_dags/example_xcomargs.py for tasks to queue
[2022-10-01 00:07:36,205] {logging_mixin.py:109} INFO - [2022-10-01 00:07:36,205] {dagbag.py:496} INFO - Filling up the DagBag from /home/airflow/.local/lib/python3.6/site-packages/airflow/example_dags/example_xcomargs.py
[2022-10-01 00:07:36,243] {processor.py:623} INFO - DAG(s) dict_keys(['example_xcom_args', 'example_xcom_args_with_operators']) retrieved from /home/airflow/.local/lib/python3.6/site-packages/airflow/example_dags/example_xcomargs.py
[2022-10-01 00:07:36,768] {logging_mixin.py:109} INFO - [2022-10-01 00:07:36,767] {dag.py:1833} INFO - Sync 2 DAGs
[2022-10-01 00:07:36,793] {logging_mixin.py:109} INFO - [2022-10-01 00:07:36,793] {dag.py:2306} INFO - Setting next_dagrun for example_xcom_args to None
[2022-10-01 00:07:36,795] {logging_mixin.py:109} INFO - [2022-10-01 00:07:36,795] {dag.py:2306} INFO - Setting next_dagrun for example_xcom_args_with_operators to None
[2022-10-01 00:07:36,821] {processor.py:170} INFO - Processing /home/airflow/.local/lib/python3.6/site-packages/airflow/example_dags/example_xcomargs.py took 0.627 seconds
[2022-10-01 00:08:06,957] {processor.py:162} INFO - Started process (PID=6425) to work on /home/airflow/.local/lib/python3.6/site-packages/airflow/example_dags/example_xcomargs.py
[2022-10-01 00:08:06,958] {processor.py:613} INFO - Processing file /home/airflow/.local/lib/python3.6/site-packages/airflow/example_dags/example_xcomargs.py for tasks to queue
[2022-10-01 00:08:06,960] {logging_mixin.py:109} INFO - [2022-10-01 00:08:06,959] {dagbag.py:496} INFO - Filling up the DagBag from /home/airflow/.local/lib/python3.6/site-packages/airflow/example_dags/example_xcomargs.py
[2022-10-01 00:08:06,975] {processor.py:623} INFO - DAG(s) dict_keys(['example_xcom_args', 'example_xcom_args_with_operators']) retrieved from /home/airflow/.local/lib/python3.6/site-packages/airflow/example_dags/example_xcomargs.py
[2022-10-01 00:08:07,125] {logging_mixin.py:109} INFO - [2022-10-01 00:08:07,125] {dag.py:1833} INFO - Sync 2 DAGs
[2022-10-01 00:08:07,137] {logging_mixin.py:109} INFO - [2022-10-01 00:08:07,136] {dag.py:2306} INFO - Setting next_dagrun for example_xcom_args to None
[2022-10-01 00:08:07,138] {logging_mixin.py:109} INFO - [2022-10-01 00:08:07,138] {dag.py:2306} INFO - Setting next_dagrun for example_xcom_args_with_operators to None
[2022-10-01 00:08:07,151] {processor.py:170} INFO - Processing /home/airflow/.local/lib/python3.6/site-packages/airflow/example_dags/example_xcomargs.py took 0.197 seconds
[2022-10-01 00:08:37,243] {processor.py:162} INFO - Started process (PID=6486) to work on /home/airflow/.local/lib/python3.6/site-packages/airflow/example_dags/example_xcomargs.py
[2022-10-01 00:08:37,244] {processor.py:613} INFO - Processing file /home/airflow/.local/lib/python3.6/site-packages/airflow/example_dags/example_xcomargs.py for tasks to queue
[2022-10-01 00:08:37,246] {logging_mixin.py:109} INFO - [2022-10-01 00:08:37,246] {dagbag.py:496} INFO - Filling up the DagBag from /home/airflow/.local/lib/python3.6/site-packages/airflow/example_dags/example_xcomargs.py
[2022-10-01 00:08:37,261] {processor.py:623} INFO - DAG(s) dict_keys(['example_xcom_args', 'example_xcom_args_with_operators']) retrieved from /home/airflow/.local/lib/python3.6/site-packages/airflow/example_dags/example_xcomargs.py
[2022-10-01 00:08:37,430] {logging_mixin.py:109} INFO - [2022-10-01 00:08:37,430] {dag.py:1833} INFO - Sync 2 DAGs
[2022-10-01 00:08:37,445] {logging_mixin.py:109} INFO - [2022-10-01 00:08:37,445] {dag.py:2306} INFO - Setting next_dagrun for example_xcom_args to None
[2022-10-01 00:08:37,447] {logging_mixin.py:109} INFO - [2022-10-01 00:08:37,447] {dag.py:2306} INFO - Setting next_dagrun for example_xcom_args_with_operators to None
[2022-10-01 00:08:37,458] {processor.py:170} INFO - Processing /home/airflow/.local/lib/python3.6/site-packages/airflow/example_dags/example_xcomargs.py took 0.218 seconds
[2022-10-01 00:09:08,301] {processor.py:162} INFO - Started process (PID=6537) to work on /home/airflow/.local/lib/python3.6/site-packages/airflow/example_dags/example_xcomargs.py
[2022-10-01 00:09:08,302] {processor.py:613} INFO - Processing file /home/airflow/.local/lib/python3.6/site-packages/airflow/example_dags/example_xcomargs.py for tasks to queue
[2022-10-01 00:09:08,304] {logging_mixin.py:109} INFO - [2022-10-01 00:09:08,304] {dagbag.py:496} INFO - Filling up the DagBag from /home/airflow/.local/lib/python3.6/site-packages/airflow/example_dags/example_xcomargs.py
[2022-10-01 00:09:08,316] {processor.py:623} INFO - DAG(s) dict_keys(['example_xcom_args', 'example_xcom_args_with_operators']) retrieved from /home/airflow/.local/lib/python3.6/site-packages/airflow/example_dags/example_xcomargs.py
[2022-10-01 00:09:08,468] {logging_mixin.py:109} INFO - [2022-10-01 00:09:08,468] {dag.py:1833} INFO - Sync 2 DAGs
[2022-10-01 00:09:08,486] {logging_mixin.py:109} INFO - [2022-10-01 00:09:08,486] {dag.py:2306} INFO - Setting next_dagrun for example_xcom_args to None
[2022-10-01 00:09:08,488] {logging_mixin.py:109} INFO - [2022-10-01 00:09:08,488] {dag.py:2306} INFO - Setting next_dagrun for example_xcom_args_with_operators to None
[2022-10-01 00:09:08,499] {processor.py:170} INFO - Processing /home/airflow/.local/lib/python3.6/site-packages/airflow/example_dags/example_xcomargs.py took 0.202 seconds
[2022-10-01 00:09:39,251] {processor.py:162} INFO - Started process (PID=6598) to work on /home/airflow/.local/lib/python3.6/site-packages/airflow/example_dags/example_xcomargs.py
[2022-10-01 00:09:39,254] {processor.py:613} INFO - Processing file /home/airflow/.local/lib/python3.6/site-packages/airflow/example_dags/example_xcomargs.py for tasks to queue
[2022-10-01 00:09:39,255] {logging_mixin.py:109} INFO - [2022-10-01 00:09:39,255] {dagbag.py:496} INFO - Filling up the DagBag from /home/airflow/.local/lib/python3.6/site-packages/airflow/example_dags/example_xcomargs.py
[2022-10-01 00:09:39,268] {processor.py:623} INFO - DAG(s) dict_keys(['example_xcom_args', 'example_xcom_args_with_operators']) retrieved from /home/airflow/.local/lib/python3.6/site-packages/airflow/example_dags/example_xcomargs.py
[2022-10-01 00:09:39,424] {logging_mixin.py:109} INFO - [2022-10-01 00:09:39,424] {dag.py:1833} INFO - Sync 2 DAGs
[2022-10-01 00:09:39,439] {logging_mixin.py:109} INFO - [2022-10-01 00:09:39,438] {dag.py:2306} INFO - Setting next_dagrun for example_xcom_args to None
[2022-10-01 00:09:39,440] {logging_mixin.py:109} INFO - [2022-10-01 00:09:39,440] {dag.py:2306} INFO - Setting next_dagrun for example_xcom_args_with_operators to None
[2022-10-01 00:09:39,452] {processor.py:170} INFO - Processing /home/airflow/.local/lib/python3.6/site-packages/airflow/example_dags/example_xcomargs.py took 0.203 seconds
[2022-10-01 00:10:10,153] {processor.py:162} INFO - Started process (PID=6659) to work on /home/airflow/.local/lib/python3.6/site-packages/airflow/example_dags/example_xcomargs.py
[2022-10-01 00:10:10,155] {processor.py:613} INFO - Processing file /home/airflow/.local/lib/python3.6/site-packages/airflow/example_dags/example_xcomargs.py for tasks to queue
[2022-10-01 00:10:10,156] {logging_mixin.py:109} INFO - [2022-10-01 00:10:10,156] {dagbag.py:496} INFO - Filling up the DagBag from /home/airflow/.local/lib/python3.6/site-packages/airflow/example_dags/example_xcomargs.py
[2022-10-01 00:10:10,177] {processor.py:623} INFO - DAG(s) dict_keys(['example_xcom_args', 'example_xcom_args_with_operators']) retrieved from /home/airflow/.local/lib/python3.6/site-packages/airflow/example_dags/example_xcomargs.py
[2022-10-01 00:10:10,360] {logging_mixin.py:109} INFO - [2022-10-01 00:10:10,360] {dag.py:1833} INFO - Sync 2 DAGs
[2022-10-01 00:10:10,376] {logging_mixin.py:109} INFO - [2022-10-01 00:10:10,376] {dag.py:2306} INFO - Setting next_dagrun for example_xcom_args to None
[2022-10-01 00:10:10,377] {logging_mixin.py:109} INFO - [2022-10-01 00:10:10,377] {dag.py:2306} INFO - Setting next_dagrun for example_xcom_args_with_operators to None
[2022-10-01 00:10:10,392] {processor.py:170} INFO - Processing /home/airflow/.local/lib/python3.6/site-packages/airflow/example_dags/example_xcomargs.py took 0.242 seconds
[2022-10-01 00:10:40,820] {processor.py:162} INFO - Started process (PID=6720) to work on /home/airflow/.local/lib/python3.6/site-packages/airflow/example_dags/example_xcomargs.py
[2022-10-01 00:10:40,821] {processor.py:613} INFO - Processing file /home/airflow/.local/lib/python3.6/site-packages/airflow/example_dags/example_xcomargs.py for tasks to queue
[2022-10-01 00:10:40,822] {logging_mixin.py:109} INFO - [2022-10-01 00:10:40,822] {dagbag.py:496} INFO - Filling up the DagBag from /home/airflow/.local/lib/python3.6/site-packages/airflow/example_dags/example_xcomargs.py
[2022-10-01 00:10:40,840] {processor.py:623} INFO - DAG(s) dict_keys(['example_xcom_args', 'example_xcom_args_with_operators']) retrieved from /home/airflow/.local/lib/python3.6/site-packages/airflow/example_dags/example_xcomargs.py
[2022-10-01 00:10:41,013] {logging_mixin.py:109} INFO - [2022-10-01 00:10:41,013] {dag.py:1833} INFO - Sync 2 DAGs
[2022-10-01 00:10:41,028] {logging_mixin.py:109} INFO - [2022-10-01 00:10:41,028] {dag.py:2306} INFO - Setting next_dagrun for example_xcom_args to None
[2022-10-01 00:10:41,030] {logging_mixin.py:109} INFO - [2022-10-01 00:10:41,030] {dag.py:2306} INFO - Setting next_dagrun for example_xcom_args_with_operators to None
[2022-10-01 00:10:41,043] {processor.py:170} INFO - Processing /home/airflow/.local/lib/python3.6/site-packages/airflow/example_dags/example_xcomargs.py took 0.226 seconds
[2022-10-01 00:11:11,316] {processor.py:162} INFO - Started process (PID=6771) to work on /home/airflow/.local/lib/python3.6/site-packages/airflow/example_dags/example_xcomargs.py
[2022-10-01 00:11:11,318] {processor.py:613} INFO - Processing file /home/airflow/.local/lib/python3.6/site-packages/airflow/example_dags/example_xcomargs.py for tasks to queue
[2022-10-01 00:11:11,319] {logging_mixin.py:109} INFO - [2022-10-01 00:11:11,319] {dagbag.py:496} INFO - Filling up the DagBag from /home/airflow/.local/lib/python3.6/site-packages/airflow/example_dags/example_xcomargs.py
[2022-10-01 00:11:11,333] {processor.py:623} INFO - DAG(s) dict_keys(['example_xcom_args', 'example_xcom_args_with_operators']) retrieved from /home/airflow/.local/lib/python3.6/site-packages/airflow/example_dags/example_xcomargs.py
[2022-10-01 00:11:11,355] {logging_mixin.py:109} INFO - [2022-10-01 00:11:11,355] {dag.py:1833} INFO - Sync 2 DAGs
[2022-10-01 00:11:11,369] {logging_mixin.py:109} INFO - [2022-10-01 00:11:11,369] {dag.py:2306} INFO - Setting next_dagrun for example_xcom_args to None
[2022-10-01 00:11:11,370] {logging_mixin.py:109} INFO - [2022-10-01 00:11:11,370] {dag.py:2306} INFO - Setting next_dagrun for example_xcom_args_with_operators to None
[2022-10-01 00:11:11,384] {processor.py:170} INFO - Processing /home/airflow/.local/lib/python3.6/site-packages/airflow/example_dags/example_xcomargs.py took 0.070 seconds
[2022-10-01 00:11:42,078] {processor.py:162} INFO - Started process (PID=6832) to work on /home/airflow/.local/lib/python3.6/site-packages/airflow/example_dags/example_xcomargs.py
[2022-10-01 00:11:42,080] {processor.py:613} INFO - Processing file /home/airflow/.local/lib/python3.6/site-packages/airflow/example_dags/example_xcomargs.py for tasks to queue
[2022-10-01 00:11:42,081] {logging_mixin.py:109} INFO - [2022-10-01 00:11:42,080] {dagbag.py:496} INFO - Filling up the DagBag from /home/airflow/.local/lib/python3.6/site-packages/airflow/example_dags/example_xcomargs.py
[2022-10-01 00:11:42,094] {processor.py:623} INFO - DAG(s) dict_keys(['example_xcom_args', 'example_xcom_args_with_operators']) retrieved from /home/airflow/.local/lib/python3.6/site-packages/airflow/example_dags/example_xcomargs.py
[2022-10-01 00:11:42,262] {logging_mixin.py:109} INFO - [2022-10-01 00:11:42,262] {dag.py:1833} INFO - Sync 2 DAGs
[2022-10-01 00:11:42,274] {logging_mixin.py:109} INFO - [2022-10-01 00:11:42,274] {dag.py:2306} INFO - Setting next_dagrun for example_xcom_args to None
[2022-10-01 00:11:42,276] {logging_mixin.py:109} INFO - [2022-10-01 00:11:42,276] {dag.py:2306} INFO - Setting next_dagrun for example_xcom_args_with_operators to None
[2022-10-01 00:11:42,287] {processor.py:170} INFO - Processing /home/airflow/.local/lib/python3.6/site-packages/airflow/example_dags/example_xcomargs.py took 0.212 seconds
[2022-10-01 00:12:12,335] {processor.py:162} INFO - Started process (PID=6893) to work on /home/airflow/.local/lib/python3.6/site-packages/airflow/example_dags/example_xcomargs.py
[2022-10-01 00:12:12,337] {processor.py:613} INFO - Processing file /home/airflow/.local/lib/python3.6/site-packages/airflow/example_dags/example_xcomargs.py for tasks to queue
[2022-10-01 00:12:12,339] {logging_mixin.py:109} INFO - [2022-10-01 00:12:12,338] {dagbag.py:496} INFO - Filling up the DagBag from /home/airflow/.local/lib/python3.6/site-packages/airflow/example_dags/example_xcomargs.py
[2022-10-01 00:12:12,354] {processor.py:623} INFO - DAG(s) dict_keys(['example_xcom_args', 'example_xcom_args_with_operators']) retrieved from /home/airflow/.local/lib/python3.6/site-packages/airflow/example_dags/example_xcomargs.py
[2022-10-01 00:12:12,514] {logging_mixin.py:109} INFO - [2022-10-01 00:12:12,514] {dag.py:1833} INFO - Sync 2 DAGs
[2022-10-01 00:12:12,525] {logging_mixin.py:109} INFO - [2022-10-01 00:12:12,525] {dag.py:2306} INFO - Setting next_dagrun for example_xcom_args to None
[2022-10-01 00:12:12,527] {logging_mixin.py:109} INFO - [2022-10-01 00:12:12,527] {dag.py:2306} INFO - Setting next_dagrun for example_xcom_args_with_operators to None
[2022-10-01 00:12:12,537] {processor.py:170} INFO - Processing /home/airflow/.local/lib/python3.6/site-packages/airflow/example_dags/example_xcomargs.py took 0.205 seconds
[2022-10-01 00:12:43,274] {processor.py:162} INFO - Started process (PID=6944) to work on /home/airflow/.local/lib/python3.6/site-packages/airflow/example_dags/example_xcomargs.py
[2022-10-01 00:12:43,276] {processor.py:613} INFO - Processing file /home/airflow/.local/lib/python3.6/site-packages/airflow/example_dags/example_xcomargs.py for tasks to queue
[2022-10-01 00:12:43,277] {logging_mixin.py:109} INFO - [2022-10-01 00:12:43,277] {dagbag.py:496} INFO - Filling up the DagBag from /home/airflow/.local/lib/python3.6/site-packages/airflow/example_dags/example_xcomargs.py
[2022-10-01 00:12:43,290] {processor.py:623} INFO - DAG(s) dict_keys(['example_xcom_args', 'example_xcom_args_with_operators']) retrieved from /home/airflow/.local/lib/python3.6/site-packages/airflow/example_dags/example_xcomargs.py
[2022-10-01 00:12:43,478] {logging_mixin.py:109} INFO - [2022-10-01 00:12:43,478] {dag.py:1833} INFO - Sync 2 DAGs
[2022-10-01 00:12:43,494] {logging_mixin.py:109} INFO - [2022-10-01 00:12:43,494] {dag.py:2306} INFO - Setting next_dagrun for example_xcom_args to None
[2022-10-01 00:12:43,495] {logging_mixin.py:109} INFO - [2022-10-01 00:12:43,495] {dag.py:2306} INFO - Setting next_dagrun for example_xcom_args_with_operators to None
[2022-10-01 00:12:43,509] {processor.py:170} INFO - Processing /home/airflow/.local/lib/python3.6/site-packages/airflow/example_dags/example_xcomargs.py took 0.238 seconds
[2022-10-01 00:13:14,486] {processor.py:162} INFO - Started process (PID=7006) to work on /home/airflow/.local/lib/python3.6/site-packages/airflow/example_dags/example_xcomargs.py
[2022-10-01 00:13:14,488] {processor.py:613} INFO - Processing file /home/airflow/.local/lib/python3.6/site-packages/airflow/example_dags/example_xcomargs.py for tasks to queue
[2022-10-01 00:13:14,491] {logging_mixin.py:109} INFO - [2022-10-01 00:13:14,491] {dagbag.py:496} INFO - Filling up the DagBag from /home/airflow/.local/lib/python3.6/site-packages/airflow/example_dags/example_xcomargs.py
[2022-10-01 00:13:14,507] {processor.py:623} INFO - DAG(s) dict_keys(['example_xcom_args', 'example_xcom_args_with_operators']) retrieved from /home/airflow/.local/lib/python3.6/site-packages/airflow/example_dags/example_xcomargs.py
[2022-10-01 00:13:14,527] {logging_mixin.py:109} INFO - [2022-10-01 00:13:14,527] {dag.py:1833} INFO - Sync 2 DAGs
[2022-10-01 00:13:14,539] {logging_mixin.py:109} INFO - [2022-10-01 00:13:14,539] {dag.py:2306} INFO - Setting next_dagrun for example_xcom_args to None
[2022-10-01 00:13:14,542] {logging_mixin.py:109} INFO - [2022-10-01 00:13:14,542] {dag.py:2306} INFO - Setting next_dagrun for example_xcom_args_with_operators to None
[2022-10-01 00:13:14,552] {processor.py:170} INFO - Processing /home/airflow/.local/lib/python3.6/site-packages/airflow/example_dags/example_xcomargs.py took 0.070 seconds
[2022-10-01 00:13:45,422] {processor.py:162} INFO - Started process (PID=7067) to work on /home/airflow/.local/lib/python3.6/site-packages/airflow/example_dags/example_xcomargs.py
[2022-10-01 00:13:45,424] {processor.py:613} INFO - Processing file /home/airflow/.local/lib/python3.6/site-packages/airflow/example_dags/example_xcomargs.py for tasks to queue
[2022-10-01 00:13:45,425] {logging_mixin.py:109} INFO - [2022-10-01 00:13:45,425] {dagbag.py:496} INFO - Filling up the DagBag from /home/airflow/.local/lib/python3.6/site-packages/airflow/example_dags/example_xcomargs.py
[2022-10-01 00:13:45,438] {processor.py:623} INFO - DAG(s) dict_keys(['example_xcom_args', 'example_xcom_args_with_operators']) retrieved from /home/airflow/.local/lib/python3.6/site-packages/airflow/example_dags/example_xcomargs.py
[2022-10-01 00:13:45,592] {logging_mixin.py:109} INFO - [2022-10-01 00:13:45,592] {dag.py:1833} INFO - Sync 2 DAGs
[2022-10-01 00:13:45,603] {logging_mixin.py:109} INFO - [2022-10-01 00:13:45,603] {dag.py:2306} INFO - Setting next_dagrun for example_xcom_args to None
[2022-10-01 00:13:45,604] {logging_mixin.py:109} INFO - [2022-10-01 00:13:45,604] {dag.py:2306} INFO - Setting next_dagrun for example_xcom_args_with_operators to None
[2022-10-01 00:13:45,617] {processor.py:170} INFO - Processing /home/airflow/.local/lib/python3.6/site-packages/airflow/example_dags/example_xcomargs.py took 0.197 seconds
[2022-10-01 00:14:16,186] {processor.py:162} INFO - Started process (PID=7118) to work on /home/airflow/.local/lib/python3.6/site-packages/airflow/example_dags/example_xcomargs.py
[2022-10-01 00:14:16,188] {processor.py:613} INFO - Processing file /home/airflow/.local/lib/python3.6/site-packages/airflow/example_dags/example_xcomargs.py for tasks to queue
[2022-10-01 00:14:16,189] {logging_mixin.py:109} INFO - [2022-10-01 00:14:16,189] {dagbag.py:496} INFO - Filling up the DagBag from /home/airflow/.local/lib/python3.6/site-packages/airflow/example_dags/example_xcomargs.py
[2022-10-01 00:14:16,202] {processor.py:623} INFO - DAG(s) dict_keys(['example_xcom_args', 'example_xcom_args_with_operators']) retrieved from /home/airflow/.local/lib/python3.6/site-packages/airflow/example_dags/example_xcomargs.py
[2022-10-01 00:14:16,353] {logging_mixin.py:109} INFO - [2022-10-01 00:14:16,353] {dag.py:1833} INFO - Sync 2 DAGs
[2022-10-01 00:14:16,364] {logging_mixin.py:109} INFO - [2022-10-01 00:14:16,364] {dag.py:2306} INFO - Setting next_dagrun for example_xcom_args to None
[2022-10-01 00:14:16,366] {logging_mixin.py:109} INFO - [2022-10-01 00:14:16,366] {dag.py:2306} INFO - Setting next_dagrun for example_xcom_args_with_operators to None
[2022-10-01 00:14:16,378] {processor.py:170} INFO - Processing /home/airflow/.local/lib/python3.6/site-packages/airflow/example_dags/example_xcomargs.py took 0.195 seconds
[2022-10-01 00:14:46,622] {processor.py:162} INFO - Started process (PID=7180) to work on /home/airflow/.local/lib/python3.6/site-packages/airflow/example_dags/example_xcomargs.py
[2022-10-01 00:14:46,624] {processor.py:613} INFO - Processing file /home/airflow/.local/lib/python3.6/site-packages/airflow/example_dags/example_xcomargs.py for tasks to queue
[2022-10-01 00:14:46,625] {logging_mixin.py:109} INFO - [2022-10-01 00:14:46,625] {dagbag.py:496} INFO - Filling up the DagBag from /home/airflow/.local/lib/python3.6/site-packages/airflow/example_dags/example_xcomargs.py
[2022-10-01 00:14:46,638] {processor.py:623} INFO - DAG(s) dict_keys(['example_xcom_args', 'example_xcom_args_with_operators']) retrieved from /home/airflow/.local/lib/python3.6/site-packages/airflow/example_dags/example_xcomargs.py
[2022-10-01 00:14:46,817] {logging_mixin.py:109} INFO - [2022-10-01 00:14:46,817] {dag.py:1833} INFO - Sync 2 DAGs
[2022-10-01 00:14:46,830] {logging_mixin.py:109} INFO - [2022-10-01 00:14:46,830] {dag.py:2306} INFO - Setting next_dagrun for example_xcom_args to None
[2022-10-01 00:14:46,834] {logging_mixin.py:109} INFO - [2022-10-01 00:14:46,834] {dag.py:2306} INFO - Setting next_dagrun for example_xcom_args_with_operators to None
[2022-10-01 00:14:46,847] {processor.py:170} INFO - Processing /home/airflow/.local/lib/python3.6/site-packages/airflow/example_dags/example_xcomargs.py took 0.227 seconds
[2022-10-01 00:15:17,466] {processor.py:162} INFO - Started process (PID=7241) to work on /home/airflow/.local/lib/python3.6/site-packages/airflow/example_dags/example_xcomargs.py
[2022-10-01 00:15:17,468] {processor.py:613} INFO - Processing file /home/airflow/.local/lib/python3.6/site-packages/airflow/example_dags/example_xcomargs.py for tasks to queue
[2022-10-01 00:15:17,470] {logging_mixin.py:109} INFO - [2022-10-01 00:15:17,469] {dagbag.py:496} INFO - Filling up the DagBag from /home/airflow/.local/lib/python3.6/site-packages/airflow/example_dags/example_xcomargs.py
[2022-10-01 00:15:17,484] {processor.py:623} INFO - DAG(s) dict_keys(['example_xcom_args', 'example_xcom_args_with_operators']) retrieved from /home/airflow/.local/lib/python3.6/site-packages/airflow/example_dags/example_xcomargs.py
[2022-10-01 00:15:17,667] {logging_mixin.py:109} INFO - [2022-10-01 00:15:17,667] {dag.py:1833} INFO - Sync 2 DAGs
[2022-10-01 00:15:17,678] {logging_mixin.py:109} INFO - [2022-10-01 00:15:17,678] {dag.py:2306} INFO - Setting next_dagrun for example_xcom_args to None
[2022-10-01 00:15:17,679] {logging_mixin.py:109} INFO - [2022-10-01 00:15:17,679] {dag.py:2306} INFO - Setting next_dagrun for example_xcom_args_with_operators to None
[2022-10-01 00:15:17,690] {processor.py:170} INFO - Processing /home/airflow/.local/lib/python3.6/site-packages/airflow/example_dags/example_xcomargs.py took 0.225 seconds
[2022-10-01 00:15:47,803] {processor.py:162} INFO - Started process (PID=7292) to work on /home/airflow/.local/lib/python3.6/site-packages/airflow/example_dags/example_xcomargs.py
[2022-10-01 00:15:47,805] {processor.py:613} INFO - Processing file /home/airflow/.local/lib/python3.6/site-packages/airflow/example_dags/example_xcomargs.py for tasks to queue
[2022-10-01 00:15:47,806] {logging_mixin.py:109} INFO - [2022-10-01 00:15:47,806] {dagbag.py:496} INFO - Filling up the DagBag from /home/airflow/.local/lib/python3.6/site-packages/airflow/example_dags/example_xcomargs.py
[2022-10-01 00:15:47,819] {processor.py:623} INFO - DAG(s) dict_keys(['example_xcom_args', 'example_xcom_args_with_operators']) retrieved from /home/airflow/.local/lib/python3.6/site-packages/airflow/example_dags/example_xcomargs.py
[2022-10-01 00:15:48,027] {logging_mixin.py:109} INFO - [2022-10-01 00:15:48,027] {dag.py:1833} INFO - Sync 2 DAGs
[2022-10-01 00:15:48,040] {logging_mixin.py:109} INFO - [2022-10-01 00:15:48,039] {dag.py:2306} INFO - Setting next_dagrun for example_xcom_args to None
[2022-10-01 00:15:48,041] {logging_mixin.py:109} INFO - [2022-10-01 00:15:48,041] {dag.py:2306} INFO - Setting next_dagrun for example_xcom_args_with_operators to None
[2022-10-01 00:15:48,053] {processor.py:170} INFO - Processing /home/airflow/.local/lib/python3.6/site-packages/airflow/example_dags/example_xcomargs.py took 0.254 seconds
[2022-10-01 00:16:18,491] {processor.py:162} INFO - Started process (PID=7353) to work on /home/airflow/.local/lib/python3.6/site-packages/airflow/example_dags/example_xcomargs.py
[2022-10-01 00:16:18,493] {processor.py:613} INFO - Processing file /home/airflow/.local/lib/python3.6/site-packages/airflow/example_dags/example_xcomargs.py for tasks to queue
[2022-10-01 00:16:18,494] {logging_mixin.py:109} INFO - [2022-10-01 00:16:18,494] {dagbag.py:496} INFO - Filling up the DagBag from /home/airflow/.local/lib/python3.6/site-packages/airflow/example_dags/example_xcomargs.py
[2022-10-01 00:16:18,515] {processor.py:623} INFO - DAG(s) dict_keys(['example_xcom_args', 'example_xcom_args_with_operators']) retrieved from /home/airflow/.local/lib/python3.6/site-packages/airflow/example_dags/example_xcomargs.py
[2022-10-01 00:16:18,540] {logging_mixin.py:109} INFO - [2022-10-01 00:16:18,540] {dag.py:1833} INFO - Sync 2 DAGs
[2022-10-01 00:16:18,555] {logging_mixin.py:109} INFO - [2022-10-01 00:16:18,554] {dag.py:2306} INFO - Setting next_dagrun for example_xcom_args to None
[2022-10-01 00:16:18,556] {logging_mixin.py:109} INFO - [2022-10-01 00:16:18,556] {dag.py:2306} INFO - Setting next_dagrun for example_xcom_args_with_operators to None
[2022-10-01 00:16:18,566] {processor.py:170} INFO - Processing /home/airflow/.local/lib/python3.6/site-packages/airflow/example_dags/example_xcomargs.py took 0.079 seconds
[2022-10-01 00:16:49,328] {processor.py:162} INFO - Started process (PID=7414) to work on /home/airflow/.local/lib/python3.6/site-packages/airflow/example_dags/example_xcomargs.py
[2022-10-01 00:16:49,329] {processor.py:613} INFO - Processing file /home/airflow/.local/lib/python3.6/site-packages/airflow/example_dags/example_xcomargs.py for tasks to queue
[2022-10-01 00:16:49,330] {logging_mixin.py:109} INFO - [2022-10-01 00:16:49,330] {dagbag.py:496} INFO - Filling up the DagBag from /home/airflow/.local/lib/python3.6/site-packages/airflow/example_dags/example_xcomargs.py
[2022-10-01 00:16:49,343] {processor.py:623} INFO - DAG(s) dict_keys(['example_xcom_args', 'example_xcom_args_with_operators']) retrieved from /home/airflow/.local/lib/python3.6/site-packages/airflow/example_dags/example_xcomargs.py
[2022-10-01 00:16:49,494] {logging_mixin.py:109} INFO - [2022-10-01 00:16:49,494] {dag.py:1833} INFO - Sync 2 DAGs
[2022-10-01 00:16:49,504] {logging_mixin.py:109} INFO - [2022-10-01 00:16:49,504] {dag.py:2306} INFO - Setting next_dagrun for example_xcom_args to None
[2022-10-01 00:16:49,506] {logging_mixin.py:109} INFO - [2022-10-01 00:16:49,506] {dag.py:2306} INFO - Setting next_dagrun for example_xcom_args_with_operators to None
[2022-10-01 00:16:49,518] {processor.py:170} INFO - Processing /home/airflow/.local/lib/python3.6/site-packages/airflow/example_dags/example_xcomargs.py took 0.192 seconds
[2022-10-01 00:17:19,657] {processor.py:162} INFO - Started process (PID=7465) to work on /home/airflow/.local/lib/python3.6/site-packages/airflow/example_dags/example_xcomargs.py
[2022-10-01 00:17:19,658] {processor.py:613} INFO - Processing file /home/airflow/.local/lib/python3.6/site-packages/airflow/example_dags/example_xcomargs.py for tasks to queue
[2022-10-01 00:17:19,660] {logging_mixin.py:109} INFO - [2022-10-01 00:17:19,660] {dagbag.py:496} INFO - Filling up the DagBag from /home/airflow/.local/lib/python3.6/site-packages/airflow/example_dags/example_xcomargs.py
[2022-10-01 00:17:19,674] {processor.py:623} INFO - DAG(s) dict_keys(['example_xcom_args', 'example_xcom_args_with_operators']) retrieved from /home/airflow/.local/lib/python3.6/site-packages/airflow/example_dags/example_xcomargs.py
[2022-10-01 00:17:19,841] {logging_mixin.py:109} INFO - [2022-10-01 00:17:19,841] {dag.py:1833} INFO - Sync 2 DAGs
[2022-10-01 00:17:19,855] {logging_mixin.py:109} INFO - [2022-10-01 00:17:19,855] {dag.py:2306} INFO - Setting next_dagrun for example_xcom_args to None
[2022-10-01 00:17:19,856] {logging_mixin.py:109} INFO - [2022-10-01 00:17:19,856] {dag.py:2306} INFO - Setting next_dagrun for example_xcom_args_with_operators to None
[2022-10-01 00:17:19,870] {processor.py:170} INFO - Processing /home/airflow/.local/lib/python3.6/site-packages/airflow/example_dags/example_xcomargs.py took 0.216 seconds
[2022-10-01 00:17:50,381] {processor.py:162} INFO - Started process (PID=7527) to work on /home/airflow/.local/lib/python3.6/site-packages/airflow/example_dags/example_xcomargs.py
[2022-10-01 00:17:50,383] {processor.py:613} INFO - Processing file /home/airflow/.local/lib/python3.6/site-packages/airflow/example_dags/example_xcomargs.py for tasks to queue
[2022-10-01 00:17:50,385] {logging_mixin.py:109} INFO - [2022-10-01 00:17:50,385] {dagbag.py:496} INFO - Filling up the DagBag from /home/airflow/.local/lib/python3.6/site-packages/airflow/example_dags/example_xcomargs.py
[2022-10-01 00:17:50,410] {processor.py:623} INFO - DAG(s) dict_keys(['example_xcom_args', 'example_xcom_args_with_operators']) retrieved from /home/airflow/.local/lib/python3.6/site-packages/airflow/example_dags/example_xcomargs.py
[2022-10-01 00:17:50,601] {logging_mixin.py:109} INFO - [2022-10-01 00:17:50,601] {dag.py:1833} INFO - Sync 2 DAGs
[2022-10-01 00:17:50,613] {logging_mixin.py:109} INFO - [2022-10-01 00:17:50,613] {dag.py:2306} INFO - Setting next_dagrun for example_xcom_args to None
[2022-10-01 00:17:50,614] {logging_mixin.py:109} INFO - [2022-10-01 00:17:50,614] {dag.py:2306} INFO - Setting next_dagrun for example_xcom_args_with_operators to None
[2022-10-01 00:17:50,627] {processor.py:170} INFO - Processing /home/airflow/.local/lib/python3.6/site-packages/airflow/example_dags/example_xcomargs.py took 0.250 seconds
[2022-10-01 00:18:16,914] {processor.py:162} INFO - Started process (PID=7579) to work on /home/airflow/.local/lib/python3.6/site-packages/airflow/example_dags/example_xcomargs.py
[2022-10-01 00:18:16,916] {processor.py:613} INFO - Processing file /home/airflow/.local/lib/python3.6/site-packages/airflow/example_dags/example_xcomargs.py for tasks to queue
[2022-10-01 00:18:16,917] {logging_mixin.py:109} INFO - [2022-10-01 00:18:16,917] {dagbag.py:496} INFO - Filling up the DagBag from /home/airflow/.local/lib/python3.6/site-packages/airflow/example_dags/example_xcomargs.py
[2022-10-01 00:18:16,938] {processor.py:623} INFO - DAG(s) dict_keys(['example_xcom_args', 'example_xcom_args_with_operators']) retrieved from /home/airflow/.local/lib/python3.6/site-packages/airflow/example_dags/example_xcomargs.py
[2022-10-01 00:18:16,992] {logging_mixin.py:109} INFO - [2022-10-01 00:18:16,992] {dag.py:1833} INFO - Sync 2 DAGs
[2022-10-01 00:18:17,010] {logging_mixin.py:109} INFO - [2022-10-01 00:18:17,010] {dag.py:2306} INFO - Setting next_dagrun for example_xcom_args to None
[2022-10-01 00:18:17,012] {logging_mixin.py:109} INFO - [2022-10-01 00:18:17,012] {dag.py:2306} INFO - Setting next_dagrun for example_xcom_args_with_operators to None
[2022-10-01 00:18:17,024] {processor.py:170} INFO - Processing /home/airflow/.local/lib/python3.6/site-packages/airflow/example_dags/example_xcomargs.py took 0.124 seconds
[2022-10-01 00:18:48,045] {processor.py:162} INFO - Started process (PID=7640) to work on /home/airflow/.local/lib/python3.6/site-packages/airflow/example_dags/example_xcomargs.py
[2022-10-01 00:18:48,046] {processor.py:613} INFO - Processing file /home/airflow/.local/lib/python3.6/site-packages/airflow/example_dags/example_xcomargs.py for tasks to queue
[2022-10-01 00:18:48,047] {logging_mixin.py:109} INFO - [2022-10-01 00:18:48,047] {dagbag.py:496} INFO - Filling up the DagBag from /home/airflow/.local/lib/python3.6/site-packages/airflow/example_dags/example_xcomargs.py
[2022-10-01 00:18:48,061] {processor.py:623} INFO - DAG(s) dict_keys(['example_xcom_args', 'example_xcom_args_with_operators']) retrieved from /home/airflow/.local/lib/python3.6/site-packages/airflow/example_dags/example_xcomargs.py
[2022-10-01 00:18:48,287] {logging_mixin.py:109} INFO - [2022-10-01 00:18:48,287] {dag.py:1833} INFO - Sync 2 DAGs
[2022-10-01 00:18:48,294] {logging_mixin.py:109} INFO - [2022-10-01 00:18:48,294] {dag.py:2306} INFO - Setting next_dagrun for example_xcom_args to None
[2022-10-01 00:18:48,295] {logging_mixin.py:109} INFO - [2022-10-01 00:18:48,295] {dag.py:2306} INFO - Setting next_dagrun for example_xcom_args_with_operators to None
[2022-10-01 00:18:48,304] {processor.py:170} INFO - Processing /home/airflow/.local/lib/python3.6/site-packages/airflow/example_dags/example_xcomargs.py took 0.262 seconds
[2022-10-01 00:19:19,281] {processor.py:162} INFO - Started process (PID=7701) to work on /home/airflow/.local/lib/python3.6/site-packages/airflow/example_dags/example_xcomargs.py
[2022-10-01 00:19:19,283] {processor.py:613} INFO - Processing file /home/airflow/.local/lib/python3.6/site-packages/airflow/example_dags/example_xcomargs.py for tasks to queue
[2022-10-01 00:19:19,285] {logging_mixin.py:109} INFO - [2022-10-01 00:19:19,285] {dagbag.py:496} INFO - Filling up the DagBag from /home/airflow/.local/lib/python3.6/site-packages/airflow/example_dags/example_xcomargs.py
[2022-10-01 00:19:19,307] {processor.py:623} INFO - DAG(s) dict_keys(['example_xcom_args', 'example_xcom_args_with_operators']) retrieved from /home/airflow/.local/lib/python3.6/site-packages/airflow/example_dags/example_xcomargs.py
[2022-10-01 00:19:19,334] {logging_mixin.py:109} INFO - [2022-10-01 00:19:19,334] {dag.py:1833} INFO - Sync 2 DAGs
[2022-10-01 00:19:19,343] {logging_mixin.py:109} INFO - [2022-10-01 00:19:19,342] {dag.py:2306} INFO - Setting next_dagrun for example_xcom_args to None
[2022-10-01 00:19:19,344] {logging_mixin.py:109} INFO - [2022-10-01 00:19:19,344] {dag.py:2306} INFO - Setting next_dagrun for example_xcom_args_with_operators to None
[2022-10-01 00:19:19,353] {processor.py:170} INFO - Processing /home/airflow/.local/lib/python3.6/site-packages/airflow/example_dags/example_xcomargs.py took 0.077 seconds
[2022-10-01 00:19:50,277] {processor.py:162} INFO - Started process (PID=7760) to work on /home/airflow/.local/lib/python3.6/site-packages/airflow/example_dags/example_xcomargs.py
[2022-10-01 00:19:50,279] {processor.py:613} INFO - Processing file /home/airflow/.local/lib/python3.6/site-packages/airflow/example_dags/example_xcomargs.py for tasks to queue
[2022-10-01 00:19:50,281] {logging_mixin.py:109} INFO - [2022-10-01 00:19:50,281] {dagbag.py:496} INFO - Filling up the DagBag from /home/airflow/.local/lib/python3.6/site-packages/airflow/example_dags/example_xcomargs.py
[2022-10-01 00:19:50,300] {processor.py:623} INFO - DAG(s) dict_keys(['example_xcom_args', 'example_xcom_args_with_operators']) retrieved from /home/airflow/.local/lib/python3.6/site-packages/airflow/example_dags/example_xcomargs.py
[2022-10-01 00:19:50,333] {logging_mixin.py:109} INFO - [2022-10-01 00:19:50,333] {dag.py:1833} INFO - Sync 2 DAGs
[2022-10-01 00:19:50,346] {logging_mixin.py:109} INFO - [2022-10-01 00:19:50,345] {dag.py:2306} INFO - Setting next_dagrun for example_xcom_args to None
[2022-10-01 00:19:50,347] {logging_mixin.py:109} INFO - [2022-10-01 00:19:50,347] {dag.py:2306} INFO - Setting next_dagrun for example_xcom_args_with_operators to None
[2022-10-01 00:19:50,361] {processor.py:170} INFO - Processing /home/airflow/.local/lib/python3.6/site-packages/airflow/example_dags/example_xcomargs.py took 0.088 seconds
[2022-10-01 00:20:21,297] {processor.py:162} INFO - Started process (PID=7812) to work on /home/airflow/.local/lib/python3.6/site-packages/airflow/example_dags/example_xcomargs.py
[2022-10-01 00:20:21,301] {processor.py:613} INFO - Processing file /home/airflow/.local/lib/python3.6/site-packages/airflow/example_dags/example_xcomargs.py for tasks to queue
[2022-10-01 00:20:21,304] {logging_mixin.py:109} INFO - [2022-10-01 00:20:21,303] {dagbag.py:496} INFO - Filling up the DagBag from /home/airflow/.local/lib/python3.6/site-packages/airflow/example_dags/example_xcomargs.py
[2022-10-01 00:20:21,362] {processor.py:623} INFO - DAG(s) dict_keys(['example_xcom_args', 'example_xcom_args_with_operators']) retrieved from /home/airflow/.local/lib/python3.6/site-packages/airflow/example_dags/example_xcomargs.py
[2022-10-01 00:20:21,426] {logging_mixin.py:109} INFO - [2022-10-01 00:20:21,426] {dag.py:1833} INFO - Sync 2 DAGs
[2022-10-01 00:20:21,442] {logging_mixin.py:109} INFO - [2022-10-01 00:20:21,442] {dag.py:2306} INFO - Setting next_dagrun for example_xcom_args to None
[2022-10-01 00:20:21,446] {logging_mixin.py:109} INFO - [2022-10-01 00:20:21,446] {dag.py:2306} INFO - Setting next_dagrun for example_xcom_args_with_operators to None
[2022-10-01 00:20:21,468] {processor.py:170} INFO - Processing /home/airflow/.local/lib/python3.6/site-packages/airflow/example_dags/example_xcomargs.py took 0.186 seconds
