[2022-10-01 00:00:04,346] {processor.py:162} INFO - Started process (PID=5545) to work on /home/airflow/.local/lib/python3.6/site-packages/airflow/example_dags/example_task_group.py
[2022-10-01 00:00:04,348] {processor.py:613} INFO - Processing file /home/airflow/.local/lib/python3.6/site-packages/airflow/example_dags/example_task_group.py for tasks to queue
[2022-10-01 00:00:04,350] {logging_mixin.py:109} INFO - [2022-10-01 00:00:04,350] {dagbag.py:496} INFO - Filling up the DagBag from /home/airflow/.local/lib/python3.6/site-packages/airflow/example_dags/example_task_group.py
[2022-10-01 00:00:04,372] {processor.py:623} INFO - DAG(s) dict_keys(['example_task_group']) retrieved from /home/airflow/.local/lib/python3.6/site-packages/airflow/example_dags/example_task_group.py
[2022-10-01 00:00:04,663] {logging_mixin.py:109} INFO - [2022-10-01 00:00:04,663] {dag.py:1833} INFO - Sync 1 DAGs
[2022-10-01 00:00:04,688] {logging_mixin.py:109} INFO - [2022-10-01 00:00:04,688] {dag.py:2306} INFO - Setting next_dagrun for example_task_group to 2022-09-29 00:00:00+00:00
[2022-10-01 00:00:04,712] {processor.py:170} INFO - Processing /home/airflow/.local/lib/python3.6/site-packages/airflow/example_dags/example_task_group.py took 0.370 seconds
[2022-10-01 00:00:35,512] {processor.py:162} INFO - Started process (PID=5596) to work on /home/airflow/.local/lib/python3.6/site-packages/airflow/example_dags/example_task_group.py
[2022-10-01 00:00:35,514] {processor.py:613} INFO - Processing file /home/airflow/.local/lib/python3.6/site-packages/airflow/example_dags/example_task_group.py for tasks to queue
[2022-10-01 00:00:35,515] {logging_mixin.py:109} INFO - [2022-10-01 00:00:35,515] {dagbag.py:496} INFO - Filling up the DagBag from /home/airflow/.local/lib/python3.6/site-packages/airflow/example_dags/example_task_group.py
[2022-10-01 00:00:35,534] {processor.py:623} INFO - DAG(s) dict_keys(['example_task_group']) retrieved from /home/airflow/.local/lib/python3.6/site-packages/airflow/example_dags/example_task_group.py
[2022-10-01 00:00:35,557] {logging_mixin.py:109} INFO - [2022-10-01 00:00:35,557] {dag.py:1833} INFO - Sync 1 DAGs
[2022-10-01 00:00:35,571] {logging_mixin.py:109} INFO - [2022-10-01 00:00:35,570] {dag.py:2306} INFO - Setting next_dagrun for example_task_group to 2022-09-29 00:00:00+00:00
[2022-10-01 00:00:35,584] {processor.py:170} INFO - Processing /home/airflow/.local/lib/python3.6/site-packages/airflow/example_dags/example_task_group.py took 0.076 seconds
[2022-10-01 00:01:05,844] {processor.py:162} INFO - Started process (PID=5656) to work on /home/airflow/.local/lib/python3.6/site-packages/airflow/example_dags/example_task_group.py
[2022-10-01 00:01:05,846] {processor.py:613} INFO - Processing file /home/airflow/.local/lib/python3.6/site-packages/airflow/example_dags/example_task_group.py for tasks to queue
[2022-10-01 00:01:05,848] {logging_mixin.py:109} INFO - [2022-10-01 00:01:05,847] {dagbag.py:496} INFO - Filling up the DagBag from /home/airflow/.local/lib/python3.6/site-packages/airflow/example_dags/example_task_group.py
[2022-10-01 00:01:05,858] {processor.py:623} INFO - DAG(s) dict_keys(['example_task_group']) retrieved from /home/airflow/.local/lib/python3.6/site-packages/airflow/example_dags/example_task_group.py
[2022-10-01 00:01:05,877] {logging_mixin.py:109} INFO - [2022-10-01 00:01:05,877] {dag.py:1833} INFO - Sync 1 DAGs
[2022-10-01 00:01:05,890] {logging_mixin.py:109} INFO - [2022-10-01 00:01:05,890] {dag.py:2306} INFO - Setting next_dagrun for example_task_group to 2022-09-29 00:00:00+00:00
[2022-10-01 00:01:05,902] {processor.py:170} INFO - Processing /home/airflow/.local/lib/python3.6/site-packages/airflow/example_dags/example_task_group.py took 0.061 seconds
[2022-10-01 00:01:36,092] {processor.py:162} INFO - Started process (PID=5707) to work on /home/airflow/.local/lib/python3.6/site-packages/airflow/example_dags/example_task_group.py
[2022-10-01 00:01:36,093] {processor.py:613} INFO - Processing file /home/airflow/.local/lib/python3.6/site-packages/airflow/example_dags/example_task_group.py for tasks to queue
[2022-10-01 00:01:36,095] {logging_mixin.py:109} INFO - [2022-10-01 00:01:36,095] {dagbag.py:496} INFO - Filling up the DagBag from /home/airflow/.local/lib/python3.6/site-packages/airflow/example_dags/example_task_group.py
[2022-10-01 00:01:36,106] {processor.py:623} INFO - DAG(s) dict_keys(['example_task_group']) retrieved from /home/airflow/.local/lib/python3.6/site-packages/airflow/example_dags/example_task_group.py
[2022-10-01 00:01:36,178] {logging_mixin.py:109} INFO - [2022-10-01 00:01:36,177] {dag.py:1833} INFO - Sync 1 DAGs
[2022-10-01 00:01:36,194] {logging_mixin.py:109} INFO - [2022-10-01 00:01:36,194] {dag.py:2306} INFO - Setting next_dagrun for example_task_group to 2022-09-29 00:00:00+00:00
[2022-10-01 00:01:36,207] {processor.py:170} INFO - Processing /home/airflow/.local/lib/python3.6/site-packages/airflow/example_dags/example_task_group.py took 0.118 seconds
[2022-10-01 00:02:06,364] {processor.py:162} INFO - Started process (PID=5768) to work on /home/airflow/.local/lib/python3.6/site-packages/airflow/example_dags/example_task_group.py
[2022-10-01 00:02:06,366] {processor.py:613} INFO - Processing file /home/airflow/.local/lib/python3.6/site-packages/airflow/example_dags/example_task_group.py for tasks to queue
[2022-10-01 00:02:06,367] {logging_mixin.py:109} INFO - [2022-10-01 00:02:06,367] {dagbag.py:496} INFO - Filling up the DagBag from /home/airflow/.local/lib/python3.6/site-packages/airflow/example_dags/example_task_group.py
[2022-10-01 00:02:06,377] {processor.py:623} INFO - DAG(s) dict_keys(['example_task_group']) retrieved from /home/airflow/.local/lib/python3.6/site-packages/airflow/example_dags/example_task_group.py
[2022-10-01 00:02:06,395] {logging_mixin.py:109} INFO - [2022-10-01 00:02:06,395] {dag.py:1833} INFO - Sync 1 DAGs
[2022-10-01 00:02:06,407] {logging_mixin.py:109} INFO - [2022-10-01 00:02:06,407] {dag.py:2306} INFO - Setting next_dagrun for example_task_group to 2022-09-29 00:00:00+00:00
[2022-10-01 00:02:06,418] {processor.py:170} INFO - Processing /home/airflow/.local/lib/python3.6/site-packages/airflow/example_dags/example_task_group.py took 0.056 seconds
[2022-10-01 00:02:36,464] {processor.py:162} INFO - Started process (PID=5829) to work on /home/airflow/.local/lib/python3.6/site-packages/airflow/example_dags/example_task_group.py
[2022-10-01 00:02:36,466] {processor.py:613} INFO - Processing file /home/airflow/.local/lib/python3.6/site-packages/airflow/example_dags/example_task_group.py for tasks to queue
[2022-10-01 00:02:36,467] {logging_mixin.py:109} INFO - [2022-10-01 00:02:36,467] {dagbag.py:496} INFO - Filling up the DagBag from /home/airflow/.local/lib/python3.6/site-packages/airflow/example_dags/example_task_group.py
[2022-10-01 00:02:36,479] {processor.py:623} INFO - DAG(s) dict_keys(['example_task_group']) retrieved from /home/airflow/.local/lib/python3.6/site-packages/airflow/example_dags/example_task_group.py
[2022-10-01 00:02:36,502] {logging_mixin.py:109} INFO - [2022-10-01 00:02:36,501] {dag.py:1833} INFO - Sync 1 DAGs
[2022-10-01 00:02:36,517] {logging_mixin.py:109} INFO - [2022-10-01 00:02:36,517] {dag.py:2306} INFO - Setting next_dagrun for example_task_group to 2022-09-29 00:00:00+00:00
[2022-10-01 00:02:36,528] {processor.py:170} INFO - Processing /home/airflow/.local/lib/python3.6/site-packages/airflow/example_dags/example_task_group.py took 0.068 seconds
[2022-10-01 00:03:06,807] {processor.py:162} INFO - Started process (PID=5880) to work on /home/airflow/.local/lib/python3.6/site-packages/airflow/example_dags/example_task_group.py
[2022-10-01 00:03:06,808] {processor.py:613} INFO - Processing file /home/airflow/.local/lib/python3.6/site-packages/airflow/example_dags/example_task_group.py for tasks to queue
[2022-10-01 00:03:06,810] {logging_mixin.py:109} INFO - [2022-10-01 00:03:06,810] {dagbag.py:496} INFO - Filling up the DagBag from /home/airflow/.local/lib/python3.6/site-packages/airflow/example_dags/example_task_group.py
[2022-10-01 00:03:06,822] {processor.py:623} INFO - DAG(s) dict_keys(['example_task_group']) retrieved from /home/airflow/.local/lib/python3.6/site-packages/airflow/example_dags/example_task_group.py
[2022-10-01 00:03:06,842] {logging_mixin.py:109} INFO - [2022-10-01 00:03:06,842] {dag.py:1833} INFO - Sync 1 DAGs
[2022-10-01 00:03:06,857] {logging_mixin.py:109} INFO - [2022-10-01 00:03:06,857] {dag.py:2306} INFO - Setting next_dagrun for example_task_group to 2022-09-29 00:00:00+00:00
[2022-10-01 00:03:06,870] {processor.py:170} INFO - Processing /home/airflow/.local/lib/python3.6/site-packages/airflow/example_dags/example_task_group.py took 0.066 seconds
[2022-10-01 00:03:37,177] {processor.py:162} INFO - Started process (PID=5941) to work on /home/airflow/.local/lib/python3.6/site-packages/airflow/example_dags/example_task_group.py
[2022-10-01 00:03:37,179] {processor.py:613} INFO - Processing file /home/airflow/.local/lib/python3.6/site-packages/airflow/example_dags/example_task_group.py for tasks to queue
[2022-10-01 00:03:37,180] {logging_mixin.py:109} INFO - [2022-10-01 00:03:37,180] {dagbag.py:496} INFO - Filling up the DagBag from /home/airflow/.local/lib/python3.6/site-packages/airflow/example_dags/example_task_group.py
[2022-10-01 00:03:37,190] {processor.py:623} INFO - DAG(s) dict_keys(['example_task_group']) retrieved from /home/airflow/.local/lib/python3.6/site-packages/airflow/example_dags/example_task_group.py
[2022-10-01 00:03:37,212] {logging_mixin.py:109} INFO - [2022-10-01 00:03:37,212] {dag.py:1833} INFO - Sync 1 DAGs
[2022-10-01 00:03:37,226] {logging_mixin.py:109} INFO - [2022-10-01 00:03:37,226] {dag.py:2306} INFO - Setting next_dagrun for example_task_group to 2022-09-29 00:00:00+00:00
[2022-10-01 00:03:37,239] {processor.py:170} INFO - Processing /home/airflow/.local/lib/python3.6/site-packages/airflow/example_dags/example_task_group.py took 0.065 seconds
[2022-10-01 00:04:07,432] {processor.py:162} INFO - Started process (PID=6001) to work on /home/airflow/.local/lib/python3.6/site-packages/airflow/example_dags/example_task_group.py
[2022-10-01 00:04:07,434] {processor.py:613} INFO - Processing file /home/airflow/.local/lib/python3.6/site-packages/airflow/example_dags/example_task_group.py for tasks to queue
[2022-10-01 00:04:07,436] {logging_mixin.py:109} INFO - [2022-10-01 00:04:07,436] {dagbag.py:496} INFO - Filling up the DagBag from /home/airflow/.local/lib/python3.6/site-packages/airflow/example_dags/example_task_group.py
[2022-10-01 00:04:07,447] {processor.py:623} INFO - DAG(s) dict_keys(['example_task_group']) retrieved from /home/airflow/.local/lib/python3.6/site-packages/airflow/example_dags/example_task_group.py
[2022-10-01 00:04:07,467] {logging_mixin.py:109} INFO - [2022-10-01 00:04:07,466] {dag.py:1833} INFO - Sync 1 DAGs
[2022-10-01 00:04:07,481] {logging_mixin.py:109} INFO - [2022-10-01 00:04:07,481] {dag.py:2306} INFO - Setting next_dagrun for example_task_group to 2022-09-29 00:00:00+00:00
[2022-10-01 00:04:07,494] {processor.py:170} INFO - Processing /home/airflow/.local/lib/python3.6/site-packages/airflow/example_dags/example_task_group.py took 0.064 seconds
[2022-10-01 00:04:37,647] {processor.py:162} INFO - Started process (PID=6053) to work on /home/airflow/.local/lib/python3.6/site-packages/airflow/example_dags/example_task_group.py
[2022-10-01 00:04:37,650] {processor.py:613} INFO - Processing file /home/airflow/.local/lib/python3.6/site-packages/airflow/example_dags/example_task_group.py for tasks to queue
[2022-10-01 00:04:37,651] {logging_mixin.py:109} INFO - [2022-10-01 00:04:37,651] {dagbag.py:496} INFO - Filling up the DagBag from /home/airflow/.local/lib/python3.6/site-packages/airflow/example_dags/example_task_group.py
[2022-10-01 00:04:37,661] {processor.py:623} INFO - DAG(s) dict_keys(['example_task_group']) retrieved from /home/airflow/.local/lib/python3.6/site-packages/airflow/example_dags/example_task_group.py
[2022-10-01 00:04:37,681] {logging_mixin.py:109} INFO - [2022-10-01 00:04:37,681] {dag.py:1833} INFO - Sync 1 DAGs
[2022-10-01 00:04:37,695] {logging_mixin.py:109} INFO - [2022-10-01 00:04:37,695] {dag.py:2306} INFO - Setting next_dagrun for example_task_group to 2022-09-29 00:00:00+00:00
[2022-10-01 00:04:37,705] {processor.py:170} INFO - Processing /home/airflow/.local/lib/python3.6/site-packages/airflow/example_dags/example_task_group.py took 0.060 seconds
[2022-10-01 00:05:09,001] {processor.py:162} INFO - Started process (PID=6114) to work on /home/airflow/.local/lib/python3.6/site-packages/airflow/example_dags/example_task_group.py
[2022-10-01 00:05:09,002] {processor.py:613} INFO - Processing file /home/airflow/.local/lib/python3.6/site-packages/airflow/example_dags/example_task_group.py for tasks to queue
[2022-10-01 00:05:09,004] {logging_mixin.py:109} INFO - [2022-10-01 00:05:09,003] {dagbag.py:496} INFO - Filling up the DagBag from /home/airflow/.local/lib/python3.6/site-packages/airflow/example_dags/example_task_group.py
[2022-10-01 00:05:09,018] {processor.py:623} INFO - DAG(s) dict_keys(['example_task_group']) retrieved from /home/airflow/.local/lib/python3.6/site-packages/airflow/example_dags/example_task_group.py
[2022-10-01 00:05:09,040] {logging_mixin.py:109} INFO - [2022-10-01 00:05:09,040] {dag.py:1833} INFO - Sync 1 DAGs
[2022-10-01 00:05:09,051] {logging_mixin.py:109} INFO - [2022-10-01 00:05:09,051] {dag.py:2306} INFO - Setting next_dagrun for example_task_group to 2022-09-29 00:00:00+00:00
[2022-10-01 00:05:09,062] {processor.py:170} INFO - Processing /home/airflow/.local/lib/python3.6/site-packages/airflow/example_dags/example_task_group.py took 0.064 seconds
[2022-10-01 00:05:39,370] {processor.py:162} INFO - Started process (PID=6175) to work on /home/airflow/.local/lib/python3.6/site-packages/airflow/example_dags/example_task_group.py
[2022-10-01 00:05:39,373] {processor.py:613} INFO - Processing file /home/airflow/.local/lib/python3.6/site-packages/airflow/example_dags/example_task_group.py for tasks to queue
[2022-10-01 00:05:39,375] {logging_mixin.py:109} INFO - [2022-10-01 00:05:39,375] {dagbag.py:496} INFO - Filling up the DagBag from /home/airflow/.local/lib/python3.6/site-packages/airflow/example_dags/example_task_group.py
[2022-10-01 00:05:39,406] {processor.py:623} INFO - DAG(s) dict_keys(['example_task_group']) retrieved from /home/airflow/.local/lib/python3.6/site-packages/airflow/example_dags/example_task_group.py
[2022-10-01 00:05:39,440] {logging_mixin.py:109} INFO - [2022-10-01 00:05:39,440] {dag.py:1833} INFO - Sync 1 DAGs
[2022-10-01 00:05:39,457] {logging_mixin.py:109} INFO - [2022-10-01 00:05:39,457] {dag.py:2306} INFO - Setting next_dagrun for example_task_group to 2022-09-29 00:00:00+00:00
[2022-10-01 00:05:39,470] {processor.py:170} INFO - Processing /home/airflow/.local/lib/python3.6/site-packages/airflow/example_dags/example_task_group.py took 0.103 seconds
[2022-10-01 00:06:09,643] {processor.py:162} INFO - Started process (PID=6227) to work on /home/airflow/.local/lib/python3.6/site-packages/airflow/example_dags/example_task_group.py
[2022-10-01 00:06:09,645] {processor.py:613} INFO - Processing file /home/airflow/.local/lib/python3.6/site-packages/airflow/example_dags/example_task_group.py for tasks to queue
[2022-10-01 00:06:09,647] {logging_mixin.py:109} INFO - [2022-10-01 00:06:09,646] {dagbag.py:496} INFO - Filling up the DagBag from /home/airflow/.local/lib/python3.6/site-packages/airflow/example_dags/example_task_group.py
[2022-10-01 00:06:09,657] {processor.py:623} INFO - DAG(s) dict_keys(['example_task_group']) retrieved from /home/airflow/.local/lib/python3.6/site-packages/airflow/example_dags/example_task_group.py
[2022-10-01 00:06:09,676] {logging_mixin.py:109} INFO - [2022-10-01 00:06:09,676] {dag.py:1833} INFO - Sync 1 DAGs
[2022-10-01 00:06:09,688] {logging_mixin.py:109} INFO - [2022-10-01 00:06:09,688] {dag.py:2306} INFO - Setting next_dagrun for example_task_group to 2022-09-29 00:00:00+00:00
[2022-10-01 00:06:09,700] {processor.py:170} INFO - Processing /home/airflow/.local/lib/python3.6/site-packages/airflow/example_dags/example_task_group.py took 0.060 seconds
[2022-10-01 00:06:41,070] {processor.py:162} INFO - Started process (PID=6289) to work on /home/airflow/.local/lib/python3.6/site-packages/airflow/example_dags/example_task_group.py
[2022-10-01 00:06:41,073] {processor.py:613} INFO - Processing file /home/airflow/.local/lib/python3.6/site-packages/airflow/example_dags/example_task_group.py for tasks to queue
[2022-10-01 00:06:41,075] {logging_mixin.py:109} INFO - [2022-10-01 00:06:41,074] {dagbag.py:496} INFO - Filling up the DagBag from /home/airflow/.local/lib/python3.6/site-packages/airflow/example_dags/example_task_group.py
[2022-10-01 00:06:41,090] {processor.py:623} INFO - DAG(s) dict_keys(['example_task_group']) retrieved from /home/airflow/.local/lib/python3.6/site-packages/airflow/example_dags/example_task_group.py
[2022-10-01 00:06:41,107] {logging_mixin.py:109} INFO - [2022-10-01 00:06:41,107] {dag.py:1833} INFO - Sync 1 DAGs
[2022-10-01 00:06:41,119] {logging_mixin.py:109} INFO - [2022-10-01 00:06:41,119] {dag.py:2306} INFO - Setting next_dagrun for example_task_group to 2022-09-29 00:00:00+00:00
[2022-10-01 00:06:41,130] {processor.py:170} INFO - Processing /home/airflow/.local/lib/python3.6/site-packages/airflow/example_dags/example_task_group.py took 0.065 seconds
[2022-10-01 00:07:11,893] {processor.py:162} INFO - Started process (PID=6350) to work on /home/airflow/.local/lib/python3.6/site-packages/airflow/example_dags/example_task_group.py
[2022-10-01 00:07:11,894] {processor.py:613} INFO - Processing file /home/airflow/.local/lib/python3.6/site-packages/airflow/example_dags/example_task_group.py for tasks to queue
[2022-10-01 00:07:11,896] {logging_mixin.py:109} INFO - [2022-10-01 00:07:11,895] {dagbag.py:496} INFO - Filling up the DagBag from /home/airflow/.local/lib/python3.6/site-packages/airflow/example_dags/example_task_group.py
[2022-10-01 00:07:11,909] {processor.py:623} INFO - DAG(s) dict_keys(['example_task_group']) retrieved from /home/airflow/.local/lib/python3.6/site-packages/airflow/example_dags/example_task_group.py
[2022-10-01 00:07:11,929] {logging_mixin.py:109} INFO - [2022-10-01 00:07:11,929] {dag.py:1833} INFO - Sync 1 DAGs
[2022-10-01 00:07:11,944] {logging_mixin.py:109} INFO - [2022-10-01 00:07:11,944] {dag.py:2306} INFO - Setting next_dagrun for example_task_group to 2022-09-29 00:00:00+00:00
[2022-10-01 00:07:11,960] {processor.py:170} INFO - Processing /home/airflow/.local/lib/python3.6/site-packages/airflow/example_dags/example_task_group.py took 0.070 seconds
[2022-10-01 00:07:42,720] {processor.py:162} INFO - Started process (PID=6401) to work on /home/airflow/.local/lib/python3.6/site-packages/airflow/example_dags/example_task_group.py
[2022-10-01 00:07:42,721] {processor.py:613} INFO - Processing file /home/airflow/.local/lib/python3.6/site-packages/airflow/example_dags/example_task_group.py for tasks to queue
[2022-10-01 00:07:42,723] {logging_mixin.py:109} INFO - [2022-10-01 00:07:42,723] {dagbag.py:496} INFO - Filling up the DagBag from /home/airflow/.local/lib/python3.6/site-packages/airflow/example_dags/example_task_group.py
[2022-10-01 00:07:42,736] {processor.py:623} INFO - DAG(s) dict_keys(['example_task_group']) retrieved from /home/airflow/.local/lib/python3.6/site-packages/airflow/example_dags/example_task_group.py
[2022-10-01 00:07:42,759] {logging_mixin.py:109} INFO - [2022-10-01 00:07:42,758] {dag.py:1833} INFO - Sync 1 DAGs
[2022-10-01 00:07:42,774] {logging_mixin.py:109} INFO - [2022-10-01 00:07:42,774] {dag.py:2306} INFO - Setting next_dagrun for example_task_group to 2022-09-29 00:00:00+00:00
[2022-10-01 00:07:42,785] {processor.py:170} INFO - Processing /home/airflow/.local/lib/python3.6/site-packages/airflow/example_dags/example_task_group.py took 0.068 seconds
[2022-10-01 00:08:12,932] {processor.py:162} INFO - Started process (PID=6462) to work on /home/airflow/.local/lib/python3.6/site-packages/airflow/example_dags/example_task_group.py
[2022-10-01 00:08:12,934] {processor.py:613} INFO - Processing file /home/airflow/.local/lib/python3.6/site-packages/airflow/example_dags/example_task_group.py for tasks to queue
[2022-10-01 00:08:12,936] {logging_mixin.py:109} INFO - [2022-10-01 00:08:12,936] {dagbag.py:496} INFO - Filling up the DagBag from /home/airflow/.local/lib/python3.6/site-packages/airflow/example_dags/example_task_group.py
[2022-10-01 00:08:12,948] {processor.py:623} INFO - DAG(s) dict_keys(['example_task_group']) retrieved from /home/airflow/.local/lib/python3.6/site-packages/airflow/example_dags/example_task_group.py
[2022-10-01 00:08:13,028] {logging_mixin.py:109} INFO - [2022-10-01 00:08:13,028] {dag.py:1833} INFO - Sync 1 DAGs
[2022-10-01 00:08:13,046] {logging_mixin.py:109} INFO - [2022-10-01 00:08:13,046] {dag.py:2306} INFO - Setting next_dagrun for example_task_group to 2022-09-29 00:00:00+00:00
[2022-10-01 00:08:13,056] {processor.py:170} INFO - Processing /home/airflow/.local/lib/python3.6/site-packages/airflow/example_dags/example_task_group.py took 0.128 seconds
[2022-10-01 00:08:44,099] {processor.py:162} INFO - Started process (PID=6513) to work on /home/airflow/.local/lib/python3.6/site-packages/airflow/example_dags/example_task_group.py
[2022-10-01 00:08:44,101] {processor.py:613} INFO - Processing file /home/airflow/.local/lib/python3.6/site-packages/airflow/example_dags/example_task_group.py for tasks to queue
[2022-10-01 00:08:44,102] {logging_mixin.py:109} INFO - [2022-10-01 00:08:44,102] {dagbag.py:496} INFO - Filling up the DagBag from /home/airflow/.local/lib/python3.6/site-packages/airflow/example_dags/example_task_group.py
[2022-10-01 00:08:44,112] {processor.py:623} INFO - DAG(s) dict_keys(['example_task_group']) retrieved from /home/airflow/.local/lib/python3.6/site-packages/airflow/example_dags/example_task_group.py
[2022-10-01 00:08:44,132] {logging_mixin.py:109} INFO - [2022-10-01 00:08:44,132] {dag.py:1833} INFO - Sync 1 DAGs
[2022-10-01 00:08:44,144] {logging_mixin.py:109} INFO - [2022-10-01 00:08:44,144] {dag.py:2306} INFO - Setting next_dagrun for example_task_group to 2022-09-29 00:00:00+00:00
[2022-10-01 00:08:44,154] {processor.py:170} INFO - Processing /home/airflow/.local/lib/python3.6/site-packages/airflow/example_dags/example_task_group.py took 0.058 seconds
[2022-10-01 00:09:15,016] {processor.py:162} INFO - Started process (PID=6574) to work on /home/airflow/.local/lib/python3.6/site-packages/airflow/example_dags/example_task_group.py
[2022-10-01 00:09:15,018] {processor.py:613} INFO - Processing file /home/airflow/.local/lib/python3.6/site-packages/airflow/example_dags/example_task_group.py for tasks to queue
[2022-10-01 00:09:15,019] {logging_mixin.py:109} INFO - [2022-10-01 00:09:15,019] {dagbag.py:496} INFO - Filling up the DagBag from /home/airflow/.local/lib/python3.6/site-packages/airflow/example_dags/example_task_group.py
[2022-10-01 00:09:15,030] {processor.py:623} INFO - DAG(s) dict_keys(['example_task_group']) retrieved from /home/airflow/.local/lib/python3.6/site-packages/airflow/example_dags/example_task_group.py
[2022-10-01 00:09:15,053] {logging_mixin.py:109} INFO - [2022-10-01 00:09:15,053] {dag.py:1833} INFO - Sync 1 DAGs
[2022-10-01 00:09:15,067] {logging_mixin.py:109} INFO - [2022-10-01 00:09:15,067] {dag.py:2306} INFO - Setting next_dagrun for example_task_group to 2022-09-29 00:00:00+00:00
[2022-10-01 00:09:15,078] {processor.py:170} INFO - Processing /home/airflow/.local/lib/python3.6/site-packages/airflow/example_dags/example_task_group.py took 0.065 seconds
[2022-10-01 00:09:45,909] {processor.py:162} INFO - Started process (PID=6635) to work on /home/airflow/.local/lib/python3.6/site-packages/airflow/example_dags/example_task_group.py
[2022-10-01 00:09:45,912] {processor.py:613} INFO - Processing file /home/airflow/.local/lib/python3.6/site-packages/airflow/example_dags/example_task_group.py for tasks to queue
[2022-10-01 00:09:45,913] {logging_mixin.py:109} INFO - [2022-10-01 00:09:45,913] {dagbag.py:496} INFO - Filling up the DagBag from /home/airflow/.local/lib/python3.6/site-packages/airflow/example_dags/example_task_group.py
[2022-10-01 00:09:45,924] {processor.py:623} INFO - DAG(s) dict_keys(['example_task_group']) retrieved from /home/airflow/.local/lib/python3.6/site-packages/airflow/example_dags/example_task_group.py
[2022-10-01 00:09:45,947] {logging_mixin.py:109} INFO - [2022-10-01 00:09:45,947] {dag.py:1833} INFO - Sync 1 DAGs
[2022-10-01 00:09:45,962] {logging_mixin.py:109} INFO - [2022-10-01 00:09:45,962] {dag.py:2306} INFO - Setting next_dagrun for example_task_group to 2022-09-29 00:00:00+00:00
[2022-10-01 00:09:45,973] {processor.py:170} INFO - Processing /home/airflow/.local/lib/python3.6/site-packages/airflow/example_dags/example_task_group.py took 0.066 seconds
[2022-10-01 00:10:16,617] {processor.py:162} INFO - Started process (PID=6686) to work on /home/airflow/.local/lib/python3.6/site-packages/airflow/example_dags/example_task_group.py
[2022-10-01 00:10:16,618] {processor.py:613} INFO - Processing file /home/airflow/.local/lib/python3.6/site-packages/airflow/example_dags/example_task_group.py for tasks to queue
[2022-10-01 00:10:16,620] {logging_mixin.py:109} INFO - [2022-10-01 00:10:16,620] {dagbag.py:496} INFO - Filling up the DagBag from /home/airflow/.local/lib/python3.6/site-packages/airflow/example_dags/example_task_group.py
[2022-10-01 00:10:16,630] {processor.py:623} INFO - DAG(s) dict_keys(['example_task_group']) retrieved from /home/airflow/.local/lib/python3.6/site-packages/airflow/example_dags/example_task_group.py
[2022-10-01 00:10:16,655] {logging_mixin.py:109} INFO - [2022-10-01 00:10:16,655] {dag.py:1833} INFO - Sync 1 DAGs
[2022-10-01 00:10:16,667] {logging_mixin.py:109} INFO - [2022-10-01 00:10:16,667] {dag.py:2306} INFO - Setting next_dagrun for example_task_group to 2022-09-29 00:00:00+00:00
[2022-10-01 00:10:16,676] {processor.py:170} INFO - Processing /home/airflow/.local/lib/python3.6/site-packages/airflow/example_dags/example_task_group.py took 0.062 seconds
[2022-10-01 00:10:47,107] {processor.py:162} INFO - Started process (PID=6747) to work on /home/airflow/.local/lib/python3.6/site-packages/airflow/example_dags/example_task_group.py
[2022-10-01 00:10:47,109] {processor.py:613} INFO - Processing file /home/airflow/.local/lib/python3.6/site-packages/airflow/example_dags/example_task_group.py for tasks to queue
[2022-10-01 00:10:47,110] {logging_mixin.py:109} INFO - [2022-10-01 00:10:47,110] {dagbag.py:496} INFO - Filling up the DagBag from /home/airflow/.local/lib/python3.6/site-packages/airflow/example_dags/example_task_group.py
[2022-10-01 00:10:47,123] {processor.py:623} INFO - DAG(s) dict_keys(['example_task_group']) retrieved from /home/airflow/.local/lib/python3.6/site-packages/airflow/example_dags/example_task_group.py
[2022-10-01 00:10:47,145] {logging_mixin.py:109} INFO - [2022-10-01 00:10:47,145] {dag.py:1833} INFO - Sync 1 DAGs
[2022-10-01 00:10:47,158] {logging_mixin.py:109} INFO - [2022-10-01 00:10:47,158] {dag.py:2306} INFO - Setting next_dagrun for example_task_group to 2022-09-29 00:00:00+00:00
[2022-10-01 00:10:47,170] {processor.py:170} INFO - Processing /home/airflow/.local/lib/python3.6/site-packages/airflow/example_dags/example_task_group.py took 0.066 seconds
[2022-10-01 00:11:17,822] {processor.py:162} INFO - Started process (PID=6808) to work on /home/airflow/.local/lib/python3.6/site-packages/airflow/example_dags/example_task_group.py
[2022-10-01 00:11:17,823] {processor.py:613} INFO - Processing file /home/airflow/.local/lib/python3.6/site-packages/airflow/example_dags/example_task_group.py for tasks to queue
[2022-10-01 00:11:17,825] {logging_mixin.py:109} INFO - [2022-10-01 00:11:17,825] {dagbag.py:496} INFO - Filling up the DagBag from /home/airflow/.local/lib/python3.6/site-packages/airflow/example_dags/example_task_group.py
[2022-10-01 00:11:17,836] {processor.py:623} INFO - DAG(s) dict_keys(['example_task_group']) retrieved from /home/airflow/.local/lib/python3.6/site-packages/airflow/example_dags/example_task_group.py
[2022-10-01 00:11:17,858] {logging_mixin.py:109} INFO - [2022-10-01 00:11:17,858] {dag.py:1833} INFO - Sync 1 DAGs
[2022-10-01 00:11:17,872] {logging_mixin.py:109} INFO - [2022-10-01 00:11:17,872] {dag.py:2306} INFO - Setting next_dagrun for example_task_group to 2022-09-29 00:00:00+00:00
[2022-10-01 00:11:17,883] {processor.py:170} INFO - Processing /home/airflow/.local/lib/python3.6/site-packages/airflow/example_dags/example_task_group.py took 0.064 seconds
[2022-10-01 00:11:48,069] {processor.py:162} INFO - Started process (PID=6859) to work on /home/airflow/.local/lib/python3.6/site-packages/airflow/example_dags/example_task_group.py
[2022-10-01 00:11:48,071] {processor.py:613} INFO - Processing file /home/airflow/.local/lib/python3.6/site-packages/airflow/example_dags/example_task_group.py for tasks to queue
[2022-10-01 00:11:48,071] {logging_mixin.py:109} INFO - [2022-10-01 00:11:48,071] {dagbag.py:496} INFO - Filling up the DagBag from /home/airflow/.local/lib/python3.6/site-packages/airflow/example_dags/example_task_group.py
[2022-10-01 00:11:48,081] {processor.py:623} INFO - DAG(s) dict_keys(['example_task_group']) retrieved from /home/airflow/.local/lib/python3.6/site-packages/airflow/example_dags/example_task_group.py
[2022-10-01 00:11:48,144] {logging_mixin.py:109} INFO - [2022-10-01 00:11:48,144] {dag.py:1833} INFO - Sync 1 DAGs
[2022-10-01 00:11:48,160] {logging_mixin.py:109} INFO - [2022-10-01 00:11:48,160] {dag.py:2306} INFO - Setting next_dagrun for example_task_group to 2022-09-29 00:00:00+00:00
[2022-10-01 00:11:48,173] {processor.py:170} INFO - Processing /home/airflow/.local/lib/python3.6/site-packages/airflow/example_dags/example_task_group.py took 0.106 seconds
[2022-10-01 00:12:19,042] {processor.py:162} INFO - Started process (PID=6920) to work on /home/airflow/.local/lib/python3.6/site-packages/airflow/example_dags/example_task_group.py
[2022-10-01 00:12:19,044] {processor.py:613} INFO - Processing file /home/airflow/.local/lib/python3.6/site-packages/airflow/example_dags/example_task_group.py for tasks to queue
[2022-10-01 00:12:19,045] {logging_mixin.py:109} INFO - [2022-10-01 00:12:19,045] {dagbag.py:496} INFO - Filling up the DagBag from /home/airflow/.local/lib/python3.6/site-packages/airflow/example_dags/example_task_group.py
[2022-10-01 00:12:19,055] {processor.py:623} INFO - DAG(s) dict_keys(['example_task_group']) retrieved from /home/airflow/.local/lib/python3.6/site-packages/airflow/example_dags/example_task_group.py
[2022-10-01 00:12:19,072] {logging_mixin.py:109} INFO - [2022-10-01 00:12:19,072] {dag.py:1833} INFO - Sync 1 DAGs
[2022-10-01 00:12:19,084] {logging_mixin.py:109} INFO - [2022-10-01 00:12:19,084] {dag.py:2306} INFO - Setting next_dagrun for example_task_group to 2022-09-29 00:00:00+00:00
[2022-10-01 00:12:19,094] {processor.py:170} INFO - Processing /home/airflow/.local/lib/python3.6/site-packages/airflow/example_dags/example_task_group.py took 0.054 seconds
[2022-10-01 00:12:49,180] {processor.py:162} INFO - Started process (PID=6981) to work on /home/airflow/.local/lib/python3.6/site-packages/airflow/example_dags/example_task_group.py
[2022-10-01 00:12:49,182] {processor.py:613} INFO - Processing file /home/airflow/.local/lib/python3.6/site-packages/airflow/example_dags/example_task_group.py for tasks to queue
[2022-10-01 00:12:49,183] {logging_mixin.py:109} INFO - [2022-10-01 00:12:49,183] {dagbag.py:496} INFO - Filling up the DagBag from /home/airflow/.local/lib/python3.6/site-packages/airflow/example_dags/example_task_group.py
[2022-10-01 00:12:49,193] {processor.py:623} INFO - DAG(s) dict_keys(['example_task_group']) retrieved from /home/airflow/.local/lib/python3.6/site-packages/airflow/example_dags/example_task_group.py
[2022-10-01 00:12:49,213] {logging_mixin.py:109} INFO - [2022-10-01 00:12:49,213] {dag.py:1833} INFO - Sync 1 DAGs
[2022-10-01 00:12:49,233] {logging_mixin.py:109} INFO - [2022-10-01 00:12:49,233] {dag.py:2306} INFO - Setting next_dagrun for example_task_group to 2022-09-29 00:00:00+00:00
[2022-10-01 00:12:49,244] {processor.py:170} INFO - Processing /home/airflow/.local/lib/python3.6/site-packages/airflow/example_dags/example_task_group.py took 0.066 seconds
[2022-10-01 00:13:20,218] {processor.py:162} INFO - Started process (PID=7042) to work on /home/airflow/.local/lib/python3.6/site-packages/airflow/example_dags/example_task_group.py
[2022-10-01 00:13:20,220] {processor.py:613} INFO - Processing file /home/airflow/.local/lib/python3.6/site-packages/airflow/example_dags/example_task_group.py for tasks to queue
[2022-10-01 00:13:20,222] {logging_mixin.py:109} INFO - [2022-10-01 00:13:20,222] {dagbag.py:496} INFO - Filling up the DagBag from /home/airflow/.local/lib/python3.6/site-packages/airflow/example_dags/example_task_group.py
[2022-10-01 00:13:20,241] {processor.py:623} INFO - DAG(s) dict_keys(['example_task_group']) retrieved from /home/airflow/.local/lib/python3.6/site-packages/airflow/example_dags/example_task_group.py
[2022-10-01 00:13:20,263] {logging_mixin.py:109} INFO - [2022-10-01 00:13:20,263] {dag.py:1833} INFO - Sync 1 DAGs
[2022-10-01 00:13:20,281] {logging_mixin.py:109} INFO - [2022-10-01 00:13:20,281] {dag.py:2306} INFO - Setting next_dagrun for example_task_group to 2022-09-29 00:00:00+00:00
[2022-10-01 00:13:20,293] {processor.py:170} INFO - Processing /home/airflow/.local/lib/python3.6/site-packages/airflow/example_dags/example_task_group.py took 0.079 seconds
[2022-10-01 00:13:50,931] {processor.py:162} INFO - Started process (PID=7094) to work on /home/airflow/.local/lib/python3.6/site-packages/airflow/example_dags/example_task_group.py
[2022-10-01 00:13:50,933] {processor.py:613} INFO - Processing file /home/airflow/.local/lib/python3.6/site-packages/airflow/example_dags/example_task_group.py for tasks to queue
[2022-10-01 00:13:50,934] {logging_mixin.py:109} INFO - [2022-10-01 00:13:50,934] {dagbag.py:496} INFO - Filling up the DagBag from /home/airflow/.local/lib/python3.6/site-packages/airflow/example_dags/example_task_group.py
[2022-10-01 00:13:50,945] {processor.py:623} INFO - DAG(s) dict_keys(['example_task_group']) retrieved from /home/airflow/.local/lib/python3.6/site-packages/airflow/example_dags/example_task_group.py
[2022-10-01 00:13:50,968] {logging_mixin.py:109} INFO - [2022-10-01 00:13:50,968] {dag.py:1833} INFO - Sync 1 DAGs
[2022-10-01 00:13:50,992] {logging_mixin.py:109} INFO - [2022-10-01 00:13:50,991] {dag.py:2306} INFO - Setting next_dagrun for example_task_group to 2022-09-29 00:00:00+00:00
[2022-10-01 00:13:51,008] {processor.py:170} INFO - Processing /home/airflow/.local/lib/python3.6/site-packages/airflow/example_dags/example_task_group.py took 0.080 seconds
[2022-10-01 00:14:21,388] {processor.py:162} INFO - Started process (PID=7155) to work on /home/airflow/.local/lib/python3.6/site-packages/airflow/example_dags/example_task_group.py
[2022-10-01 00:14:21,389] {processor.py:613} INFO - Processing file /home/airflow/.local/lib/python3.6/site-packages/airflow/example_dags/example_task_group.py for tasks to queue
[2022-10-01 00:14:21,391] {logging_mixin.py:109} INFO - [2022-10-01 00:14:21,390] {dagbag.py:496} INFO - Filling up the DagBag from /home/airflow/.local/lib/python3.6/site-packages/airflow/example_dags/example_task_group.py
[2022-10-01 00:14:21,401] {processor.py:623} INFO - DAG(s) dict_keys(['example_task_group']) retrieved from /home/airflow/.local/lib/python3.6/site-packages/airflow/example_dags/example_task_group.py
[2022-10-01 00:14:21,419] {logging_mixin.py:109} INFO - [2022-10-01 00:14:21,419] {dag.py:1833} INFO - Sync 1 DAGs
[2022-10-01 00:14:21,432] {logging_mixin.py:109} INFO - [2022-10-01 00:14:21,431] {dag.py:2306} INFO - Setting next_dagrun for example_task_group to 2022-09-29 00:00:00+00:00
[2022-10-01 00:14:21,442] {processor.py:170} INFO - Processing /home/airflow/.local/lib/python3.6/site-packages/airflow/example_dags/example_task_group.py took 0.057 seconds
[2022-10-01 00:14:52,236] {processor.py:162} INFO - Started process (PID=7216) to work on /home/airflow/.local/lib/python3.6/site-packages/airflow/example_dags/example_task_group.py
[2022-10-01 00:14:52,239] {processor.py:613} INFO - Processing file /home/airflow/.local/lib/python3.6/site-packages/airflow/example_dags/example_task_group.py for tasks to queue
[2022-10-01 00:14:52,240] {logging_mixin.py:109} INFO - [2022-10-01 00:14:52,240] {dagbag.py:496} INFO - Filling up the DagBag from /home/airflow/.local/lib/python3.6/site-packages/airflow/example_dags/example_task_group.py
[2022-10-01 00:14:52,250] {processor.py:623} INFO - DAG(s) dict_keys(['example_task_group']) retrieved from /home/airflow/.local/lib/python3.6/site-packages/airflow/example_dags/example_task_group.py
[2022-10-01 00:14:52,271] {logging_mixin.py:109} INFO - [2022-10-01 00:14:52,271] {dag.py:1833} INFO - Sync 1 DAGs
[2022-10-01 00:14:52,287] {logging_mixin.py:109} INFO - [2022-10-01 00:14:52,286] {dag.py:2306} INFO - Setting next_dagrun for example_task_group to 2022-09-29 00:00:00+00:00
[2022-10-01 00:14:52,296] {processor.py:170} INFO - Processing /home/airflow/.local/lib/python3.6/site-packages/airflow/example_dags/example_task_group.py took 0.063 seconds
[2022-10-01 00:15:22,616] {processor.py:162} INFO - Started process (PID=7268) to work on /home/airflow/.local/lib/python3.6/site-packages/airflow/example_dags/example_task_group.py
[2022-10-01 00:15:22,618] {processor.py:613} INFO - Processing file /home/airflow/.local/lib/python3.6/site-packages/airflow/example_dags/example_task_group.py for tasks to queue
[2022-10-01 00:15:22,619] {logging_mixin.py:109} INFO - [2022-10-01 00:15:22,619] {dagbag.py:496} INFO - Filling up the DagBag from /home/airflow/.local/lib/python3.6/site-packages/airflow/example_dags/example_task_group.py
[2022-10-01 00:15:22,629] {processor.py:623} INFO - DAG(s) dict_keys(['example_task_group']) retrieved from /home/airflow/.local/lib/python3.6/site-packages/airflow/example_dags/example_task_group.py
[2022-10-01 00:15:22,650] {logging_mixin.py:109} INFO - [2022-10-01 00:15:22,650] {dag.py:1833} INFO - Sync 1 DAGs
[2022-10-01 00:15:22,664] {logging_mixin.py:109} INFO - [2022-10-01 00:15:22,664] {dag.py:2306} INFO - Setting next_dagrun for example_task_group to 2022-09-29 00:00:00+00:00
[2022-10-01 00:15:22,674] {processor.py:170} INFO - Processing /home/airflow/.local/lib/python3.6/site-packages/airflow/example_dags/example_task_group.py took 0.061 seconds
[2022-10-01 00:15:53,263] {processor.py:162} INFO - Started process (PID=7329) to work on /home/airflow/.local/lib/python3.6/site-packages/airflow/example_dags/example_task_group.py
[2022-10-01 00:15:53,265] {processor.py:613} INFO - Processing file /home/airflow/.local/lib/python3.6/site-packages/airflow/example_dags/example_task_group.py for tasks to queue
[2022-10-01 00:15:53,266] {logging_mixin.py:109} INFO - [2022-10-01 00:15:53,266] {dagbag.py:496} INFO - Filling up the DagBag from /home/airflow/.local/lib/python3.6/site-packages/airflow/example_dags/example_task_group.py
[2022-10-01 00:15:53,277] {processor.py:623} INFO - DAG(s) dict_keys(['example_task_group']) retrieved from /home/airflow/.local/lib/python3.6/site-packages/airflow/example_dags/example_task_group.py
[2022-10-01 00:15:53,294] {logging_mixin.py:109} INFO - [2022-10-01 00:15:53,294] {dag.py:1833} INFO - Sync 1 DAGs
[2022-10-01 00:15:53,309] {logging_mixin.py:109} INFO - [2022-10-01 00:15:53,308] {dag.py:2306} INFO - Setting next_dagrun for example_task_group to 2022-09-29 00:00:00+00:00
[2022-10-01 00:15:53,320] {processor.py:170} INFO - Processing /home/airflow/.local/lib/python3.6/site-packages/airflow/example_dags/example_task_group.py took 0.059 seconds
[2022-10-01 00:16:24,058] {processor.py:162} INFO - Started process (PID=7390) to work on /home/airflow/.local/lib/python3.6/site-packages/airflow/example_dags/example_task_group.py
[2022-10-01 00:16:24,060] {processor.py:613} INFO - Processing file /home/airflow/.local/lib/python3.6/site-packages/airflow/example_dags/example_task_group.py for tasks to queue
[2022-10-01 00:16:24,061] {logging_mixin.py:109} INFO - [2022-10-01 00:16:24,060] {dagbag.py:496} INFO - Filling up the DagBag from /home/airflow/.local/lib/python3.6/site-packages/airflow/example_dags/example_task_group.py
[2022-10-01 00:16:24,072] {processor.py:623} INFO - DAG(s) dict_keys(['example_task_group']) retrieved from /home/airflow/.local/lib/python3.6/site-packages/airflow/example_dags/example_task_group.py
[2022-10-01 00:16:24,094] {logging_mixin.py:109} INFO - [2022-10-01 00:16:24,094] {dag.py:1833} INFO - Sync 1 DAGs
[2022-10-01 00:16:24,108] {logging_mixin.py:109} INFO - [2022-10-01 00:16:24,107] {dag.py:2306} INFO - Setting next_dagrun for example_task_group to 2022-09-29 00:00:00+00:00
[2022-10-01 00:16:24,119] {processor.py:170} INFO - Processing /home/airflow/.local/lib/python3.6/site-packages/airflow/example_dags/example_task_group.py took 0.064 seconds
[2022-10-01 00:16:54,307] {processor.py:162} INFO - Started process (PID=7441) to work on /home/airflow/.local/lib/python3.6/site-packages/airflow/example_dags/example_task_group.py
[2022-10-01 00:16:54,309] {processor.py:613} INFO - Processing file /home/airflow/.local/lib/python3.6/site-packages/airflow/example_dags/example_task_group.py for tasks to queue
[2022-10-01 00:16:54,311] {logging_mixin.py:109} INFO - [2022-10-01 00:16:54,310] {dagbag.py:496} INFO - Filling up the DagBag from /home/airflow/.local/lib/python3.6/site-packages/airflow/example_dags/example_task_group.py
[2022-10-01 00:16:54,321] {processor.py:623} INFO - DAG(s) dict_keys(['example_task_group']) retrieved from /home/airflow/.local/lib/python3.6/site-packages/airflow/example_dags/example_task_group.py
[2022-10-01 00:16:54,341] {logging_mixin.py:109} INFO - [2022-10-01 00:16:54,341] {dag.py:1833} INFO - Sync 1 DAGs
[2022-10-01 00:16:54,354] {logging_mixin.py:109} INFO - [2022-10-01 00:16:54,354] {dag.py:2306} INFO - Setting next_dagrun for example_task_group to 2022-09-29 00:00:00+00:00
[2022-10-01 00:16:54,366] {processor.py:170} INFO - Processing /home/airflow/.local/lib/python3.6/site-packages/airflow/example_dags/example_task_group.py took 0.061 seconds
[2022-10-01 00:17:25,106] {processor.py:162} INFO - Started process (PID=7502) to work on /home/airflow/.local/lib/python3.6/site-packages/airflow/example_dags/example_task_group.py
[2022-10-01 00:17:25,107] {processor.py:613} INFO - Processing file /home/airflow/.local/lib/python3.6/site-packages/airflow/example_dags/example_task_group.py for tasks to queue
[2022-10-01 00:17:25,108] {logging_mixin.py:109} INFO - [2022-10-01 00:17:25,108] {dagbag.py:496} INFO - Filling up the DagBag from /home/airflow/.local/lib/python3.6/site-packages/airflow/example_dags/example_task_group.py
[2022-10-01 00:17:25,119] {processor.py:623} INFO - DAG(s) dict_keys(['example_task_group']) retrieved from /home/airflow/.local/lib/python3.6/site-packages/airflow/example_dags/example_task_group.py
[2022-10-01 00:17:25,137] {logging_mixin.py:109} INFO - [2022-10-01 00:17:25,137] {dag.py:1833} INFO - Sync 1 DAGs
[2022-10-01 00:17:25,151] {logging_mixin.py:109} INFO - [2022-10-01 00:17:25,151] {dag.py:2306} INFO - Setting next_dagrun for example_task_group to 2022-09-29 00:00:00+00:00
[2022-10-01 00:17:25,164] {processor.py:170} INFO - Processing /home/airflow/.local/lib/python3.6/site-packages/airflow/example_dags/example_task_group.py took 0.060 seconds
[2022-10-01 00:17:55,749] {processor.py:162} INFO - Started process (PID=7564) to work on /home/airflow/.local/lib/python3.6/site-packages/airflow/example_dags/example_task_group.py
[2022-10-01 00:17:55,751] {processor.py:613} INFO - Processing file /home/airflow/.local/lib/python3.6/site-packages/airflow/example_dags/example_task_group.py for tasks to queue
[2022-10-01 00:17:55,752] {logging_mixin.py:109} INFO - [2022-10-01 00:17:55,752] {dagbag.py:496} INFO - Filling up the DagBag from /home/airflow/.local/lib/python3.6/site-packages/airflow/example_dags/example_task_group.py
[2022-10-01 00:17:55,763] {processor.py:623} INFO - DAG(s) dict_keys(['example_task_group']) retrieved from /home/airflow/.local/lib/python3.6/site-packages/airflow/example_dags/example_task_group.py
[2022-10-01 00:17:55,784] {logging_mixin.py:109} INFO - [2022-10-01 00:17:55,783] {dag.py:1833} INFO - Sync 1 DAGs
[2022-10-01 00:17:55,797] {logging_mixin.py:109} INFO - [2022-10-01 00:17:55,797] {dag.py:2306} INFO - Setting next_dagrun for example_task_group to 2022-09-29 00:00:00+00:00
[2022-10-01 00:17:55,810] {processor.py:170} INFO - Processing /home/airflow/.local/lib/python3.6/site-packages/airflow/example_dags/example_task_group.py took 0.064 seconds
[2022-10-01 00:18:18,816] {processor.py:162} INFO - Started process (PID=7617) to work on /home/airflow/.local/lib/python3.6/site-packages/airflow/example_dags/example_task_group.py
[2022-10-01 00:18:18,818] {processor.py:613} INFO - Processing file /home/airflow/.local/lib/python3.6/site-packages/airflow/example_dags/example_task_group.py for tasks to queue
[2022-10-01 00:18:18,820] {logging_mixin.py:109} INFO - [2022-10-01 00:18:18,819] {dagbag.py:496} INFO - Filling up the DagBag from /home/airflow/.local/lib/python3.6/site-packages/airflow/example_dags/example_task_group.py
[2022-10-01 00:18:18,832] {processor.py:623} INFO - DAG(s) dict_keys(['example_task_group']) retrieved from /home/airflow/.local/lib/python3.6/site-packages/airflow/example_dags/example_task_group.py
[2022-10-01 00:18:18,858] {logging_mixin.py:109} INFO - [2022-10-01 00:18:18,858] {dag.py:1833} INFO - Sync 1 DAGs
[2022-10-01 00:18:18,877] {logging_mixin.py:109} INFO - [2022-10-01 00:18:18,877] {dag.py:2306} INFO - Setting next_dagrun for example_task_group to 2022-09-29 00:00:00+00:00
[2022-10-01 00:18:18,890] {processor.py:170} INFO - Processing /home/airflow/.local/lib/python3.6/site-packages/airflow/example_dags/example_task_group.py took 0.078 seconds
[2022-10-01 00:18:50,074] {processor.py:162} INFO - Started process (PID=7668) to work on /home/airflow/.local/lib/python3.6/site-packages/airflow/example_dags/example_task_group.py
[2022-10-01 00:18:50,075] {processor.py:613} INFO - Processing file /home/airflow/.local/lib/python3.6/site-packages/airflow/example_dags/example_task_group.py for tasks to queue
[2022-10-01 00:18:50,076] {logging_mixin.py:109} INFO - [2022-10-01 00:18:50,076] {dagbag.py:496} INFO - Filling up the DagBag from /home/airflow/.local/lib/python3.6/site-packages/airflow/example_dags/example_task_group.py
[2022-10-01 00:18:50,089] {processor.py:623} INFO - DAG(s) dict_keys(['example_task_group']) retrieved from /home/airflow/.local/lib/python3.6/site-packages/airflow/example_dags/example_task_group.py
[2022-10-01 00:18:50,107] {logging_mixin.py:109} INFO - [2022-10-01 00:18:50,107] {dag.py:1833} INFO - Sync 1 DAGs
[2022-10-01 00:18:50,118] {logging_mixin.py:109} INFO - [2022-10-01 00:18:50,118] {dag.py:2306} INFO - Setting next_dagrun for example_task_group to 2022-09-29 00:00:00+00:00
[2022-10-01 00:18:50,129] {processor.py:170} INFO - Processing /home/airflow/.local/lib/python3.6/site-packages/airflow/example_dags/example_task_group.py took 0.058 seconds
[2022-10-01 00:19:21,072] {processor.py:162} INFO - Started process (PID=7729) to work on /home/airflow/.local/lib/python3.6/site-packages/airflow/example_dags/example_task_group.py
[2022-10-01 00:19:21,074] {processor.py:613} INFO - Processing file /home/airflow/.local/lib/python3.6/site-packages/airflow/example_dags/example_task_group.py for tasks to queue
[2022-10-01 00:19:21,075] {logging_mixin.py:109} INFO - [2022-10-01 00:19:21,075] {dagbag.py:496} INFO - Filling up the DagBag from /home/airflow/.local/lib/python3.6/site-packages/airflow/example_dags/example_task_group.py
[2022-10-01 00:19:21,086] {processor.py:623} INFO - DAG(s) dict_keys(['example_task_group']) retrieved from /home/airflow/.local/lib/python3.6/site-packages/airflow/example_dags/example_task_group.py
[2022-10-01 00:19:21,106] {logging_mixin.py:109} INFO - [2022-10-01 00:19:21,105] {dag.py:1833} INFO - Sync 1 DAGs
[2022-10-01 00:19:21,116] {logging_mixin.py:109} INFO - [2022-10-01 00:19:21,116] {dag.py:2306} INFO - Setting next_dagrun for example_task_group to 2022-09-29 00:00:00+00:00
[2022-10-01 00:19:21,128] {processor.py:170} INFO - Processing /home/airflow/.local/lib/python3.6/site-packages/airflow/example_dags/example_task_group.py took 0.059 seconds
[2022-10-01 00:19:52,025] {processor.py:162} INFO - Started process (PID=7789) to work on /home/airflow/.local/lib/python3.6/site-packages/airflow/example_dags/example_task_group.py
[2022-10-01 00:19:52,027] {processor.py:613} INFO - Processing file /home/airflow/.local/lib/python3.6/site-packages/airflow/example_dags/example_task_group.py for tasks to queue
[2022-10-01 00:19:52,029] {logging_mixin.py:109} INFO - [2022-10-01 00:19:52,029] {dagbag.py:496} INFO - Filling up the DagBag from /home/airflow/.local/lib/python3.6/site-packages/airflow/example_dags/example_task_group.py
[2022-10-01 00:19:52,040] {processor.py:623} INFO - DAG(s) dict_keys(['example_task_group']) retrieved from /home/airflow/.local/lib/python3.6/site-packages/airflow/example_dags/example_task_group.py
[2022-10-01 00:19:52,065] {logging_mixin.py:109} INFO - [2022-10-01 00:19:52,065] {dag.py:1833} INFO - Sync 1 DAGs
[2022-10-01 00:19:52,078] {logging_mixin.py:109} INFO - [2022-10-01 00:19:52,078] {dag.py:2306} INFO - Setting next_dagrun for example_task_group to 2022-09-29 00:00:00+00:00
[2022-10-01 00:19:52,092] {processor.py:170} INFO - Processing /home/airflow/.local/lib/python3.6/site-packages/airflow/example_dags/example_task_group.py took 0.070 seconds
