[2022-10-01 00:00:30,622] {processor.py:162} INFO - Started process (PID=5571) to work on /home/airflow/.local/lib/python3.6/site-packages/airflow/example_dags/example_kubernetes_executor_config.py
[2022-10-01 00:00:30,624] {processor.py:613} INFO - Processing file /home/airflow/.local/lib/python3.6/site-packages/airflow/example_dags/example_kubernetes_executor_config.py for tasks to queue
[2022-10-01 00:00:30,626] {logging_mixin.py:109} INFO - [2022-10-01 00:00:30,626] {dagbag.py:496} INFO - Filling up the DagBag from /home/airflow/.local/lib/python3.6/site-packages/airflow/example_dags/example_kubernetes_executor_config.py
[2022-10-01 00:00:30,643] {processor.py:623} INFO - DAG(s) dict_keys(['example_kubernetes_executor_config']) retrieved from /home/airflow/.local/lib/python3.6/site-packages/airflow/example_dags/example_kubernetes_executor_config.py
[2022-10-01 00:00:30,820] {logging_mixin.py:109} INFO - [2022-10-01 00:00:30,819] {dag.py:1833} INFO - Sync 1 DAGs
[2022-10-01 00:00:30,833] {logging_mixin.py:109} INFO - [2022-10-01 00:00:30,833] {dag.py:2306} INFO - Setting next_dagrun for example_kubernetes_executor_config to None
[2022-10-01 00:00:30,847] {processor.py:170} INFO - Processing /home/airflow/.local/lib/python3.6/site-packages/airflow/example_dags/example_kubernetes_executor_config.py took 0.228 seconds
[2022-10-01 00:01:01,121] {processor.py:162} INFO - Started process (PID=5621) to work on /home/airflow/.local/lib/python3.6/site-packages/airflow/example_dags/example_kubernetes_executor_config.py
[2022-10-01 00:01:01,123] {processor.py:613} INFO - Processing file /home/airflow/.local/lib/python3.6/site-packages/airflow/example_dags/example_kubernetes_executor_config.py for tasks to queue
[2022-10-01 00:01:01,124] {logging_mixin.py:109} INFO - [2022-10-01 00:01:01,124] {dagbag.py:496} INFO - Filling up the DagBag from /home/airflow/.local/lib/python3.6/site-packages/airflow/example_dags/example_kubernetes_executor_config.py
[2022-10-01 00:01:01,135] {processor.py:623} INFO - DAG(s) dict_keys(['example_kubernetes_executor_config']) retrieved from /home/airflow/.local/lib/python3.6/site-packages/airflow/example_dags/example_kubernetes_executor_config.py
[2022-10-01 00:01:01,161] {logging_mixin.py:109} INFO - [2022-10-01 00:01:01,161] {dag.py:1833} INFO - Sync 1 DAGs
[2022-10-01 00:01:01,174] {logging_mixin.py:109} INFO - [2022-10-01 00:01:01,174] {dag.py:2306} INFO - Setting next_dagrun for example_kubernetes_executor_config to None
[2022-10-01 00:01:01,184] {processor.py:170} INFO - Processing /home/airflow/.local/lib/python3.6/site-packages/airflow/example_dags/example_kubernetes_executor_config.py took 0.065 seconds
[2022-10-01 00:01:31,348] {processor.py:162} INFO - Started process (PID=5682) to work on /home/airflow/.local/lib/python3.6/site-packages/airflow/example_dags/example_kubernetes_executor_config.py
[2022-10-01 00:01:31,350] {processor.py:613} INFO - Processing file /home/airflow/.local/lib/python3.6/site-packages/airflow/example_dags/example_kubernetes_executor_config.py for tasks to queue
[2022-10-01 00:01:31,351] {logging_mixin.py:109} INFO - [2022-10-01 00:01:31,351] {dagbag.py:496} INFO - Filling up the DagBag from /home/airflow/.local/lib/python3.6/site-packages/airflow/example_dags/example_kubernetes_executor_config.py
[2022-10-01 00:01:31,361] {processor.py:623} INFO - DAG(s) dict_keys(['example_kubernetes_executor_config']) retrieved from /home/airflow/.local/lib/python3.6/site-packages/airflow/example_dags/example_kubernetes_executor_config.py
[2022-10-01 00:01:31,382] {logging_mixin.py:109} INFO - [2022-10-01 00:01:31,382] {dag.py:1833} INFO - Sync 1 DAGs
[2022-10-01 00:01:31,394] {logging_mixin.py:109} INFO - [2022-10-01 00:01:31,394] {dag.py:2306} INFO - Setting next_dagrun for example_kubernetes_executor_config to None
[2022-10-01 00:01:31,406] {processor.py:170} INFO - Processing /home/airflow/.local/lib/python3.6/site-packages/airflow/example_dags/example_kubernetes_executor_config.py took 0.060 seconds
[2022-10-01 00:02:01,687] {processor.py:162} INFO - Started process (PID=5740) to work on /home/airflow/.local/lib/python3.6/site-packages/airflow/example_dags/example_kubernetes_executor_config.py
[2022-10-01 00:02:01,688] {processor.py:613} INFO - Processing file /home/airflow/.local/lib/python3.6/site-packages/airflow/example_dags/example_kubernetes_executor_config.py for tasks to queue
[2022-10-01 00:02:01,690] {logging_mixin.py:109} INFO - [2022-10-01 00:02:01,689] {dagbag.py:496} INFO - Filling up the DagBag from /home/airflow/.local/lib/python3.6/site-packages/airflow/example_dags/example_kubernetes_executor_config.py
[2022-10-01 00:02:01,701] {processor.py:623} INFO - DAG(s) dict_keys(['example_kubernetes_executor_config']) retrieved from /home/airflow/.local/lib/python3.6/site-packages/airflow/example_dags/example_kubernetes_executor_config.py
[2022-10-01 00:02:01,726] {logging_mixin.py:109} INFO - [2022-10-01 00:02:01,726] {dag.py:1833} INFO - Sync 1 DAGs
[2022-10-01 00:02:01,743] {logging_mixin.py:109} INFO - [2022-10-01 00:02:01,743] {dag.py:2306} INFO - Setting next_dagrun for example_kubernetes_executor_config to None
[2022-10-01 00:02:01,753] {processor.py:170} INFO - Processing /home/airflow/.local/lib/python3.6/site-packages/airflow/example_dags/example_kubernetes_executor_config.py took 0.069 seconds
[2022-10-01 00:02:31,995] {processor.py:162} INFO - Started process (PID=5794) to work on /home/airflow/.local/lib/python3.6/site-packages/airflow/example_dags/example_kubernetes_executor_config.py
[2022-10-01 00:02:31,997] {processor.py:613} INFO - Processing file /home/airflow/.local/lib/python3.6/site-packages/airflow/example_dags/example_kubernetes_executor_config.py for tasks to queue
[2022-10-01 00:02:31,998] {logging_mixin.py:109} INFO - [2022-10-01 00:02:31,998] {dagbag.py:496} INFO - Filling up the DagBag from /home/airflow/.local/lib/python3.6/site-packages/airflow/example_dags/example_kubernetes_executor_config.py
[2022-10-01 00:02:32,008] {processor.py:623} INFO - DAG(s) dict_keys(['example_kubernetes_executor_config']) retrieved from /home/airflow/.local/lib/python3.6/site-packages/airflow/example_dags/example_kubernetes_executor_config.py
[2022-10-01 00:02:32,027] {logging_mixin.py:109} INFO - [2022-10-01 00:02:32,027] {dag.py:1833} INFO - Sync 1 DAGs
[2022-10-01 00:02:32,039] {logging_mixin.py:109} INFO - [2022-10-01 00:02:32,039] {dag.py:2306} INFO - Setting next_dagrun for example_kubernetes_executor_config to None
[2022-10-01 00:02:32,049] {processor.py:170} INFO - Processing /home/airflow/.local/lib/python3.6/site-packages/airflow/example_dags/example_kubernetes_executor_config.py took 0.058 seconds
[2022-10-01 00:03:03,139] {processor.py:162} INFO - Started process (PID=5855) to work on /home/airflow/.local/lib/python3.6/site-packages/airflow/example_dags/example_kubernetes_executor_config.py
[2022-10-01 00:03:03,141] {processor.py:613} INFO - Processing file /home/airflow/.local/lib/python3.6/site-packages/airflow/example_dags/example_kubernetes_executor_config.py for tasks to queue
[2022-10-01 00:03:03,142] {logging_mixin.py:109} INFO - [2022-10-01 00:03:03,142] {dagbag.py:496} INFO - Filling up the DagBag from /home/airflow/.local/lib/python3.6/site-packages/airflow/example_dags/example_kubernetes_executor_config.py
[2022-10-01 00:03:03,156] {processor.py:623} INFO - DAG(s) dict_keys(['example_kubernetes_executor_config']) retrieved from /home/airflow/.local/lib/python3.6/site-packages/airflow/example_dags/example_kubernetes_executor_config.py
[2022-10-01 00:03:03,176] {logging_mixin.py:109} INFO - [2022-10-01 00:03:03,176] {dag.py:1833} INFO - Sync 1 DAGs
[2022-10-01 00:03:03,192] {logging_mixin.py:109} INFO - [2022-10-01 00:03:03,192] {dag.py:2306} INFO - Setting next_dagrun for example_kubernetes_executor_config to None
[2022-10-01 00:03:03,204] {processor.py:170} INFO - Processing /home/airflow/.local/lib/python3.6/site-packages/airflow/example_dags/example_kubernetes_executor_config.py took 0.068 seconds
[2022-10-01 00:03:33,454] {processor.py:162} INFO - Started process (PID=5916) to work on /home/airflow/.local/lib/python3.6/site-packages/airflow/example_dags/example_kubernetes_executor_config.py
[2022-10-01 00:03:33,456] {processor.py:613} INFO - Processing file /home/airflow/.local/lib/python3.6/site-packages/airflow/example_dags/example_kubernetes_executor_config.py for tasks to queue
[2022-10-01 00:03:33,457] {logging_mixin.py:109} INFO - [2022-10-01 00:03:33,457] {dagbag.py:496} INFO - Filling up the DagBag from /home/airflow/.local/lib/python3.6/site-packages/airflow/example_dags/example_kubernetes_executor_config.py
[2022-10-01 00:03:33,467] {processor.py:623} INFO - DAG(s) dict_keys(['example_kubernetes_executor_config']) retrieved from /home/airflow/.local/lib/python3.6/site-packages/airflow/example_dags/example_kubernetes_executor_config.py
[2022-10-01 00:03:33,488] {logging_mixin.py:109} INFO - [2022-10-01 00:03:33,488] {dag.py:1833} INFO - Sync 1 DAGs
[2022-10-01 00:03:33,501] {logging_mixin.py:109} INFO - [2022-10-01 00:03:33,501] {dag.py:2306} INFO - Setting next_dagrun for example_kubernetes_executor_config to None
[2022-10-01 00:03:33,511] {processor.py:170} INFO - Processing /home/airflow/.local/lib/python3.6/site-packages/airflow/example_dags/example_kubernetes_executor_config.py took 0.059 seconds
[2022-10-01 00:04:03,757] {processor.py:162} INFO - Started process (PID=5967) to work on /home/airflow/.local/lib/python3.6/site-packages/airflow/example_dags/example_kubernetes_executor_config.py
[2022-10-01 00:04:03,758] {processor.py:613} INFO - Processing file /home/airflow/.local/lib/python3.6/site-packages/airflow/example_dags/example_kubernetes_executor_config.py for tasks to queue
[2022-10-01 00:04:03,760] {logging_mixin.py:109} INFO - [2022-10-01 00:04:03,759] {dagbag.py:496} INFO - Filling up the DagBag from /home/airflow/.local/lib/python3.6/site-packages/airflow/example_dags/example_kubernetes_executor_config.py
[2022-10-01 00:04:03,770] {processor.py:623} INFO - DAG(s) dict_keys(['example_kubernetes_executor_config']) retrieved from /home/airflow/.local/lib/python3.6/site-packages/airflow/example_dags/example_kubernetes_executor_config.py
[2022-10-01 00:04:03,790] {logging_mixin.py:109} INFO - [2022-10-01 00:04:03,790] {dag.py:1833} INFO - Sync 1 DAGs
[2022-10-01 00:04:03,803] {logging_mixin.py:109} INFO - [2022-10-01 00:04:03,803] {dag.py:2306} INFO - Setting next_dagrun for example_kubernetes_executor_config to None
[2022-10-01 00:04:03,813] {processor.py:170} INFO - Processing /home/airflow/.local/lib/python3.6/site-packages/airflow/example_dags/example_kubernetes_executor_config.py took 0.059 seconds
[2022-10-01 00:04:34,005] {processor.py:162} INFO - Started process (PID=6028) to work on /home/airflow/.local/lib/python3.6/site-packages/airflow/example_dags/example_kubernetes_executor_config.py
[2022-10-01 00:04:34,007] {processor.py:613} INFO - Processing file /home/airflow/.local/lib/python3.6/site-packages/airflow/example_dags/example_kubernetes_executor_config.py for tasks to queue
[2022-10-01 00:04:34,008] {logging_mixin.py:109} INFO - [2022-10-01 00:04:34,008] {dagbag.py:496} INFO - Filling up the DagBag from /home/airflow/.local/lib/python3.6/site-packages/airflow/example_dags/example_kubernetes_executor_config.py
[2022-10-01 00:04:34,018] {processor.py:623} INFO - DAG(s) dict_keys(['example_kubernetes_executor_config']) retrieved from /home/airflow/.local/lib/python3.6/site-packages/airflow/example_dags/example_kubernetes_executor_config.py
[2022-10-01 00:04:34,037] {logging_mixin.py:109} INFO - [2022-10-01 00:04:34,037] {dag.py:1833} INFO - Sync 1 DAGs
[2022-10-01 00:04:34,049] {logging_mixin.py:109} INFO - [2022-10-01 00:04:34,049] {dag.py:2306} INFO - Setting next_dagrun for example_kubernetes_executor_config to None
[2022-10-01 00:04:34,060] {processor.py:170} INFO - Processing /home/airflow/.local/lib/python3.6/site-packages/airflow/example_dags/example_kubernetes_executor_config.py took 0.058 seconds
[2022-10-01 00:05:04,322] {processor.py:162} INFO - Started process (PID=6088) to work on /home/airflow/.local/lib/python3.6/site-packages/airflow/example_dags/example_kubernetes_executor_config.py
[2022-10-01 00:05:04,325] {processor.py:613} INFO - Processing file /home/airflow/.local/lib/python3.6/site-packages/airflow/example_dags/example_kubernetes_executor_config.py for tasks to queue
[2022-10-01 00:05:04,327] {logging_mixin.py:109} INFO - [2022-10-01 00:05:04,327] {dagbag.py:496} INFO - Filling up the DagBag from /home/airflow/.local/lib/python3.6/site-packages/airflow/example_dags/example_kubernetes_executor_config.py
[2022-10-01 00:05:04,337] {processor.py:623} INFO - DAG(s) dict_keys(['example_kubernetes_executor_config']) retrieved from /home/airflow/.local/lib/python3.6/site-packages/airflow/example_dags/example_kubernetes_executor_config.py
[2022-10-01 00:05:04,362] {logging_mixin.py:109} INFO - [2022-10-01 00:05:04,362] {dag.py:1833} INFO - Sync 1 DAGs
[2022-10-01 00:05:04,378] {logging_mixin.py:109} INFO - [2022-10-01 00:05:04,378] {dag.py:2306} INFO - Setting next_dagrun for example_kubernetes_executor_config to None
[2022-10-01 00:05:04,394] {processor.py:170} INFO - Processing /home/airflow/.local/lib/python3.6/site-packages/airflow/example_dags/example_kubernetes_executor_config.py took 0.074 seconds
[2022-10-01 00:05:34,638] {processor.py:162} INFO - Started process (PID=6140) to work on /home/airflow/.local/lib/python3.6/site-packages/airflow/example_dags/example_kubernetes_executor_config.py
[2022-10-01 00:05:34,640] {processor.py:613} INFO - Processing file /home/airflow/.local/lib/python3.6/site-packages/airflow/example_dags/example_kubernetes_executor_config.py for tasks to queue
[2022-10-01 00:05:34,641] {logging_mixin.py:109} INFO - [2022-10-01 00:05:34,641] {dagbag.py:496} INFO - Filling up the DagBag from /home/airflow/.local/lib/python3.6/site-packages/airflow/example_dags/example_kubernetes_executor_config.py
[2022-10-01 00:05:34,653] {processor.py:623} INFO - DAG(s) dict_keys(['example_kubernetes_executor_config']) retrieved from /home/airflow/.local/lib/python3.6/site-packages/airflow/example_dags/example_kubernetes_executor_config.py
[2022-10-01 00:05:34,673] {logging_mixin.py:109} INFO - [2022-10-01 00:05:34,673] {dag.py:1833} INFO - Sync 1 DAGs
[2022-10-01 00:05:34,685] {logging_mixin.py:109} INFO - [2022-10-01 00:05:34,685] {dag.py:2306} INFO - Setting next_dagrun for example_kubernetes_executor_config to None
[2022-10-01 00:05:34,697] {processor.py:170} INFO - Processing /home/airflow/.local/lib/python3.6/site-packages/airflow/example_dags/example_kubernetes_executor_config.py took 0.061 seconds
[2022-10-01 00:06:04,771] {processor.py:162} INFO - Started process (PID=6201) to work on /home/airflow/.local/lib/python3.6/site-packages/airflow/example_dags/example_kubernetes_executor_config.py
[2022-10-01 00:06:04,773] {processor.py:613} INFO - Processing file /home/airflow/.local/lib/python3.6/site-packages/airflow/example_dags/example_kubernetes_executor_config.py for tasks to queue
[2022-10-01 00:06:04,775] {logging_mixin.py:109} INFO - [2022-10-01 00:06:04,775] {dagbag.py:496} INFO - Filling up the DagBag from /home/airflow/.local/lib/python3.6/site-packages/airflow/example_dags/example_kubernetes_executor_config.py
[2022-10-01 00:06:04,791] {processor.py:623} INFO - DAG(s) dict_keys(['example_kubernetes_executor_config']) retrieved from /home/airflow/.local/lib/python3.6/site-packages/airflow/example_dags/example_kubernetes_executor_config.py
[2022-10-01 00:06:04,818] {logging_mixin.py:109} INFO - [2022-10-01 00:06:04,818] {dag.py:1833} INFO - Sync 1 DAGs
[2022-10-01 00:06:04,835] {logging_mixin.py:109} INFO - [2022-10-01 00:06:04,835] {dag.py:2306} INFO - Setting next_dagrun for example_kubernetes_executor_config to None
[2022-10-01 00:06:04,849] {processor.py:170} INFO - Processing /home/airflow/.local/lib/python3.6/site-packages/airflow/example_dags/example_kubernetes_executor_config.py took 0.082 seconds
[2022-10-01 00:06:34,969] {processor.py:162} INFO - Started process (PID=6252) to work on /home/airflow/.local/lib/python3.6/site-packages/airflow/example_dags/example_kubernetes_executor_config.py
[2022-10-01 00:06:34,971] {processor.py:613} INFO - Processing file /home/airflow/.local/lib/python3.6/site-packages/airflow/example_dags/example_kubernetes_executor_config.py for tasks to queue
[2022-10-01 00:06:34,972] {logging_mixin.py:109} INFO - [2022-10-01 00:06:34,972] {dagbag.py:496} INFO - Filling up the DagBag from /home/airflow/.local/lib/python3.6/site-packages/airflow/example_dags/example_kubernetes_executor_config.py
[2022-10-01 00:06:34,982] {processor.py:623} INFO - DAG(s) dict_keys(['example_kubernetes_executor_config']) retrieved from /home/airflow/.local/lib/python3.6/site-packages/airflow/example_dags/example_kubernetes_executor_config.py
[2022-10-01 00:06:35,007] {logging_mixin.py:109} INFO - [2022-10-01 00:06:35,007] {dag.py:1833} INFO - Sync 1 DAGs
[2022-10-01 00:06:35,020] {logging_mixin.py:109} INFO - [2022-10-01 00:06:35,020] {dag.py:2306} INFO - Setting next_dagrun for example_kubernetes_executor_config to None
[2022-10-01 00:06:35,030] {processor.py:170} INFO - Processing /home/airflow/.local/lib/python3.6/site-packages/airflow/example_dags/example_kubernetes_executor_config.py took 0.064 seconds
[2022-10-01 00:07:05,364] {processor.py:162} INFO - Started process (PID=6314) to work on /home/airflow/.local/lib/python3.6/site-packages/airflow/example_dags/example_kubernetes_executor_config.py
[2022-10-01 00:07:05,366] {processor.py:613} INFO - Processing file /home/airflow/.local/lib/python3.6/site-packages/airflow/example_dags/example_kubernetes_executor_config.py for tasks to queue
[2022-10-01 00:07:05,368] {logging_mixin.py:109} INFO - [2022-10-01 00:07:05,368] {dagbag.py:496} INFO - Filling up the DagBag from /home/airflow/.local/lib/python3.6/site-packages/airflow/example_dags/example_kubernetes_executor_config.py
[2022-10-01 00:07:05,378] {processor.py:623} INFO - DAG(s) dict_keys(['example_kubernetes_executor_config']) retrieved from /home/airflow/.local/lib/python3.6/site-packages/airflow/example_dags/example_kubernetes_executor_config.py
[2022-10-01 00:07:05,397] {logging_mixin.py:109} INFO - [2022-10-01 00:07:05,397] {dag.py:1833} INFO - Sync 1 DAGs
[2022-10-01 00:07:05,410] {logging_mixin.py:109} INFO - [2022-10-01 00:07:05,410] {dag.py:2306} INFO - Setting next_dagrun for example_kubernetes_executor_config to None
[2022-10-01 00:07:05,421] {processor.py:170} INFO - Processing /home/airflow/.local/lib/python3.6/site-packages/airflow/example_dags/example_kubernetes_executor_config.py took 0.060 seconds
[2022-10-01 00:07:36,898] {processor.py:162} INFO - Started process (PID=6376) to work on /home/airflow/.local/lib/python3.6/site-packages/airflow/example_dags/example_kubernetes_executor_config.py
[2022-10-01 00:07:36,900] {processor.py:613} INFO - Processing file /home/airflow/.local/lib/python3.6/site-packages/airflow/example_dags/example_kubernetes_executor_config.py for tasks to queue
[2022-10-01 00:07:36,902] {logging_mixin.py:109} INFO - [2022-10-01 00:07:36,902] {dagbag.py:496} INFO - Filling up the DagBag from /home/airflow/.local/lib/python3.6/site-packages/airflow/example_dags/example_kubernetes_executor_config.py
[2022-10-01 00:07:36,924] {processor.py:623} INFO - DAG(s) dict_keys(['example_kubernetes_executor_config']) retrieved from /home/airflow/.local/lib/python3.6/site-packages/airflow/example_dags/example_kubernetes_executor_config.py
[2022-10-01 00:07:36,962] {logging_mixin.py:109} INFO - [2022-10-01 00:07:36,962] {dag.py:1833} INFO - Sync 1 DAGs
[2022-10-01 00:07:36,981] {logging_mixin.py:109} INFO - [2022-10-01 00:07:36,981] {dag.py:2306} INFO - Setting next_dagrun for example_kubernetes_executor_config to None
[2022-10-01 00:07:36,997] {processor.py:170} INFO - Processing /home/airflow/.local/lib/python3.6/site-packages/airflow/example_dags/example_kubernetes_executor_config.py took 0.103 seconds
[2022-10-01 00:08:07,197] {processor.py:162} INFO - Started process (PID=6427) to work on /home/airflow/.local/lib/python3.6/site-packages/airflow/example_dags/example_kubernetes_executor_config.py
[2022-10-01 00:08:07,198] {processor.py:613} INFO - Processing file /home/airflow/.local/lib/python3.6/site-packages/airflow/example_dags/example_kubernetes_executor_config.py for tasks to queue
[2022-10-01 00:08:07,200] {logging_mixin.py:109} INFO - [2022-10-01 00:08:07,200] {dagbag.py:496} INFO - Filling up the DagBag from /home/airflow/.local/lib/python3.6/site-packages/airflow/example_dags/example_kubernetes_executor_config.py
[2022-10-01 00:08:07,210] {processor.py:623} INFO - DAG(s) dict_keys(['example_kubernetes_executor_config']) retrieved from /home/airflow/.local/lib/python3.6/site-packages/airflow/example_dags/example_kubernetes_executor_config.py
[2022-10-01 00:08:07,229] {logging_mixin.py:109} INFO - [2022-10-01 00:08:07,229] {dag.py:1833} INFO - Sync 1 DAGs
[2022-10-01 00:08:07,240] {logging_mixin.py:109} INFO - [2022-10-01 00:08:07,240] {dag.py:2306} INFO - Setting next_dagrun for example_kubernetes_executor_config to None
[2022-10-01 00:08:07,251] {processor.py:170} INFO - Processing /home/airflow/.local/lib/python3.6/site-packages/airflow/example_dags/example_kubernetes_executor_config.py took 0.057 seconds
[2022-10-01 00:08:37,506] {processor.py:162} INFO - Started process (PID=6488) to work on /home/airflow/.local/lib/python3.6/site-packages/airflow/example_dags/example_kubernetes_executor_config.py
[2022-10-01 00:08:37,508] {processor.py:613} INFO - Processing file /home/airflow/.local/lib/python3.6/site-packages/airflow/example_dags/example_kubernetes_executor_config.py for tasks to queue
[2022-10-01 00:08:37,509] {logging_mixin.py:109} INFO - [2022-10-01 00:08:37,509] {dagbag.py:496} INFO - Filling up the DagBag from /home/airflow/.local/lib/python3.6/site-packages/airflow/example_dags/example_kubernetes_executor_config.py
[2022-10-01 00:08:37,520] {processor.py:623} INFO - DAG(s) dict_keys(['example_kubernetes_executor_config']) retrieved from /home/airflow/.local/lib/python3.6/site-packages/airflow/example_dags/example_kubernetes_executor_config.py
[2022-10-01 00:08:37,541] {logging_mixin.py:109} INFO - [2022-10-01 00:08:37,541] {dag.py:1833} INFO - Sync 1 DAGs
[2022-10-01 00:08:37,553] {logging_mixin.py:109} INFO - [2022-10-01 00:08:37,553] {dag.py:2306} INFO - Setting next_dagrun for example_kubernetes_executor_config to None
[2022-10-01 00:08:37,563] {processor.py:170} INFO - Processing /home/airflow/.local/lib/python3.6/site-packages/airflow/example_dags/example_kubernetes_executor_config.py took 0.060 seconds
[2022-10-01 00:09:08,597] {processor.py:162} INFO - Started process (PID=6545) to work on /home/airflow/.local/lib/python3.6/site-packages/airflow/example_dags/example_kubernetes_executor_config.py
[2022-10-01 00:09:08,598] {processor.py:613} INFO - Processing file /home/airflow/.local/lib/python3.6/site-packages/airflow/example_dags/example_kubernetes_executor_config.py for tasks to queue
[2022-10-01 00:09:08,599] {logging_mixin.py:109} INFO - [2022-10-01 00:09:08,599] {dagbag.py:496} INFO - Filling up the DagBag from /home/airflow/.local/lib/python3.6/site-packages/airflow/example_dags/example_kubernetes_executor_config.py
[2022-10-01 00:09:08,610] {processor.py:623} INFO - DAG(s) dict_keys(['example_kubernetes_executor_config']) retrieved from /home/airflow/.local/lib/python3.6/site-packages/airflow/example_dags/example_kubernetes_executor_config.py
[2022-10-01 00:09:08,631] {logging_mixin.py:109} INFO - [2022-10-01 00:09:08,631] {dag.py:1833} INFO - Sync 1 DAGs
[2022-10-01 00:09:08,646] {logging_mixin.py:109} INFO - [2022-10-01 00:09:08,646] {dag.py:2306} INFO - Setting next_dagrun for example_kubernetes_executor_config to None
[2022-10-01 00:09:08,656] {processor.py:170} INFO - Processing /home/airflow/.local/lib/python3.6/site-packages/airflow/example_dags/example_kubernetes_executor_config.py took 0.063 seconds
[2022-10-01 00:09:39,476] {processor.py:162} INFO - Started process (PID=6600) to work on /home/airflow/.local/lib/python3.6/site-packages/airflow/example_dags/example_kubernetes_executor_config.py
[2022-10-01 00:09:39,478] {processor.py:613} INFO - Processing file /home/airflow/.local/lib/python3.6/site-packages/airflow/example_dags/example_kubernetes_executor_config.py for tasks to queue
[2022-10-01 00:09:39,479] {logging_mixin.py:109} INFO - [2022-10-01 00:09:39,479] {dagbag.py:496} INFO - Filling up the DagBag from /home/airflow/.local/lib/python3.6/site-packages/airflow/example_dags/example_kubernetes_executor_config.py
[2022-10-01 00:09:39,489] {processor.py:623} INFO - DAG(s) dict_keys(['example_kubernetes_executor_config']) retrieved from /home/airflow/.local/lib/python3.6/site-packages/airflow/example_dags/example_kubernetes_executor_config.py
[2022-10-01 00:09:39,510] {logging_mixin.py:109} INFO - [2022-10-01 00:09:39,510] {dag.py:1833} INFO - Sync 1 DAGs
[2022-10-01 00:09:39,523] {logging_mixin.py:109} INFO - [2022-10-01 00:09:39,523] {dag.py:2306} INFO - Setting next_dagrun for example_kubernetes_executor_config to None
[2022-10-01 00:09:39,534] {processor.py:170} INFO - Processing /home/airflow/.local/lib/python3.6/site-packages/airflow/example_dags/example_kubernetes_executor_config.py took 0.061 seconds
[2022-10-01 00:10:10,400] {processor.py:162} INFO - Started process (PID=6661) to work on /home/airflow/.local/lib/python3.6/site-packages/airflow/example_dags/example_kubernetes_executor_config.py
[2022-10-01 00:10:10,402] {processor.py:613} INFO - Processing file /home/airflow/.local/lib/python3.6/site-packages/airflow/example_dags/example_kubernetes_executor_config.py for tasks to queue
[2022-10-01 00:10:10,404] {logging_mixin.py:109} INFO - [2022-10-01 00:10:10,404] {dagbag.py:496} INFO - Filling up the DagBag from /home/airflow/.local/lib/python3.6/site-packages/airflow/example_dags/example_kubernetes_executor_config.py
[2022-10-01 00:10:10,416] {processor.py:623} INFO - DAG(s) dict_keys(['example_kubernetes_executor_config']) retrieved from /home/airflow/.local/lib/python3.6/site-packages/airflow/example_dags/example_kubernetes_executor_config.py
[2022-10-01 00:10:10,441] {logging_mixin.py:109} INFO - [2022-10-01 00:10:10,441] {dag.py:1833} INFO - Sync 1 DAGs
[2022-10-01 00:10:10,455] {logging_mixin.py:109} INFO - [2022-10-01 00:10:10,455] {dag.py:2306} INFO - Setting next_dagrun for example_kubernetes_executor_config to None
[2022-10-01 00:10:10,468] {processor.py:170} INFO - Processing /home/airflow/.local/lib/python3.6/site-packages/airflow/example_dags/example_kubernetes_executor_config.py took 0.070 seconds
[2022-10-01 00:10:40,911] {processor.py:162} INFO - Started process (PID=6722) to work on /home/airflow/.local/lib/python3.6/site-packages/airflow/example_dags/example_kubernetes_executor_config.py
[2022-10-01 00:10:40,913] {processor.py:613} INFO - Processing file /home/airflow/.local/lib/python3.6/site-packages/airflow/example_dags/example_kubernetes_executor_config.py for tasks to queue
[2022-10-01 00:10:40,914] {logging_mixin.py:109} INFO - [2022-10-01 00:10:40,914] {dagbag.py:496} INFO - Filling up the DagBag from /home/airflow/.local/lib/python3.6/site-packages/airflow/example_dags/example_kubernetes_executor_config.py
[2022-10-01 00:10:40,924] {processor.py:623} INFO - DAG(s) dict_keys(['example_kubernetes_executor_config']) retrieved from /home/airflow/.local/lib/python3.6/site-packages/airflow/example_dags/example_kubernetes_executor_config.py
[2022-10-01 00:10:40,945] {logging_mixin.py:109} INFO - [2022-10-01 00:10:40,945] {dag.py:1833} INFO - Sync 1 DAGs
[2022-10-01 00:10:40,960] {logging_mixin.py:109} INFO - [2022-10-01 00:10:40,960] {dag.py:2306} INFO - Setting next_dagrun for example_kubernetes_executor_config to None
[2022-10-01 00:10:40,973] {processor.py:170} INFO - Processing /home/airflow/.local/lib/python3.6/site-packages/airflow/example_dags/example_kubernetes_executor_config.py took 0.065 seconds
[2022-10-01 00:11:11,447] {processor.py:162} INFO - Started process (PID=6773) to work on /home/airflow/.local/lib/python3.6/site-packages/airflow/example_dags/example_kubernetes_executor_config.py
[2022-10-01 00:11:11,449] {processor.py:613} INFO - Processing file /home/airflow/.local/lib/python3.6/site-packages/airflow/example_dags/example_kubernetes_executor_config.py for tasks to queue
[2022-10-01 00:11:11,451] {logging_mixin.py:109} INFO - [2022-10-01 00:11:11,451] {dagbag.py:496} INFO - Filling up the DagBag from /home/airflow/.local/lib/python3.6/site-packages/airflow/example_dags/example_kubernetes_executor_config.py
[2022-10-01 00:11:11,463] {processor.py:623} INFO - DAG(s) dict_keys(['example_kubernetes_executor_config']) retrieved from /home/airflow/.local/lib/python3.6/site-packages/airflow/example_dags/example_kubernetes_executor_config.py
[2022-10-01 00:11:11,488] {logging_mixin.py:109} INFO - [2022-10-01 00:11:11,488] {dag.py:1833} INFO - Sync 1 DAGs
[2022-10-01 00:11:11,502] {logging_mixin.py:109} INFO - [2022-10-01 00:11:11,502] {dag.py:2306} INFO - Setting next_dagrun for example_kubernetes_executor_config to None
[2022-10-01 00:11:11,515] {processor.py:170} INFO - Processing /home/airflow/.local/lib/python3.6/site-packages/airflow/example_dags/example_kubernetes_executor_config.py took 0.071 seconds
[2022-10-01 00:11:42,332] {processor.py:162} INFO - Started process (PID=6834) to work on /home/airflow/.local/lib/python3.6/site-packages/airflow/example_dags/example_kubernetes_executor_config.py
[2022-10-01 00:11:42,334] {processor.py:613} INFO - Processing file /home/airflow/.local/lib/python3.6/site-packages/airflow/example_dags/example_kubernetes_executor_config.py for tasks to queue
[2022-10-01 00:11:42,335] {logging_mixin.py:109} INFO - [2022-10-01 00:11:42,335] {dagbag.py:496} INFO - Filling up the DagBag from /home/airflow/.local/lib/python3.6/site-packages/airflow/example_dags/example_kubernetes_executor_config.py
[2022-10-01 00:11:42,347] {processor.py:623} INFO - DAG(s) dict_keys(['example_kubernetes_executor_config']) retrieved from /home/airflow/.local/lib/python3.6/site-packages/airflow/example_dags/example_kubernetes_executor_config.py
[2022-10-01 00:11:42,370] {logging_mixin.py:109} INFO - [2022-10-01 00:11:42,370] {dag.py:1833} INFO - Sync 1 DAGs
[2022-10-01 00:11:42,383] {logging_mixin.py:109} INFO - [2022-10-01 00:11:42,383] {dag.py:2306} INFO - Setting next_dagrun for example_kubernetes_executor_config to None
[2022-10-01 00:11:42,394] {processor.py:170} INFO - Processing /home/airflow/.local/lib/python3.6/site-packages/airflow/example_dags/example_kubernetes_executor_config.py took 0.065 seconds
[2022-10-01 00:12:12,561] {processor.py:162} INFO - Started process (PID=6895) to work on /home/airflow/.local/lib/python3.6/site-packages/airflow/example_dags/example_kubernetes_executor_config.py
[2022-10-01 00:12:12,563] {processor.py:613} INFO - Processing file /home/airflow/.local/lib/python3.6/site-packages/airflow/example_dags/example_kubernetes_executor_config.py for tasks to queue
[2022-10-01 00:12:12,564] {logging_mixin.py:109} INFO - [2022-10-01 00:12:12,564] {dagbag.py:496} INFO - Filling up the DagBag from /home/airflow/.local/lib/python3.6/site-packages/airflow/example_dags/example_kubernetes_executor_config.py
[2022-10-01 00:12:12,574] {processor.py:623} INFO - DAG(s) dict_keys(['example_kubernetes_executor_config']) retrieved from /home/airflow/.local/lib/python3.6/site-packages/airflow/example_dags/example_kubernetes_executor_config.py
[2022-10-01 00:12:12,595] {logging_mixin.py:109} INFO - [2022-10-01 00:12:12,595] {dag.py:1833} INFO - Sync 1 DAGs
[2022-10-01 00:12:12,609] {logging_mixin.py:109} INFO - [2022-10-01 00:12:12,609] {dag.py:2306} INFO - Setting next_dagrun for example_kubernetes_executor_config to None
[2022-10-01 00:12:12,623] {processor.py:170} INFO - Processing /home/airflow/.local/lib/python3.6/site-packages/airflow/example_dags/example_kubernetes_executor_config.py took 0.064 seconds
[2022-10-01 00:12:43,543] {processor.py:162} INFO - Started process (PID=6946) to work on /home/airflow/.local/lib/python3.6/site-packages/airflow/example_dags/example_kubernetes_executor_config.py
[2022-10-01 00:12:43,545] {processor.py:613} INFO - Processing file /home/airflow/.local/lib/python3.6/site-packages/airflow/example_dags/example_kubernetes_executor_config.py for tasks to queue
[2022-10-01 00:12:43,546] {logging_mixin.py:109} INFO - [2022-10-01 00:12:43,546] {dagbag.py:496} INFO - Filling up the DagBag from /home/airflow/.local/lib/python3.6/site-packages/airflow/example_dags/example_kubernetes_executor_config.py
[2022-10-01 00:12:43,562] {processor.py:623} INFO - DAG(s) dict_keys(['example_kubernetes_executor_config']) retrieved from /home/airflow/.local/lib/python3.6/site-packages/airflow/example_dags/example_kubernetes_executor_config.py
[2022-10-01 00:12:43,588] {logging_mixin.py:109} INFO - [2022-10-01 00:12:43,588] {dag.py:1833} INFO - Sync 1 DAGs
[2022-10-01 00:12:43,607] {logging_mixin.py:109} INFO - [2022-10-01 00:12:43,607] {dag.py:2306} INFO - Setting next_dagrun for example_kubernetes_executor_config to None
[2022-10-01 00:12:43,621] {processor.py:170} INFO - Processing /home/airflow/.local/lib/python3.6/site-packages/airflow/example_dags/example_kubernetes_executor_config.py took 0.080 seconds
[2022-10-01 00:13:14,620] {processor.py:162} INFO - Started process (PID=7008) to work on /home/airflow/.local/lib/python3.6/site-packages/airflow/example_dags/example_kubernetes_executor_config.py
[2022-10-01 00:13:14,622] {processor.py:613} INFO - Processing file /home/airflow/.local/lib/python3.6/site-packages/airflow/example_dags/example_kubernetes_executor_config.py for tasks to queue
[2022-10-01 00:13:14,623] {logging_mixin.py:109} INFO - [2022-10-01 00:13:14,623] {dagbag.py:496} INFO - Filling up the DagBag from /home/airflow/.local/lib/python3.6/site-packages/airflow/example_dags/example_kubernetes_executor_config.py
[2022-10-01 00:13:14,634] {processor.py:623} INFO - DAG(s) dict_keys(['example_kubernetes_executor_config']) retrieved from /home/airflow/.local/lib/python3.6/site-packages/airflow/example_dags/example_kubernetes_executor_config.py
[2022-10-01 00:13:14,654] {logging_mixin.py:109} INFO - [2022-10-01 00:13:14,653] {dag.py:1833} INFO - Sync 1 DAGs
[2022-10-01 00:13:14,665] {logging_mixin.py:109} INFO - [2022-10-01 00:13:14,665] {dag.py:2306} INFO - Setting next_dagrun for example_kubernetes_executor_config to None
[2022-10-01 00:13:14,675] {processor.py:170} INFO - Processing /home/airflow/.local/lib/python3.6/site-packages/airflow/example_dags/example_kubernetes_executor_config.py took 0.058 seconds
[2022-10-01 00:13:45,667] {processor.py:162} INFO - Started process (PID=7069) to work on /home/airflow/.local/lib/python3.6/site-packages/airflow/example_dags/example_kubernetes_executor_config.py
[2022-10-01 00:13:45,668] {processor.py:613} INFO - Processing file /home/airflow/.local/lib/python3.6/site-packages/airflow/example_dags/example_kubernetes_executor_config.py for tasks to queue
[2022-10-01 00:13:45,669] {logging_mixin.py:109} INFO - [2022-10-01 00:13:45,669] {dagbag.py:496} INFO - Filling up the DagBag from /home/airflow/.local/lib/python3.6/site-packages/airflow/example_dags/example_kubernetes_executor_config.py
[2022-10-01 00:13:45,680] {processor.py:623} INFO - DAG(s) dict_keys(['example_kubernetes_executor_config']) retrieved from /home/airflow/.local/lib/python3.6/site-packages/airflow/example_dags/example_kubernetes_executor_config.py
[2022-10-01 00:13:45,700] {logging_mixin.py:109} INFO - [2022-10-01 00:13:45,700] {dag.py:1833} INFO - Sync 1 DAGs
[2022-10-01 00:13:45,711] {logging_mixin.py:109} INFO - [2022-10-01 00:13:45,711] {dag.py:2306} INFO - Setting next_dagrun for example_kubernetes_executor_config to None
[2022-10-01 00:13:45,721] {processor.py:170} INFO - Processing /home/airflow/.local/lib/python3.6/site-packages/airflow/example_dags/example_kubernetes_executor_config.py took 0.057 seconds
[2022-10-01 00:14:16,276] {processor.py:162} INFO - Started process (PID=7120) to work on /home/airflow/.local/lib/python3.6/site-packages/airflow/example_dags/example_kubernetes_executor_config.py
[2022-10-01 00:14:16,278] {processor.py:613} INFO - Processing file /home/airflow/.local/lib/python3.6/site-packages/airflow/example_dags/example_kubernetes_executor_config.py for tasks to queue
[2022-10-01 00:14:16,279] {logging_mixin.py:109} INFO - [2022-10-01 00:14:16,279] {dagbag.py:496} INFO - Filling up the DagBag from /home/airflow/.local/lib/python3.6/site-packages/airflow/example_dags/example_kubernetes_executor_config.py
[2022-10-01 00:14:16,289] {processor.py:623} INFO - DAG(s) dict_keys(['example_kubernetes_executor_config']) retrieved from /home/airflow/.local/lib/python3.6/site-packages/airflow/example_dags/example_kubernetes_executor_config.py
[2022-10-01 00:14:16,310] {logging_mixin.py:109} INFO - [2022-10-01 00:14:16,309] {dag.py:1833} INFO - Sync 1 DAGs
[2022-10-01 00:14:16,322] {logging_mixin.py:109} INFO - [2022-10-01 00:14:16,322] {dag.py:2306} INFO - Setting next_dagrun for example_kubernetes_executor_config to None
[2022-10-01 00:14:16,333] {processor.py:170} INFO - Processing /home/airflow/.local/lib/python3.6/site-packages/airflow/example_dags/example_kubernetes_executor_config.py took 0.060 seconds
[2022-10-01 00:14:46,891] {processor.py:162} INFO - Started process (PID=7182) to work on /home/airflow/.local/lib/python3.6/site-packages/airflow/example_dags/example_kubernetes_executor_config.py
[2022-10-01 00:14:46,893] {processor.py:613} INFO - Processing file /home/airflow/.local/lib/python3.6/site-packages/airflow/example_dags/example_kubernetes_executor_config.py for tasks to queue
[2022-10-01 00:14:46,894] {logging_mixin.py:109} INFO - [2022-10-01 00:14:46,894] {dagbag.py:496} INFO - Filling up the DagBag from /home/airflow/.local/lib/python3.6/site-packages/airflow/example_dags/example_kubernetes_executor_config.py
[2022-10-01 00:14:46,904] {processor.py:623} INFO - DAG(s) dict_keys(['example_kubernetes_executor_config']) retrieved from /home/airflow/.local/lib/python3.6/site-packages/airflow/example_dags/example_kubernetes_executor_config.py
[2022-10-01 00:14:46,921] {logging_mixin.py:109} INFO - [2022-10-01 00:14:46,921] {dag.py:1833} INFO - Sync 1 DAGs
[2022-10-01 00:14:46,935] {logging_mixin.py:109} INFO - [2022-10-01 00:14:46,935] {dag.py:2306} INFO - Setting next_dagrun for example_kubernetes_executor_config to None
[2022-10-01 00:14:46,947] {processor.py:170} INFO - Processing /home/airflow/.local/lib/python3.6/site-packages/airflow/example_dags/example_kubernetes_executor_config.py took 0.059 seconds
[2022-10-01 00:15:17,731] {processor.py:162} INFO - Started process (PID=7243) to work on /home/airflow/.local/lib/python3.6/site-packages/airflow/example_dags/example_kubernetes_executor_config.py
[2022-10-01 00:15:17,732] {processor.py:613} INFO - Processing file /home/airflow/.local/lib/python3.6/site-packages/airflow/example_dags/example_kubernetes_executor_config.py for tasks to queue
[2022-10-01 00:15:17,733] {logging_mixin.py:109} INFO - [2022-10-01 00:15:17,733] {dagbag.py:496} INFO - Filling up the DagBag from /home/airflow/.local/lib/python3.6/site-packages/airflow/example_dags/example_kubernetes_executor_config.py
[2022-10-01 00:15:17,743] {processor.py:623} INFO - DAG(s) dict_keys(['example_kubernetes_executor_config']) retrieved from /home/airflow/.local/lib/python3.6/site-packages/airflow/example_dags/example_kubernetes_executor_config.py
[2022-10-01 00:15:17,761] {logging_mixin.py:109} INFO - [2022-10-01 00:15:17,761] {dag.py:1833} INFO - Sync 1 DAGs
[2022-10-01 00:15:17,772] {logging_mixin.py:109} INFO - [2022-10-01 00:15:17,772] {dag.py:2306} INFO - Setting next_dagrun for example_kubernetes_executor_config to None
[2022-10-01 00:15:17,783] {processor.py:170} INFO - Processing /home/airflow/.local/lib/python3.6/site-packages/airflow/example_dags/example_kubernetes_executor_config.py took 0.055 seconds
[2022-10-01 00:15:47,927] {processor.py:162} INFO - Started process (PID=7294) to work on /home/airflow/.local/lib/python3.6/site-packages/airflow/example_dags/example_kubernetes_executor_config.py
[2022-10-01 00:15:47,929] {processor.py:613} INFO - Processing file /home/airflow/.local/lib/python3.6/site-packages/airflow/example_dags/example_kubernetes_executor_config.py for tasks to queue
[2022-10-01 00:15:47,930] {logging_mixin.py:109} INFO - [2022-10-01 00:15:47,930] {dagbag.py:496} INFO - Filling up the DagBag from /home/airflow/.local/lib/python3.6/site-packages/airflow/example_dags/example_kubernetes_executor_config.py
[2022-10-01 00:15:47,941] {processor.py:623} INFO - DAG(s) dict_keys(['example_kubernetes_executor_config']) retrieved from /home/airflow/.local/lib/python3.6/site-packages/airflow/example_dags/example_kubernetes_executor_config.py
[2022-10-01 00:15:47,962] {logging_mixin.py:109} INFO - [2022-10-01 00:15:47,962] {dag.py:1833} INFO - Sync 1 DAGs
[2022-10-01 00:15:47,982] {logging_mixin.py:109} INFO - [2022-10-01 00:15:47,982] {dag.py:2306} INFO - Setting next_dagrun for example_kubernetes_executor_config to None
[2022-10-01 00:15:47,995] {processor.py:170} INFO - Processing /home/airflow/.local/lib/python3.6/site-packages/airflow/example_dags/example_kubernetes_executor_config.py took 0.070 seconds
[2022-10-01 00:16:18,609] {processor.py:162} INFO - Started process (PID=7355) to work on /home/airflow/.local/lib/python3.6/site-packages/airflow/example_dags/example_kubernetes_executor_config.py
[2022-10-01 00:16:18,612] {processor.py:613} INFO - Processing file /home/airflow/.local/lib/python3.6/site-packages/airflow/example_dags/example_kubernetes_executor_config.py for tasks to queue
[2022-10-01 00:16:18,613] {logging_mixin.py:109} INFO - [2022-10-01 00:16:18,613] {dagbag.py:496} INFO - Filling up the DagBag from /home/airflow/.local/lib/python3.6/site-packages/airflow/example_dags/example_kubernetes_executor_config.py
[2022-10-01 00:16:18,629] {processor.py:623} INFO - DAG(s) dict_keys(['example_kubernetes_executor_config']) retrieved from /home/airflow/.local/lib/python3.6/site-packages/airflow/example_dags/example_kubernetes_executor_config.py
[2022-10-01 00:16:18,650] {logging_mixin.py:109} INFO - [2022-10-01 00:16:18,650] {dag.py:1833} INFO - Sync 1 DAGs
[2022-10-01 00:16:18,665] {logging_mixin.py:109} INFO - [2022-10-01 00:16:18,665] {dag.py:2306} INFO - Setting next_dagrun for example_kubernetes_executor_config to None
[2022-10-01 00:16:18,674] {processor.py:170} INFO - Processing /home/airflow/.local/lib/python3.6/site-packages/airflow/example_dags/example_kubernetes_executor_config.py took 0.069 seconds
[2022-10-01 00:16:49,571] {processor.py:162} INFO - Started process (PID=7416) to work on /home/airflow/.local/lib/python3.6/site-packages/airflow/example_dags/example_kubernetes_executor_config.py
[2022-10-01 00:16:49,573] {processor.py:613} INFO - Processing file /home/airflow/.local/lib/python3.6/site-packages/airflow/example_dags/example_kubernetes_executor_config.py for tasks to queue
[2022-10-01 00:16:49,574] {logging_mixin.py:109} INFO - [2022-10-01 00:16:49,574] {dagbag.py:496} INFO - Filling up the DagBag from /home/airflow/.local/lib/python3.6/site-packages/airflow/example_dags/example_kubernetes_executor_config.py
[2022-10-01 00:16:49,583] {processor.py:623} INFO - DAG(s) dict_keys(['example_kubernetes_executor_config']) retrieved from /home/airflow/.local/lib/python3.6/site-packages/airflow/example_dags/example_kubernetes_executor_config.py
[2022-10-01 00:16:49,598] {logging_mixin.py:109} INFO - [2022-10-01 00:16:49,598] {dag.py:1833} INFO - Sync 1 DAGs
[2022-10-01 00:16:49,613] {logging_mixin.py:109} INFO - [2022-10-01 00:16:49,613] {dag.py:2306} INFO - Setting next_dagrun for example_kubernetes_executor_config to None
[2022-10-01 00:16:49,624] {processor.py:170} INFO - Processing /home/airflow/.local/lib/python3.6/site-packages/airflow/example_dags/example_kubernetes_executor_config.py took 0.056 seconds
[2022-10-01 00:17:19,747] {processor.py:162} INFO - Started process (PID=7467) to work on /home/airflow/.local/lib/python3.6/site-packages/airflow/example_dags/example_kubernetes_executor_config.py
[2022-10-01 00:17:19,749] {processor.py:613} INFO - Processing file /home/airflow/.local/lib/python3.6/site-packages/airflow/example_dags/example_kubernetes_executor_config.py for tasks to queue
[2022-10-01 00:17:19,750] {logging_mixin.py:109} INFO - [2022-10-01 00:17:19,750] {dagbag.py:496} INFO - Filling up the DagBag from /home/airflow/.local/lib/python3.6/site-packages/airflow/example_dags/example_kubernetes_executor_config.py
[2022-10-01 00:17:19,761] {processor.py:623} INFO - DAG(s) dict_keys(['example_kubernetes_executor_config']) retrieved from /home/airflow/.local/lib/python3.6/site-packages/airflow/example_dags/example_kubernetes_executor_config.py
[2022-10-01 00:17:19,784] {logging_mixin.py:109} INFO - [2022-10-01 00:17:19,784] {dag.py:1833} INFO - Sync 1 DAGs
[2022-10-01 00:17:19,797] {logging_mixin.py:109} INFO - [2022-10-01 00:17:19,796] {dag.py:2306} INFO - Setting next_dagrun for example_kubernetes_executor_config to None
[2022-10-01 00:17:19,810] {processor.py:170} INFO - Processing /home/airflow/.local/lib/python3.6/site-packages/airflow/example_dags/example_kubernetes_executor_config.py took 0.065 seconds
[2022-10-01 00:17:50,689] {processor.py:162} INFO - Started process (PID=7529) to work on /home/airflow/.local/lib/python3.6/site-packages/airflow/example_dags/example_kubernetes_executor_config.py
[2022-10-01 00:17:50,692] {processor.py:613} INFO - Processing file /home/airflow/.local/lib/python3.6/site-packages/airflow/example_dags/example_kubernetes_executor_config.py for tasks to queue
[2022-10-01 00:17:50,694] {logging_mixin.py:109} INFO - [2022-10-01 00:17:50,693] {dagbag.py:496} INFO - Filling up the DagBag from /home/airflow/.local/lib/python3.6/site-packages/airflow/example_dags/example_kubernetes_executor_config.py
[2022-10-01 00:17:50,708] {processor.py:623} INFO - DAG(s) dict_keys(['example_kubernetes_executor_config']) retrieved from /home/airflow/.local/lib/python3.6/site-packages/airflow/example_dags/example_kubernetes_executor_config.py
[2022-10-01 00:17:50,731] {logging_mixin.py:109} INFO - [2022-10-01 00:17:50,731] {dag.py:1833} INFO - Sync 1 DAGs
[2022-10-01 00:17:50,744] {logging_mixin.py:109} INFO - [2022-10-01 00:17:50,744] {dag.py:2306} INFO - Setting next_dagrun for example_kubernetes_executor_config to None
[2022-10-01 00:17:50,755] {processor.py:170} INFO - Processing /home/airflow/.local/lib/python3.6/site-packages/airflow/example_dags/example_kubernetes_executor_config.py took 0.070 seconds
[2022-10-01 00:18:17,151] {processor.py:162} INFO - Started process (PID=7582) to work on /home/airflow/.local/lib/python3.6/site-packages/airflow/example_dags/example_kubernetes_executor_config.py
[2022-10-01 00:18:17,153] {processor.py:613} INFO - Processing file /home/airflow/.local/lib/python3.6/site-packages/airflow/example_dags/example_kubernetes_executor_config.py for tasks to queue
[2022-10-01 00:18:17,154] {logging_mixin.py:109} INFO - [2022-10-01 00:18:17,154] {dagbag.py:496} INFO - Filling up the DagBag from /home/airflow/.local/lib/python3.6/site-packages/airflow/example_dags/example_kubernetes_executor_config.py
[2022-10-01 00:18:17,168] {processor.py:623} INFO - DAG(s) dict_keys(['example_kubernetes_executor_config']) retrieved from /home/airflow/.local/lib/python3.6/site-packages/airflow/example_dags/example_kubernetes_executor_config.py
[2022-10-01 00:18:17,192] {logging_mixin.py:109} INFO - [2022-10-01 00:18:17,192] {dag.py:1833} INFO - Sync 1 DAGs
[2022-10-01 00:18:17,209] {logging_mixin.py:109} INFO - [2022-10-01 00:18:17,209] {dag.py:2306} INFO - Setting next_dagrun for example_kubernetes_executor_config to None
[2022-10-01 00:18:17,220] {processor.py:170} INFO - Processing /home/airflow/.local/lib/python3.6/site-packages/airflow/example_dags/example_kubernetes_executor_config.py took 0.072 seconds
[2022-10-01 00:18:48,502] {processor.py:162} INFO - Started process (PID=7643) to work on /home/airflow/.local/lib/python3.6/site-packages/airflow/example_dags/example_kubernetes_executor_config.py
[2022-10-01 00:18:48,504] {processor.py:613} INFO - Processing file /home/airflow/.local/lib/python3.6/site-packages/airflow/example_dags/example_kubernetes_executor_config.py for tasks to queue
[2022-10-01 00:18:48,505] {logging_mixin.py:109} INFO - [2022-10-01 00:18:48,505] {dagbag.py:496} INFO - Filling up the DagBag from /home/airflow/.local/lib/python3.6/site-packages/airflow/example_dags/example_kubernetes_executor_config.py
[2022-10-01 00:18:48,516] {processor.py:623} INFO - DAG(s) dict_keys(['example_kubernetes_executor_config']) retrieved from /home/airflow/.local/lib/python3.6/site-packages/airflow/example_dags/example_kubernetes_executor_config.py
[2022-10-01 00:18:48,536] {logging_mixin.py:109} INFO - [2022-10-01 00:18:48,536] {dag.py:1833} INFO - Sync 1 DAGs
[2022-10-01 00:18:48,548] {logging_mixin.py:109} INFO - [2022-10-01 00:18:48,547] {dag.py:2306} INFO - Setting next_dagrun for example_kubernetes_executor_config to None
[2022-10-01 00:18:48,560] {processor.py:170} INFO - Processing /home/airflow/.local/lib/python3.6/site-packages/airflow/example_dags/example_kubernetes_executor_config.py took 0.060 seconds
[2022-10-01 00:19:19,458] {processor.py:162} INFO - Started process (PID=7704) to work on /home/airflow/.local/lib/python3.6/site-packages/airflow/example_dags/example_kubernetes_executor_config.py
[2022-10-01 00:19:19,460] {processor.py:613} INFO - Processing file /home/airflow/.local/lib/python3.6/site-packages/airflow/example_dags/example_kubernetes_executor_config.py for tasks to queue
[2022-10-01 00:19:19,462] {logging_mixin.py:109} INFO - [2022-10-01 00:19:19,462] {dagbag.py:496} INFO - Filling up the DagBag from /home/airflow/.local/lib/python3.6/site-packages/airflow/example_dags/example_kubernetes_executor_config.py
[2022-10-01 00:19:19,472] {processor.py:623} INFO - DAG(s) dict_keys(['example_kubernetes_executor_config']) retrieved from /home/airflow/.local/lib/python3.6/site-packages/airflow/example_dags/example_kubernetes_executor_config.py
[2022-10-01 00:19:19,496] {logging_mixin.py:109} INFO - [2022-10-01 00:19:19,496] {dag.py:1833} INFO - Sync 1 DAGs
[2022-10-01 00:19:19,506] {logging_mixin.py:109} INFO - [2022-10-01 00:19:19,506] {dag.py:2306} INFO - Setting next_dagrun for example_kubernetes_executor_config to None
[2022-10-01 00:19:19,518] {processor.py:170} INFO - Processing /home/airflow/.local/lib/python3.6/site-packages/airflow/example_dags/example_kubernetes_executor_config.py took 0.063 seconds
[2022-10-01 00:19:50,497] {processor.py:162} INFO - Started process (PID=7763) to work on /home/airflow/.local/lib/python3.6/site-packages/airflow/example_dags/example_kubernetes_executor_config.py
[2022-10-01 00:19:50,499] {processor.py:613} INFO - Processing file /home/airflow/.local/lib/python3.6/site-packages/airflow/example_dags/example_kubernetes_executor_config.py for tasks to queue
[2022-10-01 00:19:50,504] {logging_mixin.py:109} INFO - [2022-10-01 00:19:50,504] {dagbag.py:496} INFO - Filling up the DagBag from /home/airflow/.local/lib/python3.6/site-packages/airflow/example_dags/example_kubernetes_executor_config.py
[2022-10-01 00:19:50,523] {processor.py:623} INFO - DAG(s) dict_keys(['example_kubernetes_executor_config']) retrieved from /home/airflow/.local/lib/python3.6/site-packages/airflow/example_dags/example_kubernetes_executor_config.py
[2022-10-01 00:19:50,553] {logging_mixin.py:109} INFO - [2022-10-01 00:19:50,553] {dag.py:1833} INFO - Sync 1 DAGs
[2022-10-01 00:19:50,566] {logging_mixin.py:109} INFO - [2022-10-01 00:19:50,566] {dag.py:2306} INFO - Setting next_dagrun for example_kubernetes_executor_config to None
[2022-10-01 00:19:50,577] {processor.py:170} INFO - Processing /home/airflow/.local/lib/python3.6/site-packages/airflow/example_dags/example_kubernetes_executor_config.py took 0.084 seconds
[2022-10-01 00:20:21,639] {processor.py:162} INFO - Started process (PID=7815) to work on /home/airflow/.local/lib/python3.6/site-packages/airflow/example_dags/example_kubernetes_executor_config.py
[2022-10-01 00:20:21,646] {processor.py:613} INFO - Processing file /home/airflow/.local/lib/python3.6/site-packages/airflow/example_dags/example_kubernetes_executor_config.py for tasks to queue
[2022-10-01 00:20:21,650] {logging_mixin.py:109} INFO - [2022-10-01 00:20:21,650] {dagbag.py:496} INFO - Filling up the DagBag from /home/airflow/.local/lib/python3.6/site-packages/airflow/example_dags/example_kubernetes_executor_config.py
[2022-10-01 00:20:21,692] {processor.py:623} INFO - DAG(s) dict_keys(['example_kubernetes_executor_config']) retrieved from /home/airflow/.local/lib/python3.6/site-packages/airflow/example_dags/example_kubernetes_executor_config.py
[2022-10-01 00:20:21,729] {logging_mixin.py:109} INFO - [2022-10-01 00:20:21,729] {dag.py:1833} INFO - Sync 1 DAGs
[2022-10-01 00:20:21,744] {logging_mixin.py:109} INFO - [2022-10-01 00:20:21,744] {dag.py:2306} INFO - Setting next_dagrun for example_kubernetes_executor_config to None
[2022-10-01 00:20:21,760] {processor.py:170} INFO - Processing /home/airflow/.local/lib/python3.6/site-packages/airflow/example_dags/example_kubernetes_executor_config.py took 0.137 seconds
