[2022-10-01 00:00:03,875] {processor.py:162} INFO - Started process (PID=5542) to work on /home/airflow/.local/lib/python3.6/site-packages/airflow/example_dags/example_bash_operator.py
[2022-10-01 00:00:03,879] {processor.py:613} INFO - Processing file /home/airflow/.local/lib/python3.6/site-packages/airflow/example_dags/example_bash_operator.py for tasks to queue
[2022-10-01 00:00:03,882] {logging_mixin.py:109} INFO - [2022-10-01 00:00:03,881] {dagbag.py:496} INFO - Filling up the DagBag from /home/airflow/.local/lib/python3.6/site-packages/airflow/example_dags/example_bash_operator.py
[2022-10-01 00:00:03,904] {processor.py:623} INFO - DAG(s) dict_keys(['example_bash_operator']) retrieved from /home/airflow/.local/lib/python3.6/site-packages/airflow/example_dags/example_bash_operator.py
[2022-10-01 00:00:04,247] {logging_mixin.py:109} INFO - [2022-10-01 00:00:04,247] {dag.py:1833} INFO - Sync 1 DAGs
[2022-10-01 00:00:04,281] {logging_mixin.py:109} INFO - [2022-10-01 00:00:04,281] {dag.py:2306} INFO - Setting next_dagrun for example_bash_operator to 2022-09-29 00:00:00+00:00
[2022-10-01 00:00:04,299] {processor.py:170} INFO - Processing /home/airflow/.local/lib/python3.6/site-packages/airflow/example_dags/example_bash_operator.py took 0.428 seconds
[2022-10-01 00:00:34,396] {processor.py:162} INFO - Started process (PID=5594) to work on /home/airflow/.local/lib/python3.6/site-packages/airflow/example_dags/example_bash_operator.py
[2022-10-01 00:00:34,398] {processor.py:613} INFO - Processing file /home/airflow/.local/lib/python3.6/site-packages/airflow/example_dags/example_bash_operator.py for tasks to queue
[2022-10-01 00:00:34,399] {logging_mixin.py:109} INFO - [2022-10-01 00:00:34,399] {dagbag.py:496} INFO - Filling up the DagBag from /home/airflow/.local/lib/python3.6/site-packages/airflow/example_dags/example_bash_operator.py
[2022-10-01 00:00:34,413] {processor.py:623} INFO - DAG(s) dict_keys(['example_bash_operator']) retrieved from /home/airflow/.local/lib/python3.6/site-packages/airflow/example_dags/example_bash_operator.py
[2022-10-01 00:00:34,438] {logging_mixin.py:109} INFO - [2022-10-01 00:00:34,438] {dag.py:1833} INFO - Sync 1 DAGs
[2022-10-01 00:00:34,455] {logging_mixin.py:109} INFO - [2022-10-01 00:00:34,455] {dag.py:2306} INFO - Setting next_dagrun for example_bash_operator to 2022-09-29 00:00:00+00:00
[2022-10-01 00:00:34,465] {processor.py:170} INFO - Processing /home/airflow/.local/lib/python3.6/site-packages/airflow/example_dags/example_bash_operator.py took 0.072 seconds
[2022-10-01 00:01:04,759] {processor.py:162} INFO - Started process (PID=5654) to work on /home/airflow/.local/lib/python3.6/site-packages/airflow/example_dags/example_bash_operator.py
[2022-10-01 00:01:04,761] {processor.py:613} INFO - Processing file /home/airflow/.local/lib/python3.6/site-packages/airflow/example_dags/example_bash_operator.py for tasks to queue
[2022-10-01 00:01:04,762] {logging_mixin.py:109} INFO - [2022-10-01 00:01:04,762] {dagbag.py:496} INFO - Filling up the DagBag from /home/airflow/.local/lib/python3.6/site-packages/airflow/example_dags/example_bash_operator.py
[2022-10-01 00:01:04,774] {processor.py:623} INFO - DAG(s) dict_keys(['example_bash_operator']) retrieved from /home/airflow/.local/lib/python3.6/site-packages/airflow/example_dags/example_bash_operator.py
[2022-10-01 00:01:04,799] {logging_mixin.py:109} INFO - [2022-10-01 00:01:04,799] {dag.py:1833} INFO - Sync 1 DAGs
[2022-10-01 00:01:04,816] {logging_mixin.py:109} INFO - [2022-10-01 00:01:04,816] {dag.py:2306} INFO - Setting next_dagrun for example_bash_operator to 2022-09-29 00:00:00+00:00
[2022-10-01 00:01:04,825] {processor.py:170} INFO - Processing /home/airflow/.local/lib/python3.6/site-packages/airflow/example_dags/example_bash_operator.py took 0.068 seconds
[2022-10-01 00:01:35,015] {processor.py:162} INFO - Started process (PID=5705) to work on /home/airflow/.local/lib/python3.6/site-packages/airflow/example_dags/example_bash_operator.py
[2022-10-01 00:01:35,017] {processor.py:613} INFO - Processing file /home/airflow/.local/lib/python3.6/site-packages/airflow/example_dags/example_bash_operator.py for tasks to queue
[2022-10-01 00:01:35,018] {logging_mixin.py:109} INFO - [2022-10-01 00:01:35,018] {dagbag.py:496} INFO - Filling up the DagBag from /home/airflow/.local/lib/python3.6/site-packages/airflow/example_dags/example_bash_operator.py
[2022-10-01 00:01:35,030] {processor.py:623} INFO - DAG(s) dict_keys(['example_bash_operator']) retrieved from /home/airflow/.local/lib/python3.6/site-packages/airflow/example_dags/example_bash_operator.py
[2022-10-01 00:01:35,049] {logging_mixin.py:109} INFO - [2022-10-01 00:01:35,049] {dag.py:1833} INFO - Sync 1 DAGs
[2022-10-01 00:01:35,064] {logging_mixin.py:109} INFO - [2022-10-01 00:01:35,064] {dag.py:2306} INFO - Setting next_dagrun for example_bash_operator to 2022-09-29 00:00:00+00:00
[2022-10-01 00:01:35,075] {processor.py:170} INFO - Processing /home/airflow/.local/lib/python3.6/site-packages/airflow/example_dags/example_bash_operator.py took 0.063 seconds
[2022-10-01 00:02:05,274] {processor.py:162} INFO - Started process (PID=5766) to work on /home/airflow/.local/lib/python3.6/site-packages/airflow/example_dags/example_bash_operator.py
[2022-10-01 00:02:05,275] {processor.py:613} INFO - Processing file /home/airflow/.local/lib/python3.6/site-packages/airflow/example_dags/example_bash_operator.py for tasks to queue
[2022-10-01 00:02:05,277] {logging_mixin.py:109} INFO - [2022-10-01 00:02:05,276] {dagbag.py:496} INFO - Filling up the DagBag from /home/airflow/.local/lib/python3.6/site-packages/airflow/example_dags/example_bash_operator.py
[2022-10-01 00:02:05,287] {processor.py:623} INFO - DAG(s) dict_keys(['example_bash_operator']) retrieved from /home/airflow/.local/lib/python3.6/site-packages/airflow/example_dags/example_bash_operator.py
[2022-10-01 00:02:05,307] {logging_mixin.py:109} INFO - [2022-10-01 00:02:05,307] {dag.py:1833} INFO - Sync 1 DAGs
[2022-10-01 00:02:05,320] {logging_mixin.py:109} INFO - [2022-10-01 00:02:05,320] {dag.py:2306} INFO - Setting next_dagrun for example_bash_operator to 2022-09-29 00:00:00+00:00
[2022-10-01 00:02:05,330] {processor.py:170} INFO - Processing /home/airflow/.local/lib/python3.6/site-packages/airflow/example_dags/example_bash_operator.py took 0.058 seconds
[2022-10-01 00:02:35,394] {processor.py:162} INFO - Started process (PID=5817) to work on /home/airflow/.local/lib/python3.6/site-packages/airflow/example_dags/example_bash_operator.py
[2022-10-01 00:02:35,396] {processor.py:613} INFO - Processing file /home/airflow/.local/lib/python3.6/site-packages/airflow/example_dags/example_bash_operator.py for tasks to queue
[2022-10-01 00:02:35,398] {logging_mixin.py:109} INFO - [2022-10-01 00:02:35,397] {dagbag.py:496} INFO - Filling up the DagBag from /home/airflow/.local/lib/python3.6/site-packages/airflow/example_dags/example_bash_operator.py
[2022-10-01 00:02:35,408] {processor.py:623} INFO - DAG(s) dict_keys(['example_bash_operator']) retrieved from /home/airflow/.local/lib/python3.6/site-packages/airflow/example_dags/example_bash_operator.py
[2022-10-01 00:02:35,426] {logging_mixin.py:109} INFO - [2022-10-01 00:02:35,426] {dag.py:1833} INFO - Sync 1 DAGs
[2022-10-01 00:02:35,440] {logging_mixin.py:109} INFO - [2022-10-01 00:02:35,439] {dag.py:2306} INFO - Setting next_dagrun for example_bash_operator to 2022-09-29 00:00:00+00:00
[2022-10-01 00:02:35,449] {processor.py:170} INFO - Processing /home/airflow/.local/lib/python3.6/site-packages/airflow/example_dags/example_bash_operator.py took 0.058 seconds
[2022-10-01 00:03:05,747] {processor.py:162} INFO - Started process (PID=5878) to work on /home/airflow/.local/lib/python3.6/site-packages/airflow/example_dags/example_bash_operator.py
[2022-10-01 00:03:05,749] {processor.py:613} INFO - Processing file /home/airflow/.local/lib/python3.6/site-packages/airflow/example_dags/example_bash_operator.py for tasks to queue
[2022-10-01 00:03:05,751] {logging_mixin.py:109} INFO - [2022-10-01 00:03:05,751] {dagbag.py:496} INFO - Filling up the DagBag from /home/airflow/.local/lib/python3.6/site-packages/airflow/example_dags/example_bash_operator.py
[2022-10-01 00:03:05,764] {processor.py:623} INFO - DAG(s) dict_keys(['example_bash_operator']) retrieved from /home/airflow/.local/lib/python3.6/site-packages/airflow/example_dags/example_bash_operator.py
[2022-10-01 00:03:05,785] {logging_mixin.py:109} INFO - [2022-10-01 00:03:05,785] {dag.py:1833} INFO - Sync 1 DAGs
[2022-10-01 00:03:05,801] {logging_mixin.py:109} INFO - [2022-10-01 00:03:05,801] {dag.py:2306} INFO - Setting next_dagrun for example_bash_operator to 2022-09-29 00:00:00+00:00
[2022-10-01 00:03:05,812] {processor.py:170} INFO - Processing /home/airflow/.local/lib/python3.6/site-packages/airflow/example_dags/example_bash_operator.py took 0.067 seconds
[2022-10-01 00:03:37,090] {processor.py:162} INFO - Started process (PID=5939) to work on /home/airflow/.local/lib/python3.6/site-packages/airflow/example_dags/example_bash_operator.py
[2022-10-01 00:03:37,091] {processor.py:613} INFO - Processing file /home/airflow/.local/lib/python3.6/site-packages/airflow/example_dags/example_bash_operator.py for tasks to queue
[2022-10-01 00:03:37,092] {logging_mixin.py:109} INFO - [2022-10-01 00:03:37,092] {dagbag.py:496} INFO - Filling up the DagBag from /home/airflow/.local/lib/python3.6/site-packages/airflow/example_dags/example_bash_operator.py
[2022-10-01 00:03:37,104] {processor.py:623} INFO - DAG(s) dict_keys(['example_bash_operator']) retrieved from /home/airflow/.local/lib/python3.6/site-packages/airflow/example_dags/example_bash_operator.py
[2022-10-01 00:03:37,125] {logging_mixin.py:109} INFO - [2022-10-01 00:03:37,125] {dag.py:1833} INFO - Sync 1 DAGs
[2022-10-01 00:03:37,140] {logging_mixin.py:109} INFO - [2022-10-01 00:03:37,140] {dag.py:2306} INFO - Setting next_dagrun for example_bash_operator to 2022-09-29 00:00:00+00:00
[2022-10-01 00:03:37,153] {processor.py:170} INFO - Processing /home/airflow/.local/lib/python3.6/site-packages/airflow/example_dags/example_bash_operator.py took 0.066 seconds
[2022-10-01 00:04:07,343] {processor.py:162} INFO - Started process (PID=5999) to work on /home/airflow/.local/lib/python3.6/site-packages/airflow/example_dags/example_bash_operator.py
[2022-10-01 00:04:07,345] {processor.py:613} INFO - Processing file /home/airflow/.local/lib/python3.6/site-packages/airflow/example_dags/example_bash_operator.py for tasks to queue
[2022-10-01 00:04:07,346] {logging_mixin.py:109} INFO - [2022-10-01 00:04:07,346] {dagbag.py:496} INFO - Filling up the DagBag from /home/airflow/.local/lib/python3.6/site-packages/airflow/example_dags/example_bash_operator.py
[2022-10-01 00:04:07,358] {processor.py:623} INFO - DAG(s) dict_keys(['example_bash_operator']) retrieved from /home/airflow/.local/lib/python3.6/site-packages/airflow/example_dags/example_bash_operator.py
[2022-10-01 00:04:07,378] {logging_mixin.py:109} INFO - [2022-10-01 00:04:07,378] {dag.py:1833} INFO - Sync 1 DAGs
[2022-10-01 00:04:07,394] {logging_mixin.py:109} INFO - [2022-10-01 00:04:07,394] {dag.py:2306} INFO - Setting next_dagrun for example_bash_operator to 2022-09-29 00:00:00+00:00
[2022-10-01 00:04:07,405] {processor.py:170} INFO - Processing /home/airflow/.local/lib/python3.6/site-packages/airflow/example_dags/example_bash_operator.py took 0.065 seconds
[2022-10-01 00:04:37,553] {processor.py:162} INFO - Started process (PID=6051) to work on /home/airflow/.local/lib/python3.6/site-packages/airflow/example_dags/example_bash_operator.py
[2022-10-01 00:04:37,556] {processor.py:613} INFO - Processing file /home/airflow/.local/lib/python3.6/site-packages/airflow/example_dags/example_bash_operator.py for tasks to queue
[2022-10-01 00:04:37,557] {logging_mixin.py:109} INFO - [2022-10-01 00:04:37,557] {dagbag.py:496} INFO - Filling up the DagBag from /home/airflow/.local/lib/python3.6/site-packages/airflow/example_dags/example_bash_operator.py
[2022-10-01 00:04:37,568] {processor.py:623} INFO - DAG(s) dict_keys(['example_bash_operator']) retrieved from /home/airflow/.local/lib/python3.6/site-packages/airflow/example_dags/example_bash_operator.py
[2022-10-01 00:04:37,587] {logging_mixin.py:109} INFO - [2022-10-01 00:04:37,587] {dag.py:1833} INFO - Sync 1 DAGs
[2022-10-01 00:04:37,604] {logging_mixin.py:109} INFO - [2022-10-01 00:04:37,604] {dag.py:2306} INFO - Setting next_dagrun for example_bash_operator to 2022-09-29 00:00:00+00:00
[2022-10-01 00:04:37,616] {processor.py:170} INFO - Processing /home/airflow/.local/lib/python3.6/site-packages/airflow/example_dags/example_bash_operator.py took 0.066 seconds
[2022-10-01 00:05:08,920] {processor.py:162} INFO - Started process (PID=6112) to work on /home/airflow/.local/lib/python3.6/site-packages/airflow/example_dags/example_bash_operator.py
[2022-10-01 00:05:08,922] {processor.py:613} INFO - Processing file /home/airflow/.local/lib/python3.6/site-packages/airflow/example_dags/example_bash_operator.py for tasks to queue
[2022-10-01 00:05:08,923] {logging_mixin.py:109} INFO - [2022-10-01 00:05:08,923] {dagbag.py:496} INFO - Filling up the DagBag from /home/airflow/.local/lib/python3.6/site-packages/airflow/example_dags/example_bash_operator.py
[2022-10-01 00:05:08,934] {processor.py:623} INFO - DAG(s) dict_keys(['example_bash_operator']) retrieved from /home/airflow/.local/lib/python3.6/site-packages/airflow/example_dags/example_bash_operator.py
[2022-10-01 00:05:08,952] {logging_mixin.py:109} INFO - [2022-10-01 00:05:08,952] {dag.py:1833} INFO - Sync 1 DAGs
[2022-10-01 00:05:08,967] {logging_mixin.py:109} INFO - [2022-10-01 00:05:08,967] {dag.py:2306} INFO - Setting next_dagrun for example_bash_operator to 2022-09-29 00:00:00+00:00
[2022-10-01 00:05:08,976] {processor.py:170} INFO - Processing /home/airflow/.local/lib/python3.6/site-packages/airflow/example_dags/example_bash_operator.py took 0.059 seconds
[2022-10-01 00:05:39,235] {processor.py:162} INFO - Started process (PID=6173) to work on /home/airflow/.local/lib/python3.6/site-packages/airflow/example_dags/example_bash_operator.py
[2022-10-01 00:05:39,238] {processor.py:613} INFO - Processing file /home/airflow/.local/lib/python3.6/site-packages/airflow/example_dags/example_bash_operator.py for tasks to queue
[2022-10-01 00:05:39,240] {logging_mixin.py:109} INFO - [2022-10-01 00:05:39,240] {dagbag.py:496} INFO - Filling up the DagBag from /home/airflow/.local/lib/python3.6/site-packages/airflow/example_dags/example_bash_operator.py
[2022-10-01 00:05:39,261] {processor.py:623} INFO - DAG(s) dict_keys(['example_bash_operator']) retrieved from /home/airflow/.local/lib/python3.6/site-packages/airflow/example_dags/example_bash_operator.py
[2022-10-01 00:05:39,293] {logging_mixin.py:109} INFO - [2022-10-01 00:05:39,293] {dag.py:1833} INFO - Sync 1 DAGs
[2022-10-01 00:05:39,318] {logging_mixin.py:109} INFO - [2022-10-01 00:05:39,317] {dag.py:2306} INFO - Setting next_dagrun for example_bash_operator to 2022-09-29 00:00:00+00:00
[2022-10-01 00:05:39,334] {processor.py:170} INFO - Processing /home/airflow/.local/lib/python3.6/site-packages/airflow/example_dags/example_bash_operator.py took 0.104 seconds
[2022-10-01 00:06:09,557] {processor.py:162} INFO - Started process (PID=6225) to work on /home/airflow/.local/lib/python3.6/site-packages/airflow/example_dags/example_bash_operator.py
[2022-10-01 00:06:09,559] {processor.py:613} INFO - Processing file /home/airflow/.local/lib/python3.6/site-packages/airflow/example_dags/example_bash_operator.py for tasks to queue
[2022-10-01 00:06:09,560] {logging_mixin.py:109} INFO - [2022-10-01 00:06:09,560] {dagbag.py:496} INFO - Filling up the DagBag from /home/airflow/.local/lib/python3.6/site-packages/airflow/example_dags/example_bash_operator.py
[2022-10-01 00:06:09,571] {processor.py:623} INFO - DAG(s) dict_keys(['example_bash_operator']) retrieved from /home/airflow/.local/lib/python3.6/site-packages/airflow/example_dags/example_bash_operator.py
[2022-10-01 00:06:09,590] {logging_mixin.py:109} INFO - [2022-10-01 00:06:09,590] {dag.py:1833} INFO - Sync 1 DAGs
[2022-10-01 00:06:09,603] {logging_mixin.py:109} INFO - [2022-10-01 00:06:09,603] {dag.py:2306} INFO - Setting next_dagrun for example_bash_operator to 2022-09-29 00:00:00+00:00
[2022-10-01 00:06:09,615] {processor.py:170} INFO - Processing /home/airflow/.local/lib/python3.6/site-packages/airflow/example_dags/example_bash_operator.py took 0.062 seconds
[2022-10-01 00:06:40,938] {processor.py:162} INFO - Started process (PID=6287) to work on /home/airflow/.local/lib/python3.6/site-packages/airflow/example_dags/example_bash_operator.py
[2022-10-01 00:06:40,940] {processor.py:613} INFO - Processing file /home/airflow/.local/lib/python3.6/site-packages/airflow/example_dags/example_bash_operator.py for tasks to queue
[2022-10-01 00:06:40,941] {logging_mixin.py:109} INFO - [2022-10-01 00:06:40,941] {dagbag.py:496} INFO - Filling up the DagBag from /home/airflow/.local/lib/python3.6/site-packages/airflow/example_dags/example_bash_operator.py
[2022-10-01 00:06:40,953] {processor.py:623} INFO - DAG(s) dict_keys(['example_bash_operator']) retrieved from /home/airflow/.local/lib/python3.6/site-packages/airflow/example_dags/example_bash_operator.py
[2022-10-01 00:06:40,974] {logging_mixin.py:109} INFO - [2022-10-01 00:06:40,974] {dag.py:1833} INFO - Sync 1 DAGs
[2022-10-01 00:06:40,988] {logging_mixin.py:109} INFO - [2022-10-01 00:06:40,988] {dag.py:2306} INFO - Setting next_dagrun for example_bash_operator to 2022-09-29 00:00:00+00:00
[2022-10-01 00:06:41,000] {processor.py:170} INFO - Processing /home/airflow/.local/lib/python3.6/site-packages/airflow/example_dags/example_bash_operator.py took 0.065 seconds
[2022-10-01 00:07:11,803] {processor.py:162} INFO - Started process (PID=6348) to work on /home/airflow/.local/lib/python3.6/site-packages/airflow/example_dags/example_bash_operator.py
[2022-10-01 00:07:11,805] {processor.py:613} INFO - Processing file /home/airflow/.local/lib/python3.6/site-packages/airflow/example_dags/example_bash_operator.py for tasks to queue
[2022-10-01 00:07:11,806] {logging_mixin.py:109} INFO - [2022-10-01 00:07:11,806] {dagbag.py:496} INFO - Filling up the DagBag from /home/airflow/.local/lib/python3.6/site-packages/airflow/example_dags/example_bash_operator.py
[2022-10-01 00:07:11,818] {processor.py:623} INFO - DAG(s) dict_keys(['example_bash_operator']) retrieved from /home/airflow/.local/lib/python3.6/site-packages/airflow/example_dags/example_bash_operator.py
[2022-10-01 00:07:11,838] {logging_mixin.py:109} INFO - [2022-10-01 00:07:11,837] {dag.py:1833} INFO - Sync 1 DAGs
[2022-10-01 00:07:11,856] {logging_mixin.py:109} INFO - [2022-10-01 00:07:11,856] {dag.py:2306} INFO - Setting next_dagrun for example_bash_operator to 2022-09-29 00:00:00+00:00
[2022-10-01 00:07:11,866] {processor.py:170} INFO - Processing /home/airflow/.local/lib/python3.6/site-packages/airflow/example_dags/example_bash_operator.py took 0.066 seconds
[2022-10-01 00:07:42,604] {processor.py:162} INFO - Started process (PID=6399) to work on /home/airflow/.local/lib/python3.6/site-packages/airflow/example_dags/example_bash_operator.py
[2022-10-01 00:07:42,606] {processor.py:613} INFO - Processing file /home/airflow/.local/lib/python3.6/site-packages/airflow/example_dags/example_bash_operator.py for tasks to queue
[2022-10-01 00:07:42,607] {logging_mixin.py:109} INFO - [2022-10-01 00:07:42,607] {dagbag.py:496} INFO - Filling up the DagBag from /home/airflow/.local/lib/python3.6/site-packages/airflow/example_dags/example_bash_operator.py
[2022-10-01 00:07:42,622] {processor.py:623} INFO - DAG(s) dict_keys(['example_bash_operator']) retrieved from /home/airflow/.local/lib/python3.6/site-packages/airflow/example_dags/example_bash_operator.py
[2022-10-01 00:07:42,655] {logging_mixin.py:109} INFO - [2022-10-01 00:07:42,655] {dag.py:1833} INFO - Sync 1 DAGs
[2022-10-01 00:07:42,682] {logging_mixin.py:109} INFO - [2022-10-01 00:07:42,682] {dag.py:2306} INFO - Setting next_dagrun for example_bash_operator to 2022-09-29 00:00:00+00:00
[2022-10-01 00:07:42,693] {processor.py:170} INFO - Processing /home/airflow/.local/lib/python3.6/site-packages/airflow/example_dags/example_bash_operator.py took 0.093 seconds
[2022-10-01 00:08:12,840] {processor.py:162} INFO - Started process (PID=6460) to work on /home/airflow/.local/lib/python3.6/site-packages/airflow/example_dags/example_bash_operator.py
[2022-10-01 00:08:12,842] {processor.py:613} INFO - Processing file /home/airflow/.local/lib/python3.6/site-packages/airflow/example_dags/example_bash_operator.py for tasks to queue
[2022-10-01 00:08:12,844] {logging_mixin.py:109} INFO - [2022-10-01 00:08:12,843] {dagbag.py:496} INFO - Filling up the DagBag from /home/airflow/.local/lib/python3.6/site-packages/airflow/example_dags/example_bash_operator.py
[2022-10-01 00:08:12,854] {processor.py:623} INFO - DAG(s) dict_keys(['example_bash_operator']) retrieved from /home/airflow/.local/lib/python3.6/site-packages/airflow/example_dags/example_bash_operator.py
[2022-10-01 00:08:12,874] {logging_mixin.py:109} INFO - [2022-10-01 00:08:12,874] {dag.py:1833} INFO - Sync 1 DAGs
[2022-10-01 00:08:12,889] {logging_mixin.py:109} INFO - [2022-10-01 00:08:12,889] {dag.py:2306} INFO - Setting next_dagrun for example_bash_operator to 2022-09-29 00:00:00+00:00
[2022-10-01 00:08:12,901] {processor.py:170} INFO - Processing /home/airflow/.local/lib/python3.6/site-packages/airflow/example_dags/example_bash_operator.py took 0.063 seconds
[2022-10-01 00:08:44,009] {processor.py:162} INFO - Started process (PID=6511) to work on /home/airflow/.local/lib/python3.6/site-packages/airflow/example_dags/example_bash_operator.py
[2022-10-01 00:08:44,011] {processor.py:613} INFO - Processing file /home/airflow/.local/lib/python3.6/site-packages/airflow/example_dags/example_bash_operator.py for tasks to queue
[2022-10-01 00:08:44,012] {logging_mixin.py:109} INFO - [2022-10-01 00:08:44,012] {dagbag.py:496} INFO - Filling up the DagBag from /home/airflow/.local/lib/python3.6/site-packages/airflow/example_dags/example_bash_operator.py
[2022-10-01 00:08:44,023] {processor.py:623} INFO - DAG(s) dict_keys(['example_bash_operator']) retrieved from /home/airflow/.local/lib/python3.6/site-packages/airflow/example_dags/example_bash_operator.py
[2022-10-01 00:08:44,041] {logging_mixin.py:109} INFO - [2022-10-01 00:08:44,041] {dag.py:1833} INFO - Sync 1 DAGs
[2022-10-01 00:08:44,056] {logging_mixin.py:109} INFO - [2022-10-01 00:08:44,055] {dag.py:2306} INFO - Setting next_dagrun for example_bash_operator to 2022-09-29 00:00:00+00:00
[2022-10-01 00:08:44,066] {processor.py:170} INFO - Processing /home/airflow/.local/lib/python3.6/site-packages/airflow/example_dags/example_bash_operator.py took 0.060 seconds
[2022-10-01 00:09:14,923] {processor.py:162} INFO - Started process (PID=6572) to work on /home/airflow/.local/lib/python3.6/site-packages/airflow/example_dags/example_bash_operator.py
[2022-10-01 00:09:14,925] {processor.py:613} INFO - Processing file /home/airflow/.local/lib/python3.6/site-packages/airflow/example_dags/example_bash_operator.py for tasks to queue
[2022-10-01 00:09:14,927] {logging_mixin.py:109} INFO - [2022-10-01 00:09:14,926] {dagbag.py:496} INFO - Filling up the DagBag from /home/airflow/.local/lib/python3.6/site-packages/airflow/example_dags/example_bash_operator.py
[2022-10-01 00:09:14,938] {processor.py:623} INFO - DAG(s) dict_keys(['example_bash_operator']) retrieved from /home/airflow/.local/lib/python3.6/site-packages/airflow/example_dags/example_bash_operator.py
[2022-10-01 00:09:14,961] {logging_mixin.py:109} INFO - [2022-10-01 00:09:14,960] {dag.py:1833} INFO - Sync 1 DAGs
[2022-10-01 00:09:14,978] {logging_mixin.py:109} INFO - [2022-10-01 00:09:14,978] {dag.py:2306} INFO - Setting next_dagrun for example_bash_operator to 2022-09-29 00:00:00+00:00
[2022-10-01 00:09:14,989] {processor.py:170} INFO - Processing /home/airflow/.local/lib/python3.6/site-packages/airflow/example_dags/example_bash_operator.py took 0.070 seconds
[2022-10-01 00:09:45,812] {processor.py:162} INFO - Started process (PID=6633) to work on /home/airflow/.local/lib/python3.6/site-packages/airflow/example_dags/example_bash_operator.py
[2022-10-01 00:09:45,814] {processor.py:613} INFO - Processing file /home/airflow/.local/lib/python3.6/site-packages/airflow/example_dags/example_bash_operator.py for tasks to queue
[2022-10-01 00:09:45,815] {logging_mixin.py:109} INFO - [2022-10-01 00:09:45,815] {dagbag.py:496} INFO - Filling up the DagBag from /home/airflow/.local/lib/python3.6/site-packages/airflow/example_dags/example_bash_operator.py
[2022-10-01 00:09:45,826] {processor.py:623} INFO - DAG(s) dict_keys(['example_bash_operator']) retrieved from /home/airflow/.local/lib/python3.6/site-packages/airflow/example_dags/example_bash_operator.py
[2022-10-01 00:09:45,850] {logging_mixin.py:109} INFO - [2022-10-01 00:09:45,850] {dag.py:1833} INFO - Sync 1 DAGs
[2022-10-01 00:09:45,867] {logging_mixin.py:109} INFO - [2022-10-01 00:09:45,867] {dag.py:2306} INFO - Setting next_dagrun for example_bash_operator to 2022-09-29 00:00:00+00:00
[2022-10-01 00:09:45,879] {processor.py:170} INFO - Processing /home/airflow/.local/lib/python3.6/site-packages/airflow/example_dags/example_bash_operator.py took 0.070 seconds
[2022-10-01 00:10:16,536] {processor.py:162} INFO - Started process (PID=6684) to work on /home/airflow/.local/lib/python3.6/site-packages/airflow/example_dags/example_bash_operator.py
[2022-10-01 00:10:16,538] {processor.py:613} INFO - Processing file /home/airflow/.local/lib/python3.6/site-packages/airflow/example_dags/example_bash_operator.py for tasks to queue
[2022-10-01 00:10:16,539] {logging_mixin.py:109} INFO - [2022-10-01 00:10:16,539] {dagbag.py:496} INFO - Filling up the DagBag from /home/airflow/.local/lib/python3.6/site-packages/airflow/example_dags/example_bash_operator.py
[2022-10-01 00:10:16,550] {processor.py:623} INFO - DAG(s) dict_keys(['example_bash_operator']) retrieved from /home/airflow/.local/lib/python3.6/site-packages/airflow/example_dags/example_bash_operator.py
[2022-10-01 00:10:16,569] {logging_mixin.py:109} INFO - [2022-10-01 00:10:16,569] {dag.py:1833} INFO - Sync 1 DAGs
[2022-10-01 00:10:16,583] {logging_mixin.py:109} INFO - [2022-10-01 00:10:16,583] {dag.py:2306} INFO - Setting next_dagrun for example_bash_operator to 2022-09-29 00:00:00+00:00
[2022-10-01 00:10:16,593] {processor.py:170} INFO - Processing /home/airflow/.local/lib/python3.6/site-packages/airflow/example_dags/example_bash_operator.py took 0.059 seconds
[2022-10-01 00:10:47,018] {processor.py:162} INFO - Started process (PID=6745) to work on /home/airflow/.local/lib/python3.6/site-packages/airflow/example_dags/example_bash_operator.py
[2022-10-01 00:10:47,020] {processor.py:613} INFO - Processing file /home/airflow/.local/lib/python3.6/site-packages/airflow/example_dags/example_bash_operator.py for tasks to queue
[2022-10-01 00:10:47,021] {logging_mixin.py:109} INFO - [2022-10-01 00:10:47,021] {dagbag.py:496} INFO - Filling up the DagBag from /home/airflow/.local/lib/python3.6/site-packages/airflow/example_dags/example_bash_operator.py
[2022-10-01 00:10:47,032] {processor.py:623} INFO - DAG(s) dict_keys(['example_bash_operator']) retrieved from /home/airflow/.local/lib/python3.6/site-packages/airflow/example_dags/example_bash_operator.py
[2022-10-01 00:10:47,055] {logging_mixin.py:109} INFO - [2022-10-01 00:10:47,054] {dag.py:1833} INFO - Sync 1 DAGs
[2022-10-01 00:10:47,070] {logging_mixin.py:109} INFO - [2022-10-01 00:10:47,070] {dag.py:2306} INFO - Setting next_dagrun for example_bash_operator to 2022-09-29 00:00:00+00:00
[2022-10-01 00:10:47,083] {processor.py:170} INFO - Processing /home/airflow/.local/lib/python3.6/site-packages/airflow/example_dags/example_bash_operator.py took 0.068 seconds
[2022-10-01 00:11:17,731] {processor.py:162} INFO - Started process (PID=6806) to work on /home/airflow/.local/lib/python3.6/site-packages/airflow/example_dags/example_bash_operator.py
[2022-10-01 00:11:17,733] {processor.py:613} INFO - Processing file /home/airflow/.local/lib/python3.6/site-packages/airflow/example_dags/example_bash_operator.py for tasks to queue
[2022-10-01 00:11:17,734] {logging_mixin.py:109} INFO - [2022-10-01 00:11:17,734] {dagbag.py:496} INFO - Filling up the DagBag from /home/airflow/.local/lib/python3.6/site-packages/airflow/example_dags/example_bash_operator.py
[2022-10-01 00:11:17,745] {processor.py:623} INFO - DAG(s) dict_keys(['example_bash_operator']) retrieved from /home/airflow/.local/lib/python3.6/site-packages/airflow/example_dags/example_bash_operator.py
[2022-10-01 00:11:17,762] {logging_mixin.py:109} INFO - [2022-10-01 00:11:17,762] {dag.py:1833} INFO - Sync 1 DAGs
[2022-10-01 00:11:17,775] {logging_mixin.py:109} INFO - [2022-10-01 00:11:17,775] {dag.py:2306} INFO - Setting next_dagrun for example_bash_operator to 2022-09-29 00:00:00+00:00
[2022-10-01 00:11:17,785] {processor.py:170} INFO - Processing /home/airflow/.local/lib/python3.6/site-packages/airflow/example_dags/example_bash_operator.py took 0.056 seconds
[2022-10-01 00:11:47,810] {processor.py:162} INFO - Started process (PID=6857) to work on /home/airflow/.local/lib/python3.6/site-packages/airflow/example_dags/example_bash_operator.py
[2022-10-01 00:11:47,813] {processor.py:613} INFO - Processing file /home/airflow/.local/lib/python3.6/site-packages/airflow/example_dags/example_bash_operator.py for tasks to queue
[2022-10-01 00:11:47,814] {logging_mixin.py:109} INFO - [2022-10-01 00:11:47,814] {dagbag.py:496} INFO - Filling up the DagBag from /home/airflow/.local/lib/python3.6/site-packages/airflow/example_dags/example_bash_operator.py
[2022-10-01 00:11:47,825] {processor.py:623} INFO - DAG(s) dict_keys(['example_bash_operator']) retrieved from /home/airflow/.local/lib/python3.6/site-packages/airflow/example_dags/example_bash_operator.py
[2022-10-01 00:11:47,846] {logging_mixin.py:109} INFO - [2022-10-01 00:11:47,846] {dag.py:1833} INFO - Sync 1 DAGs
[2022-10-01 00:11:47,859] {logging_mixin.py:109} INFO - [2022-10-01 00:11:47,858] {dag.py:2306} INFO - Setting next_dagrun for example_bash_operator to 2022-09-29 00:00:00+00:00
[2022-10-01 00:11:47,872] {processor.py:170} INFO - Processing /home/airflow/.local/lib/python3.6/site-packages/airflow/example_dags/example_bash_operator.py took 0.065 seconds
[2022-10-01 00:12:18,828] {processor.py:162} INFO - Started process (PID=6918) to work on /home/airflow/.local/lib/python3.6/site-packages/airflow/example_dags/example_bash_operator.py
[2022-10-01 00:12:18,829] {processor.py:613} INFO - Processing file /home/airflow/.local/lib/python3.6/site-packages/airflow/example_dags/example_bash_operator.py for tasks to queue
[2022-10-01 00:12:18,830] {logging_mixin.py:109} INFO - [2022-10-01 00:12:18,830] {dagbag.py:496} INFO - Filling up the DagBag from /home/airflow/.local/lib/python3.6/site-packages/airflow/example_dags/example_bash_operator.py
[2022-10-01 00:12:18,841] {processor.py:623} INFO - DAG(s) dict_keys(['example_bash_operator']) retrieved from /home/airflow/.local/lib/python3.6/site-packages/airflow/example_dags/example_bash_operator.py
[2022-10-01 00:12:18,863] {logging_mixin.py:109} INFO - [2022-10-01 00:12:18,863] {dag.py:1833} INFO - Sync 1 DAGs
[2022-10-01 00:12:18,880] {logging_mixin.py:109} INFO - [2022-10-01 00:12:18,879] {dag.py:2306} INFO - Setting next_dagrun for example_bash_operator to 2022-09-29 00:00:00+00:00
[2022-10-01 00:12:18,891] {processor.py:170} INFO - Processing /home/airflow/.local/lib/python3.6/site-packages/airflow/example_dags/example_bash_operator.py took 0.066 seconds
[2022-10-01 00:12:48,978] {processor.py:162} INFO - Started process (PID=6979) to work on /home/airflow/.local/lib/python3.6/site-packages/airflow/example_dags/example_bash_operator.py
[2022-10-01 00:12:48,980] {processor.py:613} INFO - Processing file /home/airflow/.local/lib/python3.6/site-packages/airflow/example_dags/example_bash_operator.py for tasks to queue
[2022-10-01 00:12:48,981] {logging_mixin.py:109} INFO - [2022-10-01 00:12:48,981] {dagbag.py:496} INFO - Filling up the DagBag from /home/airflow/.local/lib/python3.6/site-packages/airflow/example_dags/example_bash_operator.py
[2022-10-01 00:12:48,995] {processor.py:623} INFO - DAG(s) dict_keys(['example_bash_operator']) retrieved from /home/airflow/.local/lib/python3.6/site-packages/airflow/example_dags/example_bash_operator.py
[2022-10-01 00:12:49,015] {logging_mixin.py:109} INFO - [2022-10-01 00:12:49,015] {dag.py:1833} INFO - Sync 1 DAGs
[2022-10-01 00:12:49,031] {logging_mixin.py:109} INFO - [2022-10-01 00:12:49,031] {dag.py:2306} INFO - Setting next_dagrun for example_bash_operator to 2022-09-29 00:00:00+00:00
[2022-10-01 00:12:49,041] {processor.py:170} INFO - Processing /home/airflow/.local/lib/python3.6/site-packages/airflow/example_dags/example_bash_operator.py took 0.067 seconds
[2022-10-01 00:13:19,981] {processor.py:162} INFO - Started process (PID=7040) to work on /home/airflow/.local/lib/python3.6/site-packages/airflow/example_dags/example_bash_operator.py
[2022-10-01 00:13:19,983] {processor.py:613} INFO - Processing file /home/airflow/.local/lib/python3.6/site-packages/airflow/example_dags/example_bash_operator.py for tasks to queue
[2022-10-01 00:13:19,985] {logging_mixin.py:109} INFO - [2022-10-01 00:13:19,985] {dagbag.py:496} INFO - Filling up the DagBag from /home/airflow/.local/lib/python3.6/site-packages/airflow/example_dags/example_bash_operator.py
[2022-10-01 00:13:20,000] {processor.py:623} INFO - DAG(s) dict_keys(['example_bash_operator']) retrieved from /home/airflow/.local/lib/python3.6/site-packages/airflow/example_dags/example_bash_operator.py
[2022-10-01 00:13:20,026] {logging_mixin.py:109} INFO - [2022-10-01 00:13:20,026] {dag.py:1833} INFO - Sync 1 DAGs
[2022-10-01 00:13:20,050] {logging_mixin.py:109} INFO - [2022-10-01 00:13:20,049] {dag.py:2306} INFO - Setting next_dagrun for example_bash_operator to 2022-09-29 00:00:00+00:00
[2022-10-01 00:13:20,062] {processor.py:170} INFO - Processing /home/airflow/.local/lib/python3.6/site-packages/airflow/example_dags/example_bash_operator.py took 0.083 seconds
[2022-10-01 00:13:50,841] {processor.py:162} INFO - Started process (PID=7092) to work on /home/airflow/.local/lib/python3.6/site-packages/airflow/example_dags/example_bash_operator.py
[2022-10-01 00:13:50,843] {processor.py:613} INFO - Processing file /home/airflow/.local/lib/python3.6/site-packages/airflow/example_dags/example_bash_operator.py for tasks to queue
[2022-10-01 00:13:50,844] {logging_mixin.py:109} INFO - [2022-10-01 00:13:50,844] {dagbag.py:496} INFO - Filling up the DagBag from /home/airflow/.local/lib/python3.6/site-packages/airflow/example_dags/example_bash_operator.py
[2022-10-01 00:13:50,855] {processor.py:623} INFO - DAG(s) dict_keys(['example_bash_operator']) retrieved from /home/airflow/.local/lib/python3.6/site-packages/airflow/example_dags/example_bash_operator.py
[2022-10-01 00:13:50,874] {logging_mixin.py:109} INFO - [2022-10-01 00:13:50,874] {dag.py:1833} INFO - Sync 1 DAGs
[2022-10-01 00:13:50,889] {logging_mixin.py:109} INFO - [2022-10-01 00:13:50,889] {dag.py:2306} INFO - Setting next_dagrun for example_bash_operator to 2022-09-29 00:00:00+00:00
[2022-10-01 00:13:50,900] {processor.py:170} INFO - Processing /home/airflow/.local/lib/python3.6/site-packages/airflow/example_dags/example_bash_operator.py took 0.061 seconds
[2022-10-01 00:14:21,295] {processor.py:162} INFO - Started process (PID=7153) to work on /home/airflow/.local/lib/python3.6/site-packages/airflow/example_dags/example_bash_operator.py
[2022-10-01 00:14:21,297] {processor.py:613} INFO - Processing file /home/airflow/.local/lib/python3.6/site-packages/airflow/example_dags/example_bash_operator.py for tasks to queue
[2022-10-01 00:14:21,298] {logging_mixin.py:109} INFO - [2022-10-01 00:14:21,298] {dagbag.py:496} INFO - Filling up the DagBag from /home/airflow/.local/lib/python3.6/site-packages/airflow/example_dags/example_bash_operator.py
[2022-10-01 00:14:21,309] {processor.py:623} INFO - DAG(s) dict_keys(['example_bash_operator']) retrieved from /home/airflow/.local/lib/python3.6/site-packages/airflow/example_dags/example_bash_operator.py
[2022-10-01 00:14:21,330] {logging_mixin.py:109} INFO - [2022-10-01 00:14:21,330] {dag.py:1833} INFO - Sync 1 DAGs
[2022-10-01 00:14:21,346] {logging_mixin.py:109} INFO - [2022-10-01 00:14:21,346] {dag.py:2306} INFO - Setting next_dagrun for example_bash_operator to 2022-09-29 00:00:00+00:00
[2022-10-01 00:14:21,358] {processor.py:170} INFO - Processing /home/airflow/.local/lib/python3.6/site-packages/airflow/example_dags/example_bash_operator.py took 0.065 seconds
[2022-10-01 00:14:52,150] {processor.py:162} INFO - Started process (PID=7212) to work on /home/airflow/.local/lib/python3.6/site-packages/airflow/example_dags/example_bash_operator.py
[2022-10-01 00:14:52,152] {processor.py:613} INFO - Processing file /home/airflow/.local/lib/python3.6/site-packages/airflow/example_dags/example_bash_operator.py for tasks to queue
[2022-10-01 00:14:52,153] {logging_mixin.py:109} INFO - [2022-10-01 00:14:52,153] {dagbag.py:496} INFO - Filling up the DagBag from /home/airflow/.local/lib/python3.6/site-packages/airflow/example_dags/example_bash_operator.py
[2022-10-01 00:14:52,164] {processor.py:623} INFO - DAG(s) dict_keys(['example_bash_operator']) retrieved from /home/airflow/.local/lib/python3.6/site-packages/airflow/example_dags/example_bash_operator.py
[2022-10-01 00:14:52,184] {logging_mixin.py:109} INFO - [2022-10-01 00:14:52,184] {dag.py:1833} INFO - Sync 1 DAGs
[2022-10-01 00:14:52,200] {logging_mixin.py:109} INFO - [2022-10-01 00:14:52,200] {dag.py:2306} INFO - Setting next_dagrun for example_bash_operator to 2022-09-29 00:00:00+00:00
[2022-10-01 00:14:52,211] {processor.py:170} INFO - Processing /home/airflow/.local/lib/python3.6/site-packages/airflow/example_dags/example_bash_operator.py took 0.064 seconds
[2022-10-01 00:15:22,531] {processor.py:162} INFO - Started process (PID=7266) to work on /home/airflow/.local/lib/python3.6/site-packages/airflow/example_dags/example_bash_operator.py
[2022-10-01 00:15:22,533] {processor.py:613} INFO - Processing file /home/airflow/.local/lib/python3.6/site-packages/airflow/example_dags/example_bash_operator.py for tasks to queue
[2022-10-01 00:15:22,534] {logging_mixin.py:109} INFO - [2022-10-01 00:15:22,534] {dagbag.py:496} INFO - Filling up the DagBag from /home/airflow/.local/lib/python3.6/site-packages/airflow/example_dags/example_bash_operator.py
[2022-10-01 00:15:22,546] {processor.py:623} INFO - DAG(s) dict_keys(['example_bash_operator']) retrieved from /home/airflow/.local/lib/python3.6/site-packages/airflow/example_dags/example_bash_operator.py
[2022-10-01 00:15:22,564] {logging_mixin.py:109} INFO - [2022-10-01 00:15:22,564] {dag.py:1833} INFO - Sync 1 DAGs
[2022-10-01 00:15:22,579] {logging_mixin.py:109} INFO - [2022-10-01 00:15:22,579] {dag.py:2306} INFO - Setting next_dagrun for example_bash_operator to 2022-09-29 00:00:00+00:00
[2022-10-01 00:15:22,590] {processor.py:170} INFO - Processing /home/airflow/.local/lib/python3.6/site-packages/airflow/example_dags/example_bash_operator.py took 0.062 seconds
[2022-10-01 00:15:53,178] {processor.py:162} INFO - Started process (PID=7327) to work on /home/airflow/.local/lib/python3.6/site-packages/airflow/example_dags/example_bash_operator.py
[2022-10-01 00:15:53,179] {processor.py:613} INFO - Processing file /home/airflow/.local/lib/python3.6/site-packages/airflow/example_dags/example_bash_operator.py for tasks to queue
[2022-10-01 00:15:53,180] {logging_mixin.py:109} INFO - [2022-10-01 00:15:53,180] {dagbag.py:496} INFO - Filling up the DagBag from /home/airflow/.local/lib/python3.6/site-packages/airflow/example_dags/example_bash_operator.py
[2022-10-01 00:15:53,192] {processor.py:623} INFO - DAG(s) dict_keys(['example_bash_operator']) retrieved from /home/airflow/.local/lib/python3.6/site-packages/airflow/example_dags/example_bash_operator.py
[2022-10-01 00:15:53,210] {logging_mixin.py:109} INFO - [2022-10-01 00:15:53,210] {dag.py:1833} INFO - Sync 1 DAGs
[2022-10-01 00:15:53,226] {logging_mixin.py:109} INFO - [2022-10-01 00:15:53,226] {dag.py:2306} INFO - Setting next_dagrun for example_bash_operator to 2022-09-29 00:00:00+00:00
[2022-10-01 00:15:53,237] {processor.py:170} INFO - Processing /home/airflow/.local/lib/python3.6/site-packages/airflow/example_dags/example_bash_operator.py took 0.062 seconds
[2022-10-01 00:16:23,967] {processor.py:162} INFO - Started process (PID=7387) to work on /home/airflow/.local/lib/python3.6/site-packages/airflow/example_dags/example_bash_operator.py
[2022-10-01 00:16:23,969] {processor.py:613} INFO - Processing file /home/airflow/.local/lib/python3.6/site-packages/airflow/example_dags/example_bash_operator.py for tasks to queue
[2022-10-01 00:16:23,970] {logging_mixin.py:109} INFO - [2022-10-01 00:16:23,970] {dagbag.py:496} INFO - Filling up the DagBag from /home/airflow/.local/lib/python3.6/site-packages/airflow/example_dags/example_bash_operator.py
[2022-10-01 00:16:23,981] {processor.py:623} INFO - DAG(s) dict_keys(['example_bash_operator']) retrieved from /home/airflow/.local/lib/python3.6/site-packages/airflow/example_dags/example_bash_operator.py
[2022-10-01 00:16:24,005] {logging_mixin.py:109} INFO - [2022-10-01 00:16:24,005] {dag.py:1833} INFO - Sync 1 DAGs
[2022-10-01 00:16:24,022] {logging_mixin.py:109} INFO - [2022-10-01 00:16:24,021] {dag.py:2306} INFO - Setting next_dagrun for example_bash_operator to 2022-09-29 00:00:00+00:00
[2022-10-01 00:16:24,033] {processor.py:170} INFO - Processing /home/airflow/.local/lib/python3.6/site-packages/airflow/example_dags/example_bash_operator.py took 0.068 seconds
[2022-10-01 00:16:54,217] {processor.py:162} INFO - Started process (PID=7439) to work on /home/airflow/.local/lib/python3.6/site-packages/airflow/example_dags/example_bash_operator.py
[2022-10-01 00:16:54,219] {processor.py:613} INFO - Processing file /home/airflow/.local/lib/python3.6/site-packages/airflow/example_dags/example_bash_operator.py for tasks to queue
[2022-10-01 00:16:54,220] {logging_mixin.py:109} INFO - [2022-10-01 00:16:54,220] {dagbag.py:496} INFO - Filling up the DagBag from /home/airflow/.local/lib/python3.6/site-packages/airflow/example_dags/example_bash_operator.py
[2022-10-01 00:16:54,232] {processor.py:623} INFO - DAG(s) dict_keys(['example_bash_operator']) retrieved from /home/airflow/.local/lib/python3.6/site-packages/airflow/example_dags/example_bash_operator.py
[2022-10-01 00:16:54,253] {logging_mixin.py:109} INFO - [2022-10-01 00:16:54,253] {dag.py:1833} INFO - Sync 1 DAGs
[2022-10-01 00:16:54,267] {logging_mixin.py:109} INFO - [2022-10-01 00:16:54,267] {dag.py:2306} INFO - Setting next_dagrun for example_bash_operator to 2022-09-29 00:00:00+00:00
[2022-10-01 00:16:54,279] {processor.py:170} INFO - Processing /home/airflow/.local/lib/python3.6/site-packages/airflow/example_dags/example_bash_operator.py took 0.065 seconds
[2022-10-01 00:17:25,024] {processor.py:162} INFO - Started process (PID=7500) to work on /home/airflow/.local/lib/python3.6/site-packages/airflow/example_dags/example_bash_operator.py
[2022-10-01 00:17:25,025] {processor.py:613} INFO - Processing file /home/airflow/.local/lib/python3.6/site-packages/airflow/example_dags/example_bash_operator.py for tasks to queue
[2022-10-01 00:17:25,026] {logging_mixin.py:109} INFO - [2022-10-01 00:17:25,026] {dagbag.py:496} INFO - Filling up the DagBag from /home/airflow/.local/lib/python3.6/site-packages/airflow/example_dags/example_bash_operator.py
[2022-10-01 00:17:25,038] {processor.py:623} INFO - DAG(s) dict_keys(['example_bash_operator']) retrieved from /home/airflow/.local/lib/python3.6/site-packages/airflow/example_dags/example_bash_operator.py
[2022-10-01 00:17:25,057] {logging_mixin.py:109} INFO - [2022-10-01 00:17:25,057] {dag.py:1833} INFO - Sync 1 DAGs
[2022-10-01 00:17:25,076] {logging_mixin.py:109} INFO - [2022-10-01 00:17:25,076] {dag.py:2306} INFO - Setting next_dagrun for example_bash_operator to 2022-09-29 00:00:00+00:00
[2022-10-01 00:17:25,085] {processor.py:170} INFO - Processing /home/airflow/.local/lib/python3.6/site-packages/airflow/example_dags/example_bash_operator.py took 0.064 seconds
[2022-10-01 00:17:55,636] {processor.py:162} INFO - Started process (PID=7562) to work on /home/airflow/.local/lib/python3.6/site-packages/airflow/example_dags/example_bash_operator.py
[2022-10-01 00:17:55,637] {processor.py:613} INFO - Processing file /home/airflow/.local/lib/python3.6/site-packages/airflow/example_dags/example_bash_operator.py for tasks to queue
[2022-10-01 00:17:55,638] {logging_mixin.py:109} INFO - [2022-10-01 00:17:55,638] {dagbag.py:496} INFO - Filling up the DagBag from /home/airflow/.local/lib/python3.6/site-packages/airflow/example_dags/example_bash_operator.py
[2022-10-01 00:17:55,651] {processor.py:623} INFO - DAG(s) dict_keys(['example_bash_operator']) retrieved from /home/airflow/.local/lib/python3.6/site-packages/airflow/example_dags/example_bash_operator.py
[2022-10-01 00:17:55,671] {logging_mixin.py:109} INFO - [2022-10-01 00:17:55,671] {dag.py:1833} INFO - Sync 1 DAGs
[2022-10-01 00:17:55,687] {logging_mixin.py:109} INFO - [2022-10-01 00:17:55,687] {dag.py:2306} INFO - Setting next_dagrun for example_bash_operator to 2022-09-29 00:00:00+00:00
[2022-10-01 00:17:55,696] {processor.py:170} INFO - Processing /home/airflow/.local/lib/python3.6/site-packages/airflow/example_dags/example_bash_operator.py took 0.063 seconds
[2022-10-01 00:18:18,689] {processor.py:162} INFO - Started process (PID=7615) to work on /home/airflow/.local/lib/python3.6/site-packages/airflow/example_dags/example_bash_operator.py
[2022-10-01 00:18:18,691] {processor.py:613} INFO - Processing file /home/airflow/.local/lib/python3.6/site-packages/airflow/example_dags/example_bash_operator.py for tasks to queue
[2022-10-01 00:18:18,693] {logging_mixin.py:109} INFO - [2022-10-01 00:18:18,693] {dagbag.py:496} INFO - Filling up the DagBag from /home/airflow/.local/lib/python3.6/site-packages/airflow/example_dags/example_bash_operator.py
[2022-10-01 00:18:18,721] {processor.py:623} INFO - DAG(s) dict_keys(['example_bash_operator']) retrieved from /home/airflow/.local/lib/python3.6/site-packages/airflow/example_dags/example_bash_operator.py
[2022-10-01 00:18:18,748] {logging_mixin.py:109} INFO - [2022-10-01 00:18:18,748] {dag.py:1833} INFO - Sync 1 DAGs
[2022-10-01 00:18:18,771] {logging_mixin.py:109} INFO - [2022-10-01 00:18:18,771] {dag.py:2306} INFO - Setting next_dagrun for example_bash_operator to 2022-09-29 00:00:00+00:00
[2022-10-01 00:18:18,787] {processor.py:170} INFO - Processing /home/airflow/.local/lib/python3.6/site-packages/airflow/example_dags/example_bash_operator.py took 0.102 seconds
[2022-10-01 00:18:49,834] {processor.py:162} INFO - Started process (PID=7666) to work on /home/airflow/.local/lib/python3.6/site-packages/airflow/example_dags/example_bash_operator.py
[2022-10-01 00:18:49,836] {processor.py:613} INFO - Processing file /home/airflow/.local/lib/python3.6/site-packages/airflow/example_dags/example_bash_operator.py for tasks to queue
[2022-10-01 00:18:49,837] {logging_mixin.py:109} INFO - [2022-10-01 00:18:49,837] {dagbag.py:496} INFO - Filling up the DagBag from /home/airflow/.local/lib/python3.6/site-packages/airflow/example_dags/example_bash_operator.py
[2022-10-01 00:18:49,849] {processor.py:623} INFO - DAG(s) dict_keys(['example_bash_operator']) retrieved from /home/airflow/.local/lib/python3.6/site-packages/airflow/example_dags/example_bash_operator.py
[2022-10-01 00:18:49,919] {logging_mixin.py:109} INFO - [2022-10-01 00:18:49,918] {dag.py:1833} INFO - Sync 1 DAGs
[2022-10-01 00:18:49,941] {logging_mixin.py:109} INFO - [2022-10-01 00:18:49,941] {dag.py:2306} INFO - Setting next_dagrun for example_bash_operator to 2022-09-29 00:00:00+00:00
[2022-10-01 00:18:49,950] {processor.py:170} INFO - Processing /home/airflow/.local/lib/python3.6/site-packages/airflow/example_dags/example_bash_operator.py took 0.119 seconds
[2022-10-01 00:19:20,986] {processor.py:162} INFO - Started process (PID=7727) to work on /home/airflow/.local/lib/python3.6/site-packages/airflow/example_dags/example_bash_operator.py
[2022-10-01 00:19:20,987] {processor.py:613} INFO - Processing file /home/airflow/.local/lib/python3.6/site-packages/airflow/example_dags/example_bash_operator.py for tasks to queue
[2022-10-01 00:19:20,989] {logging_mixin.py:109} INFO - [2022-10-01 00:19:20,989] {dagbag.py:496} INFO - Filling up the DagBag from /home/airflow/.local/lib/python3.6/site-packages/airflow/example_dags/example_bash_operator.py
[2022-10-01 00:19:21,000] {processor.py:623} INFO - DAG(s) dict_keys(['example_bash_operator']) retrieved from /home/airflow/.local/lib/python3.6/site-packages/airflow/example_dags/example_bash_operator.py
[2022-10-01 00:19:21,021] {logging_mixin.py:109} INFO - [2022-10-01 00:19:21,021] {dag.py:1833} INFO - Sync 1 DAGs
[2022-10-01 00:19:21,035] {logging_mixin.py:109} INFO - [2022-10-01 00:19:21,035] {dag.py:2306} INFO - Setting next_dagrun for example_bash_operator to 2022-09-29 00:00:00+00:00
[2022-10-01 00:19:21,045] {processor.py:170} INFO - Processing /home/airflow/.local/lib/python3.6/site-packages/airflow/example_dags/example_bash_operator.py took 0.061 seconds
[2022-10-01 00:19:51,908] {processor.py:162} INFO - Started process (PID=7787) to work on /home/airflow/.local/lib/python3.6/site-packages/airflow/example_dags/example_bash_operator.py
[2022-10-01 00:19:51,910] {processor.py:613} INFO - Processing file /home/airflow/.local/lib/python3.6/site-packages/airflow/example_dags/example_bash_operator.py for tasks to queue
[2022-10-01 00:19:51,911] {logging_mixin.py:109} INFO - [2022-10-01 00:19:51,911] {dagbag.py:496} INFO - Filling up the DagBag from /home/airflow/.local/lib/python3.6/site-packages/airflow/example_dags/example_bash_operator.py
[2022-10-01 00:19:51,928] {processor.py:623} INFO - DAG(s) dict_keys(['example_bash_operator']) retrieved from /home/airflow/.local/lib/python3.6/site-packages/airflow/example_dags/example_bash_operator.py
[2022-10-01 00:19:51,947] {logging_mixin.py:109} INFO - [2022-10-01 00:19:51,947] {dag.py:1833} INFO - Sync 1 DAGs
[2022-10-01 00:19:51,958] {logging_mixin.py:109} INFO - [2022-10-01 00:19:51,958] {dag.py:2306} INFO - Setting next_dagrun for example_bash_operator to 2022-09-29 00:00:00+00:00
[2022-10-01 00:19:51,967] {processor.py:170} INFO - Processing /home/airflow/.local/lib/python3.6/site-packages/airflow/example_dags/example_bash_operator.py took 0.062 seconds
