[2022-10-01 00:00:00,789] {processor.py:162} INFO - Started process (PID=5514) to work on /home/airflow/.local/lib/python3.6/site-packages/airflow/example_dags/example_latest_only.py
[2022-10-01 00:00:00,791] {processor.py:613} INFO - Processing file /home/airflow/.local/lib/python3.6/site-packages/airflow/example_dags/example_latest_only.py for tasks to queue
[2022-10-01 00:00:00,793] {logging_mixin.py:109} INFO - [2022-10-01 00:00:00,793] {dagbag.py:496} INFO - Filling up the DagBag from /home/airflow/.local/lib/python3.6/site-packages/airflow/example_dags/example_latest_only.py
[2022-10-01 00:00:00,803] {processor.py:623} INFO - DAG(s) dict_keys(['latest_only']) retrieved from /home/airflow/.local/lib/python3.6/site-packages/airflow/example_dags/example_latest_only.py
[2022-10-01 00:00:00,997] {logging_mixin.py:109} INFO - [2022-10-01 00:00:00,997] {dag.py:1833} INFO - Sync 1 DAGs
[2022-10-01 00:00:01,013] {logging_mixin.py:109} INFO - [2022-10-01 00:00:01,013] {dag.py:2306} INFO - Setting next_dagrun for latest_only to 2022-09-29 00:00:00+00:00
[2022-10-01 00:00:01,030] {processor.py:170} INFO - Processing /home/airflow/.local/lib/python3.6/site-packages/airflow/example_dags/example_latest_only.py took 0.245 seconds
[2022-10-01 00:00:31,597] {processor.py:162} INFO - Started process (PID=5575) to work on /home/airflow/.local/lib/python3.6/site-packages/airflow/example_dags/example_latest_only.py
[2022-10-01 00:00:31,600] {processor.py:613} INFO - Processing file /home/airflow/.local/lib/python3.6/site-packages/airflow/example_dags/example_latest_only.py for tasks to queue
[2022-10-01 00:00:31,602] {logging_mixin.py:109} INFO - [2022-10-01 00:00:31,602] {dagbag.py:496} INFO - Filling up the DagBag from /home/airflow/.local/lib/python3.6/site-packages/airflow/example_dags/example_latest_only.py
[2022-10-01 00:00:31,616] {processor.py:623} INFO - DAG(s) dict_keys(['latest_only']) retrieved from /home/airflow/.local/lib/python3.6/site-packages/airflow/example_dags/example_latest_only.py
[2022-10-01 00:00:31,640] {logging_mixin.py:109} INFO - [2022-10-01 00:00:31,640] {dag.py:1833} INFO - Sync 1 DAGs
[2022-10-01 00:00:31,656] {logging_mixin.py:109} INFO - [2022-10-01 00:00:31,656] {dag.py:2306} INFO - Setting next_dagrun for latest_only to 2022-09-29 00:00:00+00:00
[2022-10-01 00:00:31,665] {processor.py:170} INFO - Processing /home/airflow/.local/lib/python3.6/site-packages/airflow/example_dags/example_latest_only.py took 0.072 seconds
[2022-10-01 00:01:02,271] {processor.py:162} INFO - Started process (PID=5625) to work on /home/airflow/.local/lib/python3.6/site-packages/airflow/example_dags/example_latest_only.py
[2022-10-01 00:01:02,274] {processor.py:613} INFO - Processing file /home/airflow/.local/lib/python3.6/site-packages/airflow/example_dags/example_latest_only.py for tasks to queue
[2022-10-01 00:01:02,275] {logging_mixin.py:109} INFO - [2022-10-01 00:01:02,275] {dagbag.py:496} INFO - Filling up the DagBag from /home/airflow/.local/lib/python3.6/site-packages/airflow/example_dags/example_latest_only.py
[2022-10-01 00:01:02,286] {processor.py:623} INFO - DAG(s) dict_keys(['latest_only']) retrieved from /home/airflow/.local/lib/python3.6/site-packages/airflow/example_dags/example_latest_only.py
[2022-10-01 00:01:02,306] {logging_mixin.py:109} INFO - [2022-10-01 00:01:02,306] {dag.py:1833} INFO - Sync 1 DAGs
[2022-10-01 00:01:02,323] {logging_mixin.py:109} INFO - [2022-10-01 00:01:02,323] {dag.py:2306} INFO - Setting next_dagrun for latest_only to 2022-09-29 00:00:00+00:00
[2022-10-01 00:01:02,337] {processor.py:170} INFO - Processing /home/airflow/.local/lib/python3.6/site-packages/airflow/example_dags/example_latest_only.py took 0.068 seconds
[2022-10-01 00:01:32,569] {processor.py:162} INFO - Started process (PID=5686) to work on /home/airflow/.local/lib/python3.6/site-packages/airflow/example_dags/example_latest_only.py
[2022-10-01 00:01:32,571] {processor.py:613} INFO - Processing file /home/airflow/.local/lib/python3.6/site-packages/airflow/example_dags/example_latest_only.py for tasks to queue
[2022-10-01 00:01:32,572] {logging_mixin.py:109} INFO - [2022-10-01 00:01:32,572] {dagbag.py:496} INFO - Filling up the DagBag from /home/airflow/.local/lib/python3.6/site-packages/airflow/example_dags/example_latest_only.py
[2022-10-01 00:01:32,580] {processor.py:623} INFO - DAG(s) dict_keys(['latest_only']) retrieved from /home/airflow/.local/lib/python3.6/site-packages/airflow/example_dags/example_latest_only.py
[2022-10-01 00:01:32,644] {logging_mixin.py:109} INFO - [2022-10-01 00:01:32,644] {dag.py:1833} INFO - Sync 1 DAGs
[2022-10-01 00:01:32,661] {logging_mixin.py:109} INFO - [2022-10-01 00:01:32,661] {dag.py:2306} INFO - Setting next_dagrun for latest_only to 2022-09-29 00:00:00+00:00
[2022-10-01 00:01:32,673] {processor.py:170} INFO - Processing /home/airflow/.local/lib/python3.6/site-packages/airflow/example_dags/example_latest_only.py took 0.107 seconds
[2022-10-01 00:02:02,865] {processor.py:162} INFO - Started process (PID=5747) to work on /home/airflow/.local/lib/python3.6/site-packages/airflow/example_dags/example_latest_only.py
[2022-10-01 00:02:02,867] {processor.py:613} INFO - Processing file /home/airflow/.local/lib/python3.6/site-packages/airflow/example_dags/example_latest_only.py for tasks to queue
[2022-10-01 00:02:02,868] {logging_mixin.py:109} INFO - [2022-10-01 00:02:02,868] {dagbag.py:496} INFO - Filling up the DagBag from /home/airflow/.local/lib/python3.6/site-packages/airflow/example_dags/example_latest_only.py
[2022-10-01 00:02:02,879] {processor.py:623} INFO - DAG(s) dict_keys(['latest_only']) retrieved from /home/airflow/.local/lib/python3.6/site-packages/airflow/example_dags/example_latest_only.py
[2022-10-01 00:02:02,902] {logging_mixin.py:109} INFO - [2022-10-01 00:02:02,901] {dag.py:1833} INFO - Sync 1 DAGs
[2022-10-01 00:02:02,915] {logging_mixin.py:109} INFO - [2022-10-01 00:02:02,915] {dag.py:2306} INFO - Setting next_dagrun for latest_only to 2022-09-29 00:00:00+00:00
[2022-10-01 00:02:02,924] {processor.py:170} INFO - Processing /home/airflow/.local/lib/python3.6/site-packages/airflow/example_dags/example_latest_only.py took 0.062 seconds
[2022-10-01 00:02:33,223] {processor.py:162} INFO - Started process (PID=5798) to work on /home/airflow/.local/lib/python3.6/site-packages/airflow/example_dags/example_latest_only.py
[2022-10-01 00:02:33,225] {processor.py:613} INFO - Processing file /home/airflow/.local/lib/python3.6/site-packages/airflow/example_dags/example_latest_only.py for tasks to queue
[2022-10-01 00:02:33,226] {logging_mixin.py:109} INFO - [2022-10-01 00:02:33,226] {dagbag.py:496} INFO - Filling up the DagBag from /home/airflow/.local/lib/python3.6/site-packages/airflow/example_dags/example_latest_only.py
[2022-10-01 00:02:33,234] {processor.py:623} INFO - DAG(s) dict_keys(['latest_only']) retrieved from /home/airflow/.local/lib/python3.6/site-packages/airflow/example_dags/example_latest_only.py
[2022-10-01 00:02:33,254] {logging_mixin.py:109} INFO - [2022-10-01 00:02:33,254] {dag.py:1833} INFO - Sync 1 DAGs
[2022-10-01 00:02:33,267] {logging_mixin.py:109} INFO - [2022-10-01 00:02:33,267] {dag.py:2306} INFO - Setting next_dagrun for latest_only to 2022-09-29 00:00:00+00:00
[2022-10-01 00:02:33,277] {processor.py:170} INFO - Processing /home/airflow/.local/lib/python3.6/site-packages/airflow/example_dags/example_latest_only.py took 0.057 seconds
[2022-10-01 00:03:03,346] {processor.py:162} INFO - Started process (PID=5859) to work on /home/airflow/.local/lib/python3.6/site-packages/airflow/example_dags/example_latest_only.py
[2022-10-01 00:03:03,348] {processor.py:613} INFO - Processing file /home/airflow/.local/lib/python3.6/site-packages/airflow/example_dags/example_latest_only.py for tasks to queue
[2022-10-01 00:03:03,349] {logging_mixin.py:109} INFO - [2022-10-01 00:03:03,349] {dagbag.py:496} INFO - Filling up the DagBag from /home/airflow/.local/lib/python3.6/site-packages/airflow/example_dags/example_latest_only.py
[2022-10-01 00:03:03,359] {processor.py:623} INFO - DAG(s) dict_keys(['latest_only']) retrieved from /home/airflow/.local/lib/python3.6/site-packages/airflow/example_dags/example_latest_only.py
[2022-10-01 00:03:03,381] {logging_mixin.py:109} INFO - [2022-10-01 00:03:03,381] {dag.py:1833} INFO - Sync 1 DAGs
[2022-10-01 00:03:03,395] {logging_mixin.py:109} INFO - [2022-10-01 00:03:03,395] {dag.py:2306} INFO - Setting next_dagrun for latest_only to 2022-09-29 00:00:00+00:00
[2022-10-01 00:03:03,407] {processor.py:170} INFO - Processing /home/airflow/.local/lib/python3.6/site-packages/airflow/example_dags/example_latest_only.py took 0.064 seconds
[2022-10-01 00:03:33,638] {processor.py:162} INFO - Started process (PID=5920) to work on /home/airflow/.local/lib/python3.6/site-packages/airflow/example_dags/example_latest_only.py
[2022-10-01 00:03:33,639] {processor.py:613} INFO - Processing file /home/airflow/.local/lib/python3.6/site-packages/airflow/example_dags/example_latest_only.py for tasks to queue
[2022-10-01 00:03:33,641] {logging_mixin.py:109} INFO - [2022-10-01 00:03:33,641] {dagbag.py:496} INFO - Filling up the DagBag from /home/airflow/.local/lib/python3.6/site-packages/airflow/example_dags/example_latest_only.py
[2022-10-01 00:03:33,649] {processor.py:623} INFO - DAG(s) dict_keys(['latest_only']) retrieved from /home/airflow/.local/lib/python3.6/site-packages/airflow/example_dags/example_latest_only.py
[2022-10-01 00:03:33,668] {logging_mixin.py:109} INFO - [2022-10-01 00:03:33,668] {dag.py:1833} INFO - Sync 1 DAGs
[2022-10-01 00:03:33,684] {logging_mixin.py:109} INFO - [2022-10-01 00:03:33,684] {dag.py:2306} INFO - Setting next_dagrun for latest_only to 2022-09-29 00:00:00+00:00
[2022-10-01 00:03:33,695] {processor.py:170} INFO - Processing /home/airflow/.local/lib/python3.6/site-packages/airflow/example_dags/example_latest_only.py took 0.060 seconds
[2022-10-01 00:04:03,944] {processor.py:162} INFO - Started process (PID=5971) to work on /home/airflow/.local/lib/python3.6/site-packages/airflow/example_dags/example_latest_only.py
[2022-10-01 00:04:03,946] {processor.py:613} INFO - Processing file /home/airflow/.local/lib/python3.6/site-packages/airflow/example_dags/example_latest_only.py for tasks to queue
[2022-10-01 00:04:03,947] {logging_mixin.py:109} INFO - [2022-10-01 00:04:03,947] {dagbag.py:496} INFO - Filling up the DagBag from /home/airflow/.local/lib/python3.6/site-packages/airflow/example_dags/example_latest_only.py
[2022-10-01 00:04:03,956] {processor.py:623} INFO - DAG(s) dict_keys(['latest_only']) retrieved from /home/airflow/.local/lib/python3.6/site-packages/airflow/example_dags/example_latest_only.py
[2022-10-01 00:04:03,975] {logging_mixin.py:109} INFO - [2022-10-01 00:04:03,975] {dag.py:1833} INFO - Sync 1 DAGs
[2022-10-01 00:04:03,989] {logging_mixin.py:109} INFO - [2022-10-01 00:04:03,989] {dag.py:2306} INFO - Setting next_dagrun for latest_only to 2022-09-29 00:00:00+00:00
[2022-10-01 00:04:04,003] {processor.py:170} INFO - Processing /home/airflow/.local/lib/python3.6/site-packages/airflow/example_dags/example_latest_only.py took 0.062 seconds
[2022-10-01 00:04:34,316] {processor.py:162} INFO - Started process (PID=6032) to work on /home/airflow/.local/lib/python3.6/site-packages/airflow/example_dags/example_latest_only.py
[2022-10-01 00:04:34,318] {processor.py:613} INFO - Processing file /home/airflow/.local/lib/python3.6/site-packages/airflow/example_dags/example_latest_only.py for tasks to queue
[2022-10-01 00:04:34,320] {logging_mixin.py:109} INFO - [2022-10-01 00:04:34,320] {dagbag.py:496} INFO - Filling up the DagBag from /home/airflow/.local/lib/python3.6/site-packages/airflow/example_dags/example_latest_only.py
[2022-10-01 00:04:34,328] {processor.py:623} INFO - DAG(s) dict_keys(['latest_only']) retrieved from /home/airflow/.local/lib/python3.6/site-packages/airflow/example_dags/example_latest_only.py
[2022-10-01 00:04:34,349] {logging_mixin.py:109} INFO - [2022-10-01 00:04:34,349] {dag.py:1833} INFO - Sync 1 DAGs
[2022-10-01 00:04:34,360] {logging_mixin.py:109} INFO - [2022-10-01 00:04:34,360] {dag.py:2306} INFO - Setting next_dagrun for latest_only to 2022-09-29 00:00:00+00:00
[2022-10-01 00:04:34,372] {processor.py:170} INFO - Processing /home/airflow/.local/lib/python3.6/site-packages/airflow/example_dags/example_latest_only.py took 0.058 seconds
[2022-10-01 00:05:04,605] {processor.py:162} INFO - Started process (PID=6092) to work on /home/airflow/.local/lib/python3.6/site-packages/airflow/example_dags/example_latest_only.py
[2022-10-01 00:05:04,608] {processor.py:613} INFO - Processing file /home/airflow/.local/lib/python3.6/site-packages/airflow/example_dags/example_latest_only.py for tasks to queue
[2022-10-01 00:05:04,610] {logging_mixin.py:109} INFO - [2022-10-01 00:05:04,610] {dagbag.py:496} INFO - Filling up the DagBag from /home/airflow/.local/lib/python3.6/site-packages/airflow/example_dags/example_latest_only.py
[2022-10-01 00:05:04,618] {processor.py:623} INFO - DAG(s) dict_keys(['latest_only']) retrieved from /home/airflow/.local/lib/python3.6/site-packages/airflow/example_dags/example_latest_only.py
[2022-10-01 00:05:04,642] {logging_mixin.py:109} INFO - [2022-10-01 00:05:04,641] {dag.py:1833} INFO - Sync 1 DAGs
[2022-10-01 00:05:04,656] {logging_mixin.py:109} INFO - [2022-10-01 00:05:04,656] {dag.py:2306} INFO - Setting next_dagrun for latest_only to 2022-09-29 00:00:00+00:00
[2022-10-01 00:05:04,669] {processor.py:170} INFO - Processing /home/airflow/.local/lib/python3.6/site-packages/airflow/example_dags/example_latest_only.py took 0.067 seconds
[2022-10-01 00:05:34,901] {processor.py:162} INFO - Started process (PID=6144) to work on /home/airflow/.local/lib/python3.6/site-packages/airflow/example_dags/example_latest_only.py
[2022-10-01 00:05:34,903] {processor.py:613} INFO - Processing file /home/airflow/.local/lib/python3.6/site-packages/airflow/example_dags/example_latest_only.py for tasks to queue
[2022-10-01 00:05:34,904] {logging_mixin.py:109} INFO - [2022-10-01 00:05:34,904] {dagbag.py:496} INFO - Filling up the DagBag from /home/airflow/.local/lib/python3.6/site-packages/airflow/example_dags/example_latest_only.py
[2022-10-01 00:05:34,913] {processor.py:623} INFO - DAG(s) dict_keys(['latest_only']) retrieved from /home/airflow/.local/lib/python3.6/site-packages/airflow/example_dags/example_latest_only.py
[2022-10-01 00:05:34,934] {logging_mixin.py:109} INFO - [2022-10-01 00:05:34,934] {dag.py:1833} INFO - Sync 1 DAGs
[2022-10-01 00:05:34,948] {logging_mixin.py:109} INFO - [2022-10-01 00:05:34,948] {dag.py:2306} INFO - Setting next_dagrun for latest_only to 2022-09-29 00:00:00+00:00
[2022-10-01 00:05:34,959] {processor.py:170} INFO - Processing /home/airflow/.local/lib/python3.6/site-packages/airflow/example_dags/example_latest_only.py took 0.060 seconds
[2022-10-01 00:06:05,204] {processor.py:162} INFO - Started process (PID=6206) to work on /home/airflow/.local/lib/python3.6/site-packages/airflow/example_dags/example_latest_only.py
[2022-10-01 00:06:05,206] {processor.py:613} INFO - Processing file /home/airflow/.local/lib/python3.6/site-packages/airflow/example_dags/example_latest_only.py for tasks to queue
[2022-10-01 00:06:05,207] {logging_mixin.py:109} INFO - [2022-10-01 00:06:05,207] {dagbag.py:496} INFO - Filling up the DagBag from /home/airflow/.local/lib/python3.6/site-packages/airflow/example_dags/example_latest_only.py
[2022-10-01 00:06:05,216] {processor.py:623} INFO - DAG(s) dict_keys(['latest_only']) retrieved from /home/airflow/.local/lib/python3.6/site-packages/airflow/example_dags/example_latest_only.py
[2022-10-01 00:06:05,234] {logging_mixin.py:109} INFO - [2022-10-01 00:06:05,234] {dag.py:1833} INFO - Sync 1 DAGs
[2022-10-01 00:06:05,248] {logging_mixin.py:109} INFO - [2022-10-01 00:06:05,248] {dag.py:2306} INFO - Setting next_dagrun for latest_only to 2022-09-29 00:00:00+00:00
[2022-10-01 00:06:05,260] {processor.py:170} INFO - Processing /home/airflow/.local/lib/python3.6/site-packages/airflow/example_dags/example_latest_only.py took 0.059 seconds
[2022-10-01 00:06:35,540] {processor.py:162} INFO - Started process (PID=6258) to work on /home/airflow/.local/lib/python3.6/site-packages/airflow/example_dags/example_latest_only.py
[2022-10-01 00:06:35,541] {processor.py:613} INFO - Processing file /home/airflow/.local/lib/python3.6/site-packages/airflow/example_dags/example_latest_only.py for tasks to queue
[2022-10-01 00:06:35,542] {logging_mixin.py:109} INFO - [2022-10-01 00:06:35,542] {dagbag.py:496} INFO - Filling up the DagBag from /home/airflow/.local/lib/python3.6/site-packages/airflow/example_dags/example_latest_only.py
[2022-10-01 00:06:35,551] {processor.py:623} INFO - DAG(s) dict_keys(['latest_only']) retrieved from /home/airflow/.local/lib/python3.6/site-packages/airflow/example_dags/example_latest_only.py
[2022-10-01 00:06:35,575] {logging_mixin.py:109} INFO - [2022-10-01 00:06:35,575] {dag.py:1833} INFO - Sync 1 DAGs
[2022-10-01 00:06:35,590] {logging_mixin.py:109} INFO - [2022-10-01 00:06:35,590] {dag.py:2306} INFO - Setting next_dagrun for latest_only to 2022-09-29 00:00:00+00:00
[2022-10-01 00:06:35,600] {processor.py:170} INFO - Processing /home/airflow/.local/lib/python3.6/site-packages/airflow/example_dags/example_latest_only.py took 0.063 seconds
[2022-10-01 00:07:05,770] {processor.py:162} INFO - Started process (PID=6319) to work on /home/airflow/.local/lib/python3.6/site-packages/airflow/example_dags/example_latest_only.py
[2022-10-01 00:07:05,772] {processor.py:613} INFO - Processing file /home/airflow/.local/lib/python3.6/site-packages/airflow/example_dags/example_latest_only.py for tasks to queue
[2022-10-01 00:07:05,773] {logging_mixin.py:109} INFO - [2022-10-01 00:07:05,773] {dagbag.py:496} INFO - Filling up the DagBag from /home/airflow/.local/lib/python3.6/site-packages/airflow/example_dags/example_latest_only.py
[2022-10-01 00:07:05,782] {processor.py:623} INFO - DAG(s) dict_keys(['latest_only']) retrieved from /home/airflow/.local/lib/python3.6/site-packages/airflow/example_dags/example_latest_only.py
[2022-10-01 00:07:05,802] {logging_mixin.py:109} INFO - [2022-10-01 00:07:05,802] {dag.py:1833} INFO - Sync 1 DAGs
[2022-10-01 00:07:05,815] {logging_mixin.py:109} INFO - [2022-10-01 00:07:05,815] {dag.py:2306} INFO - Setting next_dagrun for latest_only to 2022-09-29 00:00:00+00:00
[2022-10-01 00:07:05,826] {processor.py:170} INFO - Processing /home/airflow/.local/lib/python3.6/site-packages/airflow/example_dags/example_latest_only.py took 0.058 seconds
[2022-10-01 00:07:37,312] {processor.py:162} INFO - Started process (PID=6380) to work on /home/airflow/.local/lib/python3.6/site-packages/airflow/example_dags/example_latest_only.py
[2022-10-01 00:07:37,314] {processor.py:613} INFO - Processing file /home/airflow/.local/lib/python3.6/site-packages/airflow/example_dags/example_latest_only.py for tasks to queue
[2022-10-01 00:07:37,315] {logging_mixin.py:109} INFO - [2022-10-01 00:07:37,315] {dagbag.py:496} INFO - Filling up the DagBag from /home/airflow/.local/lib/python3.6/site-packages/airflow/example_dags/example_latest_only.py
[2022-10-01 00:07:37,328] {processor.py:623} INFO - DAG(s) dict_keys(['latest_only']) retrieved from /home/airflow/.local/lib/python3.6/site-packages/airflow/example_dags/example_latest_only.py
[2022-10-01 00:07:37,357] {logging_mixin.py:109} INFO - [2022-10-01 00:07:37,357] {dag.py:1833} INFO - Sync 1 DAGs
[2022-10-01 00:07:37,376] {logging_mixin.py:109} INFO - [2022-10-01 00:07:37,375] {dag.py:2306} INFO - Setting next_dagrun for latest_only to 2022-09-29 00:00:00+00:00
[2022-10-01 00:07:37,391] {processor.py:170} INFO - Processing /home/airflow/.local/lib/python3.6/site-packages/airflow/example_dags/example_latest_only.py took 0.083 seconds
[2022-10-01 00:08:07,501] {processor.py:162} INFO - Started process (PID=6431) to work on /home/airflow/.local/lib/python3.6/site-packages/airflow/example_dags/example_latest_only.py
[2022-10-01 00:08:07,502] {processor.py:613} INFO - Processing file /home/airflow/.local/lib/python3.6/site-packages/airflow/example_dags/example_latest_only.py for tasks to queue
[2022-10-01 00:08:07,503] {logging_mixin.py:109} INFO - [2022-10-01 00:08:07,503] {dagbag.py:496} INFO - Filling up the DagBag from /home/airflow/.local/lib/python3.6/site-packages/airflow/example_dags/example_latest_only.py
[2022-10-01 00:08:07,512] {processor.py:623} INFO - DAG(s) dict_keys(['latest_only']) retrieved from /home/airflow/.local/lib/python3.6/site-packages/airflow/example_dags/example_latest_only.py
[2022-10-01 00:08:07,533] {logging_mixin.py:109} INFO - [2022-10-01 00:08:07,532] {dag.py:1833} INFO - Sync 1 DAGs
[2022-10-01 00:08:07,545] {logging_mixin.py:109} INFO - [2022-10-01 00:08:07,545] {dag.py:2306} INFO - Setting next_dagrun for latest_only to 2022-09-29 00:00:00+00:00
[2022-10-01 00:08:07,558] {processor.py:170} INFO - Processing /home/airflow/.local/lib/python3.6/site-packages/airflow/example_dags/example_latest_only.py took 0.060 seconds
[2022-10-01 00:08:37,698] {processor.py:162} INFO - Started process (PID=6492) to work on /home/airflow/.local/lib/python3.6/site-packages/airflow/example_dags/example_latest_only.py
[2022-10-01 00:08:37,699] {processor.py:613} INFO - Processing file /home/airflow/.local/lib/python3.6/site-packages/airflow/example_dags/example_latest_only.py for tasks to queue
[2022-10-01 00:08:37,701] {logging_mixin.py:109} INFO - [2022-10-01 00:08:37,700] {dagbag.py:496} INFO - Filling up the DagBag from /home/airflow/.local/lib/python3.6/site-packages/airflow/example_dags/example_latest_only.py
[2022-10-01 00:08:37,708] {processor.py:623} INFO - DAG(s) dict_keys(['latest_only']) retrieved from /home/airflow/.local/lib/python3.6/site-packages/airflow/example_dags/example_latest_only.py
[2022-10-01 00:08:37,729] {logging_mixin.py:109} INFO - [2022-10-01 00:08:37,728] {dag.py:1833} INFO - Sync 1 DAGs
[2022-10-01 00:08:37,741] {logging_mixin.py:109} INFO - [2022-10-01 00:08:37,741] {dag.py:2306} INFO - Setting next_dagrun for latest_only to 2022-09-29 00:00:00+00:00
[2022-10-01 00:08:37,753] {processor.py:170} INFO - Processing /home/airflow/.local/lib/python3.6/site-packages/airflow/example_dags/example_latest_only.py took 0.058 seconds
[2022-10-01 00:09:08,804] {processor.py:162} INFO - Started process (PID=6550) to work on /home/airflow/.local/lib/python3.6/site-packages/airflow/example_dags/example_latest_only.py
[2022-10-01 00:09:08,805] {processor.py:613} INFO - Processing file /home/airflow/.local/lib/python3.6/site-packages/airflow/example_dags/example_latest_only.py for tasks to queue
[2022-10-01 00:09:08,807] {logging_mixin.py:109} INFO - [2022-10-01 00:09:08,807] {dagbag.py:496} INFO - Filling up the DagBag from /home/airflow/.local/lib/python3.6/site-packages/airflow/example_dags/example_latest_only.py
[2022-10-01 00:09:08,838] {processor.py:623} INFO - DAG(s) dict_keys(['latest_only']) retrieved from /home/airflow/.local/lib/python3.6/site-packages/airflow/example_dags/example_latest_only.py
[2022-10-01 00:09:08,894] {logging_mixin.py:109} INFO - [2022-10-01 00:09:08,894] {dag.py:1833} INFO - Sync 1 DAGs
[2022-10-01 00:09:08,929] {logging_mixin.py:109} INFO - [2022-10-01 00:09:08,929] {dag.py:2306} INFO - Setting next_dagrun for latest_only to 2022-09-29 00:00:00+00:00
[2022-10-01 00:09:08,953] {processor.py:170} INFO - Processing /home/airflow/.local/lib/python3.6/site-packages/airflow/example_dags/example_latest_only.py took 0.153 seconds
[2022-10-01 00:09:39,665] {processor.py:162} INFO - Started process (PID=6604) to work on /home/airflow/.local/lib/python3.6/site-packages/airflow/example_dags/example_latest_only.py
[2022-10-01 00:09:39,667] {processor.py:613} INFO - Processing file /home/airflow/.local/lib/python3.6/site-packages/airflow/example_dags/example_latest_only.py for tasks to queue
[2022-10-01 00:09:39,668] {logging_mixin.py:109} INFO - [2022-10-01 00:09:39,668] {dagbag.py:496} INFO - Filling up the DagBag from /home/airflow/.local/lib/python3.6/site-packages/airflow/example_dags/example_latest_only.py
[2022-10-01 00:09:39,676] {processor.py:623} INFO - DAG(s) dict_keys(['latest_only']) retrieved from /home/airflow/.local/lib/python3.6/site-packages/airflow/example_dags/example_latest_only.py
[2022-10-01 00:09:39,696] {logging_mixin.py:109} INFO - [2022-10-01 00:09:39,696] {dag.py:1833} INFO - Sync 1 DAGs
[2022-10-01 00:09:39,709] {logging_mixin.py:109} INFO - [2022-10-01 00:09:39,709] {dag.py:2306} INFO - Setting next_dagrun for latest_only to 2022-09-29 00:00:00+00:00
[2022-10-01 00:09:39,720] {processor.py:170} INFO - Processing /home/airflow/.local/lib/python3.6/site-packages/airflow/example_dags/example_latest_only.py took 0.058 seconds
[2022-10-01 00:10:10,590] {processor.py:162} INFO - Started process (PID=6665) to work on /home/airflow/.local/lib/python3.6/site-packages/airflow/example_dags/example_latest_only.py
[2022-10-01 00:10:10,591] {processor.py:613} INFO - Processing file /home/airflow/.local/lib/python3.6/site-packages/airflow/example_dags/example_latest_only.py for tasks to queue
[2022-10-01 00:10:10,592] {logging_mixin.py:109} INFO - [2022-10-01 00:10:10,592] {dagbag.py:496} INFO - Filling up the DagBag from /home/airflow/.local/lib/python3.6/site-packages/airflow/example_dags/example_latest_only.py
[2022-10-01 00:10:10,603] {processor.py:623} INFO - DAG(s) dict_keys(['latest_only']) retrieved from /home/airflow/.local/lib/python3.6/site-packages/airflow/example_dags/example_latest_only.py
[2022-10-01 00:10:10,626] {logging_mixin.py:109} INFO - [2022-10-01 00:10:10,625] {dag.py:1833} INFO - Sync 1 DAGs
[2022-10-01 00:10:10,641] {logging_mixin.py:109} INFO - [2022-10-01 00:10:10,641] {dag.py:2306} INFO - Setting next_dagrun for latest_only to 2022-09-29 00:00:00+00:00
[2022-10-01 00:10:10,655] {processor.py:170} INFO - Processing /home/airflow/.local/lib/python3.6/site-packages/airflow/example_dags/example_latest_only.py took 0.069 seconds
[2022-10-01 00:10:41,153] {processor.py:162} INFO - Started process (PID=6726) to work on /home/airflow/.local/lib/python3.6/site-packages/airflow/example_dags/example_latest_only.py
[2022-10-01 00:10:41,155] {processor.py:613} INFO - Processing file /home/airflow/.local/lib/python3.6/site-packages/airflow/example_dags/example_latest_only.py for tasks to queue
[2022-10-01 00:10:41,156] {logging_mixin.py:109} INFO - [2022-10-01 00:10:41,156] {dagbag.py:496} INFO - Filling up the DagBag from /home/airflow/.local/lib/python3.6/site-packages/airflow/example_dags/example_latest_only.py
[2022-10-01 00:10:41,166] {processor.py:623} INFO - DAG(s) dict_keys(['latest_only']) retrieved from /home/airflow/.local/lib/python3.6/site-packages/airflow/example_dags/example_latest_only.py
[2022-10-01 00:10:41,189] {logging_mixin.py:109} INFO - [2022-10-01 00:10:41,188] {dag.py:1833} INFO - Sync 1 DAGs
[2022-10-01 00:10:41,203] {logging_mixin.py:109} INFO - [2022-10-01 00:10:41,203] {dag.py:2306} INFO - Setting next_dagrun for latest_only to 2022-09-29 00:00:00+00:00
[2022-10-01 00:10:41,213] {processor.py:170} INFO - Processing /home/airflow/.local/lib/python3.6/site-packages/airflow/example_dags/example_latest_only.py took 0.062 seconds
[2022-10-01 00:11:11,641] {processor.py:162} INFO - Started process (PID=6777) to work on /home/airflow/.local/lib/python3.6/site-packages/airflow/example_dags/example_latest_only.py
[2022-10-01 00:11:11,643] {processor.py:613} INFO - Processing file /home/airflow/.local/lib/python3.6/site-packages/airflow/example_dags/example_latest_only.py for tasks to queue
[2022-10-01 00:11:11,644] {logging_mixin.py:109} INFO - [2022-10-01 00:11:11,644] {dagbag.py:496} INFO - Filling up the DagBag from /home/airflow/.local/lib/python3.6/site-packages/airflow/example_dags/example_latest_only.py
[2022-10-01 00:11:11,655] {processor.py:623} INFO - DAG(s) dict_keys(['latest_only']) retrieved from /home/airflow/.local/lib/python3.6/site-packages/airflow/example_dags/example_latest_only.py
[2022-10-01 00:11:11,677] {logging_mixin.py:109} INFO - [2022-10-01 00:11:11,677] {dag.py:1833} INFO - Sync 1 DAGs
[2022-10-01 00:11:11,691] {logging_mixin.py:109} INFO - [2022-10-01 00:11:11,691] {dag.py:2306} INFO - Setting next_dagrun for latest_only to 2022-09-29 00:00:00+00:00
[2022-10-01 00:11:11,702] {processor.py:170} INFO - Processing /home/airflow/.local/lib/python3.6/site-packages/airflow/example_dags/example_latest_only.py took 0.064 seconds
[2022-10-01 00:11:42,520] {processor.py:162} INFO - Started process (PID=6838) to work on /home/airflow/.local/lib/python3.6/site-packages/airflow/example_dags/example_latest_only.py
[2022-10-01 00:11:42,521] {processor.py:613} INFO - Processing file /home/airflow/.local/lib/python3.6/site-packages/airflow/example_dags/example_latest_only.py for tasks to queue
[2022-10-01 00:11:42,522] {logging_mixin.py:109} INFO - [2022-10-01 00:11:42,522] {dagbag.py:496} INFO - Filling up the DagBag from /home/airflow/.local/lib/python3.6/site-packages/airflow/example_dags/example_latest_only.py
[2022-10-01 00:11:42,530] {processor.py:623} INFO - DAG(s) dict_keys(['latest_only']) retrieved from /home/airflow/.local/lib/python3.6/site-packages/airflow/example_dags/example_latest_only.py
[2022-10-01 00:11:42,550] {logging_mixin.py:109} INFO - [2022-10-01 00:11:42,550] {dag.py:1833} INFO - Sync 1 DAGs
[2022-10-01 00:11:42,563] {logging_mixin.py:109} INFO - [2022-10-01 00:11:42,563] {dag.py:2306} INFO - Setting next_dagrun for latest_only to 2022-09-29 00:00:00+00:00
[2022-10-01 00:11:42,576] {processor.py:170} INFO - Processing /home/airflow/.local/lib/python3.6/site-packages/airflow/example_dags/example_latest_only.py took 0.059 seconds
[2022-10-01 00:12:12,727] {processor.py:162} INFO - Started process (PID=6899) to work on /home/airflow/.local/lib/python3.6/site-packages/airflow/example_dags/example_latest_only.py
[2022-10-01 00:12:12,729] {processor.py:613} INFO - Processing file /home/airflow/.local/lib/python3.6/site-packages/airflow/example_dags/example_latest_only.py for tasks to queue
[2022-10-01 00:12:12,730] {logging_mixin.py:109} INFO - [2022-10-01 00:12:12,730] {dagbag.py:496} INFO - Filling up the DagBag from /home/airflow/.local/lib/python3.6/site-packages/airflow/example_dags/example_latest_only.py
[2022-10-01 00:12:12,740] {processor.py:623} INFO - DAG(s) dict_keys(['latest_only']) retrieved from /home/airflow/.local/lib/python3.6/site-packages/airflow/example_dags/example_latest_only.py
[2022-10-01 00:12:12,759] {logging_mixin.py:109} INFO - [2022-10-01 00:12:12,758] {dag.py:1833} INFO - Sync 1 DAGs
[2022-10-01 00:12:12,771] {logging_mixin.py:109} INFO - [2022-10-01 00:12:12,771] {dag.py:2306} INFO - Setting next_dagrun for latest_only to 2022-09-29 00:00:00+00:00
[2022-10-01 00:12:12,783] {processor.py:170} INFO - Processing /home/airflow/.local/lib/python3.6/site-packages/airflow/example_dags/example_latest_only.py took 0.059 seconds
[2022-10-01 00:12:43,770] {processor.py:162} INFO - Started process (PID=6950) to work on /home/airflow/.local/lib/python3.6/site-packages/airflow/example_dags/example_latest_only.py
[2022-10-01 00:12:43,771] {processor.py:613} INFO - Processing file /home/airflow/.local/lib/python3.6/site-packages/airflow/example_dags/example_latest_only.py for tasks to queue
[2022-10-01 00:12:43,773] {logging_mixin.py:109} INFO - [2022-10-01 00:12:43,773] {dagbag.py:496} INFO - Filling up the DagBag from /home/airflow/.local/lib/python3.6/site-packages/airflow/example_dags/example_latest_only.py
[2022-10-01 00:12:43,783] {processor.py:623} INFO - DAG(s) dict_keys(['latest_only']) retrieved from /home/airflow/.local/lib/python3.6/site-packages/airflow/example_dags/example_latest_only.py
[2022-10-01 00:12:43,803] {logging_mixin.py:109} INFO - [2022-10-01 00:12:43,803] {dag.py:1833} INFO - Sync 1 DAGs
[2022-10-01 00:12:43,819] {logging_mixin.py:109} INFO - [2022-10-01 00:12:43,819] {dag.py:2306} INFO - Setting next_dagrun for latest_only to 2022-09-29 00:00:00+00:00
[2022-10-01 00:12:43,831] {processor.py:170} INFO - Processing /home/airflow/.local/lib/python3.6/site-packages/airflow/example_dags/example_latest_only.py took 0.064 seconds
[2022-10-01 00:13:14,816] {processor.py:162} INFO - Started process (PID=7012) to work on /home/airflow/.local/lib/python3.6/site-packages/airflow/example_dags/example_latest_only.py
[2022-10-01 00:13:14,818] {processor.py:613} INFO - Processing file /home/airflow/.local/lib/python3.6/site-packages/airflow/example_dags/example_latest_only.py for tasks to queue
[2022-10-01 00:13:14,820] {logging_mixin.py:109} INFO - [2022-10-01 00:13:14,820] {dagbag.py:496} INFO - Filling up the DagBag from /home/airflow/.local/lib/python3.6/site-packages/airflow/example_dags/example_latest_only.py
[2022-10-01 00:13:14,833] {processor.py:623} INFO - DAG(s) dict_keys(['latest_only']) retrieved from /home/airflow/.local/lib/python3.6/site-packages/airflow/example_dags/example_latest_only.py
[2022-10-01 00:13:14,859] {logging_mixin.py:109} INFO - [2022-10-01 00:13:14,859] {dag.py:1833} INFO - Sync 1 DAGs
[2022-10-01 00:13:14,876] {logging_mixin.py:109} INFO - [2022-10-01 00:13:14,876] {dag.py:2306} INFO - Setting next_dagrun for latest_only to 2022-09-29 00:00:00+00:00
[2022-10-01 00:13:14,887] {processor.py:170} INFO - Processing /home/airflow/.local/lib/python3.6/site-packages/airflow/example_dags/example_latest_only.py took 0.075 seconds
[2022-10-01 00:13:45,965] {processor.py:162} INFO - Started process (PID=7073) to work on /home/airflow/.local/lib/python3.6/site-packages/airflow/example_dags/example_latest_only.py
[2022-10-01 00:13:45,967] {processor.py:613} INFO - Processing file /home/airflow/.local/lib/python3.6/site-packages/airflow/example_dags/example_latest_only.py for tasks to queue
[2022-10-01 00:13:45,968] {logging_mixin.py:109} INFO - [2022-10-01 00:13:45,968] {dagbag.py:496} INFO - Filling up the DagBag from /home/airflow/.local/lib/python3.6/site-packages/airflow/example_dags/example_latest_only.py
[2022-10-01 00:13:45,977] {processor.py:623} INFO - DAG(s) dict_keys(['latest_only']) retrieved from /home/airflow/.local/lib/python3.6/site-packages/airflow/example_dags/example_latest_only.py
[2022-10-01 00:13:45,997] {logging_mixin.py:109} INFO - [2022-10-01 00:13:45,996] {dag.py:1833} INFO - Sync 1 DAGs
[2022-10-01 00:13:46,010] {logging_mixin.py:109} INFO - [2022-10-01 00:13:46,010] {dag.py:2306} INFO - Setting next_dagrun for latest_only to 2022-09-29 00:00:00+00:00
[2022-10-01 00:13:46,021] {processor.py:170} INFO - Processing /home/airflow/.local/lib/python3.6/site-packages/airflow/example_dags/example_latest_only.py took 0.059 seconds
[2022-10-01 00:14:16,493] {processor.py:162} INFO - Started process (PID=7124) to work on /home/airflow/.local/lib/python3.6/site-packages/airflow/example_dags/example_latest_only.py
[2022-10-01 00:14:16,495] {processor.py:613} INFO - Processing file /home/airflow/.local/lib/python3.6/site-packages/airflow/example_dags/example_latest_only.py for tasks to queue
[2022-10-01 00:14:16,496] {logging_mixin.py:109} INFO - [2022-10-01 00:14:16,496] {dagbag.py:496} INFO - Filling up the DagBag from /home/airflow/.local/lib/python3.6/site-packages/airflow/example_dags/example_latest_only.py
[2022-10-01 00:14:16,505] {processor.py:623} INFO - DAG(s) dict_keys(['latest_only']) retrieved from /home/airflow/.local/lib/python3.6/site-packages/airflow/example_dags/example_latest_only.py
[2022-10-01 00:14:16,523] {logging_mixin.py:109} INFO - [2022-10-01 00:14:16,523] {dag.py:1833} INFO - Sync 1 DAGs
[2022-10-01 00:14:16,536] {logging_mixin.py:109} INFO - [2022-10-01 00:14:16,536] {dag.py:2306} INFO - Setting next_dagrun for latest_only to 2022-09-29 00:00:00+00:00
[2022-10-01 00:14:16,547] {processor.py:170} INFO - Processing /home/airflow/.local/lib/python3.6/site-packages/airflow/example_dags/example_latest_only.py took 0.057 seconds
[2022-10-01 00:14:47,119] {processor.py:162} INFO - Started process (PID=7186) to work on /home/airflow/.local/lib/python3.6/site-packages/airflow/example_dags/example_latest_only.py
[2022-10-01 00:14:47,121] {processor.py:613} INFO - Processing file /home/airflow/.local/lib/python3.6/site-packages/airflow/example_dags/example_latest_only.py for tasks to queue
[2022-10-01 00:14:47,123] {logging_mixin.py:109} INFO - [2022-10-01 00:14:47,123] {dagbag.py:496} INFO - Filling up the DagBag from /home/airflow/.local/lib/python3.6/site-packages/airflow/example_dags/example_latest_only.py
[2022-10-01 00:14:47,135] {processor.py:623} INFO - DAG(s) dict_keys(['latest_only']) retrieved from /home/airflow/.local/lib/python3.6/site-packages/airflow/example_dags/example_latest_only.py
[2022-10-01 00:14:47,156] {logging_mixin.py:109} INFO - [2022-10-01 00:14:47,156] {dag.py:1833} INFO - Sync 1 DAGs
[2022-10-01 00:14:47,171] {logging_mixin.py:109} INFO - [2022-10-01 00:14:47,171] {dag.py:2306} INFO - Setting next_dagrun for latest_only to 2022-09-29 00:00:00+00:00
[2022-10-01 00:14:47,182] {processor.py:170} INFO - Processing /home/airflow/.local/lib/python3.6/site-packages/airflow/example_dags/example_latest_only.py took 0.067 seconds
[2022-10-01 00:15:18,071] {processor.py:162} INFO - Started process (PID=7247) to work on /home/airflow/.local/lib/python3.6/site-packages/airflow/example_dags/example_latest_only.py
[2022-10-01 00:15:18,073] {processor.py:613} INFO - Processing file /home/airflow/.local/lib/python3.6/site-packages/airflow/example_dags/example_latest_only.py for tasks to queue
[2022-10-01 00:15:18,074] {logging_mixin.py:109} INFO - [2022-10-01 00:15:18,074] {dagbag.py:496} INFO - Filling up the DagBag from /home/airflow/.local/lib/python3.6/site-packages/airflow/example_dags/example_latest_only.py
[2022-10-01 00:15:18,084] {processor.py:623} INFO - DAG(s) dict_keys(['latest_only']) retrieved from /home/airflow/.local/lib/python3.6/site-packages/airflow/example_dags/example_latest_only.py
[2022-10-01 00:15:18,105] {logging_mixin.py:109} INFO - [2022-10-01 00:15:18,105] {dag.py:1833} INFO - Sync 1 DAGs
[2022-10-01 00:15:18,120] {logging_mixin.py:109} INFO - [2022-10-01 00:15:18,120] {dag.py:2306} INFO - Setting next_dagrun for latest_only to 2022-09-29 00:00:00+00:00
[2022-10-01 00:15:18,129] {processor.py:170} INFO - Processing /home/airflow/.local/lib/python3.6/site-packages/airflow/example_dags/example_latest_only.py took 0.061 seconds
[2022-10-01 00:15:48,163] {processor.py:162} INFO - Started process (PID=7298) to work on /home/airflow/.local/lib/python3.6/site-packages/airflow/example_dags/example_latest_only.py
[2022-10-01 00:15:48,164] {processor.py:613} INFO - Processing file /home/airflow/.local/lib/python3.6/site-packages/airflow/example_dags/example_latest_only.py for tasks to queue
[2022-10-01 00:15:48,166] {logging_mixin.py:109} INFO - [2022-10-01 00:15:48,166] {dagbag.py:496} INFO - Filling up the DagBag from /home/airflow/.local/lib/python3.6/site-packages/airflow/example_dags/example_latest_only.py
[2022-10-01 00:15:48,175] {processor.py:623} INFO - DAG(s) dict_keys(['latest_only']) retrieved from /home/airflow/.local/lib/python3.6/site-packages/airflow/example_dags/example_latest_only.py
[2022-10-01 00:15:48,193] {logging_mixin.py:109} INFO - [2022-10-01 00:15:48,193] {dag.py:1833} INFO - Sync 1 DAGs
[2022-10-01 00:15:48,205] {logging_mixin.py:109} INFO - [2022-10-01 00:15:48,205] {dag.py:2306} INFO - Setting next_dagrun for latest_only to 2022-09-29 00:00:00+00:00
[2022-10-01 00:15:48,214] {processor.py:170} INFO - Processing /home/airflow/.local/lib/python3.6/site-packages/airflow/example_dags/example_latest_only.py took 0.054 seconds
[2022-10-01 00:16:18,802] {processor.py:162} INFO - Started process (PID=7359) to work on /home/airflow/.local/lib/python3.6/site-packages/airflow/example_dags/example_latest_only.py
[2022-10-01 00:16:18,804] {processor.py:613} INFO - Processing file /home/airflow/.local/lib/python3.6/site-packages/airflow/example_dags/example_latest_only.py for tasks to queue
[2022-10-01 00:16:18,805] {logging_mixin.py:109} INFO - [2022-10-01 00:16:18,805] {dagbag.py:496} INFO - Filling up the DagBag from /home/airflow/.local/lib/python3.6/site-packages/airflow/example_dags/example_latest_only.py
[2022-10-01 00:16:18,815] {processor.py:623} INFO - DAG(s) dict_keys(['latest_only']) retrieved from /home/airflow/.local/lib/python3.6/site-packages/airflow/example_dags/example_latest_only.py
[2022-10-01 00:16:18,835] {logging_mixin.py:109} INFO - [2022-10-01 00:16:18,835] {dag.py:1833} INFO - Sync 1 DAGs
[2022-10-01 00:16:18,848] {logging_mixin.py:109} INFO - [2022-10-01 00:16:18,848] {dag.py:2306} INFO - Setting next_dagrun for latest_only to 2022-09-29 00:00:00+00:00
[2022-10-01 00:16:18,858] {processor.py:170} INFO - Processing /home/airflow/.local/lib/python3.6/site-packages/airflow/example_dags/example_latest_only.py took 0.059 seconds
[2022-10-01 00:16:49,757] {processor.py:162} INFO - Started process (PID=7420) to work on /home/airflow/.local/lib/python3.6/site-packages/airflow/example_dags/example_latest_only.py
[2022-10-01 00:16:49,759] {processor.py:613} INFO - Processing file /home/airflow/.local/lib/python3.6/site-packages/airflow/example_dags/example_latest_only.py for tasks to queue
[2022-10-01 00:16:49,760] {logging_mixin.py:109} INFO - [2022-10-01 00:16:49,760] {dagbag.py:496} INFO - Filling up the DagBag from /home/airflow/.local/lib/python3.6/site-packages/airflow/example_dags/example_latest_only.py
[2022-10-01 00:16:49,769] {processor.py:623} INFO - DAG(s) dict_keys(['latest_only']) retrieved from /home/airflow/.local/lib/python3.6/site-packages/airflow/example_dags/example_latest_only.py
[2022-10-01 00:16:49,789] {logging_mixin.py:109} INFO - [2022-10-01 00:16:49,789] {dag.py:1833} INFO - Sync 1 DAGs
[2022-10-01 00:16:49,802] {logging_mixin.py:109} INFO - [2022-10-01 00:16:49,802] {dag.py:2306} INFO - Setting next_dagrun for latest_only to 2022-09-29 00:00:00+00:00
[2022-10-01 00:16:49,815] {processor.py:170} INFO - Processing /home/airflow/.local/lib/python3.6/site-packages/airflow/example_dags/example_latest_only.py took 0.060 seconds
[2022-10-01 00:17:19,985] {processor.py:162} INFO - Started process (PID=7471) to work on /home/airflow/.local/lib/python3.6/site-packages/airflow/example_dags/example_latest_only.py
[2022-10-01 00:17:19,986] {processor.py:613} INFO - Processing file /home/airflow/.local/lib/python3.6/site-packages/airflow/example_dags/example_latest_only.py for tasks to queue
[2022-10-01 00:17:19,987] {logging_mixin.py:109} INFO - [2022-10-01 00:17:19,987] {dagbag.py:496} INFO - Filling up the DagBag from /home/airflow/.local/lib/python3.6/site-packages/airflow/example_dags/example_latest_only.py
[2022-10-01 00:17:19,997] {processor.py:623} INFO - DAG(s) dict_keys(['latest_only']) retrieved from /home/airflow/.local/lib/python3.6/site-packages/airflow/example_dags/example_latest_only.py
[2022-10-01 00:17:20,018] {logging_mixin.py:109} INFO - [2022-10-01 00:17:20,017] {dag.py:1833} INFO - Sync 1 DAGs
[2022-10-01 00:17:20,031] {logging_mixin.py:109} INFO - [2022-10-01 00:17:20,031] {dag.py:2306} INFO - Setting next_dagrun for latest_only to 2022-09-29 00:00:00+00:00
[2022-10-01 00:17:20,042] {processor.py:170} INFO - Processing /home/airflow/.local/lib/python3.6/site-packages/airflow/example_dags/example_latest_only.py took 0.060 seconds
[2022-10-01 00:17:50,894] {processor.py:162} INFO - Started process (PID=7533) to work on /home/airflow/.local/lib/python3.6/site-packages/airflow/example_dags/example_latest_only.py
[2022-10-01 00:17:50,896] {processor.py:613} INFO - Processing file /home/airflow/.local/lib/python3.6/site-packages/airflow/example_dags/example_latest_only.py for tasks to queue
[2022-10-01 00:17:50,897] {logging_mixin.py:109} INFO - [2022-10-01 00:17:50,897] {dagbag.py:496} INFO - Filling up the DagBag from /home/airflow/.local/lib/python3.6/site-packages/airflow/example_dags/example_latest_only.py
[2022-10-01 00:17:50,906] {processor.py:623} INFO - DAG(s) dict_keys(['latest_only']) retrieved from /home/airflow/.local/lib/python3.6/site-packages/airflow/example_dags/example_latest_only.py
[2022-10-01 00:17:50,927] {logging_mixin.py:109} INFO - [2022-10-01 00:17:50,926] {dag.py:1833} INFO - Sync 1 DAGs
[2022-10-01 00:17:50,941] {logging_mixin.py:109} INFO - [2022-10-01 00:17:50,941] {dag.py:2306} INFO - Setting next_dagrun for latest_only to 2022-09-29 00:00:00+00:00
[2022-10-01 00:17:50,955] {processor.py:170} INFO - Processing /home/airflow/.local/lib/python3.6/site-packages/airflow/example_dags/example_latest_only.py took 0.063 seconds
[2022-10-01 00:18:17,357] {processor.py:162} INFO - Started process (PID=7586) to work on /home/airflow/.local/lib/python3.6/site-packages/airflow/example_dags/example_latest_only.py
[2022-10-01 00:18:17,358] {processor.py:613} INFO - Processing file /home/airflow/.local/lib/python3.6/site-packages/airflow/example_dags/example_latest_only.py for tasks to queue
[2022-10-01 00:18:17,359] {logging_mixin.py:109} INFO - [2022-10-01 00:18:17,359] {dagbag.py:496} INFO - Filling up the DagBag from /home/airflow/.local/lib/python3.6/site-packages/airflow/example_dags/example_latest_only.py
[2022-10-01 00:18:17,369] {processor.py:623} INFO - DAG(s) dict_keys(['latest_only']) retrieved from /home/airflow/.local/lib/python3.6/site-packages/airflow/example_dags/example_latest_only.py
[2022-10-01 00:18:17,390] {logging_mixin.py:109} INFO - [2022-10-01 00:18:17,390] {dag.py:1833} INFO - Sync 1 DAGs
[2022-10-01 00:18:17,405] {logging_mixin.py:109} INFO - [2022-10-01 00:18:17,405] {dag.py:2306} INFO - Setting next_dagrun for latest_only to 2022-09-29 00:00:00+00:00
[2022-10-01 00:18:17,417] {processor.py:170} INFO - Processing /home/airflow/.local/lib/python3.6/site-packages/airflow/example_dags/example_latest_only.py took 0.063 seconds
[2022-10-01 00:18:48,681] {processor.py:162} INFO - Started process (PID=7647) to work on /home/airflow/.local/lib/python3.6/site-packages/airflow/example_dags/example_latest_only.py
[2022-10-01 00:18:48,683] {processor.py:613} INFO - Processing file /home/airflow/.local/lib/python3.6/site-packages/airflow/example_dags/example_latest_only.py for tasks to queue
[2022-10-01 00:18:48,684] {logging_mixin.py:109} INFO - [2022-10-01 00:18:48,684] {dagbag.py:496} INFO - Filling up the DagBag from /home/airflow/.local/lib/python3.6/site-packages/airflow/example_dags/example_latest_only.py
[2022-10-01 00:18:48,693] {processor.py:623} INFO - DAG(s) dict_keys(['latest_only']) retrieved from /home/airflow/.local/lib/python3.6/site-packages/airflow/example_dags/example_latest_only.py
[2022-10-01 00:18:48,712] {logging_mixin.py:109} INFO - [2022-10-01 00:18:48,711] {dag.py:1833} INFO - Sync 1 DAGs
[2022-10-01 00:18:48,724] {logging_mixin.py:109} INFO - [2022-10-01 00:18:48,724] {dag.py:2306} INFO - Setting next_dagrun for latest_only to 2022-09-29 00:00:00+00:00
[2022-10-01 00:18:48,735] {processor.py:170} INFO - Processing /home/airflow/.local/lib/python3.6/site-packages/airflow/example_dags/example_latest_only.py took 0.057 seconds
[2022-10-01 00:19:19,677] {processor.py:162} INFO - Started process (PID=7708) to work on /home/airflow/.local/lib/python3.6/site-packages/airflow/example_dags/example_latest_only.py
[2022-10-01 00:19:19,679] {processor.py:613} INFO - Processing file /home/airflow/.local/lib/python3.6/site-packages/airflow/example_dags/example_latest_only.py for tasks to queue
[2022-10-01 00:19:19,680] {logging_mixin.py:109} INFO - [2022-10-01 00:19:19,680] {dagbag.py:496} INFO - Filling up the DagBag from /home/airflow/.local/lib/python3.6/site-packages/airflow/example_dags/example_latest_only.py
[2022-10-01 00:19:19,689] {processor.py:623} INFO - DAG(s) dict_keys(['latest_only']) retrieved from /home/airflow/.local/lib/python3.6/site-packages/airflow/example_dags/example_latest_only.py
[2022-10-01 00:19:19,707] {logging_mixin.py:109} INFO - [2022-10-01 00:19:19,707] {dag.py:1833} INFO - Sync 1 DAGs
[2022-10-01 00:19:19,719] {logging_mixin.py:109} INFO - [2022-10-01 00:19:19,719] {dag.py:2306} INFO - Setting next_dagrun for latest_only to 2022-09-29 00:00:00+00:00
[2022-10-01 00:19:19,730] {processor.py:170} INFO - Processing /home/airflow/.local/lib/python3.6/site-packages/airflow/example_dags/example_latest_only.py took 0.056 seconds
[2022-10-01 00:19:50,752] {processor.py:162} INFO - Started process (PID=7768) to work on /home/airflow/.local/lib/python3.6/site-packages/airflow/example_dags/example_latest_only.py
[2022-10-01 00:19:50,753] {processor.py:613} INFO - Processing file /home/airflow/.local/lib/python3.6/site-packages/airflow/example_dags/example_latest_only.py for tasks to queue
[2022-10-01 00:19:50,755] {logging_mixin.py:109} INFO - [2022-10-01 00:19:50,754] {dagbag.py:496} INFO - Filling up the DagBag from /home/airflow/.local/lib/python3.6/site-packages/airflow/example_dags/example_latest_only.py
[2022-10-01 00:19:50,765] {processor.py:623} INFO - DAG(s) dict_keys(['latest_only']) retrieved from /home/airflow/.local/lib/python3.6/site-packages/airflow/example_dags/example_latest_only.py
[2022-10-01 00:19:50,785] {logging_mixin.py:109} INFO - [2022-10-01 00:19:50,785] {dag.py:1833} INFO - Sync 1 DAGs
[2022-10-01 00:19:50,797] {logging_mixin.py:109} INFO - [2022-10-01 00:19:50,797] {dag.py:2306} INFO - Setting next_dagrun for latest_only to 2022-09-29 00:00:00+00:00
[2022-10-01 00:19:50,807] {processor.py:170} INFO - Processing /home/airflow/.local/lib/python3.6/site-packages/airflow/example_dags/example_latest_only.py took 0.058 seconds
