[2022-10-01 00:00:03,019] {processor.py:162} INFO - Started process (PID=5534) to work on /home/airflow/.local/lib/python3.6/site-packages/airflow/example_dags/example_subdag_operator.py
[2022-10-01 00:00:03,023] {processor.py:613} INFO - Processing file /home/airflow/.local/lib/python3.6/site-packages/airflow/example_dags/example_subdag_operator.py for tasks to queue
[2022-10-01 00:00:03,024] {logging_mixin.py:109} INFO - [2022-10-01 00:00:03,024] {dagbag.py:496} INFO - Filling up the DagBag from /home/airflow/.local/lib/python3.6/site-packages/airflow/example_dags/example_subdag_operator.py
[2022-10-01 00:00:03,072] {processor.py:623} INFO - DAG(s) dict_keys(['example_subdag_operator.section-1', 'example_subdag_operator.section-2', 'example_subdag_operator']) retrieved from /home/airflow/.local/lib/python3.6/site-packages/airflow/example_dags/example_subdag_operator.py
[2022-10-01 00:00:03,297] {logging_mixin.py:109} INFO - [2022-10-01 00:00:03,297] {dag.py:1833} INFO - Sync 3 DAGs
[2022-10-01 00:00:03,316] {logging_mixin.py:109} INFO - [2022-10-01 00:00:03,316] {dag.py:2306} INFO - Setting next_dagrun for example_subdag_operator to 2022-09-29 00:00:00+00:00
[2022-10-01 00:00:03,318] {logging_mixin.py:109} INFO - [2022-10-01 00:00:03,318] {dag.py:2306} INFO - Setting next_dagrun for example_subdag_operator.section-1 to None
[2022-10-01 00:00:03,319] {logging_mixin.py:109} INFO - [2022-10-01 00:00:03,319] {dag.py:2306} INFO - Setting next_dagrun for example_subdag_operator.section-2 to None
[2022-10-01 00:00:03,332] {logging_mixin.py:109} INFO - [2022-10-01 00:00:03,331] {dag.py:1833} INFO - Sync 2 DAGs
[2022-10-01 00:00:03,342] {logging_mixin.py:109} INFO - [2022-10-01 00:00:03,342] {dag.py:2306} INFO - Setting next_dagrun for example_subdag_operator.section-1 to None
[2022-10-01 00:00:03,343] {logging_mixin.py:109} INFO - [2022-10-01 00:00:03,343] {dag.py:2306} INFO - Setting next_dagrun for example_subdag_operator.section-2 to None
[2022-10-01 00:00:03,353] {processor.py:170} INFO - Processing /home/airflow/.local/lib/python3.6/site-packages/airflow/example_dags/example_subdag_operator.py took 0.340 seconds
[2022-10-01 00:00:34,175] {processor.py:162} INFO - Started process (PID=5589) to work on /home/airflow/.local/lib/python3.6/site-packages/airflow/example_dags/example_subdag_operator.py
[2022-10-01 00:00:34,177] {processor.py:613} INFO - Processing file /home/airflow/.local/lib/python3.6/site-packages/airflow/example_dags/example_subdag_operator.py for tasks to queue
[2022-10-01 00:00:34,178] {logging_mixin.py:109} INFO - [2022-10-01 00:00:34,178] {dagbag.py:496} INFO - Filling up the DagBag from /home/airflow/.local/lib/python3.6/site-packages/airflow/example_dags/example_subdag_operator.py
[2022-10-01 00:00:34,211] {processor.py:623} INFO - DAG(s) dict_keys(['example_subdag_operator.section-1', 'example_subdag_operator.section-2', 'example_subdag_operator']) retrieved from /home/airflow/.local/lib/python3.6/site-packages/airflow/example_dags/example_subdag_operator.py
[2022-10-01 00:00:34,222] {logging_mixin.py:109} INFO - [2022-10-01 00:00:34,222] {dag.py:1833} INFO - Sync 3 DAGs
[2022-10-01 00:00:34,236] {logging_mixin.py:109} INFO - [2022-10-01 00:00:34,236] {dag.py:2306} INFO - Setting next_dagrun for example_subdag_operator to 2022-09-29 00:00:00+00:00
[2022-10-01 00:00:34,237] {logging_mixin.py:109} INFO - [2022-10-01 00:00:34,237] {dag.py:2306} INFO - Setting next_dagrun for example_subdag_operator.section-1 to None
[2022-10-01 00:00:34,238] {logging_mixin.py:109} INFO - [2022-10-01 00:00:34,238] {dag.py:2306} INFO - Setting next_dagrun for example_subdag_operator.section-2 to None
[2022-10-01 00:00:34,246] {logging_mixin.py:109} INFO - [2022-10-01 00:00:34,246] {dag.py:1833} INFO - Sync 2 DAGs
[2022-10-01 00:00:34,254] {logging_mixin.py:109} INFO - [2022-10-01 00:00:34,254] {dag.py:2306} INFO - Setting next_dagrun for example_subdag_operator.section-1 to None
[2022-10-01 00:00:34,255] {logging_mixin.py:109} INFO - [2022-10-01 00:00:34,255] {dag.py:2306} INFO - Setting next_dagrun for example_subdag_operator.section-2 to None
[2022-10-01 00:00:34,265] {processor.py:170} INFO - Processing /home/airflow/.local/lib/python3.6/site-packages/airflow/example_dags/example_subdag_operator.py took 0.093 seconds
[2022-10-01 00:01:04,452] {processor.py:162} INFO - Started process (PID=5648) to work on /home/airflow/.local/lib/python3.6/site-packages/airflow/example_dags/example_subdag_operator.py
[2022-10-01 00:01:04,454] {processor.py:613} INFO - Processing file /home/airflow/.local/lib/python3.6/site-packages/airflow/example_dags/example_subdag_operator.py for tasks to queue
[2022-10-01 00:01:04,455] {logging_mixin.py:109} INFO - [2022-10-01 00:01:04,455] {dagbag.py:496} INFO - Filling up the DagBag from /home/airflow/.local/lib/python3.6/site-packages/airflow/example_dags/example_subdag_operator.py
[2022-10-01 00:01:04,500] {processor.py:623} INFO - DAG(s) dict_keys(['example_subdag_operator.section-1', 'example_subdag_operator.section-2', 'example_subdag_operator']) retrieved from /home/airflow/.local/lib/python3.6/site-packages/airflow/example_dags/example_subdag_operator.py
[2022-10-01 00:01:04,515] {logging_mixin.py:109} INFO - [2022-10-01 00:01:04,515] {dag.py:1833} INFO - Sync 3 DAGs
[2022-10-01 00:01:04,540] {logging_mixin.py:109} INFO - [2022-10-01 00:01:04,540] {dag.py:2306} INFO - Setting next_dagrun for example_subdag_operator to 2022-09-29 00:00:00+00:00
[2022-10-01 00:01:04,542] {logging_mixin.py:109} INFO - [2022-10-01 00:01:04,542] {dag.py:2306} INFO - Setting next_dagrun for example_subdag_operator.section-1 to None
[2022-10-01 00:01:04,543] {logging_mixin.py:109} INFO - [2022-10-01 00:01:04,543] {dag.py:2306} INFO - Setting next_dagrun for example_subdag_operator.section-2 to None
[2022-10-01 00:01:04,558] {logging_mixin.py:109} INFO - [2022-10-01 00:01:04,558] {dag.py:1833} INFO - Sync 2 DAGs
[2022-10-01 00:01:04,572] {logging_mixin.py:109} INFO - [2022-10-01 00:01:04,571] {dag.py:2306} INFO - Setting next_dagrun for example_subdag_operator.section-1 to None
[2022-10-01 00:01:04,573] {logging_mixin.py:109} INFO - [2022-10-01 00:01:04,573] {dag.py:2306} INFO - Setting next_dagrun for example_subdag_operator.section-2 to None
[2022-10-01 00:01:04,584] {processor.py:170} INFO - Processing /home/airflow/.local/lib/python3.6/site-packages/airflow/example_dags/example_subdag_operator.py took 0.140 seconds
[2022-10-01 00:01:34,819] {processor.py:162} INFO - Started process (PID=5700) to work on /home/airflow/.local/lib/python3.6/site-packages/airflow/example_dags/example_subdag_operator.py
[2022-10-01 00:01:34,820] {processor.py:613} INFO - Processing file /home/airflow/.local/lib/python3.6/site-packages/airflow/example_dags/example_subdag_operator.py for tasks to queue
[2022-10-01 00:01:34,821] {logging_mixin.py:109} INFO - [2022-10-01 00:01:34,821] {dagbag.py:496} INFO - Filling up the DagBag from /home/airflow/.local/lib/python3.6/site-packages/airflow/example_dags/example_subdag_operator.py
[2022-10-01 00:01:34,848] {processor.py:623} INFO - DAG(s) dict_keys(['example_subdag_operator.section-1', 'example_subdag_operator.section-2', 'example_subdag_operator']) retrieved from /home/airflow/.local/lib/python3.6/site-packages/airflow/example_dags/example_subdag_operator.py
[2022-10-01 00:01:34,858] {logging_mixin.py:109} INFO - [2022-10-01 00:01:34,858] {dag.py:1833} INFO - Sync 3 DAGs
[2022-10-01 00:01:34,873] {logging_mixin.py:109} INFO - [2022-10-01 00:01:34,873] {dag.py:2306} INFO - Setting next_dagrun for example_subdag_operator to 2022-09-29 00:00:00+00:00
[2022-10-01 00:01:34,874] {logging_mixin.py:109} INFO - [2022-10-01 00:01:34,874] {dag.py:2306} INFO - Setting next_dagrun for example_subdag_operator.section-1 to None
[2022-10-01 00:01:34,875] {logging_mixin.py:109} INFO - [2022-10-01 00:01:34,875] {dag.py:2306} INFO - Setting next_dagrun for example_subdag_operator.section-2 to None
[2022-10-01 00:01:34,884] {logging_mixin.py:109} INFO - [2022-10-01 00:01:34,884] {dag.py:1833} INFO - Sync 2 DAGs
[2022-10-01 00:01:34,892] {logging_mixin.py:109} INFO - [2022-10-01 00:01:34,892] {dag.py:2306} INFO - Setting next_dagrun for example_subdag_operator.section-1 to None
[2022-10-01 00:01:34,893] {logging_mixin.py:109} INFO - [2022-10-01 00:01:34,893] {dag.py:2306} INFO - Setting next_dagrun for example_subdag_operator.section-2 to None
[2022-10-01 00:01:34,902] {processor.py:170} INFO - Processing /home/airflow/.local/lib/python3.6/site-packages/airflow/example_dags/example_subdag_operator.py took 0.087 seconds
[2022-10-01 00:02:05,081] {processor.py:162} INFO - Started process (PID=5761) to work on /home/airflow/.local/lib/python3.6/site-packages/airflow/example_dags/example_subdag_operator.py
[2022-10-01 00:02:05,083] {processor.py:613} INFO - Processing file /home/airflow/.local/lib/python3.6/site-packages/airflow/example_dags/example_subdag_operator.py for tasks to queue
[2022-10-01 00:02:05,084] {logging_mixin.py:109} INFO - [2022-10-01 00:02:05,084] {dagbag.py:496} INFO - Filling up the DagBag from /home/airflow/.local/lib/python3.6/site-packages/airflow/example_dags/example_subdag_operator.py
[2022-10-01 00:02:05,110] {processor.py:623} INFO - DAG(s) dict_keys(['example_subdag_operator.section-1', 'example_subdag_operator.section-2', 'example_subdag_operator']) retrieved from /home/airflow/.local/lib/python3.6/site-packages/airflow/example_dags/example_subdag_operator.py
[2022-10-01 00:02:05,123] {logging_mixin.py:109} INFO - [2022-10-01 00:02:05,123] {dag.py:1833} INFO - Sync 3 DAGs
[2022-10-01 00:02:05,136] {logging_mixin.py:109} INFO - [2022-10-01 00:02:05,136] {dag.py:2306} INFO - Setting next_dagrun for example_subdag_operator to 2022-09-29 00:00:00+00:00
[2022-10-01 00:02:05,138] {logging_mixin.py:109} INFO - [2022-10-01 00:02:05,138] {dag.py:2306} INFO - Setting next_dagrun for example_subdag_operator.section-1 to None
[2022-10-01 00:02:05,139] {logging_mixin.py:109} INFO - [2022-10-01 00:02:05,139] {dag.py:2306} INFO - Setting next_dagrun for example_subdag_operator.section-2 to None
[2022-10-01 00:02:05,146] {logging_mixin.py:109} INFO - [2022-10-01 00:02:05,146] {dag.py:1833} INFO - Sync 2 DAGs
[2022-10-01 00:02:05,153] {logging_mixin.py:109} INFO - [2022-10-01 00:02:05,153] {dag.py:2306} INFO - Setting next_dagrun for example_subdag_operator.section-1 to None
[2022-10-01 00:02:05,154] {logging_mixin.py:109} INFO - [2022-10-01 00:02:05,154] {dag.py:2306} INFO - Setting next_dagrun for example_subdag_operator.section-2 to None
[2022-10-01 00:02:05,163] {processor.py:170} INFO - Processing /home/airflow/.local/lib/python3.6/site-packages/airflow/example_dags/example_subdag_operator.py took 0.085 seconds
[2022-10-01 00:02:35,203] {processor.py:162} INFO - Started process (PID=5812) to work on /home/airflow/.local/lib/python3.6/site-packages/airflow/example_dags/example_subdag_operator.py
[2022-10-01 00:02:35,205] {processor.py:613} INFO - Processing file /home/airflow/.local/lib/python3.6/site-packages/airflow/example_dags/example_subdag_operator.py for tasks to queue
[2022-10-01 00:02:35,206] {logging_mixin.py:109} INFO - [2022-10-01 00:02:35,206] {dagbag.py:496} INFO - Filling up the DagBag from /home/airflow/.local/lib/python3.6/site-packages/airflow/example_dags/example_subdag_operator.py
[2022-10-01 00:02:35,232] {processor.py:623} INFO - DAG(s) dict_keys(['example_subdag_operator.section-1', 'example_subdag_operator.section-2', 'example_subdag_operator']) retrieved from /home/airflow/.local/lib/python3.6/site-packages/airflow/example_dags/example_subdag_operator.py
[2022-10-01 00:02:35,241] {logging_mixin.py:109} INFO - [2022-10-01 00:02:35,241] {dag.py:1833} INFO - Sync 3 DAGs
[2022-10-01 00:02:35,255] {logging_mixin.py:109} INFO - [2022-10-01 00:02:35,255] {dag.py:2306} INFO - Setting next_dagrun for example_subdag_operator to 2022-09-29 00:00:00+00:00
[2022-10-01 00:02:35,257] {logging_mixin.py:109} INFO - [2022-10-01 00:02:35,257] {dag.py:2306} INFO - Setting next_dagrun for example_subdag_operator.section-1 to None
[2022-10-01 00:02:35,258] {logging_mixin.py:109} INFO - [2022-10-01 00:02:35,258] {dag.py:2306} INFO - Setting next_dagrun for example_subdag_operator.section-2 to None
[2022-10-01 00:02:35,266] {logging_mixin.py:109} INFO - [2022-10-01 00:02:35,266] {dag.py:1833} INFO - Sync 2 DAGs
[2022-10-01 00:02:35,273] {logging_mixin.py:109} INFO - [2022-10-01 00:02:35,273] {dag.py:2306} INFO - Setting next_dagrun for example_subdag_operator.section-1 to None
[2022-10-01 00:02:35,274] {logging_mixin.py:109} INFO - [2022-10-01 00:02:35,274] {dag.py:2306} INFO - Setting next_dagrun for example_subdag_operator.section-2 to None
[2022-10-01 00:02:35,283] {processor.py:170} INFO - Processing /home/airflow/.local/lib/python3.6/site-packages/airflow/example_dags/example_subdag_operator.py took 0.082 seconds
[2022-10-01 00:03:05,454] {processor.py:162} INFO - Started process (PID=5873) to work on /home/airflow/.local/lib/python3.6/site-packages/airflow/example_dags/example_subdag_operator.py
[2022-10-01 00:03:05,456] {processor.py:613} INFO - Processing file /home/airflow/.local/lib/python3.6/site-packages/airflow/example_dags/example_subdag_operator.py for tasks to queue
[2022-10-01 00:03:05,457] {logging_mixin.py:109} INFO - [2022-10-01 00:03:05,457] {dagbag.py:496} INFO - Filling up the DagBag from /home/airflow/.local/lib/python3.6/site-packages/airflow/example_dags/example_subdag_operator.py
[2022-10-01 00:03:05,490] {processor.py:623} INFO - DAG(s) dict_keys(['example_subdag_operator.section-1', 'example_subdag_operator.section-2', 'example_subdag_operator']) retrieved from /home/airflow/.local/lib/python3.6/site-packages/airflow/example_dags/example_subdag_operator.py
[2022-10-01 00:03:05,504] {logging_mixin.py:109} INFO - [2022-10-01 00:03:05,503] {dag.py:1833} INFO - Sync 3 DAGs
[2022-10-01 00:03:05,522] {logging_mixin.py:109} INFO - [2022-10-01 00:03:05,522] {dag.py:2306} INFO - Setting next_dagrun for example_subdag_operator to 2022-09-29 00:00:00+00:00
[2022-10-01 00:03:05,523] {logging_mixin.py:109} INFO - [2022-10-01 00:03:05,523] {dag.py:2306} INFO - Setting next_dagrun for example_subdag_operator.section-1 to None
[2022-10-01 00:03:05,524] {logging_mixin.py:109} INFO - [2022-10-01 00:03:05,524] {dag.py:2306} INFO - Setting next_dagrun for example_subdag_operator.section-2 to None
[2022-10-01 00:03:05,535] {logging_mixin.py:109} INFO - [2022-10-01 00:03:05,535] {dag.py:1833} INFO - Sync 2 DAGs
[2022-10-01 00:03:05,543] {logging_mixin.py:109} INFO - [2022-10-01 00:03:05,543] {dag.py:2306} INFO - Setting next_dagrun for example_subdag_operator.section-1 to None
[2022-10-01 00:03:05,545] {logging_mixin.py:109} INFO - [2022-10-01 00:03:05,545] {dag.py:2306} INFO - Setting next_dagrun for example_subdag_operator.section-2 to None
[2022-10-01 00:03:05,555] {processor.py:170} INFO - Processing /home/airflow/.local/lib/python3.6/site-packages/airflow/example_dags/example_subdag_operator.py took 0.104 seconds
[2022-10-01 00:03:36,816] {processor.py:162} INFO - Started process (PID=5934) to work on /home/airflow/.local/lib/python3.6/site-packages/airflow/example_dags/example_subdag_operator.py
[2022-10-01 00:03:36,818] {processor.py:613} INFO - Processing file /home/airflow/.local/lib/python3.6/site-packages/airflow/example_dags/example_subdag_operator.py for tasks to queue
[2022-10-01 00:03:36,820] {logging_mixin.py:109} INFO - [2022-10-01 00:03:36,820] {dagbag.py:496} INFO - Filling up the DagBag from /home/airflow/.local/lib/python3.6/site-packages/airflow/example_dags/example_subdag_operator.py
[2022-10-01 00:03:36,847] {processor.py:623} INFO - DAG(s) dict_keys(['example_subdag_operator.section-1', 'example_subdag_operator.section-2', 'example_subdag_operator']) retrieved from /home/airflow/.local/lib/python3.6/site-packages/airflow/example_dags/example_subdag_operator.py
[2022-10-01 00:03:36,860] {logging_mixin.py:109} INFO - [2022-10-01 00:03:36,860] {dag.py:1833} INFO - Sync 3 DAGs
[2022-10-01 00:03:36,875] {logging_mixin.py:109} INFO - [2022-10-01 00:03:36,874] {dag.py:2306} INFO - Setting next_dagrun for example_subdag_operator to 2022-09-29 00:00:00+00:00
[2022-10-01 00:03:36,876] {logging_mixin.py:109} INFO - [2022-10-01 00:03:36,876] {dag.py:2306} INFO - Setting next_dagrun for example_subdag_operator.section-1 to None
[2022-10-01 00:03:36,877] {logging_mixin.py:109} INFO - [2022-10-01 00:03:36,877] {dag.py:2306} INFO - Setting next_dagrun for example_subdag_operator.section-2 to None
[2022-10-01 00:03:36,886] {logging_mixin.py:109} INFO - [2022-10-01 00:03:36,886] {dag.py:1833} INFO - Sync 2 DAGs
[2022-10-01 00:03:36,894] {logging_mixin.py:109} INFO - [2022-10-01 00:03:36,894] {dag.py:2306} INFO - Setting next_dagrun for example_subdag_operator.section-1 to None
[2022-10-01 00:03:36,895] {logging_mixin.py:109} INFO - [2022-10-01 00:03:36,894] {dag.py:2306} INFO - Setting next_dagrun for example_subdag_operator.section-2 to None
[2022-10-01 00:03:36,902] {processor.py:170} INFO - Processing /home/airflow/.local/lib/python3.6/site-packages/airflow/example_dags/example_subdag_operator.py took 0.088 seconds
[2022-10-01 00:04:07,078] {processor.py:162} INFO - Started process (PID=5993) to work on /home/airflow/.local/lib/python3.6/site-packages/airflow/example_dags/example_subdag_operator.py
[2022-10-01 00:04:07,080] {processor.py:613} INFO - Processing file /home/airflow/.local/lib/python3.6/site-packages/airflow/example_dags/example_subdag_operator.py for tasks to queue
[2022-10-01 00:04:07,081] {logging_mixin.py:109} INFO - [2022-10-01 00:04:07,081] {dagbag.py:496} INFO - Filling up the DagBag from /home/airflow/.local/lib/python3.6/site-packages/airflow/example_dags/example_subdag_operator.py
[2022-10-01 00:04:07,107] {processor.py:623} INFO - DAG(s) dict_keys(['example_subdag_operator.section-1', 'example_subdag_operator.section-2', 'example_subdag_operator']) retrieved from /home/airflow/.local/lib/python3.6/site-packages/airflow/example_dags/example_subdag_operator.py
[2022-10-01 00:04:07,117] {logging_mixin.py:109} INFO - [2022-10-01 00:04:07,117] {dag.py:1833} INFO - Sync 3 DAGs
[2022-10-01 00:04:07,131] {logging_mixin.py:109} INFO - [2022-10-01 00:04:07,130] {dag.py:2306} INFO - Setting next_dagrun for example_subdag_operator to 2022-09-29 00:00:00+00:00
[2022-10-01 00:04:07,132] {logging_mixin.py:109} INFO - [2022-10-01 00:04:07,132] {dag.py:2306} INFO - Setting next_dagrun for example_subdag_operator.section-1 to None
[2022-10-01 00:04:07,133] {logging_mixin.py:109} INFO - [2022-10-01 00:04:07,133] {dag.py:2306} INFO - Setting next_dagrun for example_subdag_operator.section-2 to None
[2022-10-01 00:04:07,141] {logging_mixin.py:109} INFO - [2022-10-01 00:04:07,141] {dag.py:1833} INFO - Sync 2 DAGs
[2022-10-01 00:04:07,149] {logging_mixin.py:109} INFO - [2022-10-01 00:04:07,149] {dag.py:2306} INFO - Setting next_dagrun for example_subdag_operator.section-1 to None
[2022-10-01 00:04:07,150] {logging_mixin.py:109} INFO - [2022-10-01 00:04:07,150] {dag.py:2306} INFO - Setting next_dagrun for example_subdag_operator.section-2 to None
[2022-10-01 00:04:07,159] {processor.py:170} INFO - Processing /home/airflow/.local/lib/python3.6/site-packages/airflow/example_dags/example_subdag_operator.py took 0.083 seconds
[2022-10-01 00:04:37,330] {processor.py:162} INFO - Started process (PID=6046) to work on /home/airflow/.local/lib/python3.6/site-packages/airflow/example_dags/example_subdag_operator.py
[2022-10-01 00:04:37,333] {processor.py:613} INFO - Processing file /home/airflow/.local/lib/python3.6/site-packages/airflow/example_dags/example_subdag_operator.py for tasks to queue
[2022-10-01 00:04:37,334] {logging_mixin.py:109} INFO - [2022-10-01 00:04:37,334] {dagbag.py:496} INFO - Filling up the DagBag from /home/airflow/.local/lib/python3.6/site-packages/airflow/example_dags/example_subdag_operator.py
[2022-10-01 00:04:37,362] {processor.py:623} INFO - DAG(s) dict_keys(['example_subdag_operator.section-1', 'example_subdag_operator.section-2', 'example_subdag_operator']) retrieved from /home/airflow/.local/lib/python3.6/site-packages/airflow/example_dags/example_subdag_operator.py
[2022-10-01 00:04:37,373] {logging_mixin.py:109} INFO - [2022-10-01 00:04:37,373] {dag.py:1833} INFO - Sync 3 DAGs
[2022-10-01 00:04:37,387] {logging_mixin.py:109} INFO - [2022-10-01 00:04:37,387] {dag.py:2306} INFO - Setting next_dagrun for example_subdag_operator to 2022-09-29 00:00:00+00:00
[2022-10-01 00:04:37,389] {logging_mixin.py:109} INFO - [2022-10-01 00:04:37,389] {dag.py:2306} INFO - Setting next_dagrun for example_subdag_operator.section-1 to None
[2022-10-01 00:04:37,390] {logging_mixin.py:109} INFO - [2022-10-01 00:04:37,390] {dag.py:2306} INFO - Setting next_dagrun for example_subdag_operator.section-2 to None
[2022-10-01 00:04:37,399] {logging_mixin.py:109} INFO - [2022-10-01 00:04:37,399] {dag.py:1833} INFO - Sync 2 DAGs
[2022-10-01 00:04:37,406] {logging_mixin.py:109} INFO - [2022-10-01 00:04:37,406] {dag.py:2306} INFO - Setting next_dagrun for example_subdag_operator.section-1 to None
[2022-10-01 00:04:37,407] {logging_mixin.py:109} INFO - [2022-10-01 00:04:37,407] {dag.py:2306} INFO - Setting next_dagrun for example_subdag_operator.section-2 to None
[2022-10-01 00:04:37,415] {processor.py:170} INFO - Processing /home/airflow/.local/lib/python3.6/site-packages/airflow/example_dags/example_subdag_operator.py took 0.087 seconds
[2022-10-01 00:05:08,669] {processor.py:162} INFO - Started process (PID=6107) to work on /home/airflow/.local/lib/python3.6/site-packages/airflow/example_dags/example_subdag_operator.py
[2022-10-01 00:05:08,670] {processor.py:613} INFO - Processing file /home/airflow/.local/lib/python3.6/site-packages/airflow/example_dags/example_subdag_operator.py for tasks to queue
[2022-10-01 00:05:08,671] {logging_mixin.py:109} INFO - [2022-10-01 00:05:08,671] {dagbag.py:496} INFO - Filling up the DagBag from /home/airflow/.local/lib/python3.6/site-packages/airflow/example_dags/example_subdag_operator.py
[2022-10-01 00:05:08,695] {processor.py:623} INFO - DAG(s) dict_keys(['example_subdag_operator.section-1', 'example_subdag_operator.section-2', 'example_subdag_operator']) retrieved from /home/airflow/.local/lib/python3.6/site-packages/airflow/example_dags/example_subdag_operator.py
[2022-10-01 00:05:08,705] {logging_mixin.py:109} INFO - [2022-10-01 00:05:08,705] {dag.py:1833} INFO - Sync 3 DAGs
[2022-10-01 00:05:08,718] {logging_mixin.py:109} INFO - [2022-10-01 00:05:08,718] {dag.py:2306} INFO - Setting next_dagrun for example_subdag_operator to 2022-09-29 00:00:00+00:00
[2022-10-01 00:05:08,719] {logging_mixin.py:109} INFO - [2022-10-01 00:05:08,719] {dag.py:2306} INFO - Setting next_dagrun for example_subdag_operator.section-1 to None
[2022-10-01 00:05:08,720] {logging_mixin.py:109} INFO - [2022-10-01 00:05:08,720] {dag.py:2306} INFO - Setting next_dagrun for example_subdag_operator.section-2 to None
[2022-10-01 00:05:08,728] {logging_mixin.py:109} INFO - [2022-10-01 00:05:08,728] {dag.py:1833} INFO - Sync 2 DAGs
[2022-10-01 00:05:08,736] {logging_mixin.py:109} INFO - [2022-10-01 00:05:08,736] {dag.py:2306} INFO - Setting next_dagrun for example_subdag_operator.section-1 to None
[2022-10-01 00:05:08,737] {logging_mixin.py:109} INFO - [2022-10-01 00:05:08,737] {dag.py:2306} INFO - Setting next_dagrun for example_subdag_operator.section-2 to None
[2022-10-01 00:05:08,746] {processor.py:170} INFO - Processing /home/airflow/.local/lib/python3.6/site-packages/airflow/example_dags/example_subdag_operator.py took 0.080 seconds
[2022-10-01 00:05:38,849] {processor.py:162} INFO - Started process (PID=6168) to work on /home/airflow/.local/lib/python3.6/site-packages/airflow/example_dags/example_subdag_operator.py
[2022-10-01 00:05:38,851] {processor.py:613} INFO - Processing file /home/airflow/.local/lib/python3.6/site-packages/airflow/example_dags/example_subdag_operator.py for tasks to queue
[2022-10-01 00:05:38,853] {logging_mixin.py:109} INFO - [2022-10-01 00:05:38,852] {dagbag.py:496} INFO - Filling up the DagBag from /home/airflow/.local/lib/python3.6/site-packages/airflow/example_dags/example_subdag_operator.py
[2022-10-01 00:05:38,887] {processor.py:623} INFO - DAG(s) dict_keys(['example_subdag_operator.section-1', 'example_subdag_operator.section-2', 'example_subdag_operator']) retrieved from /home/airflow/.local/lib/python3.6/site-packages/airflow/example_dags/example_subdag_operator.py
[2022-10-01 00:05:38,901] {logging_mixin.py:109} INFO - [2022-10-01 00:05:38,901] {dag.py:1833} INFO - Sync 3 DAGs
[2022-10-01 00:05:38,920] {logging_mixin.py:109} INFO - [2022-10-01 00:05:38,920] {dag.py:2306} INFO - Setting next_dagrun for example_subdag_operator to 2022-09-29 00:00:00+00:00
[2022-10-01 00:05:38,922] {logging_mixin.py:109} INFO - [2022-10-01 00:05:38,922] {dag.py:2306} INFO - Setting next_dagrun for example_subdag_operator.section-1 to None
[2022-10-01 00:05:38,923] {logging_mixin.py:109} INFO - [2022-10-01 00:05:38,923] {dag.py:2306} INFO - Setting next_dagrun for example_subdag_operator.section-2 to None
[2022-10-01 00:05:38,934] {logging_mixin.py:109} INFO - [2022-10-01 00:05:38,934] {dag.py:1833} INFO - Sync 2 DAGs
[2022-10-01 00:05:38,946] {logging_mixin.py:109} INFO - [2022-10-01 00:05:38,945] {dag.py:2306} INFO - Setting next_dagrun for example_subdag_operator.section-1 to None
[2022-10-01 00:05:38,947] {logging_mixin.py:109} INFO - [2022-10-01 00:05:38,947] {dag.py:2306} INFO - Setting next_dagrun for example_subdag_operator.section-2 to None
[2022-10-01 00:05:38,957] {processor.py:170} INFO - Processing /home/airflow/.local/lib/python3.6/site-packages/airflow/example_dags/example_subdag_operator.py took 0.113 seconds
[2022-10-01 00:06:09,290] {processor.py:162} INFO - Started process (PID=6220) to work on /home/airflow/.local/lib/python3.6/site-packages/airflow/example_dags/example_subdag_operator.py
[2022-10-01 00:06:09,292] {processor.py:613} INFO - Processing file /home/airflow/.local/lib/python3.6/site-packages/airflow/example_dags/example_subdag_operator.py for tasks to queue
[2022-10-01 00:06:09,294] {logging_mixin.py:109} INFO - [2022-10-01 00:06:09,294] {dagbag.py:496} INFO - Filling up the DagBag from /home/airflow/.local/lib/python3.6/site-packages/airflow/example_dags/example_subdag_operator.py
[2022-10-01 00:06:09,319] {processor.py:623} INFO - DAG(s) dict_keys(['example_subdag_operator.section-1', 'example_subdag_operator.section-2', 'example_subdag_operator']) retrieved from /home/airflow/.local/lib/python3.6/site-packages/airflow/example_dags/example_subdag_operator.py
[2022-10-01 00:06:09,329] {logging_mixin.py:109} INFO - [2022-10-01 00:06:09,329] {dag.py:1833} INFO - Sync 3 DAGs
[2022-10-01 00:06:09,340] {logging_mixin.py:109} INFO - [2022-10-01 00:06:09,340] {dag.py:2306} INFO - Setting next_dagrun for example_subdag_operator to 2022-09-29 00:00:00+00:00
[2022-10-01 00:06:09,342] {logging_mixin.py:109} INFO - [2022-10-01 00:06:09,341] {dag.py:2306} INFO - Setting next_dagrun for example_subdag_operator.section-1 to None
[2022-10-01 00:06:09,343] {logging_mixin.py:109} INFO - [2022-10-01 00:06:09,342] {dag.py:2306} INFO - Setting next_dagrun for example_subdag_operator.section-2 to None
[2022-10-01 00:06:09,350] {logging_mixin.py:109} INFO - [2022-10-01 00:06:09,350] {dag.py:1833} INFO - Sync 2 DAGs
[2022-10-01 00:06:09,357] {logging_mixin.py:109} INFO - [2022-10-01 00:06:09,357] {dag.py:2306} INFO - Setting next_dagrun for example_subdag_operator.section-1 to None
[2022-10-01 00:06:09,359] {logging_mixin.py:109} INFO - [2022-10-01 00:06:09,359] {dag.py:2306} INFO - Setting next_dagrun for example_subdag_operator.section-2 to None
[2022-10-01 00:06:09,368] {processor.py:170} INFO - Processing /home/airflow/.local/lib/python3.6/site-packages/airflow/example_dags/example_subdag_operator.py took 0.080 seconds
[2022-10-01 00:06:40,644] {processor.py:162} INFO - Started process (PID=6282) to work on /home/airflow/.local/lib/python3.6/site-packages/airflow/example_dags/example_subdag_operator.py
[2022-10-01 00:06:40,646] {processor.py:613} INFO - Processing file /home/airflow/.local/lib/python3.6/site-packages/airflow/example_dags/example_subdag_operator.py for tasks to queue
[2022-10-01 00:06:40,648] {logging_mixin.py:109} INFO - [2022-10-01 00:06:40,648] {dagbag.py:496} INFO - Filling up the DagBag from /home/airflow/.local/lib/python3.6/site-packages/airflow/example_dags/example_subdag_operator.py
[2022-10-01 00:06:40,676] {processor.py:623} INFO - DAG(s) dict_keys(['example_subdag_operator.section-1', 'example_subdag_operator.section-2', 'example_subdag_operator']) retrieved from /home/airflow/.local/lib/python3.6/site-packages/airflow/example_dags/example_subdag_operator.py
[2022-10-01 00:06:40,686] {logging_mixin.py:109} INFO - [2022-10-01 00:06:40,686] {dag.py:1833} INFO - Sync 3 DAGs
[2022-10-01 00:06:40,699] {logging_mixin.py:109} INFO - [2022-10-01 00:06:40,699] {dag.py:2306} INFO - Setting next_dagrun for example_subdag_operator to 2022-09-29 00:00:00+00:00
[2022-10-01 00:06:40,701] {logging_mixin.py:109} INFO - [2022-10-01 00:06:40,701] {dag.py:2306} INFO - Setting next_dagrun for example_subdag_operator.section-1 to None
[2022-10-01 00:06:40,702] {logging_mixin.py:109} INFO - [2022-10-01 00:06:40,702] {dag.py:2306} INFO - Setting next_dagrun for example_subdag_operator.section-2 to None
[2022-10-01 00:06:40,710] {logging_mixin.py:109} INFO - [2022-10-01 00:06:40,710] {dag.py:1833} INFO - Sync 2 DAGs
[2022-10-01 00:06:40,718] {logging_mixin.py:109} INFO - [2022-10-01 00:06:40,718] {dag.py:2306} INFO - Setting next_dagrun for example_subdag_operator.section-1 to None
[2022-10-01 00:06:40,719] {logging_mixin.py:109} INFO - [2022-10-01 00:06:40,719] {dag.py:2306} INFO - Setting next_dagrun for example_subdag_operator.section-2 to None
[2022-10-01 00:06:40,728] {processor.py:170} INFO - Processing /home/airflow/.local/lib/python3.6/site-packages/airflow/example_dags/example_subdag_operator.py took 0.088 seconds
[2022-10-01 00:07:11,554] {processor.py:162} INFO - Started process (PID=6342) to work on /home/airflow/.local/lib/python3.6/site-packages/airflow/example_dags/example_subdag_operator.py
[2022-10-01 00:07:11,556] {processor.py:613} INFO - Processing file /home/airflow/.local/lib/python3.6/site-packages/airflow/example_dags/example_subdag_operator.py for tasks to queue
[2022-10-01 00:07:11,557] {logging_mixin.py:109} INFO - [2022-10-01 00:07:11,557] {dagbag.py:496} INFO - Filling up the DagBag from /home/airflow/.local/lib/python3.6/site-packages/airflow/example_dags/example_subdag_operator.py
[2022-10-01 00:07:11,598] {processor.py:623} INFO - DAG(s) dict_keys(['example_subdag_operator.section-1', 'example_subdag_operator.section-2', 'example_subdag_operator']) retrieved from /home/airflow/.local/lib/python3.6/site-packages/airflow/example_dags/example_subdag_operator.py
[2022-10-01 00:07:11,612] {logging_mixin.py:109} INFO - [2022-10-01 00:07:11,611] {dag.py:1833} INFO - Sync 3 DAGs
[2022-10-01 00:07:11,636] {logging_mixin.py:109} INFO - [2022-10-01 00:07:11,636] {dag.py:2306} INFO - Setting next_dagrun for example_subdag_operator to 2022-09-29 00:00:00+00:00
[2022-10-01 00:07:11,638] {logging_mixin.py:109} INFO - [2022-10-01 00:07:11,638] {dag.py:2306} INFO - Setting next_dagrun for example_subdag_operator.section-1 to None
[2022-10-01 00:07:11,639] {logging_mixin.py:109} INFO - [2022-10-01 00:07:11,639] {dag.py:2306} INFO - Setting next_dagrun for example_subdag_operator.section-2 to None
[2022-10-01 00:07:11,647] {logging_mixin.py:109} INFO - [2022-10-01 00:07:11,647] {dag.py:1833} INFO - Sync 2 DAGs
[2022-10-01 00:07:11,654] {logging_mixin.py:109} INFO - [2022-10-01 00:07:11,654] {dag.py:2306} INFO - Setting next_dagrun for example_subdag_operator.section-1 to None
[2022-10-01 00:07:11,655] {logging_mixin.py:109} INFO - [2022-10-01 00:07:11,655] {dag.py:2306} INFO - Setting next_dagrun for example_subdag_operator.section-2 to None
[2022-10-01 00:07:11,662] {processor.py:170} INFO - Processing /home/airflow/.local/lib/python3.6/site-packages/airflow/example_dags/example_subdag_operator.py took 0.110 seconds
[2022-10-01 00:07:42,375] {processor.py:162} INFO - Started process (PID=6394) to work on /home/airflow/.local/lib/python3.6/site-packages/airflow/example_dags/example_subdag_operator.py
[2022-10-01 00:07:42,377] {processor.py:613} INFO - Processing file /home/airflow/.local/lib/python3.6/site-packages/airflow/example_dags/example_subdag_operator.py for tasks to queue
[2022-10-01 00:07:42,378] {logging_mixin.py:109} INFO - [2022-10-01 00:07:42,378] {dagbag.py:496} INFO - Filling up the DagBag from /home/airflow/.local/lib/python3.6/site-packages/airflow/example_dags/example_subdag_operator.py
[2022-10-01 00:07:42,401] {processor.py:623} INFO - DAG(s) dict_keys(['example_subdag_operator.section-1', 'example_subdag_operator.section-2', 'example_subdag_operator']) retrieved from /home/airflow/.local/lib/python3.6/site-packages/airflow/example_dags/example_subdag_operator.py
[2022-10-01 00:07:42,411] {logging_mixin.py:109} INFO - [2022-10-01 00:07:42,411] {dag.py:1833} INFO - Sync 3 DAGs
[2022-10-01 00:07:42,423] {logging_mixin.py:109} INFO - [2022-10-01 00:07:42,423] {dag.py:2306} INFO - Setting next_dagrun for example_subdag_operator to 2022-09-29 00:00:00+00:00
[2022-10-01 00:07:42,424] {logging_mixin.py:109} INFO - [2022-10-01 00:07:42,424] {dag.py:2306} INFO - Setting next_dagrun for example_subdag_operator.section-1 to None
[2022-10-01 00:07:42,425] {logging_mixin.py:109} INFO - [2022-10-01 00:07:42,425] {dag.py:2306} INFO - Setting next_dagrun for example_subdag_operator.section-2 to None
[2022-10-01 00:07:42,433] {logging_mixin.py:109} INFO - [2022-10-01 00:07:42,433] {dag.py:1833} INFO - Sync 2 DAGs
[2022-10-01 00:07:42,439] {logging_mixin.py:109} INFO - [2022-10-01 00:07:42,439] {dag.py:2306} INFO - Setting next_dagrun for example_subdag_operator.section-1 to None
[2022-10-01 00:07:42,440] {logging_mixin.py:109} INFO - [2022-10-01 00:07:42,440] {dag.py:2306} INFO - Setting next_dagrun for example_subdag_operator.section-2 to None
[2022-10-01 00:07:42,448] {processor.py:170} INFO - Processing /home/airflow/.local/lib/python3.6/site-packages/airflow/example_dags/example_subdag_operator.py took 0.075 seconds
[2022-10-01 00:08:12,640] {processor.py:162} INFO - Started process (PID=6455) to work on /home/airflow/.local/lib/python3.6/site-packages/airflow/example_dags/example_subdag_operator.py
[2022-10-01 00:08:12,641] {processor.py:613} INFO - Processing file /home/airflow/.local/lib/python3.6/site-packages/airflow/example_dags/example_subdag_operator.py for tasks to queue
[2022-10-01 00:08:12,642] {logging_mixin.py:109} INFO - [2022-10-01 00:08:12,642] {dagbag.py:496} INFO - Filling up the DagBag from /home/airflow/.local/lib/python3.6/site-packages/airflow/example_dags/example_subdag_operator.py
[2022-10-01 00:08:12,667] {processor.py:623} INFO - DAG(s) dict_keys(['example_subdag_operator.section-1', 'example_subdag_operator.section-2', 'example_subdag_operator']) retrieved from /home/airflow/.local/lib/python3.6/site-packages/airflow/example_dags/example_subdag_operator.py
[2022-10-01 00:08:12,676] {logging_mixin.py:109} INFO - [2022-10-01 00:08:12,676] {dag.py:1833} INFO - Sync 3 DAGs
[2022-10-01 00:08:12,688] {logging_mixin.py:109} INFO - [2022-10-01 00:08:12,688] {dag.py:2306} INFO - Setting next_dagrun for example_subdag_operator to 2022-09-29 00:00:00+00:00
[2022-10-01 00:08:12,690] {logging_mixin.py:109} INFO - [2022-10-01 00:08:12,690] {dag.py:2306} INFO - Setting next_dagrun for example_subdag_operator.section-1 to None
[2022-10-01 00:08:12,692] {logging_mixin.py:109} INFO - [2022-10-01 00:08:12,692] {dag.py:2306} INFO - Setting next_dagrun for example_subdag_operator.section-2 to None
[2022-10-01 00:08:12,699] {logging_mixin.py:109} INFO - [2022-10-01 00:08:12,699] {dag.py:1833} INFO - Sync 2 DAGs
[2022-10-01 00:08:12,707] {logging_mixin.py:109} INFO - [2022-10-01 00:08:12,707] {dag.py:2306} INFO - Setting next_dagrun for example_subdag_operator.section-1 to None
[2022-10-01 00:08:12,708] {logging_mixin.py:109} INFO - [2022-10-01 00:08:12,708] {dag.py:2306} INFO - Setting next_dagrun for example_subdag_operator.section-2 to None
[2022-10-01 00:08:12,718] {processor.py:170} INFO - Processing /home/airflow/.local/lib/python3.6/site-packages/airflow/example_dags/example_subdag_operator.py took 0.081 seconds
[2022-10-01 00:08:43,756] {processor.py:162} INFO - Started process (PID=6506) to work on /home/airflow/.local/lib/python3.6/site-packages/airflow/example_dags/example_subdag_operator.py
[2022-10-01 00:08:43,757] {processor.py:613} INFO - Processing file /home/airflow/.local/lib/python3.6/site-packages/airflow/example_dags/example_subdag_operator.py for tasks to queue
[2022-10-01 00:08:43,758] {logging_mixin.py:109} INFO - [2022-10-01 00:08:43,758] {dagbag.py:496} INFO - Filling up the DagBag from /home/airflow/.local/lib/python3.6/site-packages/airflow/example_dags/example_subdag_operator.py
[2022-10-01 00:08:43,784] {processor.py:623} INFO - DAG(s) dict_keys(['example_subdag_operator.section-1', 'example_subdag_operator.section-2', 'example_subdag_operator']) retrieved from /home/airflow/.local/lib/python3.6/site-packages/airflow/example_dags/example_subdag_operator.py
[2022-10-01 00:08:43,795] {logging_mixin.py:109} INFO - [2022-10-01 00:08:43,795] {dag.py:1833} INFO - Sync 3 DAGs
[2022-10-01 00:08:43,808] {logging_mixin.py:109} INFO - [2022-10-01 00:08:43,808] {dag.py:2306} INFO - Setting next_dagrun for example_subdag_operator to 2022-09-29 00:00:00+00:00
[2022-10-01 00:08:43,809] {logging_mixin.py:109} INFO - [2022-10-01 00:08:43,809] {dag.py:2306} INFO - Setting next_dagrun for example_subdag_operator.section-1 to None
[2022-10-01 00:08:43,810] {logging_mixin.py:109} INFO - [2022-10-01 00:08:43,810] {dag.py:2306} INFO - Setting next_dagrun for example_subdag_operator.section-2 to None
[2022-10-01 00:08:43,817] {logging_mixin.py:109} INFO - [2022-10-01 00:08:43,817] {dag.py:1833} INFO - Sync 2 DAGs
[2022-10-01 00:08:43,824] {logging_mixin.py:109} INFO - [2022-10-01 00:08:43,824] {dag.py:2306} INFO - Setting next_dagrun for example_subdag_operator.section-1 to None
[2022-10-01 00:08:43,825] {logging_mixin.py:109} INFO - [2022-10-01 00:08:43,825] {dag.py:2306} INFO - Setting next_dagrun for example_subdag_operator.section-2 to None
[2022-10-01 00:08:43,834] {processor.py:170} INFO - Processing /home/airflow/.local/lib/python3.6/site-packages/airflow/example_dags/example_subdag_operator.py took 0.081 seconds
[2022-10-01 00:09:14,671] {processor.py:162} INFO - Started process (PID=6567) to work on /home/airflow/.local/lib/python3.6/site-packages/airflow/example_dags/example_subdag_operator.py
[2022-10-01 00:09:14,673] {processor.py:613} INFO - Processing file /home/airflow/.local/lib/python3.6/site-packages/airflow/example_dags/example_subdag_operator.py for tasks to queue
[2022-10-01 00:09:14,674] {logging_mixin.py:109} INFO - [2022-10-01 00:09:14,674] {dagbag.py:496} INFO - Filling up the DagBag from /home/airflow/.local/lib/python3.6/site-packages/airflow/example_dags/example_subdag_operator.py
[2022-10-01 00:09:14,700] {processor.py:623} INFO - DAG(s) dict_keys(['example_subdag_operator.section-1', 'example_subdag_operator.section-2', 'example_subdag_operator']) retrieved from /home/airflow/.local/lib/python3.6/site-packages/airflow/example_dags/example_subdag_operator.py
[2022-10-01 00:09:14,711] {logging_mixin.py:109} INFO - [2022-10-01 00:09:14,711] {dag.py:1833} INFO - Sync 3 DAGs
[2022-10-01 00:09:14,723] {logging_mixin.py:109} INFO - [2022-10-01 00:09:14,723] {dag.py:2306} INFO - Setting next_dagrun for example_subdag_operator to 2022-09-29 00:00:00+00:00
[2022-10-01 00:09:14,725] {logging_mixin.py:109} INFO - [2022-10-01 00:09:14,725] {dag.py:2306} INFO - Setting next_dagrun for example_subdag_operator.section-1 to None
[2022-10-01 00:09:14,726] {logging_mixin.py:109} INFO - [2022-10-01 00:09:14,726] {dag.py:2306} INFO - Setting next_dagrun for example_subdag_operator.section-2 to None
[2022-10-01 00:09:14,735] {logging_mixin.py:109} INFO - [2022-10-01 00:09:14,735] {dag.py:1833} INFO - Sync 2 DAGs
[2022-10-01 00:09:14,742] {logging_mixin.py:109} INFO - [2022-10-01 00:09:14,742] {dag.py:2306} INFO - Setting next_dagrun for example_subdag_operator.section-1 to None
[2022-10-01 00:09:14,743] {logging_mixin.py:109} INFO - [2022-10-01 00:09:14,743] {dag.py:2306} INFO - Setting next_dagrun for example_subdag_operator.section-2 to None
[2022-10-01 00:09:14,752] {processor.py:170} INFO - Processing /home/airflow/.local/lib/python3.6/site-packages/airflow/example_dags/example_subdag_operator.py took 0.084 seconds
[2022-10-01 00:09:45,533] {processor.py:162} INFO - Started process (PID=6628) to work on /home/airflow/.local/lib/python3.6/site-packages/airflow/example_dags/example_subdag_operator.py
[2022-10-01 00:09:45,536] {processor.py:613} INFO - Processing file /home/airflow/.local/lib/python3.6/site-packages/airflow/example_dags/example_subdag_operator.py for tasks to queue
[2022-10-01 00:09:45,537] {logging_mixin.py:109} INFO - [2022-10-01 00:09:45,537] {dagbag.py:496} INFO - Filling up the DagBag from /home/airflow/.local/lib/python3.6/site-packages/airflow/example_dags/example_subdag_operator.py
[2022-10-01 00:09:45,625] {processor.py:623} INFO - DAG(s) dict_keys(['example_subdag_operator.section-1', 'example_subdag_operator.section-2', 'example_subdag_operator']) retrieved from /home/airflow/.local/lib/python3.6/site-packages/airflow/example_dags/example_subdag_operator.py
[2022-10-01 00:09:45,646] {logging_mixin.py:109} INFO - [2022-10-01 00:09:45,646] {dag.py:1833} INFO - Sync 3 DAGs
[2022-10-01 00:09:45,662] {logging_mixin.py:109} INFO - [2022-10-01 00:09:45,662] {dag.py:2306} INFO - Setting next_dagrun for example_subdag_operator to 2022-09-29 00:00:00+00:00
[2022-10-01 00:09:45,664] {logging_mixin.py:109} INFO - [2022-10-01 00:09:45,663] {dag.py:2306} INFO - Setting next_dagrun for example_subdag_operator.section-1 to None
[2022-10-01 00:09:45,664] {logging_mixin.py:109} INFO - [2022-10-01 00:09:45,664] {dag.py:2306} INFO - Setting next_dagrun for example_subdag_operator.section-2 to None
[2022-10-01 00:09:45,673] {logging_mixin.py:109} INFO - [2022-10-01 00:09:45,673] {dag.py:1833} INFO - Sync 2 DAGs
[2022-10-01 00:09:45,681] {logging_mixin.py:109} INFO - [2022-10-01 00:09:45,681] {dag.py:2306} INFO - Setting next_dagrun for example_subdag_operator.section-1 to None
[2022-10-01 00:09:45,682] {logging_mixin.py:109} INFO - [2022-10-01 00:09:45,682] {dag.py:2306} INFO - Setting next_dagrun for example_subdag_operator.section-2 to None
[2022-10-01 00:09:45,691] {processor.py:170} INFO - Processing /home/airflow/.local/lib/python3.6/site-packages/airflow/example_dags/example_subdag_operator.py took 0.160 seconds
[2022-10-01 00:10:16,301] {processor.py:162} INFO - Started process (PID=6679) to work on /home/airflow/.local/lib/python3.6/site-packages/airflow/example_dags/example_subdag_operator.py
[2022-10-01 00:10:16,302] {processor.py:613} INFO - Processing file /home/airflow/.local/lib/python3.6/site-packages/airflow/example_dags/example_subdag_operator.py for tasks to queue
[2022-10-01 00:10:16,303] {logging_mixin.py:109} INFO - [2022-10-01 00:10:16,303] {dagbag.py:496} INFO - Filling up the DagBag from /home/airflow/.local/lib/python3.6/site-packages/airflow/example_dags/example_subdag_operator.py
[2022-10-01 00:10:16,329] {processor.py:623} INFO - DAG(s) dict_keys(['example_subdag_operator.section-1', 'example_subdag_operator.section-2', 'example_subdag_operator']) retrieved from /home/airflow/.local/lib/python3.6/site-packages/airflow/example_dags/example_subdag_operator.py
[2022-10-01 00:10:16,339] {logging_mixin.py:109} INFO - [2022-10-01 00:10:16,339] {dag.py:1833} INFO - Sync 3 DAGs
[2022-10-01 00:10:16,354] {logging_mixin.py:109} INFO - [2022-10-01 00:10:16,353] {dag.py:2306} INFO - Setting next_dagrun for example_subdag_operator to 2022-09-29 00:00:00+00:00
[2022-10-01 00:10:16,355] {logging_mixin.py:109} INFO - [2022-10-01 00:10:16,355] {dag.py:2306} INFO - Setting next_dagrun for example_subdag_operator.section-1 to None
[2022-10-01 00:10:16,356] {logging_mixin.py:109} INFO - [2022-10-01 00:10:16,356] {dag.py:2306} INFO - Setting next_dagrun for example_subdag_operator.section-2 to None
[2022-10-01 00:10:16,365] {logging_mixin.py:109} INFO - [2022-10-01 00:10:16,365] {dag.py:1833} INFO - Sync 2 DAGs
[2022-10-01 00:10:16,374] {logging_mixin.py:109} INFO - [2022-10-01 00:10:16,373] {dag.py:2306} INFO - Setting next_dagrun for example_subdag_operator.section-1 to None
[2022-10-01 00:10:16,374] {logging_mixin.py:109} INFO - [2022-10-01 00:10:16,374] {dag.py:2306} INFO - Setting next_dagrun for example_subdag_operator.section-2 to None
[2022-10-01 00:10:16,382] {processor.py:170} INFO - Processing /home/airflow/.local/lib/python3.6/site-packages/airflow/example_dags/example_subdag_operator.py took 0.084 seconds
[2022-10-01 00:10:46,716] {processor.py:162} INFO - Started process (PID=6740) to work on /home/airflow/.local/lib/python3.6/site-packages/airflow/example_dags/example_subdag_operator.py
[2022-10-01 00:10:46,718] {processor.py:613} INFO - Processing file /home/airflow/.local/lib/python3.6/site-packages/airflow/example_dags/example_subdag_operator.py for tasks to queue
[2022-10-01 00:10:46,719] {logging_mixin.py:109} INFO - [2022-10-01 00:10:46,719] {dagbag.py:496} INFO - Filling up the DagBag from /home/airflow/.local/lib/python3.6/site-packages/airflow/example_dags/example_subdag_operator.py
[2022-10-01 00:10:46,743] {processor.py:623} INFO - DAG(s) dict_keys(['example_subdag_operator.section-1', 'example_subdag_operator.section-2', 'example_subdag_operator']) retrieved from /home/airflow/.local/lib/python3.6/site-packages/airflow/example_dags/example_subdag_operator.py
[2022-10-01 00:10:46,754] {logging_mixin.py:109} INFO - [2022-10-01 00:10:46,754] {dag.py:1833} INFO - Sync 3 DAGs
[2022-10-01 00:10:46,767] {logging_mixin.py:109} INFO - [2022-10-01 00:10:46,767] {dag.py:2306} INFO - Setting next_dagrun for example_subdag_operator to 2022-09-29 00:00:00+00:00
[2022-10-01 00:10:46,768] {logging_mixin.py:109} INFO - [2022-10-01 00:10:46,768] {dag.py:2306} INFO - Setting next_dagrun for example_subdag_operator.section-1 to None
[2022-10-01 00:10:46,769] {logging_mixin.py:109} INFO - [2022-10-01 00:10:46,769] {dag.py:2306} INFO - Setting next_dagrun for example_subdag_operator.section-2 to None
[2022-10-01 00:10:46,780] {logging_mixin.py:109} INFO - [2022-10-01 00:10:46,780] {dag.py:1833} INFO - Sync 2 DAGs
[2022-10-01 00:10:46,797] {logging_mixin.py:109} INFO - [2022-10-01 00:10:46,797] {dag.py:2306} INFO - Setting next_dagrun for example_subdag_operator.section-1 to None
[2022-10-01 00:10:46,798] {logging_mixin.py:109} INFO - [2022-10-01 00:10:46,798] {dag.py:2306} INFO - Setting next_dagrun for example_subdag_operator.section-2 to None
[2022-10-01 00:10:46,841] {processor.py:170} INFO - Processing /home/airflow/.local/lib/python3.6/site-packages/airflow/example_dags/example_subdag_operator.py took 0.127 seconds
[2022-10-01 00:11:17,379] {processor.py:162} INFO - Started process (PID=6801) to work on /home/airflow/.local/lib/python3.6/site-packages/airflow/example_dags/example_subdag_operator.py
[2022-10-01 00:11:17,381] {processor.py:613} INFO - Processing file /home/airflow/.local/lib/python3.6/site-packages/airflow/example_dags/example_subdag_operator.py for tasks to queue
[2022-10-01 00:11:17,382] {logging_mixin.py:109} INFO - [2022-10-01 00:11:17,382] {dagbag.py:496} INFO - Filling up the DagBag from /home/airflow/.local/lib/python3.6/site-packages/airflow/example_dags/example_subdag_operator.py
[2022-10-01 00:11:17,405] {processor.py:623} INFO - DAG(s) dict_keys(['example_subdag_operator.section-1', 'example_subdag_operator.section-2', 'example_subdag_operator']) retrieved from /home/airflow/.local/lib/python3.6/site-packages/airflow/example_dags/example_subdag_operator.py
[2022-10-01 00:11:17,413] {logging_mixin.py:109} INFO - [2022-10-01 00:11:17,413] {dag.py:1833} INFO - Sync 3 DAGs
[2022-10-01 00:11:17,424] {logging_mixin.py:109} INFO - [2022-10-01 00:11:17,424] {dag.py:2306} INFO - Setting next_dagrun for example_subdag_operator to 2022-09-29 00:00:00+00:00
[2022-10-01 00:11:17,426] {logging_mixin.py:109} INFO - [2022-10-01 00:11:17,426] {dag.py:2306} INFO - Setting next_dagrun for example_subdag_operator.section-1 to None
[2022-10-01 00:11:17,427] {logging_mixin.py:109} INFO - [2022-10-01 00:11:17,427] {dag.py:2306} INFO - Setting next_dagrun for example_subdag_operator.section-2 to None
[2022-10-01 00:11:17,436] {logging_mixin.py:109} INFO - [2022-10-01 00:11:17,436] {dag.py:1833} INFO - Sync 2 DAGs
[2022-10-01 00:11:17,444] {logging_mixin.py:109} INFO - [2022-10-01 00:11:17,444] {dag.py:2306} INFO - Setting next_dagrun for example_subdag_operator.section-1 to None
[2022-10-01 00:11:17,445] {logging_mixin.py:109} INFO - [2022-10-01 00:11:17,445] {dag.py:2306} INFO - Setting next_dagrun for example_subdag_operator.section-2 to None
[2022-10-01 00:11:17,454] {processor.py:170} INFO - Processing /home/airflow/.local/lib/python3.6/site-packages/airflow/example_dags/example_subdag_operator.py took 0.078 seconds
[2022-10-01 00:11:47,531] {processor.py:162} INFO - Started process (PID=6852) to work on /home/airflow/.local/lib/python3.6/site-packages/airflow/example_dags/example_subdag_operator.py
[2022-10-01 00:11:47,533] {processor.py:613} INFO - Processing file /home/airflow/.local/lib/python3.6/site-packages/airflow/example_dags/example_subdag_operator.py for tasks to queue
[2022-10-01 00:11:47,534] {logging_mixin.py:109} INFO - [2022-10-01 00:11:47,534] {dagbag.py:496} INFO - Filling up the DagBag from /home/airflow/.local/lib/python3.6/site-packages/airflow/example_dags/example_subdag_operator.py
[2022-10-01 00:11:47,562] {processor.py:623} INFO - DAG(s) dict_keys(['example_subdag_operator.section-1', 'example_subdag_operator.section-2', 'example_subdag_operator']) retrieved from /home/airflow/.local/lib/python3.6/site-packages/airflow/example_dags/example_subdag_operator.py
[2022-10-01 00:11:47,572] {logging_mixin.py:109} INFO - [2022-10-01 00:11:47,572] {dag.py:1833} INFO - Sync 3 DAGs
[2022-10-01 00:11:47,585] {logging_mixin.py:109} INFO - [2022-10-01 00:11:47,585] {dag.py:2306} INFO - Setting next_dagrun for example_subdag_operator to 2022-09-29 00:00:00+00:00
[2022-10-01 00:11:47,587] {logging_mixin.py:109} INFO - [2022-10-01 00:11:47,587] {dag.py:2306} INFO - Setting next_dagrun for example_subdag_operator.section-1 to None
[2022-10-01 00:11:47,588] {logging_mixin.py:109} INFO - [2022-10-01 00:11:47,588] {dag.py:2306} INFO - Setting next_dagrun for example_subdag_operator.section-2 to None
[2022-10-01 00:11:47,595] {logging_mixin.py:109} INFO - [2022-10-01 00:11:47,595] {dag.py:1833} INFO - Sync 2 DAGs
[2022-10-01 00:11:47,601] {logging_mixin.py:109} INFO - [2022-10-01 00:11:47,601] {dag.py:2306} INFO - Setting next_dagrun for example_subdag_operator.section-1 to None
[2022-10-01 00:11:47,603] {logging_mixin.py:109} INFO - [2022-10-01 00:11:47,602] {dag.py:2306} INFO - Setting next_dagrun for example_subdag_operator.section-2 to None
[2022-10-01 00:11:47,610] {processor.py:170} INFO - Processing /home/airflow/.local/lib/python3.6/site-packages/airflow/example_dags/example_subdag_operator.py took 0.081 seconds
[2022-10-01 00:12:18,505] {processor.py:162} INFO - Started process (PID=6913) to work on /home/airflow/.local/lib/python3.6/site-packages/airflow/example_dags/example_subdag_operator.py
[2022-10-01 00:12:18,507] {processor.py:613} INFO - Processing file /home/airflow/.local/lib/python3.6/site-packages/airflow/example_dags/example_subdag_operator.py for tasks to queue
[2022-10-01 00:12:18,508] {logging_mixin.py:109} INFO - [2022-10-01 00:12:18,508] {dagbag.py:496} INFO - Filling up the DagBag from /home/airflow/.local/lib/python3.6/site-packages/airflow/example_dags/example_subdag_operator.py
[2022-10-01 00:12:18,533] {processor.py:623} INFO - DAG(s) dict_keys(['example_subdag_operator.section-1', 'example_subdag_operator.section-2', 'example_subdag_operator']) retrieved from /home/airflow/.local/lib/python3.6/site-packages/airflow/example_dags/example_subdag_operator.py
[2022-10-01 00:12:18,544] {logging_mixin.py:109} INFO - [2022-10-01 00:12:18,544] {dag.py:1833} INFO - Sync 3 DAGs
[2022-10-01 00:12:18,557] {logging_mixin.py:109} INFO - [2022-10-01 00:12:18,556] {dag.py:2306} INFO - Setting next_dagrun for example_subdag_operator to 2022-09-29 00:00:00+00:00
[2022-10-01 00:12:18,559] {logging_mixin.py:109} INFO - [2022-10-01 00:12:18,558] {dag.py:2306} INFO - Setting next_dagrun for example_subdag_operator.section-1 to None
[2022-10-01 00:12:18,560] {logging_mixin.py:109} INFO - [2022-10-01 00:12:18,560] {dag.py:2306} INFO - Setting next_dagrun for example_subdag_operator.section-2 to None
[2022-10-01 00:12:18,569] {logging_mixin.py:109} INFO - [2022-10-01 00:12:18,569] {dag.py:1833} INFO - Sync 2 DAGs
[2022-10-01 00:12:18,576] {logging_mixin.py:109} INFO - [2022-10-01 00:12:18,576] {dag.py:2306} INFO - Setting next_dagrun for example_subdag_operator.section-1 to None
[2022-10-01 00:12:18,578] {logging_mixin.py:109} INFO - [2022-10-01 00:12:18,578] {dag.py:2306} INFO - Setting next_dagrun for example_subdag_operator.section-2 to None
[2022-10-01 00:12:18,586] {processor.py:170} INFO - Processing /home/airflow/.local/lib/python3.6/site-packages/airflow/example_dags/example_subdag_operator.py took 0.084 seconds
[2022-10-01 00:12:48,711] {processor.py:162} INFO - Started process (PID=6974) to work on /home/airflow/.local/lib/python3.6/site-packages/airflow/example_dags/example_subdag_operator.py
[2022-10-01 00:12:48,712] {processor.py:613} INFO - Processing file /home/airflow/.local/lib/python3.6/site-packages/airflow/example_dags/example_subdag_operator.py for tasks to queue
[2022-10-01 00:12:48,714] {logging_mixin.py:109} INFO - [2022-10-01 00:12:48,714] {dagbag.py:496} INFO - Filling up the DagBag from /home/airflow/.local/lib/python3.6/site-packages/airflow/example_dags/example_subdag_operator.py
[2022-10-01 00:12:48,738] {processor.py:623} INFO - DAG(s) dict_keys(['example_subdag_operator.section-1', 'example_subdag_operator.section-2', 'example_subdag_operator']) retrieved from /home/airflow/.local/lib/python3.6/site-packages/airflow/example_dags/example_subdag_operator.py
[2022-10-01 00:12:48,749] {logging_mixin.py:109} INFO - [2022-10-01 00:12:48,749] {dag.py:1833} INFO - Sync 3 DAGs
[2022-10-01 00:12:48,765] {logging_mixin.py:109} INFO - [2022-10-01 00:12:48,765] {dag.py:2306} INFO - Setting next_dagrun for example_subdag_operator to 2022-09-29 00:00:00+00:00
[2022-10-01 00:12:48,766] {logging_mixin.py:109} INFO - [2022-10-01 00:12:48,766] {dag.py:2306} INFO - Setting next_dagrun for example_subdag_operator.section-1 to None
[2022-10-01 00:12:48,767] {logging_mixin.py:109} INFO - [2022-10-01 00:12:48,767] {dag.py:2306} INFO - Setting next_dagrun for example_subdag_operator.section-2 to None
[2022-10-01 00:12:48,775] {logging_mixin.py:109} INFO - [2022-10-01 00:12:48,775] {dag.py:1833} INFO - Sync 2 DAGs
[2022-10-01 00:12:48,783] {logging_mixin.py:109} INFO - [2022-10-01 00:12:48,783] {dag.py:2306} INFO - Setting next_dagrun for example_subdag_operator.section-1 to None
[2022-10-01 00:12:48,784] {logging_mixin.py:109} INFO - [2022-10-01 00:12:48,784] {dag.py:2306} INFO - Setting next_dagrun for example_subdag_operator.section-2 to None
[2022-10-01 00:12:48,793] {processor.py:170} INFO - Processing /home/airflow/.local/lib/python3.6/site-packages/airflow/example_dags/example_subdag_operator.py took 0.085 seconds
[2022-10-01 00:13:19,626] {processor.py:162} INFO - Started process (PID=7032) to work on /home/airflow/.local/lib/python3.6/site-packages/airflow/example_dags/example_subdag_operator.py
[2022-10-01 00:13:19,628] {processor.py:613} INFO - Processing file /home/airflow/.local/lib/python3.6/site-packages/airflow/example_dags/example_subdag_operator.py for tasks to queue
[2022-10-01 00:13:19,629] {logging_mixin.py:109} INFO - [2022-10-01 00:13:19,629] {dagbag.py:496} INFO - Filling up the DagBag from /home/airflow/.local/lib/python3.6/site-packages/airflow/example_dags/example_subdag_operator.py
[2022-10-01 00:13:19,659] {processor.py:623} INFO - DAG(s) dict_keys(['example_subdag_operator.section-1', 'example_subdag_operator.section-2', 'example_subdag_operator']) retrieved from /home/airflow/.local/lib/python3.6/site-packages/airflow/example_dags/example_subdag_operator.py
[2022-10-01 00:13:19,669] {logging_mixin.py:109} INFO - [2022-10-01 00:13:19,668] {dag.py:1833} INFO - Sync 3 DAGs
[2022-10-01 00:13:19,682] {logging_mixin.py:109} INFO - [2022-10-01 00:13:19,682] {dag.py:2306} INFO - Setting next_dagrun for example_subdag_operator to 2022-09-29 00:00:00+00:00
[2022-10-01 00:13:19,684] {logging_mixin.py:109} INFO - [2022-10-01 00:13:19,684] {dag.py:2306} INFO - Setting next_dagrun for example_subdag_operator.section-1 to None
[2022-10-01 00:13:19,685] {logging_mixin.py:109} INFO - [2022-10-01 00:13:19,685] {dag.py:2306} INFO - Setting next_dagrun for example_subdag_operator.section-2 to None
[2022-10-01 00:13:19,696] {logging_mixin.py:109} INFO - [2022-10-01 00:13:19,696] {dag.py:1833} INFO - Sync 2 DAGs
[2022-10-01 00:13:19,703] {logging_mixin.py:109} INFO - [2022-10-01 00:13:19,703] {dag.py:2306} INFO - Setting next_dagrun for example_subdag_operator.section-1 to None
[2022-10-01 00:13:19,705] {logging_mixin.py:109} INFO - [2022-10-01 00:13:19,705] {dag.py:2306} INFO - Setting next_dagrun for example_subdag_operator.section-2 to None
[2022-10-01 00:13:19,714] {processor.py:170} INFO - Processing /home/airflow/.local/lib/python3.6/site-packages/airflow/example_dags/example_subdag_operator.py took 0.092 seconds
[2022-10-01 00:13:50,646] {processor.py:162} INFO - Started process (PID=7087) to work on /home/airflow/.local/lib/python3.6/site-packages/airflow/example_dags/example_subdag_operator.py
[2022-10-01 00:13:50,648] {processor.py:613} INFO - Processing file /home/airflow/.local/lib/python3.6/site-packages/airflow/example_dags/example_subdag_operator.py for tasks to queue
[2022-10-01 00:13:50,649] {logging_mixin.py:109} INFO - [2022-10-01 00:13:50,649] {dagbag.py:496} INFO - Filling up the DagBag from /home/airflow/.local/lib/python3.6/site-packages/airflow/example_dags/example_subdag_operator.py
[2022-10-01 00:13:50,673] {processor.py:623} INFO - DAG(s) dict_keys(['example_subdag_operator.section-1', 'example_subdag_operator.section-2', 'example_subdag_operator']) retrieved from /home/airflow/.local/lib/python3.6/site-packages/airflow/example_dags/example_subdag_operator.py
[2022-10-01 00:13:50,685] {logging_mixin.py:109} INFO - [2022-10-01 00:13:50,685] {dag.py:1833} INFO - Sync 3 DAGs
[2022-10-01 00:13:50,699] {logging_mixin.py:109} INFO - [2022-10-01 00:13:50,699] {dag.py:2306} INFO - Setting next_dagrun for example_subdag_operator to 2022-09-29 00:00:00+00:00
[2022-10-01 00:13:50,700] {logging_mixin.py:109} INFO - [2022-10-01 00:13:50,700] {dag.py:2306} INFO - Setting next_dagrun for example_subdag_operator.section-1 to None
[2022-10-01 00:13:50,701] {logging_mixin.py:109} INFO - [2022-10-01 00:13:50,701] {dag.py:2306} INFO - Setting next_dagrun for example_subdag_operator.section-2 to None
[2022-10-01 00:13:50,709] {logging_mixin.py:109} INFO - [2022-10-01 00:13:50,709] {dag.py:1833} INFO - Sync 2 DAGs
[2022-10-01 00:13:50,716] {logging_mixin.py:109} INFO - [2022-10-01 00:13:50,716] {dag.py:2306} INFO - Setting next_dagrun for example_subdag_operator.section-1 to None
[2022-10-01 00:13:50,717] {logging_mixin.py:109} INFO - [2022-10-01 00:13:50,717] {dag.py:2306} INFO - Setting next_dagrun for example_subdag_operator.section-2 to None
[2022-10-01 00:13:50,726] {processor.py:170} INFO - Processing /home/airflow/.local/lib/python3.6/site-packages/airflow/example_dags/example_subdag_operator.py took 0.082 seconds
[2022-10-01 00:14:21,093] {processor.py:162} INFO - Started process (PID=7148) to work on /home/airflow/.local/lib/python3.6/site-packages/airflow/example_dags/example_subdag_operator.py
[2022-10-01 00:14:21,095] {processor.py:613} INFO - Processing file /home/airflow/.local/lib/python3.6/site-packages/airflow/example_dags/example_subdag_operator.py for tasks to queue
[2022-10-01 00:14:21,097] {logging_mixin.py:109} INFO - [2022-10-01 00:14:21,096] {dagbag.py:496} INFO - Filling up the DagBag from /home/airflow/.local/lib/python3.6/site-packages/airflow/example_dags/example_subdag_operator.py
[2022-10-01 00:14:21,124] {processor.py:623} INFO - DAG(s) dict_keys(['example_subdag_operator.section-1', 'example_subdag_operator.section-2', 'example_subdag_operator']) retrieved from /home/airflow/.local/lib/python3.6/site-packages/airflow/example_dags/example_subdag_operator.py
[2022-10-01 00:14:21,134] {logging_mixin.py:109} INFO - [2022-10-01 00:14:21,134] {dag.py:1833} INFO - Sync 3 DAGs
[2022-10-01 00:14:21,146] {logging_mixin.py:109} INFO - [2022-10-01 00:14:21,146] {dag.py:2306} INFO - Setting next_dagrun for example_subdag_operator to 2022-09-29 00:00:00+00:00
[2022-10-01 00:14:21,148] {logging_mixin.py:109} INFO - [2022-10-01 00:14:21,148] {dag.py:2306} INFO - Setting next_dagrun for example_subdag_operator.section-1 to None
[2022-10-01 00:14:21,149] {logging_mixin.py:109} INFO - [2022-10-01 00:14:21,149] {dag.py:2306} INFO - Setting next_dagrun for example_subdag_operator.section-2 to None
[2022-10-01 00:14:21,158] {logging_mixin.py:109} INFO - [2022-10-01 00:14:21,158] {dag.py:1833} INFO - Sync 2 DAGs
[2022-10-01 00:14:21,165] {logging_mixin.py:109} INFO - [2022-10-01 00:14:21,165] {dag.py:2306} INFO - Setting next_dagrun for example_subdag_operator.section-1 to None
[2022-10-01 00:14:21,166] {logging_mixin.py:109} INFO - [2022-10-01 00:14:21,166] {dag.py:2306} INFO - Setting next_dagrun for example_subdag_operator.section-2 to None
[2022-10-01 00:14:21,176] {processor.py:170} INFO - Processing /home/airflow/.local/lib/python3.6/site-packages/airflow/example_dags/example_subdag_operator.py took 0.085 seconds
[2022-10-01 00:14:51,904] {processor.py:162} INFO - Started process (PID=7200) to work on /home/airflow/.local/lib/python3.6/site-packages/airflow/example_dags/example_subdag_operator.py
[2022-10-01 00:14:51,907] {processor.py:613} INFO - Processing file /home/airflow/.local/lib/python3.6/site-packages/airflow/example_dags/example_subdag_operator.py for tasks to queue
[2022-10-01 00:14:51,908] {logging_mixin.py:109} INFO - [2022-10-01 00:14:51,908] {dagbag.py:496} INFO - Filling up the DagBag from /home/airflow/.local/lib/python3.6/site-packages/airflow/example_dags/example_subdag_operator.py
[2022-10-01 00:14:51,932] {processor.py:623} INFO - DAG(s) dict_keys(['example_subdag_operator.section-1', 'example_subdag_operator.section-2', 'example_subdag_operator']) retrieved from /home/airflow/.local/lib/python3.6/site-packages/airflow/example_dags/example_subdag_operator.py
[2022-10-01 00:14:51,940] {logging_mixin.py:109} INFO - [2022-10-01 00:14:51,940] {dag.py:1833} INFO - Sync 3 DAGs
[2022-10-01 00:14:51,952] {logging_mixin.py:109} INFO - [2022-10-01 00:14:51,951] {dag.py:2306} INFO - Setting next_dagrun for example_subdag_operator to 2022-09-29 00:00:00+00:00
[2022-10-01 00:14:51,953] {logging_mixin.py:109} INFO - [2022-10-01 00:14:51,953] {dag.py:2306} INFO - Setting next_dagrun for example_subdag_operator.section-1 to None
[2022-10-01 00:14:51,954] {logging_mixin.py:109} INFO - [2022-10-01 00:14:51,954] {dag.py:2306} INFO - Setting next_dagrun for example_subdag_operator.section-2 to None
[2022-10-01 00:14:51,961] {logging_mixin.py:109} INFO - [2022-10-01 00:14:51,961] {dag.py:1833} INFO - Sync 2 DAGs
[2022-10-01 00:14:51,967] {logging_mixin.py:109} INFO - [2022-10-01 00:14:51,967] {dag.py:2306} INFO - Setting next_dagrun for example_subdag_operator.section-1 to None
[2022-10-01 00:14:51,968] {logging_mixin.py:109} INFO - [2022-10-01 00:14:51,968] {dag.py:2306} INFO - Setting next_dagrun for example_subdag_operator.section-2 to None
[2022-10-01 00:14:51,977] {processor.py:170} INFO - Processing /home/airflow/.local/lib/python3.6/site-packages/airflow/example_dags/example_subdag_operator.py took 0.078 seconds
[2022-10-01 00:15:22,327] {processor.py:162} INFO - Started process (PID=7261) to work on /home/airflow/.local/lib/python3.6/site-packages/airflow/example_dags/example_subdag_operator.py
[2022-10-01 00:15:22,329] {processor.py:613} INFO - Processing file /home/airflow/.local/lib/python3.6/site-packages/airflow/example_dags/example_subdag_operator.py for tasks to queue
[2022-10-01 00:15:22,330] {logging_mixin.py:109} INFO - [2022-10-01 00:15:22,330] {dagbag.py:496} INFO - Filling up the DagBag from /home/airflow/.local/lib/python3.6/site-packages/airflow/example_dags/example_subdag_operator.py
[2022-10-01 00:15:22,358] {processor.py:623} INFO - DAG(s) dict_keys(['example_subdag_operator.section-1', 'example_subdag_operator.section-2', 'example_subdag_operator']) retrieved from /home/airflow/.local/lib/python3.6/site-packages/airflow/example_dags/example_subdag_operator.py
[2022-10-01 00:15:22,368] {logging_mixin.py:109} INFO - [2022-10-01 00:15:22,368] {dag.py:1833} INFO - Sync 3 DAGs
[2022-10-01 00:15:22,381] {logging_mixin.py:109} INFO - [2022-10-01 00:15:22,381] {dag.py:2306} INFO - Setting next_dagrun for example_subdag_operator to 2022-09-29 00:00:00+00:00
[2022-10-01 00:15:22,382] {logging_mixin.py:109} INFO - [2022-10-01 00:15:22,382] {dag.py:2306} INFO - Setting next_dagrun for example_subdag_operator.section-1 to None
[2022-10-01 00:15:22,384] {logging_mixin.py:109} INFO - [2022-10-01 00:15:22,384] {dag.py:2306} INFO - Setting next_dagrun for example_subdag_operator.section-2 to None
[2022-10-01 00:15:22,392] {logging_mixin.py:109} INFO - [2022-10-01 00:15:22,392] {dag.py:1833} INFO - Sync 2 DAGs
[2022-10-01 00:15:22,399] {logging_mixin.py:109} INFO - [2022-10-01 00:15:22,399] {dag.py:2306} INFO - Setting next_dagrun for example_subdag_operator.section-1 to None
[2022-10-01 00:15:22,400] {logging_mixin.py:109} INFO - [2022-10-01 00:15:22,400] {dag.py:2306} INFO - Setting next_dagrun for example_subdag_operator.section-2 to None
[2022-10-01 00:15:22,409] {processor.py:170} INFO - Processing /home/airflow/.local/lib/python3.6/site-packages/airflow/example_dags/example_subdag_operator.py took 0.084 seconds
[2022-10-01 00:15:52,985] {processor.py:162} INFO - Started process (PID=7322) to work on /home/airflow/.local/lib/python3.6/site-packages/airflow/example_dags/example_subdag_operator.py
[2022-10-01 00:15:52,987] {processor.py:613} INFO - Processing file /home/airflow/.local/lib/python3.6/site-packages/airflow/example_dags/example_subdag_operator.py for tasks to queue
[2022-10-01 00:15:52,988] {logging_mixin.py:109} INFO - [2022-10-01 00:15:52,988] {dagbag.py:496} INFO - Filling up the DagBag from /home/airflow/.local/lib/python3.6/site-packages/airflow/example_dags/example_subdag_operator.py
[2022-10-01 00:15:53,014] {processor.py:623} INFO - DAG(s) dict_keys(['example_subdag_operator.section-1', 'example_subdag_operator.section-2', 'example_subdag_operator']) retrieved from /home/airflow/.local/lib/python3.6/site-packages/airflow/example_dags/example_subdag_operator.py
[2022-10-01 00:15:53,024] {logging_mixin.py:109} INFO - [2022-10-01 00:15:53,024] {dag.py:1833} INFO - Sync 3 DAGs
[2022-10-01 00:15:53,037] {logging_mixin.py:109} INFO - [2022-10-01 00:15:53,037] {dag.py:2306} INFO - Setting next_dagrun for example_subdag_operator to 2022-09-29 00:00:00+00:00
[2022-10-01 00:15:53,039] {logging_mixin.py:109} INFO - [2022-10-01 00:15:53,039] {dag.py:2306} INFO - Setting next_dagrun for example_subdag_operator.section-1 to None
[2022-10-01 00:15:53,040] {logging_mixin.py:109} INFO - [2022-10-01 00:15:53,040] {dag.py:2306} INFO - Setting next_dagrun for example_subdag_operator.section-2 to None
[2022-10-01 00:15:53,047] {logging_mixin.py:109} INFO - [2022-10-01 00:15:53,047] {dag.py:1833} INFO - Sync 2 DAGs
[2022-10-01 00:15:53,055] {logging_mixin.py:109} INFO - [2022-10-01 00:15:53,055] {dag.py:2306} INFO - Setting next_dagrun for example_subdag_operator.section-1 to None
[2022-10-01 00:15:53,056] {logging_mixin.py:109} INFO - [2022-10-01 00:15:53,056] {dag.py:2306} INFO - Setting next_dagrun for example_subdag_operator.section-2 to None
[2022-10-01 00:15:53,065] {processor.py:170} INFO - Processing /home/airflow/.local/lib/python3.6/site-packages/airflow/example_dags/example_subdag_operator.py took 0.083 seconds
[2022-10-01 00:16:23,769] {processor.py:162} INFO - Started process (PID=7382) to work on /home/airflow/.local/lib/python3.6/site-packages/airflow/example_dags/example_subdag_operator.py
[2022-10-01 00:16:23,771] {processor.py:613} INFO - Processing file /home/airflow/.local/lib/python3.6/site-packages/airflow/example_dags/example_subdag_operator.py for tasks to queue
[2022-10-01 00:16:23,772] {logging_mixin.py:109} INFO - [2022-10-01 00:16:23,772] {dagbag.py:496} INFO - Filling up the DagBag from /home/airflow/.local/lib/python3.6/site-packages/airflow/example_dags/example_subdag_operator.py
[2022-10-01 00:16:23,799] {processor.py:623} INFO - DAG(s) dict_keys(['example_subdag_operator.section-1', 'example_subdag_operator.section-2', 'example_subdag_operator']) retrieved from /home/airflow/.local/lib/python3.6/site-packages/airflow/example_dags/example_subdag_operator.py
[2022-10-01 00:16:23,810] {logging_mixin.py:109} INFO - [2022-10-01 00:16:23,810] {dag.py:1833} INFO - Sync 3 DAGs
[2022-10-01 00:16:23,826] {logging_mixin.py:109} INFO - [2022-10-01 00:16:23,826] {dag.py:2306} INFO - Setting next_dagrun for example_subdag_operator to 2022-09-29 00:00:00+00:00
[2022-10-01 00:16:23,828] {logging_mixin.py:109} INFO - [2022-10-01 00:16:23,828] {dag.py:2306} INFO - Setting next_dagrun for example_subdag_operator.section-1 to None
[2022-10-01 00:16:23,829] {logging_mixin.py:109} INFO - [2022-10-01 00:16:23,829] {dag.py:2306} INFO - Setting next_dagrun for example_subdag_operator.section-2 to None
[2022-10-01 00:16:23,838] {logging_mixin.py:109} INFO - [2022-10-01 00:16:23,838] {dag.py:1833} INFO - Sync 2 DAGs
[2022-10-01 00:16:23,845] {logging_mixin.py:109} INFO - [2022-10-01 00:16:23,845] {dag.py:2306} INFO - Setting next_dagrun for example_subdag_operator.section-1 to None
[2022-10-01 00:16:23,846] {logging_mixin.py:109} INFO - [2022-10-01 00:16:23,846] {dag.py:2306} INFO - Setting next_dagrun for example_subdag_operator.section-2 to None
[2022-10-01 00:16:23,853] {processor.py:170} INFO - Processing /home/airflow/.local/lib/python3.6/site-packages/airflow/example_dags/example_subdag_operator.py took 0.086 seconds
[2022-10-01 00:16:54,023] {processor.py:162} INFO - Started process (PID=7434) to work on /home/airflow/.local/lib/python3.6/site-packages/airflow/example_dags/example_subdag_operator.py
[2022-10-01 00:16:54,025] {processor.py:613} INFO - Processing file /home/airflow/.local/lib/python3.6/site-packages/airflow/example_dags/example_subdag_operator.py for tasks to queue
[2022-10-01 00:16:54,026] {logging_mixin.py:109} INFO - [2022-10-01 00:16:54,026] {dagbag.py:496} INFO - Filling up the DagBag from /home/airflow/.local/lib/python3.6/site-packages/airflow/example_dags/example_subdag_operator.py
[2022-10-01 00:16:54,054] {processor.py:623} INFO - DAG(s) dict_keys(['example_subdag_operator.section-1', 'example_subdag_operator.section-2', 'example_subdag_operator']) retrieved from /home/airflow/.local/lib/python3.6/site-packages/airflow/example_dags/example_subdag_operator.py
[2022-10-01 00:16:54,065] {logging_mixin.py:109} INFO - [2022-10-01 00:16:54,065] {dag.py:1833} INFO - Sync 3 DAGs
[2022-10-01 00:16:54,080] {logging_mixin.py:109} INFO - [2022-10-01 00:16:54,079] {dag.py:2306} INFO - Setting next_dagrun for example_subdag_operator to 2022-09-29 00:00:00+00:00
[2022-10-01 00:16:54,081] {logging_mixin.py:109} INFO - [2022-10-01 00:16:54,081] {dag.py:2306} INFO - Setting next_dagrun for example_subdag_operator.section-1 to None
[2022-10-01 00:16:54,082] {logging_mixin.py:109} INFO - [2022-10-01 00:16:54,082] {dag.py:2306} INFO - Setting next_dagrun for example_subdag_operator.section-2 to None
[2022-10-01 00:16:54,090] {logging_mixin.py:109} INFO - [2022-10-01 00:16:54,090] {dag.py:1833} INFO - Sync 2 DAGs
[2022-10-01 00:16:54,098] {logging_mixin.py:109} INFO - [2022-10-01 00:16:54,098] {dag.py:2306} INFO - Setting next_dagrun for example_subdag_operator.section-1 to None
[2022-10-01 00:16:54,098] {logging_mixin.py:109} INFO - [2022-10-01 00:16:54,098] {dag.py:2306} INFO - Setting next_dagrun for example_subdag_operator.section-2 to None
[2022-10-01 00:16:54,108] {processor.py:170} INFO - Processing /home/airflow/.local/lib/python3.6/site-packages/airflow/example_dags/example_subdag_operator.py took 0.087 seconds
[2022-10-01 00:17:24,755] {processor.py:162} INFO - Started process (PID=7495) to work on /home/airflow/.local/lib/python3.6/site-packages/airflow/example_dags/example_subdag_operator.py
[2022-10-01 00:17:24,756] {processor.py:613} INFO - Processing file /home/airflow/.local/lib/python3.6/site-packages/airflow/example_dags/example_subdag_operator.py for tasks to queue
[2022-10-01 00:17:24,757] {logging_mixin.py:109} INFO - [2022-10-01 00:17:24,757] {dagbag.py:496} INFO - Filling up the DagBag from /home/airflow/.local/lib/python3.6/site-packages/airflow/example_dags/example_subdag_operator.py
[2022-10-01 00:17:24,783] {processor.py:623} INFO - DAG(s) dict_keys(['example_subdag_operator.section-1', 'example_subdag_operator.section-2', 'example_subdag_operator']) retrieved from /home/airflow/.local/lib/python3.6/site-packages/airflow/example_dags/example_subdag_operator.py
[2022-10-01 00:17:24,793] {logging_mixin.py:109} INFO - [2022-10-01 00:17:24,793] {dag.py:1833} INFO - Sync 3 DAGs
[2022-10-01 00:17:24,805] {logging_mixin.py:109} INFO - [2022-10-01 00:17:24,805] {dag.py:2306} INFO - Setting next_dagrun for example_subdag_operator to 2022-09-29 00:00:00+00:00
[2022-10-01 00:17:24,807] {logging_mixin.py:109} INFO - [2022-10-01 00:17:24,806] {dag.py:2306} INFO - Setting next_dagrun for example_subdag_operator.section-1 to None
[2022-10-01 00:17:24,808] {logging_mixin.py:109} INFO - [2022-10-01 00:17:24,808] {dag.py:2306} INFO - Setting next_dagrun for example_subdag_operator.section-2 to None
[2022-10-01 00:17:24,815] {logging_mixin.py:109} INFO - [2022-10-01 00:17:24,815] {dag.py:1833} INFO - Sync 2 DAGs
[2022-10-01 00:17:24,823] {logging_mixin.py:109} INFO - [2022-10-01 00:17:24,823] {dag.py:2306} INFO - Setting next_dagrun for example_subdag_operator.section-1 to None
[2022-10-01 00:17:24,824] {logging_mixin.py:109} INFO - [2022-10-01 00:17:24,824] {dag.py:2306} INFO - Setting next_dagrun for example_subdag_operator.section-2 to None
[2022-10-01 00:17:24,834] {processor.py:170} INFO - Processing /home/airflow/.local/lib/python3.6/site-packages/airflow/example_dags/example_subdag_operator.py took 0.082 seconds
[2022-10-01 00:17:55,203] {processor.py:162} INFO - Started process (PID=7556) to work on /home/airflow/.local/lib/python3.6/site-packages/airflow/example_dags/example_subdag_operator.py
[2022-10-01 00:17:55,205] {processor.py:613} INFO - Processing file /home/airflow/.local/lib/python3.6/site-packages/airflow/example_dags/example_subdag_operator.py for tasks to queue
[2022-10-01 00:17:55,206] {logging_mixin.py:109} INFO - [2022-10-01 00:17:55,206] {dagbag.py:496} INFO - Filling up the DagBag from /home/airflow/.local/lib/python3.6/site-packages/airflow/example_dags/example_subdag_operator.py
[2022-10-01 00:17:55,228] {processor.py:623} INFO - DAG(s) dict_keys(['example_subdag_operator.section-1', 'example_subdag_operator.section-2', 'example_subdag_operator']) retrieved from /home/airflow/.local/lib/python3.6/site-packages/airflow/example_dags/example_subdag_operator.py
[2022-10-01 00:17:55,237] {logging_mixin.py:109} INFO - [2022-10-01 00:17:55,237] {dag.py:1833} INFO - Sync 3 DAGs
[2022-10-01 00:17:55,249] {logging_mixin.py:109} INFO - [2022-10-01 00:17:55,249] {dag.py:2306} INFO - Setting next_dagrun for example_subdag_operator to 2022-09-29 00:00:00+00:00
[2022-10-01 00:17:55,251] {logging_mixin.py:109} INFO - [2022-10-01 00:17:55,251] {dag.py:2306} INFO - Setting next_dagrun for example_subdag_operator.section-1 to None
[2022-10-01 00:17:55,252] {logging_mixin.py:109} INFO - [2022-10-01 00:17:55,252] {dag.py:2306} INFO - Setting next_dagrun for example_subdag_operator.section-2 to None
[2022-10-01 00:17:55,261] {logging_mixin.py:109} INFO - [2022-10-01 00:17:55,261] {dag.py:1833} INFO - Sync 2 DAGs
[2022-10-01 00:17:55,267] {logging_mixin.py:109} INFO - [2022-10-01 00:17:55,267] {dag.py:2306} INFO - Setting next_dagrun for example_subdag_operator.section-1 to None
[2022-10-01 00:17:55,268] {logging_mixin.py:109} INFO - [2022-10-01 00:17:55,268] {dag.py:2306} INFO - Setting next_dagrun for example_subdag_operator.section-2 to None
[2022-10-01 00:17:55,274] {processor.py:170} INFO - Processing /home/airflow/.local/lib/python3.6/site-packages/airflow/example_dags/example_subdag_operator.py took 0.073 seconds
[2022-10-01 00:18:18,297] {processor.py:162} INFO - Started process (PID=7609) to work on /home/airflow/.local/lib/python3.6/site-packages/airflow/example_dags/example_subdag_operator.py
[2022-10-01 00:18:18,299] {processor.py:613} INFO - Processing file /home/airflow/.local/lib/python3.6/site-packages/airflow/example_dags/example_subdag_operator.py for tasks to queue
[2022-10-01 00:18:18,300] {logging_mixin.py:109} INFO - [2022-10-01 00:18:18,300] {dagbag.py:496} INFO - Filling up the DagBag from /home/airflow/.local/lib/python3.6/site-packages/airflow/example_dags/example_subdag_operator.py
[2022-10-01 00:18:18,329] {processor.py:623} INFO - DAG(s) dict_keys(['example_subdag_operator.section-1', 'example_subdag_operator.section-2', 'example_subdag_operator']) retrieved from /home/airflow/.local/lib/python3.6/site-packages/airflow/example_dags/example_subdag_operator.py
[2022-10-01 00:18:18,343] {logging_mixin.py:109} INFO - [2022-10-01 00:18:18,343] {dag.py:1833} INFO - Sync 3 DAGs
[2022-10-01 00:18:18,358] {logging_mixin.py:109} INFO - [2022-10-01 00:18:18,358] {dag.py:2306} INFO - Setting next_dagrun for example_subdag_operator to 2022-09-29 00:00:00+00:00
[2022-10-01 00:18:18,360] {logging_mixin.py:109} INFO - [2022-10-01 00:18:18,360] {dag.py:2306} INFO - Setting next_dagrun for example_subdag_operator.section-1 to None
[2022-10-01 00:18:18,361] {logging_mixin.py:109} INFO - [2022-10-01 00:18:18,360] {dag.py:2306} INFO - Setting next_dagrun for example_subdag_operator.section-2 to None
[2022-10-01 00:18:18,372] {logging_mixin.py:109} INFO - [2022-10-01 00:18:18,372] {dag.py:1833} INFO - Sync 2 DAGs
[2022-10-01 00:18:18,380] {logging_mixin.py:109} INFO - [2022-10-01 00:18:18,380] {dag.py:2306} INFO - Setting next_dagrun for example_subdag_operator.section-1 to None
[2022-10-01 00:18:18,381] {logging_mixin.py:109} INFO - [2022-10-01 00:18:18,381] {dag.py:2306} INFO - Setting next_dagrun for example_subdag_operator.section-2 to None
[2022-10-01 00:18:18,390] {processor.py:170} INFO - Processing /home/airflow/.local/lib/python3.6/site-packages/airflow/example_dags/example_subdag_operator.py took 0.096 seconds
[2022-10-01 00:18:49,633] {processor.py:162} INFO - Started process (PID=7661) to work on /home/airflow/.local/lib/python3.6/site-packages/airflow/example_dags/example_subdag_operator.py
[2022-10-01 00:18:49,635] {processor.py:613} INFO - Processing file /home/airflow/.local/lib/python3.6/site-packages/airflow/example_dags/example_subdag_operator.py for tasks to queue
[2022-10-01 00:18:49,636] {logging_mixin.py:109} INFO - [2022-10-01 00:18:49,636] {dagbag.py:496} INFO - Filling up the DagBag from /home/airflow/.local/lib/python3.6/site-packages/airflow/example_dags/example_subdag_operator.py
[2022-10-01 00:18:49,661] {processor.py:623} INFO - DAG(s) dict_keys(['example_subdag_operator.section-1', 'example_subdag_operator.section-2', 'example_subdag_operator']) retrieved from /home/airflow/.local/lib/python3.6/site-packages/airflow/example_dags/example_subdag_operator.py
[2022-10-01 00:18:49,670] {logging_mixin.py:109} INFO - [2022-10-01 00:18:49,670] {dag.py:1833} INFO - Sync 3 DAGs
[2022-10-01 00:18:49,681] {logging_mixin.py:109} INFO - [2022-10-01 00:18:49,681] {dag.py:2306} INFO - Setting next_dagrun for example_subdag_operator to 2022-09-29 00:00:00+00:00
[2022-10-01 00:18:49,682] {logging_mixin.py:109} INFO - [2022-10-01 00:18:49,682] {dag.py:2306} INFO - Setting next_dagrun for example_subdag_operator.section-1 to None
[2022-10-01 00:18:49,683] {logging_mixin.py:109} INFO - [2022-10-01 00:18:49,683] {dag.py:2306} INFO - Setting next_dagrun for example_subdag_operator.section-2 to None
[2022-10-01 00:18:49,691] {logging_mixin.py:109} INFO - [2022-10-01 00:18:49,691] {dag.py:1833} INFO - Sync 2 DAGs
[2022-10-01 00:18:49,698] {logging_mixin.py:109} INFO - [2022-10-01 00:18:49,698] {dag.py:2306} INFO - Setting next_dagrun for example_subdag_operator.section-1 to None
[2022-10-01 00:18:49,699] {logging_mixin.py:109} INFO - [2022-10-01 00:18:49,699] {dag.py:2306} INFO - Setting next_dagrun for example_subdag_operator.section-2 to None
[2022-10-01 00:18:49,708] {processor.py:170} INFO - Processing /home/airflow/.local/lib/python3.6/site-packages/airflow/example_dags/example_subdag_operator.py took 0.077 seconds
[2022-10-01 00:19:20,687] {processor.py:162} INFO - Started process (PID=7722) to work on /home/airflow/.local/lib/python3.6/site-packages/airflow/example_dags/example_subdag_operator.py
[2022-10-01 00:19:20,689] {processor.py:613} INFO - Processing file /home/airflow/.local/lib/python3.6/site-packages/airflow/example_dags/example_subdag_operator.py for tasks to queue
[2022-10-01 00:19:20,690] {logging_mixin.py:109} INFO - [2022-10-01 00:19:20,690] {dagbag.py:496} INFO - Filling up the DagBag from /home/airflow/.local/lib/python3.6/site-packages/airflow/example_dags/example_subdag_operator.py
[2022-10-01 00:19:20,714] {processor.py:623} INFO - DAG(s) dict_keys(['example_subdag_operator.section-1', 'example_subdag_operator.section-2', 'example_subdag_operator']) retrieved from /home/airflow/.local/lib/python3.6/site-packages/airflow/example_dags/example_subdag_operator.py
[2022-10-01 00:19:20,723] {logging_mixin.py:109} INFO - [2022-10-01 00:19:20,722] {dag.py:1833} INFO - Sync 3 DAGs
[2022-10-01 00:19:20,732] {logging_mixin.py:109} INFO - [2022-10-01 00:19:20,732] {dag.py:2306} INFO - Setting next_dagrun for example_subdag_operator to 2022-09-29 00:00:00+00:00
[2022-10-01 00:19:20,733] {logging_mixin.py:109} INFO - [2022-10-01 00:19:20,733] {dag.py:2306} INFO - Setting next_dagrun for example_subdag_operator.section-1 to None
[2022-10-01 00:19:20,734] {logging_mixin.py:109} INFO - [2022-10-01 00:19:20,734] {dag.py:2306} INFO - Setting next_dagrun for example_subdag_operator.section-2 to None
[2022-10-01 00:19:20,743] {logging_mixin.py:109} INFO - [2022-10-01 00:19:20,743] {dag.py:1833} INFO - Sync 2 DAGs
[2022-10-01 00:19:20,748] {logging_mixin.py:109} INFO - [2022-10-01 00:19:20,748] {dag.py:2306} INFO - Setting next_dagrun for example_subdag_operator.section-1 to None
[2022-10-01 00:19:20,750] {logging_mixin.py:109} INFO - [2022-10-01 00:19:20,750] {dag.py:2306} INFO - Setting next_dagrun for example_subdag_operator.section-2 to None
[2022-10-01 00:19:20,758] {processor.py:170} INFO - Processing /home/airflow/.local/lib/python3.6/site-packages/airflow/example_dags/example_subdag_operator.py took 0.074 seconds
[2022-10-01 00:19:51,650] {processor.py:162} INFO - Started process (PID=7782) to work on /home/airflow/.local/lib/python3.6/site-packages/airflow/example_dags/example_subdag_operator.py
[2022-10-01 00:19:51,652] {processor.py:613} INFO - Processing file /home/airflow/.local/lib/python3.6/site-packages/airflow/example_dags/example_subdag_operator.py for tasks to queue
[2022-10-01 00:19:51,653] {logging_mixin.py:109} INFO - [2022-10-01 00:19:51,653] {dagbag.py:496} INFO - Filling up the DagBag from /home/airflow/.local/lib/python3.6/site-packages/airflow/example_dags/example_subdag_operator.py
[2022-10-01 00:19:51,676] {processor.py:623} INFO - DAG(s) dict_keys(['example_subdag_operator.section-1', 'example_subdag_operator.section-2', 'example_subdag_operator']) retrieved from /home/airflow/.local/lib/python3.6/site-packages/airflow/example_dags/example_subdag_operator.py
[2022-10-01 00:19:51,686] {logging_mixin.py:109} INFO - [2022-10-01 00:19:51,686] {dag.py:1833} INFO - Sync 3 DAGs
[2022-10-01 00:19:51,698] {logging_mixin.py:109} INFO - [2022-10-01 00:19:51,698] {dag.py:2306} INFO - Setting next_dagrun for example_subdag_operator to 2022-09-29 00:00:00+00:00
[2022-10-01 00:19:51,699] {logging_mixin.py:109} INFO - [2022-10-01 00:19:51,699] {dag.py:2306} INFO - Setting next_dagrun for example_subdag_operator.section-1 to None
[2022-10-01 00:19:51,700] {logging_mixin.py:109} INFO - [2022-10-01 00:19:51,700] {dag.py:2306} INFO - Setting next_dagrun for example_subdag_operator.section-2 to None
[2022-10-01 00:19:51,707] {logging_mixin.py:109} INFO - [2022-10-01 00:19:51,707] {dag.py:1833} INFO - Sync 2 DAGs
[2022-10-01 00:19:51,715] {logging_mixin.py:109} INFO - [2022-10-01 00:19:51,715] {dag.py:2306} INFO - Setting next_dagrun for example_subdag_operator.section-1 to None
[2022-10-01 00:19:51,716] {logging_mixin.py:109} INFO - [2022-10-01 00:19:51,716] {dag.py:2306} INFO - Setting next_dagrun for example_subdag_operator.section-2 to None
[2022-10-01 00:19:51,724] {processor.py:170} INFO - Processing /home/airflow/.local/lib/python3.6/site-packages/airflow/example_dags/example_subdag_operator.py took 0.076 seconds
