[2022-10-01 00:00:03,436] {processor.py:162} INFO - Started process (PID=5540) to work on /home/airflow/.local/lib/python3.6/site-packages/airflow/example_dags/example_branch_operator.py
[2022-10-01 00:00:03,438] {processor.py:613} INFO - Processing file /home/airflow/.local/lib/python3.6/site-packages/airflow/example_dags/example_branch_operator.py for tasks to queue
[2022-10-01 00:00:03,440] {logging_mixin.py:109} INFO - [2022-10-01 00:00:03,440] {dagbag.py:496} INFO - Filling up the DagBag from /home/airflow/.local/lib/python3.6/site-packages/airflow/example_dags/example_branch_operator.py
[2022-10-01 00:00:03,463] {processor.py:623} INFO - DAG(s) dict_keys(['example_branch_operator']) retrieved from /home/airflow/.local/lib/python3.6/site-packages/airflow/example_dags/example_branch_operator.py
[2022-10-01 00:00:03,771] {logging_mixin.py:109} INFO - [2022-10-01 00:00:03,770] {dag.py:1833} INFO - Sync 1 DAGs
[2022-10-01 00:00:03,800] {logging_mixin.py:109} INFO - [2022-10-01 00:00:03,800] {dag.py:2306} INFO - Setting next_dagrun for example_branch_operator to 2022-09-29 00:00:00+00:00
[2022-10-01 00:00:03,826] {processor.py:170} INFO - Processing /home/airflow/.local/lib/python3.6/site-packages/airflow/example_dags/example_branch_operator.py took 0.393 seconds
[2022-10-01 00:00:34,295] {processor.py:162} INFO - Started process (PID=5592) to work on /home/airflow/.local/lib/python3.6/site-packages/airflow/example_dags/example_branch_operator.py
[2022-10-01 00:00:34,297] {processor.py:613} INFO - Processing file /home/airflow/.local/lib/python3.6/site-packages/airflow/example_dags/example_branch_operator.py for tasks to queue
[2022-10-01 00:00:34,298] {logging_mixin.py:109} INFO - [2022-10-01 00:00:34,298] {dagbag.py:496} INFO - Filling up the DagBag from /home/airflow/.local/lib/python3.6/site-packages/airflow/example_dags/example_branch_operator.py
[2022-10-01 00:00:34,312] {processor.py:623} INFO - DAG(s) dict_keys(['example_branch_operator']) retrieved from /home/airflow/.local/lib/python3.6/site-packages/airflow/example_dags/example_branch_operator.py
[2022-10-01 00:00:34,332] {logging_mixin.py:109} INFO - [2022-10-01 00:00:34,332] {dag.py:1833} INFO - Sync 1 DAGs
[2022-10-01 00:00:34,357] {logging_mixin.py:109} INFO - [2022-10-01 00:00:34,357] {dag.py:2306} INFO - Setting next_dagrun for example_branch_operator to 2022-09-29 00:00:00+00:00
[2022-10-01 00:00:34,368] {processor.py:170} INFO - Processing /home/airflow/.local/lib/python3.6/site-packages/airflow/example_dags/example_branch_operator.py took 0.076 seconds
[2022-10-01 00:01:04,618] {processor.py:162} INFO - Started process (PID=5651) to work on /home/airflow/.local/lib/python3.6/site-packages/airflow/example_dags/example_branch_operator.py
[2022-10-01 00:01:04,621] {processor.py:613} INFO - Processing file /home/airflow/.local/lib/python3.6/site-packages/airflow/example_dags/example_branch_operator.py for tasks to queue
[2022-10-01 00:01:04,622] {logging_mixin.py:109} INFO - [2022-10-01 00:01:04,622] {dagbag.py:496} INFO - Filling up the DagBag from /home/airflow/.local/lib/python3.6/site-packages/airflow/example_dags/example_branch_operator.py
[2022-10-01 00:01:04,649] {processor.py:623} INFO - DAG(s) dict_keys(['example_branch_operator']) retrieved from /home/airflow/.local/lib/python3.6/site-packages/airflow/example_dags/example_branch_operator.py
[2022-10-01 00:01:04,687] {logging_mixin.py:109} INFO - [2022-10-01 00:01:04,687] {dag.py:1833} INFO - Sync 1 DAGs
[2022-10-01 00:01:04,713] {logging_mixin.py:109} INFO - [2022-10-01 00:01:04,712] {dag.py:2306} INFO - Setting next_dagrun for example_branch_operator to 2022-09-29 00:00:00+00:00
[2022-10-01 00:01:04,732] {processor.py:170} INFO - Processing /home/airflow/.local/lib/python3.6/site-packages/airflow/example_dags/example_branch_operator.py took 0.119 seconds
[2022-10-01 00:01:34,928] {processor.py:162} INFO - Started process (PID=5703) to work on /home/airflow/.local/lib/python3.6/site-packages/airflow/example_dags/example_branch_operator.py
[2022-10-01 00:01:34,930] {processor.py:613} INFO - Processing file /home/airflow/.local/lib/python3.6/site-packages/airflow/example_dags/example_branch_operator.py for tasks to queue
[2022-10-01 00:01:34,931] {logging_mixin.py:109} INFO - [2022-10-01 00:01:34,931] {dagbag.py:496} INFO - Filling up the DagBag from /home/airflow/.local/lib/python3.6/site-packages/airflow/example_dags/example_branch_operator.py
[2022-10-01 00:01:34,942] {processor.py:623} INFO - DAG(s) dict_keys(['example_branch_operator']) retrieved from /home/airflow/.local/lib/python3.6/site-packages/airflow/example_dags/example_branch_operator.py
[2022-10-01 00:01:34,964] {logging_mixin.py:109} INFO - [2022-10-01 00:01:34,964] {dag.py:1833} INFO - Sync 1 DAGs
[2022-10-01 00:01:34,978] {logging_mixin.py:109} INFO - [2022-10-01 00:01:34,978] {dag.py:2306} INFO - Setting next_dagrun for example_branch_operator to 2022-09-29 00:00:00+00:00
[2022-10-01 00:01:34,989] {processor.py:170} INFO - Processing /home/airflow/.local/lib/python3.6/site-packages/airflow/example_dags/example_branch_operator.py took 0.065 seconds
[2022-10-01 00:02:05,191] {processor.py:162} INFO - Started process (PID=5764) to work on /home/airflow/.local/lib/python3.6/site-packages/airflow/example_dags/example_branch_operator.py
[2022-10-01 00:02:05,192] {processor.py:613} INFO - Processing file /home/airflow/.local/lib/python3.6/site-packages/airflow/example_dags/example_branch_operator.py for tasks to queue
[2022-10-01 00:02:05,193] {logging_mixin.py:109} INFO - [2022-10-01 00:02:05,193] {dagbag.py:496} INFO - Filling up the DagBag from /home/airflow/.local/lib/python3.6/site-packages/airflow/example_dags/example_branch_operator.py
[2022-10-01 00:02:05,204] {processor.py:623} INFO - DAG(s) dict_keys(['example_branch_operator']) retrieved from /home/airflow/.local/lib/python3.6/site-packages/airflow/example_dags/example_branch_operator.py
[2022-10-01 00:02:05,223] {logging_mixin.py:109} INFO - [2022-10-01 00:02:05,223] {dag.py:1833} INFO - Sync 1 DAGs
[2022-10-01 00:02:05,236] {logging_mixin.py:109} INFO - [2022-10-01 00:02:05,236] {dag.py:2306} INFO - Setting next_dagrun for example_branch_operator to 2022-09-29 00:00:00+00:00
[2022-10-01 00:02:05,249] {processor.py:170} INFO - Processing /home/airflow/.local/lib/python3.6/site-packages/airflow/example_dags/example_branch_operator.py took 0.060 seconds
[2022-10-01 00:02:35,311] {processor.py:162} INFO - Started process (PID=5815) to work on /home/airflow/.local/lib/python3.6/site-packages/airflow/example_dags/example_branch_operator.py
[2022-10-01 00:02:35,313] {processor.py:613} INFO - Processing file /home/airflow/.local/lib/python3.6/site-packages/airflow/example_dags/example_branch_operator.py for tasks to queue
[2022-10-01 00:02:35,315] {logging_mixin.py:109} INFO - [2022-10-01 00:02:35,315] {dagbag.py:496} INFO - Filling up the DagBag from /home/airflow/.local/lib/python3.6/site-packages/airflow/example_dags/example_branch_operator.py
[2022-10-01 00:02:35,326] {processor.py:623} INFO - DAG(s) dict_keys(['example_branch_operator']) retrieved from /home/airflow/.local/lib/python3.6/site-packages/airflow/example_dags/example_branch_operator.py
[2022-10-01 00:02:35,344] {logging_mixin.py:109} INFO - [2022-10-01 00:02:35,344] {dag.py:1833} INFO - Sync 1 DAGs
[2022-10-01 00:02:35,358] {logging_mixin.py:109} INFO - [2022-10-01 00:02:35,358] {dag.py:2306} INFO - Setting next_dagrun for example_branch_operator to 2022-09-29 00:00:00+00:00
[2022-10-01 00:02:35,369] {processor.py:170} INFO - Processing /home/airflow/.local/lib/python3.6/site-packages/airflow/example_dags/example_branch_operator.py took 0.061 seconds
[2022-10-01 00:03:05,644] {processor.py:162} INFO - Started process (PID=5876) to work on /home/airflow/.local/lib/python3.6/site-packages/airflow/example_dags/example_branch_operator.py
[2022-10-01 00:03:05,646] {processor.py:613} INFO - Processing file /home/airflow/.local/lib/python3.6/site-packages/airflow/example_dags/example_branch_operator.py for tasks to queue
[2022-10-01 00:03:05,648] {logging_mixin.py:109} INFO - [2022-10-01 00:03:05,648] {dagbag.py:496} INFO - Filling up the DagBag from /home/airflow/.local/lib/python3.6/site-packages/airflow/example_dags/example_branch_operator.py
[2022-10-01 00:03:05,663] {processor.py:623} INFO - DAG(s) dict_keys(['example_branch_operator']) retrieved from /home/airflow/.local/lib/python3.6/site-packages/airflow/example_dags/example_branch_operator.py
[2022-10-01 00:03:05,685] {logging_mixin.py:109} INFO - [2022-10-01 00:03:05,685] {dag.py:1833} INFO - Sync 1 DAGs
[2022-10-01 00:03:05,704] {logging_mixin.py:109} INFO - [2022-10-01 00:03:05,704] {dag.py:2306} INFO - Setting next_dagrun for example_branch_operator to 2022-09-29 00:00:00+00:00
[2022-10-01 00:03:05,718] {processor.py:170} INFO - Processing /home/airflow/.local/lib/python3.6/site-packages/airflow/example_dags/example_branch_operator.py took 0.077 seconds
[2022-10-01 00:03:36,997] {processor.py:162} INFO - Started process (PID=5937) to work on /home/airflow/.local/lib/python3.6/site-packages/airflow/example_dags/example_branch_operator.py
[2022-10-01 00:03:36,998] {processor.py:613} INFO - Processing file /home/airflow/.local/lib/python3.6/site-packages/airflow/example_dags/example_branch_operator.py for tasks to queue
[2022-10-01 00:03:37,000] {logging_mixin.py:109} INFO - [2022-10-01 00:03:37,000] {dagbag.py:496} INFO - Filling up the DagBag from /home/airflow/.local/lib/python3.6/site-packages/airflow/example_dags/example_branch_operator.py
[2022-10-01 00:03:37,013] {processor.py:623} INFO - DAG(s) dict_keys(['example_branch_operator']) retrieved from /home/airflow/.local/lib/python3.6/site-packages/airflow/example_dags/example_branch_operator.py
[2022-10-01 00:03:37,037] {logging_mixin.py:109} INFO - [2022-10-01 00:03:37,037] {dag.py:1833} INFO - Sync 1 DAGs
[2022-10-01 00:03:37,052] {logging_mixin.py:109} INFO - [2022-10-01 00:03:37,052] {dag.py:2306} INFO - Setting next_dagrun for example_branch_operator to 2022-09-29 00:00:00+00:00
[2022-10-01 00:03:37,064] {processor.py:170} INFO - Processing /home/airflow/.local/lib/python3.6/site-packages/airflow/example_dags/example_branch_operator.py took 0.070 seconds
[2022-10-01 00:04:07,252] {processor.py:162} INFO - Started process (PID=5997) to work on /home/airflow/.local/lib/python3.6/site-packages/airflow/example_dags/example_branch_operator.py
[2022-10-01 00:04:07,254] {processor.py:613} INFO - Processing file /home/airflow/.local/lib/python3.6/site-packages/airflow/example_dags/example_branch_operator.py for tasks to queue
[2022-10-01 00:04:07,255] {logging_mixin.py:109} INFO - [2022-10-01 00:04:07,255] {dagbag.py:496} INFO - Filling up the DagBag from /home/airflow/.local/lib/python3.6/site-packages/airflow/example_dags/example_branch_operator.py
[2022-10-01 00:04:07,267] {processor.py:623} INFO - DAG(s) dict_keys(['example_branch_operator']) retrieved from /home/airflow/.local/lib/python3.6/site-packages/airflow/example_dags/example_branch_operator.py
[2022-10-01 00:04:07,288] {logging_mixin.py:109} INFO - [2022-10-01 00:04:07,288] {dag.py:1833} INFO - Sync 1 DAGs
[2022-10-01 00:04:07,304] {logging_mixin.py:109} INFO - [2022-10-01 00:04:07,304] {dag.py:2306} INFO - Setting next_dagrun for example_branch_operator to 2022-09-29 00:00:00+00:00
[2022-10-01 00:04:07,315] {processor.py:170} INFO - Processing /home/airflow/.local/lib/python3.6/site-packages/airflow/example_dags/example_branch_operator.py took 0.065 seconds
[2022-10-01 00:04:37,466] {processor.py:162} INFO - Started process (PID=6049) to work on /home/airflow/.local/lib/python3.6/site-packages/airflow/example_dags/example_branch_operator.py
[2022-10-01 00:04:37,468] {processor.py:613} INFO - Processing file /home/airflow/.local/lib/python3.6/site-packages/airflow/example_dags/example_branch_operator.py for tasks to queue
[2022-10-01 00:04:37,469] {logging_mixin.py:109} INFO - [2022-10-01 00:04:37,469] {dagbag.py:496} INFO - Filling up the DagBag from /home/airflow/.local/lib/python3.6/site-packages/airflow/example_dags/example_branch_operator.py
[2022-10-01 00:04:37,480] {processor.py:623} INFO - DAG(s) dict_keys(['example_branch_operator']) retrieved from /home/airflow/.local/lib/python3.6/site-packages/airflow/example_dags/example_branch_operator.py
[2022-10-01 00:04:37,499] {logging_mixin.py:109} INFO - [2022-10-01 00:04:37,499] {dag.py:1833} INFO - Sync 1 DAGs
[2022-10-01 00:04:37,514] {logging_mixin.py:109} INFO - [2022-10-01 00:04:37,514] {dag.py:2306} INFO - Setting next_dagrun for example_branch_operator to 2022-09-29 00:00:00+00:00
[2022-10-01 00:04:37,524] {processor.py:170} INFO - Processing /home/airflow/.local/lib/python3.6/site-packages/airflow/example_dags/example_branch_operator.py took 0.062 seconds
[2022-10-01 00:05:08,837] {processor.py:162} INFO - Started process (PID=6110) to work on /home/airflow/.local/lib/python3.6/site-packages/airflow/example_dags/example_branch_operator.py
[2022-10-01 00:05:08,839] {processor.py:613} INFO - Processing file /home/airflow/.local/lib/python3.6/site-packages/airflow/example_dags/example_branch_operator.py for tasks to queue
[2022-10-01 00:05:08,841] {logging_mixin.py:109} INFO - [2022-10-01 00:05:08,841] {dagbag.py:496} INFO - Filling up the DagBag from /home/airflow/.local/lib/python3.6/site-packages/airflow/example_dags/example_branch_operator.py
[2022-10-01 00:05:08,855] {processor.py:623} INFO - DAG(s) dict_keys(['example_branch_operator']) retrieved from /home/airflow/.local/lib/python3.6/site-packages/airflow/example_dags/example_branch_operator.py
[2022-10-01 00:05:08,872] {logging_mixin.py:109} INFO - [2022-10-01 00:05:08,872] {dag.py:1833} INFO - Sync 1 DAGs
[2022-10-01 00:05:08,886] {logging_mixin.py:109} INFO - [2022-10-01 00:05:08,886] {dag.py:2306} INFO - Setting next_dagrun for example_branch_operator to 2022-09-29 00:00:00+00:00
[2022-10-01 00:05:08,898] {processor.py:170} INFO - Processing /home/airflow/.local/lib/python3.6/site-packages/airflow/example_dags/example_branch_operator.py took 0.064 seconds
[2022-10-01 00:05:39,083] {processor.py:162} INFO - Started process (PID=6171) to work on /home/airflow/.local/lib/python3.6/site-packages/airflow/example_dags/example_branch_operator.py
[2022-10-01 00:05:39,086] {processor.py:613} INFO - Processing file /home/airflow/.local/lib/python3.6/site-packages/airflow/example_dags/example_branch_operator.py for tasks to queue
[2022-10-01 00:05:39,088] {logging_mixin.py:109} INFO - [2022-10-01 00:05:39,087] {dagbag.py:496} INFO - Filling up the DagBag from /home/airflow/.local/lib/python3.6/site-packages/airflow/example_dags/example_branch_operator.py
[2022-10-01 00:05:39,114] {processor.py:623} INFO - DAG(s) dict_keys(['example_branch_operator']) retrieved from /home/airflow/.local/lib/python3.6/site-packages/airflow/example_dags/example_branch_operator.py
[2022-10-01 00:05:39,153] {logging_mixin.py:109} INFO - [2022-10-01 00:05:39,152] {dag.py:1833} INFO - Sync 1 DAGs
[2022-10-01 00:05:39,182] {logging_mixin.py:109} INFO - [2022-10-01 00:05:39,181] {dag.py:2306} INFO - Setting next_dagrun for example_branch_operator to 2022-09-29 00:00:00+00:00
[2022-10-01 00:05:39,198] {processor.py:170} INFO - Processing /home/airflow/.local/lib/python3.6/site-packages/airflow/example_dags/example_branch_operator.py took 0.119 seconds
[2022-10-01 00:06:09,465] {processor.py:162} INFO - Started process (PID=6223) to work on /home/airflow/.local/lib/python3.6/site-packages/airflow/example_dags/example_branch_operator.py
[2022-10-01 00:06:09,467] {processor.py:613} INFO - Processing file /home/airflow/.local/lib/python3.6/site-packages/airflow/example_dags/example_branch_operator.py for tasks to queue
[2022-10-01 00:06:09,469] {logging_mixin.py:109} INFO - [2022-10-01 00:06:09,468] {dagbag.py:496} INFO - Filling up the DagBag from /home/airflow/.local/lib/python3.6/site-packages/airflow/example_dags/example_branch_operator.py
[2022-10-01 00:06:09,479] {processor.py:623} INFO - DAG(s) dict_keys(['example_branch_operator']) retrieved from /home/airflow/.local/lib/python3.6/site-packages/airflow/example_dags/example_branch_operator.py
[2022-10-01 00:06:09,499] {logging_mixin.py:109} INFO - [2022-10-01 00:06:09,498] {dag.py:1833} INFO - Sync 1 DAGs
[2022-10-01 00:06:09,513] {logging_mixin.py:109} INFO - [2022-10-01 00:06:09,513] {dag.py:2306} INFO - Setting next_dagrun for example_branch_operator to 2022-09-29 00:00:00+00:00
[2022-10-01 00:06:09,524] {processor.py:170} INFO - Processing /home/airflow/.local/lib/python3.6/site-packages/airflow/example_dags/example_branch_operator.py took 0.061 seconds
[2022-10-01 00:06:40,845] {processor.py:162} INFO - Started process (PID=6285) to work on /home/airflow/.local/lib/python3.6/site-packages/airflow/example_dags/example_branch_operator.py
[2022-10-01 00:06:40,847] {processor.py:613} INFO - Processing file /home/airflow/.local/lib/python3.6/site-packages/airflow/example_dags/example_branch_operator.py for tasks to queue
[2022-10-01 00:06:40,848] {logging_mixin.py:109} INFO - [2022-10-01 00:06:40,848] {dagbag.py:496} INFO - Filling up the DagBag from /home/airflow/.local/lib/python3.6/site-packages/airflow/example_dags/example_branch_operator.py
[2022-10-01 00:06:40,860] {processor.py:623} INFO - DAG(s) dict_keys(['example_branch_operator']) retrieved from /home/airflow/.local/lib/python3.6/site-packages/airflow/example_dags/example_branch_operator.py
[2022-10-01 00:06:40,882] {logging_mixin.py:109} INFO - [2022-10-01 00:06:40,882] {dag.py:1833} INFO - Sync 1 DAGs
[2022-10-01 00:06:40,896] {logging_mixin.py:109} INFO - [2022-10-01 00:06:40,896] {dag.py:2306} INFO - Setting next_dagrun for example_branch_operator to 2022-09-29 00:00:00+00:00
[2022-10-01 00:06:40,908] {processor.py:170} INFO - Processing /home/airflow/.local/lib/python3.6/site-packages/airflow/example_dags/example_branch_operator.py took 0.066 seconds
[2022-10-01 00:07:11,716] {processor.py:162} INFO - Started process (PID=6346) to work on /home/airflow/.local/lib/python3.6/site-packages/airflow/example_dags/example_branch_operator.py
[2022-10-01 00:07:11,718] {processor.py:613} INFO - Processing file /home/airflow/.local/lib/python3.6/site-packages/airflow/example_dags/example_branch_operator.py for tasks to queue
[2022-10-01 00:07:11,719] {logging_mixin.py:109} INFO - [2022-10-01 00:07:11,719] {dagbag.py:496} INFO - Filling up the DagBag from /home/airflow/.local/lib/python3.6/site-packages/airflow/example_dags/example_branch_operator.py
[2022-10-01 00:07:11,730] {processor.py:623} INFO - DAG(s) dict_keys(['example_branch_operator']) retrieved from /home/airflow/.local/lib/python3.6/site-packages/airflow/example_dags/example_branch_operator.py
[2022-10-01 00:07:11,752] {logging_mixin.py:109} INFO - [2022-10-01 00:07:11,752] {dag.py:1833} INFO - Sync 1 DAGs
[2022-10-01 00:07:11,770] {logging_mixin.py:109} INFO - [2022-10-01 00:07:11,770] {dag.py:2306} INFO - Setting next_dagrun for example_branch_operator to 2022-09-29 00:00:00+00:00
[2022-10-01 00:07:11,781] {processor.py:170} INFO - Processing /home/airflow/.local/lib/python3.6/site-packages/airflow/example_dags/example_branch_operator.py took 0.067 seconds
[2022-10-01 00:07:42,506] {processor.py:162} INFO - Started process (PID=6397) to work on /home/airflow/.local/lib/python3.6/site-packages/airflow/example_dags/example_branch_operator.py
[2022-10-01 00:07:42,508] {processor.py:613} INFO - Processing file /home/airflow/.local/lib/python3.6/site-packages/airflow/example_dags/example_branch_operator.py for tasks to queue
[2022-10-01 00:07:42,510] {logging_mixin.py:109} INFO - [2022-10-01 00:07:42,510] {dagbag.py:496} INFO - Filling up the DagBag from /home/airflow/.local/lib/python3.6/site-packages/airflow/example_dags/example_branch_operator.py
[2022-10-01 00:07:42,522] {processor.py:623} INFO - DAG(s) dict_keys(['example_branch_operator']) retrieved from /home/airflow/.local/lib/python3.6/site-packages/airflow/example_dags/example_branch_operator.py
[2022-10-01 00:07:42,541] {logging_mixin.py:109} INFO - [2022-10-01 00:07:42,541] {dag.py:1833} INFO - Sync 1 DAGs
[2022-10-01 00:07:42,557] {logging_mixin.py:109} INFO - [2022-10-01 00:07:42,557] {dag.py:2306} INFO - Setting next_dagrun for example_branch_operator to 2022-09-29 00:00:00+00:00
[2022-10-01 00:07:42,569] {processor.py:170} INFO - Processing /home/airflow/.local/lib/python3.6/site-packages/airflow/example_dags/example_branch_operator.py took 0.065 seconds
[2022-10-01 00:08:12,749] {processor.py:162} INFO - Started process (PID=6458) to work on /home/airflow/.local/lib/python3.6/site-packages/airflow/example_dags/example_branch_operator.py
[2022-10-01 00:08:12,751] {processor.py:613} INFO - Processing file /home/airflow/.local/lib/python3.6/site-packages/airflow/example_dags/example_branch_operator.py for tasks to queue
[2022-10-01 00:08:12,752] {logging_mixin.py:109} INFO - [2022-10-01 00:08:12,752] {dagbag.py:496} INFO - Filling up the DagBag from /home/airflow/.local/lib/python3.6/site-packages/airflow/example_dags/example_branch_operator.py
[2022-10-01 00:08:12,764] {processor.py:623} INFO - DAG(s) dict_keys(['example_branch_operator']) retrieved from /home/airflow/.local/lib/python3.6/site-packages/airflow/example_dags/example_branch_operator.py
[2022-10-01 00:08:12,784] {logging_mixin.py:109} INFO - [2022-10-01 00:08:12,784] {dag.py:1833} INFO - Sync 1 DAGs
[2022-10-01 00:08:12,799] {logging_mixin.py:109} INFO - [2022-10-01 00:08:12,799] {dag.py:2306} INFO - Setting next_dagrun for example_branch_operator to 2022-09-29 00:00:00+00:00
[2022-10-01 00:08:12,809] {processor.py:170} INFO - Processing /home/airflow/.local/lib/python3.6/site-packages/airflow/example_dags/example_branch_operator.py took 0.063 seconds
[2022-10-01 00:08:43,921] {processor.py:162} INFO - Started process (PID=6509) to work on /home/airflow/.local/lib/python3.6/site-packages/airflow/example_dags/example_branch_operator.py
[2022-10-01 00:08:43,923] {processor.py:613} INFO - Processing file /home/airflow/.local/lib/python3.6/site-packages/airflow/example_dags/example_branch_operator.py for tasks to queue
[2022-10-01 00:08:43,924] {logging_mixin.py:109} INFO - [2022-10-01 00:08:43,924] {dagbag.py:496} INFO - Filling up the DagBag from /home/airflow/.local/lib/python3.6/site-packages/airflow/example_dags/example_branch_operator.py
[2022-10-01 00:08:43,935] {processor.py:623} INFO - DAG(s) dict_keys(['example_branch_operator']) retrieved from /home/airflow/.local/lib/python3.6/site-packages/airflow/example_dags/example_branch_operator.py
[2022-10-01 00:08:43,955] {logging_mixin.py:109} INFO - [2022-10-01 00:08:43,954] {dag.py:1833} INFO - Sync 1 DAGs
[2022-10-01 00:08:43,969] {logging_mixin.py:109} INFO - [2022-10-01 00:08:43,968] {dag.py:2306} INFO - Setting next_dagrun for example_branch_operator to 2022-09-29 00:00:00+00:00
[2022-10-01 00:08:43,979] {processor.py:170} INFO - Processing /home/airflow/.local/lib/python3.6/site-packages/airflow/example_dags/example_branch_operator.py took 0.061 seconds
[2022-10-01 00:09:14,827] {processor.py:162} INFO - Started process (PID=6570) to work on /home/airflow/.local/lib/python3.6/site-packages/airflow/example_dags/example_branch_operator.py
[2022-10-01 00:09:14,829] {processor.py:613} INFO - Processing file /home/airflow/.local/lib/python3.6/site-packages/airflow/example_dags/example_branch_operator.py for tasks to queue
[2022-10-01 00:09:14,831] {logging_mixin.py:109} INFO - [2022-10-01 00:09:14,830] {dagbag.py:496} INFO - Filling up the DagBag from /home/airflow/.local/lib/python3.6/site-packages/airflow/example_dags/example_branch_operator.py
[2022-10-01 00:09:14,844] {processor.py:623} INFO - DAG(s) dict_keys(['example_branch_operator']) retrieved from /home/airflow/.local/lib/python3.6/site-packages/airflow/example_dags/example_branch_operator.py
[2022-10-01 00:09:14,869] {logging_mixin.py:109} INFO - [2022-10-01 00:09:14,869] {dag.py:1833} INFO - Sync 1 DAGs
[2022-10-01 00:09:14,885] {logging_mixin.py:109} INFO - [2022-10-01 00:09:14,885] {dag.py:2306} INFO - Setting next_dagrun for example_branch_operator to 2022-09-29 00:00:00+00:00
[2022-10-01 00:09:14,896] {processor.py:170} INFO - Processing /home/airflow/.local/lib/python3.6/site-packages/airflow/example_dags/example_branch_operator.py took 0.073 seconds
[2022-10-01 00:09:45,716] {processor.py:162} INFO - Started process (PID=6631) to work on /home/airflow/.local/lib/python3.6/site-packages/airflow/example_dags/example_branch_operator.py
[2022-10-01 00:09:45,718] {processor.py:613} INFO - Processing file /home/airflow/.local/lib/python3.6/site-packages/airflow/example_dags/example_branch_operator.py for tasks to queue
[2022-10-01 00:09:45,719] {logging_mixin.py:109} INFO - [2022-10-01 00:09:45,719] {dagbag.py:496} INFO - Filling up the DagBag from /home/airflow/.local/lib/python3.6/site-packages/airflow/example_dags/example_branch_operator.py
[2022-10-01 00:09:45,731] {processor.py:623} INFO - DAG(s) dict_keys(['example_branch_operator']) retrieved from /home/airflow/.local/lib/python3.6/site-packages/airflow/example_dags/example_branch_operator.py
[2022-10-01 00:09:45,752] {logging_mixin.py:109} INFO - [2022-10-01 00:09:45,752] {dag.py:1833} INFO - Sync 1 DAGs
[2022-10-01 00:09:45,770] {logging_mixin.py:109} INFO - [2022-10-01 00:09:45,770] {dag.py:2306} INFO - Setting next_dagrun for example_branch_operator to 2022-09-29 00:00:00+00:00
[2022-10-01 00:09:45,783] {processor.py:170} INFO - Processing /home/airflow/.local/lib/python3.6/site-packages/airflow/example_dags/example_branch_operator.py took 0.069 seconds
[2022-10-01 00:10:16,456] {processor.py:162} INFO - Started process (PID=6682) to work on /home/airflow/.local/lib/python3.6/site-packages/airflow/example_dags/example_branch_operator.py
[2022-10-01 00:10:16,457] {processor.py:613} INFO - Processing file /home/airflow/.local/lib/python3.6/site-packages/airflow/example_dags/example_branch_operator.py for tasks to queue
[2022-10-01 00:10:16,458] {logging_mixin.py:109} INFO - [2022-10-01 00:10:16,458] {dagbag.py:496} INFO - Filling up the DagBag from /home/airflow/.local/lib/python3.6/site-packages/airflow/example_dags/example_branch_operator.py
[2022-10-01 00:10:16,471] {processor.py:623} INFO - DAG(s) dict_keys(['example_branch_operator']) retrieved from /home/airflow/.local/lib/python3.6/site-packages/airflow/example_dags/example_branch_operator.py
[2022-10-01 00:10:16,490] {logging_mixin.py:109} INFO - [2022-10-01 00:10:16,490] {dag.py:1833} INFO - Sync 1 DAGs
[2022-10-01 00:10:16,504] {logging_mixin.py:109} INFO - [2022-10-01 00:10:16,504] {dag.py:2306} INFO - Setting next_dagrun for example_branch_operator to 2022-09-29 00:00:00+00:00
[2022-10-01 00:10:16,513] {processor.py:170} INFO - Processing /home/airflow/.local/lib/python3.6/site-packages/airflow/example_dags/example_branch_operator.py took 0.060 seconds
[2022-10-01 00:10:46,927] {processor.py:162} INFO - Started process (PID=6743) to work on /home/airflow/.local/lib/python3.6/site-packages/airflow/example_dags/example_branch_operator.py
[2022-10-01 00:10:46,928] {processor.py:613} INFO - Processing file /home/airflow/.local/lib/python3.6/site-packages/airflow/example_dags/example_branch_operator.py for tasks to queue
[2022-10-01 00:10:46,930] {logging_mixin.py:109} INFO - [2022-10-01 00:10:46,929] {dagbag.py:496} INFO - Filling up the DagBag from /home/airflow/.local/lib/python3.6/site-packages/airflow/example_dags/example_branch_operator.py
[2022-10-01 00:10:46,944] {processor.py:623} INFO - DAG(s) dict_keys(['example_branch_operator']) retrieved from /home/airflow/.local/lib/python3.6/site-packages/airflow/example_dags/example_branch_operator.py
[2022-10-01 00:10:46,965] {logging_mixin.py:109} INFO - [2022-10-01 00:10:46,965] {dag.py:1833} INFO - Sync 1 DAGs
[2022-10-01 00:10:46,979] {logging_mixin.py:109} INFO - [2022-10-01 00:10:46,979] {dag.py:2306} INFO - Setting next_dagrun for example_branch_operator to 2022-09-29 00:00:00+00:00
[2022-10-01 00:10:46,991] {processor.py:170} INFO - Processing /home/airflow/.local/lib/python3.6/site-packages/airflow/example_dags/example_branch_operator.py took 0.067 seconds
[2022-10-01 00:11:17,600] {processor.py:162} INFO - Started process (PID=6804) to work on /home/airflow/.local/lib/python3.6/site-packages/airflow/example_dags/example_branch_operator.py
[2022-10-01 00:11:17,602] {processor.py:613} INFO - Processing file /home/airflow/.local/lib/python3.6/site-packages/airflow/example_dags/example_branch_operator.py for tasks to queue
[2022-10-01 00:11:17,603] {logging_mixin.py:109} INFO - [2022-10-01 00:11:17,603] {dagbag.py:496} INFO - Filling up the DagBag from /home/airflow/.local/lib/python3.6/site-packages/airflow/example_dags/example_branch_operator.py
[2022-10-01 00:11:17,616] {processor.py:623} INFO - DAG(s) dict_keys(['example_branch_operator']) retrieved from /home/airflow/.local/lib/python3.6/site-packages/airflow/example_dags/example_branch_operator.py
[2022-10-01 00:11:17,637] {logging_mixin.py:109} INFO - [2022-10-01 00:11:17,637] {dag.py:1833} INFO - Sync 1 DAGs
[2022-10-01 00:11:17,653] {logging_mixin.py:109} INFO - [2022-10-01 00:11:17,653] {dag.py:2306} INFO - Setting next_dagrun for example_branch_operator to 2022-09-29 00:00:00+00:00
[2022-10-01 00:11:17,666] {processor.py:170} INFO - Processing /home/airflow/.local/lib/python3.6/site-packages/airflow/example_dags/example_branch_operator.py took 0.068 seconds
[2022-10-01 00:11:47,728] {processor.py:162} INFO - Started process (PID=6855) to work on /home/airflow/.local/lib/python3.6/site-packages/airflow/example_dags/example_branch_operator.py
[2022-10-01 00:11:47,729] {processor.py:613} INFO - Processing file /home/airflow/.local/lib/python3.6/site-packages/airflow/example_dags/example_branch_operator.py for tasks to queue
[2022-10-01 00:11:47,731] {logging_mixin.py:109} INFO - [2022-10-01 00:11:47,730] {dagbag.py:496} INFO - Filling up the DagBag from /home/airflow/.local/lib/python3.6/site-packages/airflow/example_dags/example_branch_operator.py
[2022-10-01 00:11:47,742] {processor.py:623} INFO - DAG(s) dict_keys(['example_branch_operator']) retrieved from /home/airflow/.local/lib/python3.6/site-packages/airflow/example_dags/example_branch_operator.py
[2022-10-01 00:11:47,760] {logging_mixin.py:109} INFO - [2022-10-01 00:11:47,760] {dag.py:1833} INFO - Sync 1 DAGs
[2022-10-01 00:11:47,774] {logging_mixin.py:109} INFO - [2022-10-01 00:11:47,774] {dag.py:2306} INFO - Setting next_dagrun for example_branch_operator to 2022-09-29 00:00:00+00:00
[2022-10-01 00:11:47,783] {processor.py:170} INFO - Processing /home/airflow/.local/lib/python3.6/site-packages/airflow/example_dags/example_branch_operator.py took 0.059 seconds
[2022-10-01 00:12:18,734] {processor.py:162} INFO - Started process (PID=6916) to work on /home/airflow/.local/lib/python3.6/site-packages/airflow/example_dags/example_branch_operator.py
[2022-10-01 00:12:18,736] {processor.py:613} INFO - Processing file /home/airflow/.local/lib/python3.6/site-packages/airflow/example_dags/example_branch_operator.py for tasks to queue
[2022-10-01 00:12:18,737] {logging_mixin.py:109} INFO - [2022-10-01 00:12:18,737] {dagbag.py:496} INFO - Filling up the DagBag from /home/airflow/.local/lib/python3.6/site-packages/airflow/example_dags/example_branch_operator.py
[2022-10-01 00:12:18,748] {processor.py:623} INFO - DAG(s) dict_keys(['example_branch_operator']) retrieved from /home/airflow/.local/lib/python3.6/site-packages/airflow/example_dags/example_branch_operator.py
[2022-10-01 00:12:18,767] {logging_mixin.py:109} INFO - [2022-10-01 00:12:18,767] {dag.py:1833} INFO - Sync 1 DAGs
[2022-10-01 00:12:18,782] {logging_mixin.py:109} INFO - [2022-10-01 00:12:18,782] {dag.py:2306} INFO - Setting next_dagrun for example_branch_operator to 2022-09-29 00:00:00+00:00
[2022-10-01 00:12:18,792] {processor.py:170} INFO - Processing /home/airflow/.local/lib/python3.6/site-packages/airflow/example_dags/example_branch_operator.py took 0.060 seconds
[2022-10-01 00:12:48,861] {processor.py:162} INFO - Started process (PID=6977) to work on /home/airflow/.local/lib/python3.6/site-packages/airflow/example_dags/example_branch_operator.py
[2022-10-01 00:12:48,862] {processor.py:613} INFO - Processing file /home/airflow/.local/lib/python3.6/site-packages/airflow/example_dags/example_branch_operator.py for tasks to queue
[2022-10-01 00:12:48,864] {logging_mixin.py:109} INFO - [2022-10-01 00:12:48,863] {dagbag.py:496} INFO - Filling up the DagBag from /home/airflow/.local/lib/python3.6/site-packages/airflow/example_dags/example_branch_operator.py
[2022-10-01 00:12:48,880] {processor.py:623} INFO - DAG(s) dict_keys(['example_branch_operator']) retrieved from /home/airflow/.local/lib/python3.6/site-packages/airflow/example_dags/example_branch_operator.py
[2022-10-01 00:12:48,900] {logging_mixin.py:109} INFO - [2022-10-01 00:12:48,900] {dag.py:1833} INFO - Sync 1 DAGs
[2022-10-01 00:12:48,917] {logging_mixin.py:109} INFO - [2022-10-01 00:12:48,917] {dag.py:2306} INFO - Setting next_dagrun for example_branch_operator to 2022-09-29 00:00:00+00:00
[2022-10-01 00:12:48,931] {processor.py:170} INFO - Processing /home/airflow/.local/lib/python3.6/site-packages/airflow/example_dags/example_branch_operator.py took 0.074 seconds
[2022-10-01 00:13:19,850] {processor.py:162} INFO - Started process (PID=7038) to work on /home/airflow/.local/lib/python3.6/site-packages/airflow/example_dags/example_branch_operator.py
[2022-10-01 00:13:19,852] {processor.py:613} INFO - Processing file /home/airflow/.local/lib/python3.6/site-packages/airflow/example_dags/example_branch_operator.py for tasks to queue
[2022-10-01 00:13:19,853] {logging_mixin.py:109} INFO - [2022-10-01 00:13:19,853] {dagbag.py:496} INFO - Filling up the DagBag from /home/airflow/.local/lib/python3.6/site-packages/airflow/example_dags/example_branch_operator.py
[2022-10-01 00:13:19,868] {processor.py:623} INFO - DAG(s) dict_keys(['example_branch_operator']) retrieved from /home/airflow/.local/lib/python3.6/site-packages/airflow/example_dags/example_branch_operator.py
[2022-10-01 00:13:19,893] {logging_mixin.py:109} INFO - [2022-10-01 00:13:19,893] {dag.py:1833} INFO - Sync 1 DAGs
[2022-10-01 00:13:19,917] {logging_mixin.py:109} INFO - [2022-10-01 00:13:19,917] {dag.py:2306} INFO - Setting next_dagrun for example_branch_operator to 2022-09-29 00:00:00+00:00
[2022-10-01 00:13:19,931] {processor.py:170} INFO - Processing /home/airflow/.local/lib/python3.6/site-packages/airflow/example_dags/example_branch_operator.py took 0.085 seconds
[2022-10-01 00:13:50,752] {processor.py:162} INFO - Started process (PID=7090) to work on /home/airflow/.local/lib/python3.6/site-packages/airflow/example_dags/example_branch_operator.py
[2022-10-01 00:13:50,754] {processor.py:613} INFO - Processing file /home/airflow/.local/lib/python3.6/site-packages/airflow/example_dags/example_branch_operator.py for tasks to queue
[2022-10-01 00:13:50,755] {logging_mixin.py:109} INFO - [2022-10-01 00:13:50,755] {dagbag.py:496} INFO - Filling up the DagBag from /home/airflow/.local/lib/python3.6/site-packages/airflow/example_dags/example_branch_operator.py
[2022-10-01 00:13:50,766] {processor.py:623} INFO - DAG(s) dict_keys(['example_branch_operator']) retrieved from /home/airflow/.local/lib/python3.6/site-packages/airflow/example_dags/example_branch_operator.py
[2022-10-01 00:13:50,786] {logging_mixin.py:109} INFO - [2022-10-01 00:13:50,786] {dag.py:1833} INFO - Sync 1 DAGs
[2022-10-01 00:13:50,801] {logging_mixin.py:109} INFO - [2022-10-01 00:13:50,801] {dag.py:2306} INFO - Setting next_dagrun for example_branch_operator to 2022-09-29 00:00:00+00:00
[2022-10-01 00:13:50,814] {processor.py:170} INFO - Processing /home/airflow/.local/lib/python3.6/site-packages/airflow/example_dags/example_branch_operator.py took 0.064 seconds
[2022-10-01 00:14:21,204] {processor.py:162} INFO - Started process (PID=7151) to work on /home/airflow/.local/lib/python3.6/site-packages/airflow/example_dags/example_branch_operator.py
[2022-10-01 00:14:21,206] {processor.py:613} INFO - Processing file /home/airflow/.local/lib/python3.6/site-packages/airflow/example_dags/example_branch_operator.py for tasks to queue
[2022-10-01 00:14:21,208] {logging_mixin.py:109} INFO - [2022-10-01 00:14:21,208] {dagbag.py:496} INFO - Filling up the DagBag from /home/airflow/.local/lib/python3.6/site-packages/airflow/example_dags/example_branch_operator.py
[2022-10-01 00:14:21,219] {processor.py:623} INFO - DAG(s) dict_keys(['example_branch_operator']) retrieved from /home/airflow/.local/lib/python3.6/site-packages/airflow/example_dags/example_branch_operator.py
[2022-10-01 00:14:21,240] {logging_mixin.py:109} INFO - [2022-10-01 00:14:21,240] {dag.py:1833} INFO - Sync 1 DAGs
[2022-10-01 00:14:21,255] {logging_mixin.py:109} INFO - [2022-10-01 00:14:21,255] {dag.py:2306} INFO - Setting next_dagrun for example_branch_operator to 2022-09-29 00:00:00+00:00
[2022-10-01 00:14:21,267] {processor.py:170} INFO - Processing /home/airflow/.local/lib/python3.6/site-packages/airflow/example_dags/example_branch_operator.py took 0.065 seconds
[2022-10-01 00:14:52,061] {processor.py:162} INFO - Started process (PID=7210) to work on /home/airflow/.local/lib/python3.6/site-packages/airflow/example_dags/example_branch_operator.py
[2022-10-01 00:14:52,064] {processor.py:613} INFO - Processing file /home/airflow/.local/lib/python3.6/site-packages/airflow/example_dags/example_branch_operator.py for tasks to queue
[2022-10-01 00:14:52,065] {logging_mixin.py:109} INFO - [2022-10-01 00:14:52,065] {dagbag.py:496} INFO - Filling up the DagBag from /home/airflow/.local/lib/python3.6/site-packages/airflow/example_dags/example_branch_operator.py
[2022-10-01 00:14:52,077] {processor.py:623} INFO - DAG(s) dict_keys(['example_branch_operator']) retrieved from /home/airflow/.local/lib/python3.6/site-packages/airflow/example_dags/example_branch_operator.py
[2022-10-01 00:14:52,098] {logging_mixin.py:109} INFO - [2022-10-01 00:14:52,098] {dag.py:1833} INFO - Sync 1 DAGs
[2022-10-01 00:14:52,115] {logging_mixin.py:109} INFO - [2022-10-01 00:14:52,115] {dag.py:2306} INFO - Setting next_dagrun for example_branch_operator to 2022-09-29 00:00:00+00:00
[2022-10-01 00:14:52,125] {processor.py:170} INFO - Processing /home/airflow/.local/lib/python3.6/site-packages/airflow/example_dags/example_branch_operator.py took 0.066 seconds
[2022-10-01 00:15:22,446] {processor.py:162} INFO - Started process (PID=7264) to work on /home/airflow/.local/lib/python3.6/site-packages/airflow/example_dags/example_branch_operator.py
[2022-10-01 00:15:22,447] {processor.py:613} INFO - Processing file /home/airflow/.local/lib/python3.6/site-packages/airflow/example_dags/example_branch_operator.py for tasks to queue
[2022-10-01 00:15:22,448] {logging_mixin.py:109} INFO - [2022-10-01 00:15:22,448] {dagbag.py:496} INFO - Filling up the DagBag from /home/airflow/.local/lib/python3.6/site-packages/airflow/example_dags/example_branch_operator.py
[2022-10-01 00:15:22,459] {processor.py:623} INFO - DAG(s) dict_keys(['example_branch_operator']) retrieved from /home/airflow/.local/lib/python3.6/site-packages/airflow/example_dags/example_branch_operator.py
[2022-10-01 00:15:22,480] {logging_mixin.py:109} INFO - [2022-10-01 00:15:22,480] {dag.py:1833} INFO - Sync 1 DAGs
[2022-10-01 00:15:22,496] {logging_mixin.py:109} INFO - [2022-10-01 00:15:22,496] {dag.py:2306} INFO - Setting next_dagrun for example_branch_operator to 2022-09-29 00:00:00+00:00
[2022-10-01 00:15:22,508] {processor.py:170} INFO - Processing /home/airflow/.local/lib/python3.6/site-packages/airflow/example_dags/example_branch_operator.py took 0.065 seconds
[2022-10-01 00:15:53,093] {processor.py:162} INFO - Started process (PID=7325) to work on /home/airflow/.local/lib/python3.6/site-packages/airflow/example_dags/example_branch_operator.py
[2022-10-01 00:15:53,095] {processor.py:613} INFO - Processing file /home/airflow/.local/lib/python3.6/site-packages/airflow/example_dags/example_branch_operator.py for tasks to queue
[2022-10-01 00:15:53,096] {logging_mixin.py:109} INFO - [2022-10-01 00:15:53,096] {dagbag.py:496} INFO - Filling up the DagBag from /home/airflow/.local/lib/python3.6/site-packages/airflow/example_dags/example_branch_operator.py
[2022-10-01 00:15:53,108] {processor.py:623} INFO - DAG(s) dict_keys(['example_branch_operator']) retrieved from /home/airflow/.local/lib/python3.6/site-packages/airflow/example_dags/example_branch_operator.py
[2022-10-01 00:15:53,127] {logging_mixin.py:109} INFO - [2022-10-01 00:15:53,126] {dag.py:1833} INFO - Sync 1 DAGs
[2022-10-01 00:15:53,142] {logging_mixin.py:109} INFO - [2022-10-01 00:15:53,142] {dag.py:2306} INFO - Setting next_dagrun for example_branch_operator to 2022-09-29 00:00:00+00:00
[2022-10-01 00:15:53,152] {processor.py:170} INFO - Processing /home/airflow/.local/lib/python3.6/site-packages/airflow/example_dags/example_branch_operator.py took 0.062 seconds
[2022-10-01 00:16:23,877] {processor.py:162} INFO - Started process (PID=7385) to work on /home/airflow/.local/lib/python3.6/site-packages/airflow/example_dags/example_branch_operator.py
[2022-10-01 00:16:23,879] {processor.py:613} INFO - Processing file /home/airflow/.local/lib/python3.6/site-packages/airflow/example_dags/example_branch_operator.py for tasks to queue
[2022-10-01 00:16:23,881] {logging_mixin.py:109} INFO - [2022-10-01 00:16:23,880] {dagbag.py:496} INFO - Filling up the DagBag from /home/airflow/.local/lib/python3.6/site-packages/airflow/example_dags/example_branch_operator.py
[2022-10-01 00:16:23,892] {processor.py:623} INFO - DAG(s) dict_keys(['example_branch_operator']) retrieved from /home/airflow/.local/lib/python3.6/site-packages/airflow/example_dags/example_branch_operator.py
[2022-10-01 00:16:23,912] {logging_mixin.py:109} INFO - [2022-10-01 00:16:23,912] {dag.py:1833} INFO - Sync 1 DAGs
[2022-10-01 00:16:23,927] {logging_mixin.py:109} INFO - [2022-10-01 00:16:23,927] {dag.py:2306} INFO - Setting next_dagrun for example_branch_operator to 2022-09-29 00:00:00+00:00
[2022-10-01 00:16:23,939] {processor.py:170} INFO - Processing /home/airflow/.local/lib/python3.6/site-packages/airflow/example_dags/example_branch_operator.py took 0.064 seconds
[2022-10-01 00:16:54,131] {processor.py:162} INFO - Started process (PID=7437) to work on /home/airflow/.local/lib/python3.6/site-packages/airflow/example_dags/example_branch_operator.py
[2022-10-01 00:16:54,133] {processor.py:613} INFO - Processing file /home/airflow/.local/lib/python3.6/site-packages/airflow/example_dags/example_branch_operator.py for tasks to queue
[2022-10-01 00:16:54,134] {logging_mixin.py:109} INFO - [2022-10-01 00:16:54,134] {dagbag.py:496} INFO - Filling up the DagBag from /home/airflow/.local/lib/python3.6/site-packages/airflow/example_dags/example_branch_operator.py
[2022-10-01 00:16:54,146] {processor.py:623} INFO - DAG(s) dict_keys(['example_branch_operator']) retrieved from /home/airflow/.local/lib/python3.6/site-packages/airflow/example_dags/example_branch_operator.py
[2022-10-01 00:16:54,165] {logging_mixin.py:109} INFO - [2022-10-01 00:16:54,165] {dag.py:1833} INFO - Sync 1 DAGs
[2022-10-01 00:16:54,181] {logging_mixin.py:109} INFO - [2022-10-01 00:16:54,181] {dag.py:2306} INFO - Setting next_dagrun for example_branch_operator to 2022-09-29 00:00:00+00:00
[2022-10-01 00:16:54,192] {processor.py:170} INFO - Processing /home/airflow/.local/lib/python3.6/site-packages/airflow/example_dags/example_branch_operator.py took 0.064 seconds
[2022-10-01 00:17:24,933] {processor.py:162} INFO - Started process (PID=7498) to work on /home/airflow/.local/lib/python3.6/site-packages/airflow/example_dags/example_branch_operator.py
[2022-10-01 00:17:24,935] {processor.py:613} INFO - Processing file /home/airflow/.local/lib/python3.6/site-packages/airflow/example_dags/example_branch_operator.py for tasks to queue
[2022-10-01 00:17:24,936] {logging_mixin.py:109} INFO - [2022-10-01 00:17:24,936] {dagbag.py:496} INFO - Filling up the DagBag from /home/airflow/.local/lib/python3.6/site-packages/airflow/example_dags/example_branch_operator.py
[2022-10-01 00:17:24,950] {processor.py:623} INFO - DAG(s) dict_keys(['example_branch_operator']) retrieved from /home/airflow/.local/lib/python3.6/site-packages/airflow/example_dags/example_branch_operator.py
[2022-10-01 00:17:24,972] {logging_mixin.py:109} INFO - [2022-10-01 00:17:24,972] {dag.py:1833} INFO - Sync 1 DAGs
[2022-10-01 00:17:24,988] {logging_mixin.py:109} INFO - [2022-10-01 00:17:24,988] {dag.py:2306} INFO - Setting next_dagrun for example_branch_operator to 2022-09-29 00:00:00+00:00
[2022-10-01 00:17:24,999] {processor.py:170} INFO - Processing /home/airflow/.local/lib/python3.6/site-packages/airflow/example_dags/example_branch_operator.py took 0.070 seconds
[2022-10-01 00:17:55,425] {processor.py:162} INFO - Started process (PID=7560) to work on /home/airflow/.local/lib/python3.6/site-packages/airflow/example_dags/example_branch_operator.py
[2022-10-01 00:17:55,427] {processor.py:613} INFO - Processing file /home/airflow/.local/lib/python3.6/site-packages/airflow/example_dags/example_branch_operator.py for tasks to queue
[2022-10-01 00:17:55,428] {logging_mixin.py:109} INFO - [2022-10-01 00:17:55,428] {dagbag.py:496} INFO - Filling up the DagBag from /home/airflow/.local/lib/python3.6/site-packages/airflow/example_dags/example_branch_operator.py
[2022-10-01 00:17:55,439] {processor.py:623} INFO - DAG(s) dict_keys(['example_branch_operator']) retrieved from /home/airflow/.local/lib/python3.6/site-packages/airflow/example_dags/example_branch_operator.py
[2022-10-01 00:17:55,458] {logging_mixin.py:109} INFO - [2022-10-01 00:17:55,458] {dag.py:1833} INFO - Sync 1 DAGs
[2022-10-01 00:17:55,470] {logging_mixin.py:109} INFO - [2022-10-01 00:17:55,470] {dag.py:2306} INFO - Setting next_dagrun for example_branch_operator to 2022-09-29 00:00:00+00:00
[2022-10-01 00:17:55,480] {processor.py:170} INFO - Processing /home/airflow/.local/lib/python3.6/site-packages/airflow/example_dags/example_branch_operator.py took 0.057 seconds
[2022-10-01 00:18:18,556] {processor.py:162} INFO - Started process (PID=7612) to work on /home/airflow/.local/lib/python3.6/site-packages/airflow/example_dags/example_branch_operator.py
[2022-10-01 00:18:18,558] {processor.py:613} INFO - Processing file /home/airflow/.local/lib/python3.6/site-packages/airflow/example_dags/example_branch_operator.py for tasks to queue
[2022-10-01 00:18:18,560] {logging_mixin.py:109} INFO - [2022-10-01 00:18:18,560] {dagbag.py:496} INFO - Filling up the DagBag from /home/airflow/.local/lib/python3.6/site-packages/airflow/example_dags/example_branch_operator.py
[2022-10-01 00:18:18,578] {processor.py:623} INFO - DAG(s) dict_keys(['example_branch_operator']) retrieved from /home/airflow/.local/lib/python3.6/site-packages/airflow/example_dags/example_branch_operator.py
[2022-10-01 00:18:18,602] {logging_mixin.py:109} INFO - [2022-10-01 00:18:18,602] {dag.py:1833} INFO - Sync 1 DAGs
[2022-10-01 00:18:18,622] {logging_mixin.py:109} INFO - [2022-10-01 00:18:18,622] {dag.py:2306} INFO - Setting next_dagrun for example_branch_operator to 2022-09-29 00:00:00+00:00
[2022-10-01 00:18:18,636] {processor.py:170} INFO - Processing /home/airflow/.local/lib/python3.6/site-packages/airflow/example_dags/example_branch_operator.py took 0.084 seconds
[2022-10-01 00:18:49,753] {processor.py:162} INFO - Started process (PID=7664) to work on /home/airflow/.local/lib/python3.6/site-packages/airflow/example_dags/example_branch_operator.py
[2022-10-01 00:18:49,755] {processor.py:613} INFO - Processing file /home/airflow/.local/lib/python3.6/site-packages/airflow/example_dags/example_branch_operator.py for tasks to queue
[2022-10-01 00:18:49,756] {logging_mixin.py:109} INFO - [2022-10-01 00:18:49,756] {dagbag.py:496} INFO - Filling up the DagBag from /home/airflow/.local/lib/python3.6/site-packages/airflow/example_dags/example_branch_operator.py
[2022-10-01 00:18:49,767] {processor.py:623} INFO - DAG(s) dict_keys(['example_branch_operator']) retrieved from /home/airflow/.local/lib/python3.6/site-packages/airflow/example_dags/example_branch_operator.py
[2022-10-01 00:18:49,786] {logging_mixin.py:109} INFO - [2022-10-01 00:18:49,786] {dag.py:1833} INFO - Sync 1 DAGs
[2022-10-01 00:18:49,799] {logging_mixin.py:109} INFO - [2022-10-01 00:18:49,799] {dag.py:2306} INFO - Setting next_dagrun for example_branch_operator to 2022-09-29 00:00:00+00:00
[2022-10-01 00:18:49,809] {processor.py:170} INFO - Processing /home/airflow/.local/lib/python3.6/site-packages/airflow/example_dags/example_branch_operator.py took 0.059 seconds
[2022-10-01 00:19:20,897] {processor.py:162} INFO - Started process (PID=7725) to work on /home/airflow/.local/lib/python3.6/site-packages/airflow/example_dags/example_branch_operator.py
[2022-10-01 00:19:20,899] {processor.py:613} INFO - Processing file /home/airflow/.local/lib/python3.6/site-packages/airflow/example_dags/example_branch_operator.py for tasks to queue
[2022-10-01 00:19:20,901] {logging_mixin.py:109} INFO - [2022-10-01 00:19:20,901] {dagbag.py:496} INFO - Filling up the DagBag from /home/airflow/.local/lib/python3.6/site-packages/airflow/example_dags/example_branch_operator.py
[2022-10-01 00:19:20,912] {processor.py:623} INFO - DAG(s) dict_keys(['example_branch_operator']) retrieved from /home/airflow/.local/lib/python3.6/site-packages/airflow/example_dags/example_branch_operator.py
[2022-10-01 00:19:20,933] {logging_mixin.py:109} INFO - [2022-10-01 00:19:20,933] {dag.py:1833} INFO - Sync 1 DAGs
[2022-10-01 00:19:20,946] {logging_mixin.py:109} INFO - [2022-10-01 00:19:20,946] {dag.py:2306} INFO - Setting next_dagrun for example_branch_operator to 2022-09-29 00:00:00+00:00
[2022-10-01 00:19:20,958] {processor.py:170} INFO - Processing /home/airflow/.local/lib/python3.6/site-packages/airflow/example_dags/example_branch_operator.py took 0.063 seconds
[2022-10-01 00:19:51,817] {processor.py:162} INFO - Started process (PID=7785) to work on /home/airflow/.local/lib/python3.6/site-packages/airflow/example_dags/example_branch_operator.py
[2022-10-01 00:19:51,818] {processor.py:613} INFO - Processing file /home/airflow/.local/lib/python3.6/site-packages/airflow/example_dags/example_branch_operator.py for tasks to queue
[2022-10-01 00:19:51,819] {logging_mixin.py:109} INFO - [2022-10-01 00:19:51,819] {dagbag.py:496} INFO - Filling up the DagBag from /home/airflow/.local/lib/python3.6/site-packages/airflow/example_dags/example_branch_operator.py
[2022-10-01 00:19:51,833] {processor.py:623} INFO - DAG(s) dict_keys(['example_branch_operator']) retrieved from /home/airflow/.local/lib/python3.6/site-packages/airflow/example_dags/example_branch_operator.py
[2022-10-01 00:19:51,856] {logging_mixin.py:109} INFO - [2022-10-01 00:19:51,856] {dag.py:1833} INFO - Sync 1 DAGs
[2022-10-01 00:19:51,869] {logging_mixin.py:109} INFO - [2022-10-01 00:19:51,869] {dag.py:2306} INFO - Setting next_dagrun for example_branch_operator to 2022-09-29 00:00:00+00:00
[2022-10-01 00:19:51,883] {processor.py:170} INFO - Processing /home/airflow/.local/lib/python3.6/site-packages/airflow/example_dags/example_branch_operator.py took 0.069 seconds
