[2022-10-01 00:00:03,750] {processor.py:162} INFO - Started process (PID=5541) to work on /home/airflow/.local/lib/python3.6/site-packages/airflow/example_dags/example_complex.py
[2022-10-01 00:00:03,754] {processor.py:613} INFO - Processing file /home/airflow/.local/lib/python3.6/site-packages/airflow/example_dags/example_complex.py for tasks to queue
[2022-10-01 00:00:03,756] {logging_mixin.py:109} INFO - [2022-10-01 00:00:03,756] {dagbag.py:496} INFO - Filling up the DagBag from /home/airflow/.local/lib/python3.6/site-packages/airflow/example_dags/example_complex.py
[2022-10-01 00:00:03,786] {processor.py:623} INFO - DAG(s) dict_keys(['example_complex']) retrieved from /home/airflow/.local/lib/python3.6/site-packages/airflow/example_dags/example_complex.py
[2022-10-01 00:00:04,143] {logging_mixin.py:109} INFO - [2022-10-01 00:00:04,143] {dag.py:1833} INFO - Sync 1 DAGs
[2022-10-01 00:00:04,176] {logging_mixin.py:109} INFO - [2022-10-01 00:00:04,176] {dag.py:2306} INFO - Setting next_dagrun for example_complex to None
[2022-10-01 00:00:04,205] {processor.py:170} INFO - Processing /home/airflow/.local/lib/python3.6/site-packages/airflow/example_dags/example_complex.py took 0.460 seconds
[2022-10-01 00:00:34,381] {processor.py:162} INFO - Started process (PID=5593) to work on /home/airflow/.local/lib/python3.6/site-packages/airflow/example_dags/example_complex.py
[2022-10-01 00:00:34,383] {processor.py:613} INFO - Processing file /home/airflow/.local/lib/python3.6/site-packages/airflow/example_dags/example_complex.py for tasks to queue
[2022-10-01 00:00:34,384] {logging_mixin.py:109} INFO - [2022-10-01 00:00:34,384] {dagbag.py:496} INFO - Filling up the DagBag from /home/airflow/.local/lib/python3.6/site-packages/airflow/example_dags/example_complex.py
[2022-10-01 00:00:34,402] {processor.py:623} INFO - DAG(s) dict_keys(['example_complex']) retrieved from /home/airflow/.local/lib/python3.6/site-packages/airflow/example_dags/example_complex.py
[2022-10-01 00:00:34,426] {logging_mixin.py:109} INFO - [2022-10-01 00:00:34,426] {dag.py:1833} INFO - Sync 1 DAGs
[2022-10-01 00:00:34,440] {logging_mixin.py:109} INFO - [2022-10-01 00:00:34,440] {dag.py:2306} INFO - Setting next_dagrun for example_complex to None
[2022-10-01 00:00:34,452] {processor.py:170} INFO - Processing /home/airflow/.local/lib/python3.6/site-packages/airflow/example_dags/example_complex.py took 0.074 seconds
[2022-10-01 00:01:04,723] {processor.py:162} INFO - Started process (PID=5653) to work on /home/airflow/.local/lib/python3.6/site-packages/airflow/example_dags/example_complex.py
[2022-10-01 00:01:04,727] {processor.py:613} INFO - Processing file /home/airflow/.local/lib/python3.6/site-packages/airflow/example_dags/example_complex.py for tasks to queue
[2022-10-01 00:01:04,729] {logging_mixin.py:109} INFO - [2022-10-01 00:01:04,729] {dagbag.py:496} INFO - Filling up the DagBag from /home/airflow/.local/lib/python3.6/site-packages/airflow/example_dags/example_complex.py
[2022-10-01 00:01:04,753] {processor.py:623} INFO - DAG(s) dict_keys(['example_complex']) retrieved from /home/airflow/.local/lib/python3.6/site-packages/airflow/example_dags/example_complex.py
[2022-10-01 00:01:04,776] {logging_mixin.py:109} INFO - [2022-10-01 00:01:04,776] {dag.py:1833} INFO - Sync 1 DAGs
[2022-10-01 00:01:04,795] {logging_mixin.py:109} INFO - [2022-10-01 00:01:04,795] {dag.py:2306} INFO - Setting next_dagrun for example_complex to None
[2022-10-01 00:01:04,807] {processor.py:170} INFO - Processing /home/airflow/.local/lib/python3.6/site-packages/airflow/example_dags/example_complex.py took 0.088 seconds
[2022-10-01 00:01:34,986] {processor.py:162} INFO - Started process (PID=5704) to work on /home/airflow/.local/lib/python3.6/site-packages/airflow/example_dags/example_complex.py
[2022-10-01 00:01:34,988] {processor.py:613} INFO - Processing file /home/airflow/.local/lib/python3.6/site-packages/airflow/example_dags/example_complex.py for tasks to queue
[2022-10-01 00:01:34,989] {logging_mixin.py:109} INFO - [2022-10-01 00:01:34,989] {dagbag.py:496} INFO - Filling up the DagBag from /home/airflow/.local/lib/python3.6/site-packages/airflow/example_dags/example_complex.py
[2022-10-01 00:01:35,004] {processor.py:623} INFO - DAG(s) dict_keys(['example_complex']) retrieved from /home/airflow/.local/lib/python3.6/site-packages/airflow/example_dags/example_complex.py
[2022-10-01 00:01:35,028] {logging_mixin.py:109} INFO - [2022-10-01 00:01:35,028] {dag.py:1833} INFO - Sync 1 DAGs
[2022-10-01 00:01:35,041] {logging_mixin.py:109} INFO - [2022-10-01 00:01:35,041] {dag.py:2306} INFO - Setting next_dagrun for example_complex to None
[2022-10-01 00:01:35,052] {processor.py:170} INFO - Processing /home/airflow/.local/lib/python3.6/site-packages/airflow/example_dags/example_complex.py took 0.070 seconds
[2022-10-01 00:02:05,258] {processor.py:162} INFO - Started process (PID=5765) to work on /home/airflow/.local/lib/python3.6/site-packages/airflow/example_dags/example_complex.py
[2022-10-01 00:02:05,259] {processor.py:613} INFO - Processing file /home/airflow/.local/lib/python3.6/site-packages/airflow/example_dags/example_complex.py for tasks to queue
[2022-10-01 00:02:05,261] {logging_mixin.py:109} INFO - [2022-10-01 00:02:05,260] {dagbag.py:496} INFO - Filling up the DagBag from /home/airflow/.local/lib/python3.6/site-packages/airflow/example_dags/example_complex.py
[2022-10-01 00:02:05,274] {processor.py:623} INFO - DAG(s) dict_keys(['example_complex']) retrieved from /home/airflow/.local/lib/python3.6/site-packages/airflow/example_dags/example_complex.py
[2022-10-01 00:02:05,296] {logging_mixin.py:109} INFO - [2022-10-01 00:02:05,296] {dag.py:1833} INFO - Sync 1 DAGs
[2022-10-01 00:02:05,307] {logging_mixin.py:109} INFO - [2022-10-01 00:02:05,307] {dag.py:2306} INFO - Setting next_dagrun for example_complex to None
[2022-10-01 00:02:05,320] {processor.py:170} INFO - Processing /home/airflow/.local/lib/python3.6/site-packages/airflow/example_dags/example_complex.py took 0.065 seconds
[2022-10-01 00:02:35,367] {processor.py:162} INFO - Started process (PID=5816) to work on /home/airflow/.local/lib/python3.6/site-packages/airflow/example_dags/example_complex.py
[2022-10-01 00:02:35,369] {processor.py:613} INFO - Processing file /home/airflow/.local/lib/python3.6/site-packages/airflow/example_dags/example_complex.py for tasks to queue
[2022-10-01 00:02:35,369] {logging_mixin.py:109} INFO - [2022-10-01 00:02:35,369] {dagbag.py:496} INFO - Filling up the DagBag from /home/airflow/.local/lib/python3.6/site-packages/airflow/example_dags/example_complex.py
[2022-10-01 00:02:35,383] {processor.py:623} INFO - DAG(s) dict_keys(['example_complex']) retrieved from /home/airflow/.local/lib/python3.6/site-packages/airflow/example_dags/example_complex.py
[2022-10-01 00:02:35,403] {logging_mixin.py:109} INFO - [2022-10-01 00:02:35,403] {dag.py:1833} INFO - Sync 1 DAGs
[2022-10-01 00:02:35,416] {logging_mixin.py:109} INFO - [2022-10-01 00:02:35,415] {dag.py:2306} INFO - Setting next_dagrun for example_complex to None
[2022-10-01 00:02:35,426] {processor.py:170} INFO - Processing /home/airflow/.local/lib/python3.6/site-packages/airflow/example_dags/example_complex.py took 0.061 seconds
[2022-10-01 00:03:05,688] {processor.py:162} INFO - Started process (PID=5877) to work on /home/airflow/.local/lib/python3.6/site-packages/airflow/example_dags/example_complex.py
[2022-10-01 00:03:05,690] {processor.py:613} INFO - Processing file /home/airflow/.local/lib/python3.6/site-packages/airflow/example_dags/example_complex.py for tasks to queue
[2022-10-01 00:03:05,691] {logging_mixin.py:109} INFO - [2022-10-01 00:03:05,691] {dagbag.py:496} INFO - Filling up the DagBag from /home/airflow/.local/lib/python3.6/site-packages/airflow/example_dags/example_complex.py
[2022-10-01 00:03:05,711] {processor.py:623} INFO - DAG(s) dict_keys(['example_complex']) retrieved from /home/airflow/.local/lib/python3.6/site-packages/airflow/example_dags/example_complex.py
[2022-10-01 00:03:05,740] {logging_mixin.py:109} INFO - [2022-10-01 00:03:05,739] {dag.py:1833} INFO - Sync 1 DAGs
[2022-10-01 00:03:05,754] {logging_mixin.py:109} INFO - [2022-10-01 00:03:05,754] {dag.py:2306} INFO - Setting next_dagrun for example_complex to None
[2022-10-01 00:03:05,766] {processor.py:170} INFO - Processing /home/airflow/.local/lib/python3.6/site-packages/airflow/example_dags/example_complex.py took 0.081 seconds
[2022-10-01 00:03:37,015] {processor.py:162} INFO - Started process (PID=5938) to work on /home/airflow/.local/lib/python3.6/site-packages/airflow/example_dags/example_complex.py
[2022-10-01 00:03:37,017] {processor.py:613} INFO - Processing file /home/airflow/.local/lib/python3.6/site-packages/airflow/example_dags/example_complex.py for tasks to queue
[2022-10-01 00:03:37,018] {logging_mixin.py:109} INFO - [2022-10-01 00:03:37,018] {dagbag.py:496} INFO - Filling up the DagBag from /home/airflow/.local/lib/python3.6/site-packages/airflow/example_dags/example_complex.py
[2022-10-01 00:03:37,034] {processor.py:623} INFO - DAG(s) dict_keys(['example_complex']) retrieved from /home/airflow/.local/lib/python3.6/site-packages/airflow/example_dags/example_complex.py
[2022-10-01 00:03:37,060] {logging_mixin.py:109} INFO - [2022-10-01 00:03:37,060] {dag.py:1833} INFO - Sync 1 DAGs
[2022-10-01 00:03:37,073] {logging_mixin.py:109} INFO - [2022-10-01 00:03:37,073] {dag.py:2306} INFO - Setting next_dagrun for example_complex to None
[2022-10-01 00:03:37,084] {processor.py:170} INFO - Processing /home/airflow/.local/lib/python3.6/site-packages/airflow/example_dags/example_complex.py took 0.073 seconds
[2022-10-01 00:04:07,268] {processor.py:162} INFO - Started process (PID=5998) to work on /home/airflow/.local/lib/python3.6/site-packages/airflow/example_dags/example_complex.py
[2022-10-01 00:04:07,270] {processor.py:613} INFO - Processing file /home/airflow/.local/lib/python3.6/site-packages/airflow/example_dags/example_complex.py for tasks to queue
[2022-10-01 00:04:07,271] {logging_mixin.py:109} INFO - [2022-10-01 00:04:07,271] {dagbag.py:496} INFO - Filling up the DagBag from /home/airflow/.local/lib/python3.6/site-packages/airflow/example_dags/example_complex.py
[2022-10-01 00:04:07,285] {processor.py:623} INFO - DAG(s) dict_keys(['example_complex']) retrieved from /home/airflow/.local/lib/python3.6/site-packages/airflow/example_dags/example_complex.py
[2022-10-01 00:04:07,307] {logging_mixin.py:109} INFO - [2022-10-01 00:04:07,307] {dag.py:1833} INFO - Sync 1 DAGs
[2022-10-01 00:04:07,321] {logging_mixin.py:109} INFO - [2022-10-01 00:04:07,321] {dag.py:2306} INFO - Setting next_dagrun for example_complex to None
[2022-10-01 00:04:07,332] {processor.py:170} INFO - Processing /home/airflow/.local/lib/python3.6/site-packages/airflow/example_dags/example_complex.py took 0.066 seconds
[2022-10-01 00:04:37,528] {processor.py:162} INFO - Started process (PID=6050) to work on /home/airflow/.local/lib/python3.6/site-packages/airflow/example_dags/example_complex.py
[2022-10-01 00:04:37,530] {processor.py:613} INFO - Processing file /home/airflow/.local/lib/python3.6/site-packages/airflow/example_dags/example_complex.py for tasks to queue
[2022-10-01 00:04:37,531] {logging_mixin.py:109} INFO - [2022-10-01 00:04:37,531] {dagbag.py:496} INFO - Filling up the DagBag from /home/airflow/.local/lib/python3.6/site-packages/airflow/example_dags/example_complex.py
[2022-10-01 00:04:37,546] {processor.py:623} INFO - DAG(s) dict_keys(['example_complex']) retrieved from /home/airflow/.local/lib/python3.6/site-packages/airflow/example_dags/example_complex.py
[2022-10-01 00:04:37,568] {logging_mixin.py:109} INFO - [2022-10-01 00:04:37,568] {dag.py:1833} INFO - Sync 1 DAGs
[2022-10-01 00:04:37,581] {logging_mixin.py:109} INFO - [2022-10-01 00:04:37,581] {dag.py:2306} INFO - Setting next_dagrun for example_complex to None
[2022-10-01 00:04:37,593] {processor.py:170} INFO - Processing /home/airflow/.local/lib/python3.6/site-packages/airflow/example_dags/example_complex.py took 0.068 seconds
[2022-10-01 00:05:08,849] {processor.py:162} INFO - Started process (PID=6111) to work on /home/airflow/.local/lib/python3.6/site-packages/airflow/example_dags/example_complex.py
[2022-10-01 00:05:08,851] {processor.py:613} INFO - Processing file /home/airflow/.local/lib/python3.6/site-packages/airflow/example_dags/example_complex.py for tasks to queue
[2022-10-01 00:05:08,852] {logging_mixin.py:109} INFO - [2022-10-01 00:05:08,852] {dagbag.py:496} INFO - Filling up the DagBag from /home/airflow/.local/lib/python3.6/site-packages/airflow/example_dags/example_complex.py
[2022-10-01 00:05:08,869] {processor.py:623} INFO - DAG(s) dict_keys(['example_complex']) retrieved from /home/airflow/.local/lib/python3.6/site-packages/airflow/example_dags/example_complex.py
[2022-10-01 00:05:08,890] {logging_mixin.py:109} INFO - [2022-10-01 00:05:08,890] {dag.py:1833} INFO - Sync 1 DAGs
[2022-10-01 00:05:08,904] {logging_mixin.py:109} INFO - [2022-10-01 00:05:08,904] {dag.py:2306} INFO - Setting next_dagrun for example_complex to None
[2022-10-01 00:05:08,917] {processor.py:170} INFO - Processing /home/airflow/.local/lib/python3.6/site-packages/airflow/example_dags/example_complex.py took 0.071 seconds
[2022-10-01 00:05:39,111] {processor.py:162} INFO - Started process (PID=6172) to work on /home/airflow/.local/lib/python3.6/site-packages/airflow/example_dags/example_complex.py
[2022-10-01 00:05:39,113] {processor.py:613} INFO - Processing file /home/airflow/.local/lib/python3.6/site-packages/airflow/example_dags/example_complex.py for tasks to queue
[2022-10-01 00:05:39,116] {logging_mixin.py:109} INFO - [2022-10-01 00:05:39,115] {dagbag.py:496} INFO - Filling up the DagBag from /home/airflow/.local/lib/python3.6/site-packages/airflow/example_dags/example_complex.py
[2022-10-01 00:05:39,146] {processor.py:623} INFO - DAG(s) dict_keys(['example_complex']) retrieved from /home/airflow/.local/lib/python3.6/site-packages/airflow/example_dags/example_complex.py
[2022-10-01 00:05:39,184] {logging_mixin.py:109} INFO - [2022-10-01 00:05:39,183] {dag.py:1833} INFO - Sync 1 DAGs
[2022-10-01 00:05:39,207] {logging_mixin.py:109} INFO - [2022-10-01 00:05:39,207] {dag.py:2306} INFO - Setting next_dagrun for example_complex to None
[2022-10-01 00:05:39,228] {processor.py:170} INFO - Processing /home/airflow/.local/lib/python3.6/site-packages/airflow/example_dags/example_complex.py took 0.124 seconds
[2022-10-01 00:06:09,482] {processor.py:162} INFO - Started process (PID=6224) to work on /home/airflow/.local/lib/python3.6/site-packages/airflow/example_dags/example_complex.py
[2022-10-01 00:06:09,484] {processor.py:613} INFO - Processing file /home/airflow/.local/lib/python3.6/site-packages/airflow/example_dags/example_complex.py for tasks to queue
[2022-10-01 00:06:09,485] {logging_mixin.py:109} INFO - [2022-10-01 00:06:09,485] {dagbag.py:496} INFO - Filling up the DagBag from /home/airflow/.local/lib/python3.6/site-packages/airflow/example_dags/example_complex.py
[2022-10-01 00:06:09,499] {processor.py:623} INFO - DAG(s) dict_keys(['example_complex']) retrieved from /home/airflow/.local/lib/python3.6/site-packages/airflow/example_dags/example_complex.py
[2022-10-01 00:06:09,521] {logging_mixin.py:109} INFO - [2022-10-01 00:06:09,521] {dag.py:1833} INFO - Sync 1 DAGs
[2022-10-01 00:06:09,535] {logging_mixin.py:109} INFO - [2022-10-01 00:06:09,535] {dag.py:2306} INFO - Setting next_dagrun for example_complex to None
[2022-10-01 00:06:09,546] {processor.py:170} INFO - Processing /home/airflow/.local/lib/python3.6/site-packages/airflow/example_dags/example_complex.py took 0.067 seconds
[2022-10-01 00:06:40,850] {processor.py:162} INFO - Started process (PID=6286) to work on /home/airflow/.local/lib/python3.6/site-packages/airflow/example_dags/example_complex.py
[2022-10-01 00:06:40,852] {processor.py:613} INFO - Processing file /home/airflow/.local/lib/python3.6/site-packages/airflow/example_dags/example_complex.py for tasks to queue
[2022-10-01 00:06:40,854] {logging_mixin.py:109} INFO - [2022-10-01 00:06:40,854] {dagbag.py:496} INFO - Filling up the DagBag from /home/airflow/.local/lib/python3.6/site-packages/airflow/example_dags/example_complex.py
[2022-10-01 00:06:40,869] {processor.py:623} INFO - DAG(s) dict_keys(['example_complex']) retrieved from /home/airflow/.local/lib/python3.6/site-packages/airflow/example_dags/example_complex.py
[2022-10-01 00:06:40,894] {logging_mixin.py:109} INFO - [2022-10-01 00:06:40,894] {dag.py:1833} INFO - Sync 1 DAGs
[2022-10-01 00:06:40,906] {logging_mixin.py:109} INFO - [2022-10-01 00:06:40,906] {dag.py:2306} INFO - Setting next_dagrun for example_complex to None
[2022-10-01 00:06:40,917] {processor.py:170} INFO - Processing /home/airflow/.local/lib/python3.6/site-packages/airflow/example_dags/example_complex.py took 0.071 seconds
[2022-10-01 00:07:11,777] {processor.py:162} INFO - Started process (PID=6347) to work on /home/airflow/.local/lib/python3.6/site-packages/airflow/example_dags/example_complex.py
[2022-10-01 00:07:11,778] {processor.py:613} INFO - Processing file /home/airflow/.local/lib/python3.6/site-packages/airflow/example_dags/example_complex.py for tasks to queue
[2022-10-01 00:07:11,779] {logging_mixin.py:109} INFO - [2022-10-01 00:07:11,779] {dagbag.py:496} INFO - Filling up the DagBag from /home/airflow/.local/lib/python3.6/site-packages/airflow/example_dags/example_complex.py
[2022-10-01 00:07:11,796] {processor.py:623} INFO - DAG(s) dict_keys(['example_complex']) retrieved from /home/airflow/.local/lib/python3.6/site-packages/airflow/example_dags/example_complex.py
[2022-10-01 00:07:11,820] {logging_mixin.py:109} INFO - [2022-10-01 00:07:11,820] {dag.py:1833} INFO - Sync 1 DAGs
[2022-10-01 00:07:11,833] {logging_mixin.py:109} INFO - [2022-10-01 00:07:11,832] {dag.py:2306} INFO - Setting next_dagrun for example_complex to None
[2022-10-01 00:07:11,845] {processor.py:170} INFO - Processing /home/airflow/.local/lib/python3.6/site-packages/airflow/example_dags/example_complex.py took 0.070 seconds
[2022-10-01 00:07:42,555] {processor.py:162} INFO - Started process (PID=6398) to work on /home/airflow/.local/lib/python3.6/site-packages/airflow/example_dags/example_complex.py
[2022-10-01 00:07:42,556] {processor.py:613} INFO - Processing file /home/airflow/.local/lib/python3.6/site-packages/airflow/example_dags/example_complex.py for tasks to queue
[2022-10-01 00:07:42,558] {logging_mixin.py:109} INFO - [2022-10-01 00:07:42,558] {dagbag.py:496} INFO - Filling up the DagBag from /home/airflow/.local/lib/python3.6/site-packages/airflow/example_dags/example_complex.py
[2022-10-01 00:07:42,581] {processor.py:623} INFO - DAG(s) dict_keys(['example_complex']) retrieved from /home/airflow/.local/lib/python3.6/site-packages/airflow/example_dags/example_complex.py
[2022-10-01 00:07:42,612] {logging_mixin.py:109} INFO - [2022-10-01 00:07:42,611] {dag.py:1833} INFO - Sync 1 DAGs
[2022-10-01 00:07:42,628] {logging_mixin.py:109} INFO - [2022-10-01 00:07:42,628] {dag.py:2306} INFO - Setting next_dagrun for example_complex to None
[2022-10-01 00:07:42,642] {processor.py:170} INFO - Processing /home/airflow/.local/lib/python3.6/site-packages/airflow/example_dags/example_complex.py took 0.090 seconds
[2022-10-01 00:08:12,815] {processor.py:162} INFO - Started process (PID=6459) to work on /home/airflow/.local/lib/python3.6/site-packages/airflow/example_dags/example_complex.py
[2022-10-01 00:08:12,817] {processor.py:613} INFO - Processing file /home/airflow/.local/lib/python3.6/site-packages/airflow/example_dags/example_complex.py for tasks to queue
[2022-10-01 00:08:12,819] {logging_mixin.py:109} INFO - [2022-10-01 00:08:12,818] {dagbag.py:496} INFO - Filling up the DagBag from /home/airflow/.local/lib/python3.6/site-packages/airflow/example_dags/example_complex.py
[2022-10-01 00:08:12,832] {processor.py:623} INFO - DAG(s) dict_keys(['example_complex']) retrieved from /home/airflow/.local/lib/python3.6/site-packages/airflow/example_dags/example_complex.py
[2022-10-01 00:08:12,855] {logging_mixin.py:109} INFO - [2022-10-01 00:08:12,855] {dag.py:1833} INFO - Sync 1 DAGs
[2022-10-01 00:08:12,867] {logging_mixin.py:109} INFO - [2022-10-01 00:08:12,867] {dag.py:2306} INFO - Setting next_dagrun for example_complex to None
[2022-10-01 00:08:12,879] {processor.py:170} INFO - Processing /home/airflow/.local/lib/python3.6/site-packages/airflow/example_dags/example_complex.py took 0.066 seconds
[2022-10-01 00:08:43,940] {processor.py:162} INFO - Started process (PID=6510) to work on /home/airflow/.local/lib/python3.6/site-packages/airflow/example_dags/example_complex.py
[2022-10-01 00:08:43,942] {processor.py:613} INFO - Processing file /home/airflow/.local/lib/python3.6/site-packages/airflow/example_dags/example_complex.py for tasks to queue
[2022-10-01 00:08:43,943] {logging_mixin.py:109} INFO - [2022-10-01 00:08:43,943] {dagbag.py:496} INFO - Filling up the DagBag from /home/airflow/.local/lib/python3.6/site-packages/airflow/example_dags/example_complex.py
[2022-10-01 00:08:43,959] {processor.py:623} INFO - DAG(s) dict_keys(['example_complex']) retrieved from /home/airflow/.local/lib/python3.6/site-packages/airflow/example_dags/example_complex.py
[2022-10-01 00:08:43,984] {logging_mixin.py:109} INFO - [2022-10-01 00:08:43,983] {dag.py:1833} INFO - Sync 1 DAGs
[2022-10-01 00:08:43,997] {logging_mixin.py:109} INFO - [2022-10-01 00:08:43,997] {dag.py:2306} INFO - Setting next_dagrun for example_complex to None
[2022-10-01 00:08:44,008] {processor.py:170} INFO - Processing /home/airflow/.local/lib/python3.6/site-packages/airflow/example_dags/example_complex.py took 0.071 seconds
[2022-10-01 00:09:14,869] {processor.py:162} INFO - Started process (PID=6571) to work on /home/airflow/.local/lib/python3.6/site-packages/airflow/example_dags/example_complex.py
[2022-10-01 00:09:14,871] {processor.py:613} INFO - Processing file /home/airflow/.local/lib/python3.6/site-packages/airflow/example_dags/example_complex.py for tasks to queue
[2022-10-01 00:09:14,873] {logging_mixin.py:109} INFO - [2022-10-01 00:09:14,873] {dagbag.py:496} INFO - Filling up the DagBag from /home/airflow/.local/lib/python3.6/site-packages/airflow/example_dags/example_complex.py
[2022-10-01 00:09:14,889] {processor.py:623} INFO - DAG(s) dict_keys(['example_complex']) retrieved from /home/airflow/.local/lib/python3.6/site-packages/airflow/example_dags/example_complex.py
[2022-10-01 00:09:14,915] {logging_mixin.py:109} INFO - [2022-10-01 00:09:14,915] {dag.py:1833} INFO - Sync 1 DAGs
[2022-10-01 00:09:14,928] {logging_mixin.py:109} INFO - [2022-10-01 00:09:14,928] {dag.py:2306} INFO - Setting next_dagrun for example_complex to None
[2022-10-01 00:09:14,939] {processor.py:170} INFO - Processing /home/airflow/.local/lib/python3.6/site-packages/airflow/example_dags/example_complex.py took 0.073 seconds
[2022-10-01 00:09:45,783] {processor.py:162} INFO - Started process (PID=6632) to work on /home/airflow/.local/lib/python3.6/site-packages/airflow/example_dags/example_complex.py
[2022-10-01 00:09:45,786] {processor.py:613} INFO - Processing file /home/airflow/.local/lib/python3.6/site-packages/airflow/example_dags/example_complex.py for tasks to queue
[2022-10-01 00:09:45,787] {logging_mixin.py:109} INFO - [2022-10-01 00:09:45,787] {dagbag.py:496} INFO - Filling up the DagBag from /home/airflow/.local/lib/python3.6/site-packages/airflow/example_dags/example_complex.py
[2022-10-01 00:09:45,804] {processor.py:623} INFO - DAG(s) dict_keys(['example_complex']) retrieved from /home/airflow/.local/lib/python3.6/site-packages/airflow/example_dags/example_complex.py
[2022-10-01 00:09:45,832] {logging_mixin.py:109} INFO - [2022-10-01 00:09:45,832] {dag.py:1833} INFO - Sync 1 DAGs
[2022-10-01 00:09:45,846] {logging_mixin.py:109} INFO - [2022-10-01 00:09:45,846] {dag.py:2306} INFO - Setting next_dagrun for example_complex to None
[2022-10-01 00:09:45,860] {processor.py:170} INFO - Processing /home/airflow/.local/lib/python3.6/site-packages/airflow/example_dags/example_complex.py took 0.080 seconds
[2022-10-01 00:10:16,486] {processor.py:162} INFO - Started process (PID=6683) to work on /home/airflow/.local/lib/python3.6/site-packages/airflow/example_dags/example_complex.py
[2022-10-01 00:10:16,487] {processor.py:613} INFO - Processing file /home/airflow/.local/lib/python3.6/site-packages/airflow/example_dags/example_complex.py for tasks to queue
[2022-10-01 00:10:16,488] {logging_mixin.py:109} INFO - [2022-10-01 00:10:16,488] {dagbag.py:496} INFO - Filling up the DagBag from /home/airflow/.local/lib/python3.6/site-packages/airflow/example_dags/example_complex.py
[2022-10-01 00:10:16,503] {processor.py:623} INFO - DAG(s) dict_keys(['example_complex']) retrieved from /home/airflow/.local/lib/python3.6/site-packages/airflow/example_dags/example_complex.py
[2022-10-01 00:10:16,526] {logging_mixin.py:109} INFO - [2022-10-01 00:10:16,525] {dag.py:1833} INFO - Sync 1 DAGs
[2022-10-01 00:10:16,540] {logging_mixin.py:109} INFO - [2022-10-01 00:10:16,540] {dag.py:2306} INFO - Setting next_dagrun for example_complex to None
[2022-10-01 00:10:16,550] {processor.py:170} INFO - Processing /home/airflow/.local/lib/python3.6/site-packages/airflow/example_dags/example_complex.py took 0.067 seconds
[2022-10-01 00:10:46,946] {processor.py:162} INFO - Started process (PID=6744) to work on /home/airflow/.local/lib/python3.6/site-packages/airflow/example_dags/example_complex.py
[2022-10-01 00:10:46,948] {processor.py:613} INFO - Processing file /home/airflow/.local/lib/python3.6/site-packages/airflow/example_dags/example_complex.py for tasks to queue
[2022-10-01 00:10:46,949] {logging_mixin.py:109} INFO - [2022-10-01 00:10:46,949] {dagbag.py:496} INFO - Filling up the DagBag from /home/airflow/.local/lib/python3.6/site-packages/airflow/example_dags/example_complex.py
[2022-10-01 00:10:46,963] {processor.py:623} INFO - DAG(s) dict_keys(['example_complex']) retrieved from /home/airflow/.local/lib/python3.6/site-packages/airflow/example_dags/example_complex.py
[2022-10-01 00:10:46,986] {logging_mixin.py:109} INFO - [2022-10-01 00:10:46,986] {dag.py:1833} INFO - Sync 1 DAGs
[2022-10-01 00:10:47,001] {logging_mixin.py:109} INFO - [2022-10-01 00:10:47,001] {dag.py:2306} INFO - Setting next_dagrun for example_complex to None
[2022-10-01 00:10:47,013] {processor.py:170} INFO - Processing /home/airflow/.local/lib/python3.6/site-packages/airflow/example_dags/example_complex.py took 0.069 seconds
[2022-10-01 00:11:17,602] {processor.py:162} INFO - Started process (PID=6805) to work on /home/airflow/.local/lib/python3.6/site-packages/airflow/example_dags/example_complex.py
[2022-10-01 00:11:17,604] {processor.py:613} INFO - Processing file /home/airflow/.local/lib/python3.6/site-packages/airflow/example_dags/example_complex.py for tasks to queue
[2022-10-01 00:11:17,605] {logging_mixin.py:109} INFO - [2022-10-01 00:11:17,605] {dagbag.py:496} INFO - Filling up the DagBag from /home/airflow/.local/lib/python3.6/site-packages/airflow/example_dags/example_complex.py
[2022-10-01 00:11:17,620] {processor.py:623} INFO - DAG(s) dict_keys(['example_complex']) retrieved from /home/airflow/.local/lib/python3.6/site-packages/airflow/example_dags/example_complex.py
[2022-10-01 00:11:17,644] {logging_mixin.py:109} INFO - [2022-10-01 00:11:17,644] {dag.py:1833} INFO - Sync 1 DAGs
[2022-10-01 00:11:17,658] {logging_mixin.py:109} INFO - [2022-10-01 00:11:17,658] {dag.py:2306} INFO - Setting next_dagrun for example_complex to None
[2022-10-01 00:11:17,670] {processor.py:170} INFO - Processing /home/airflow/.local/lib/python3.6/site-packages/airflow/example_dags/example_complex.py took 0.070 seconds
[2022-10-01 00:11:47,738] {processor.py:162} INFO - Started process (PID=6856) to work on /home/airflow/.local/lib/python3.6/site-packages/airflow/example_dags/example_complex.py
[2022-10-01 00:11:47,740] {processor.py:613} INFO - Processing file /home/airflow/.local/lib/python3.6/site-packages/airflow/example_dags/example_complex.py for tasks to queue
[2022-10-01 00:11:47,740] {logging_mixin.py:109} INFO - [2022-10-01 00:11:47,740] {dagbag.py:496} INFO - Filling up the DagBag from /home/airflow/.local/lib/python3.6/site-packages/airflow/example_dags/example_complex.py
[2022-10-01 00:11:47,754] {processor.py:623} INFO - DAG(s) dict_keys(['example_complex']) retrieved from /home/airflow/.local/lib/python3.6/site-packages/airflow/example_dags/example_complex.py
[2022-10-01 00:11:47,775] {logging_mixin.py:109} INFO - [2022-10-01 00:11:47,775] {dag.py:1833} INFO - Sync 1 DAGs
[2022-10-01 00:11:47,790] {logging_mixin.py:109} INFO - [2022-10-01 00:11:47,790] {dag.py:2306} INFO - Setting next_dagrun for example_complex to None
[2022-10-01 00:11:47,802] {processor.py:170} INFO - Processing /home/airflow/.local/lib/python3.6/site-packages/airflow/example_dags/example_complex.py took 0.066 seconds
[2022-10-01 00:12:18,827] {processor.py:162} INFO - Started process (PID=6917) to work on /home/airflow/.local/lib/python3.6/site-packages/airflow/example_dags/example_complex.py
[2022-10-01 00:12:18,829] {processor.py:613} INFO - Processing file /home/airflow/.local/lib/python3.6/site-packages/airflow/example_dags/example_complex.py for tasks to queue
[2022-10-01 00:12:18,830] {logging_mixin.py:109} INFO - [2022-10-01 00:12:18,830] {dagbag.py:496} INFO - Filling up the DagBag from /home/airflow/.local/lib/python3.6/site-packages/airflow/example_dags/example_complex.py
[2022-10-01 00:12:18,845] {processor.py:623} INFO - DAG(s) dict_keys(['example_complex']) retrieved from /home/airflow/.local/lib/python3.6/site-packages/airflow/example_dags/example_complex.py
[2022-10-01 00:12:18,869] {logging_mixin.py:109} INFO - [2022-10-01 00:12:18,869] {dag.py:1833} INFO - Sync 1 DAGs
[2022-10-01 00:12:18,883] {logging_mixin.py:109} INFO - [2022-10-01 00:12:18,883] {dag.py:2306} INFO - Setting next_dagrun for example_complex to None
[2022-10-01 00:12:18,894] {processor.py:170} INFO - Processing /home/airflow/.local/lib/python3.6/site-packages/airflow/example_dags/example_complex.py took 0.069 seconds
[2022-10-01 00:12:48,979] {processor.py:162} INFO - Started process (PID=6978) to work on /home/airflow/.local/lib/python3.6/site-packages/airflow/example_dags/example_complex.py
[2022-10-01 00:12:48,981] {processor.py:613} INFO - Processing file /home/airflow/.local/lib/python3.6/site-packages/airflow/example_dags/example_complex.py for tasks to queue
[2022-10-01 00:12:48,983] {logging_mixin.py:109} INFO - [2022-10-01 00:12:48,983] {dagbag.py:496} INFO - Filling up the DagBag from /home/airflow/.local/lib/python3.6/site-packages/airflow/example_dags/example_complex.py
[2022-10-01 00:12:48,999] {processor.py:623} INFO - DAG(s) dict_keys(['example_complex']) retrieved from /home/airflow/.local/lib/python3.6/site-packages/airflow/example_dags/example_complex.py
[2022-10-01 00:12:49,022] {logging_mixin.py:109} INFO - [2022-10-01 00:12:49,022] {dag.py:1833} INFO - Sync 1 DAGs
[2022-10-01 00:12:49,035] {logging_mixin.py:109} INFO - [2022-10-01 00:12:49,035] {dag.py:2306} INFO - Setting next_dagrun for example_complex to None
[2022-10-01 00:12:49,044] {processor.py:170} INFO - Processing /home/airflow/.local/lib/python3.6/site-packages/airflow/example_dags/example_complex.py took 0.069 seconds
[2022-10-01 00:13:19,852] {processor.py:162} INFO - Started process (PID=7039) to work on /home/airflow/.local/lib/python3.6/site-packages/airflow/example_dags/example_complex.py
[2022-10-01 00:13:19,854] {processor.py:613} INFO - Processing file /home/airflow/.local/lib/python3.6/site-packages/airflow/example_dags/example_complex.py for tasks to queue
[2022-10-01 00:13:19,855] {logging_mixin.py:109} INFO - [2022-10-01 00:13:19,855] {dagbag.py:496} INFO - Filling up the DagBag from /home/airflow/.local/lib/python3.6/site-packages/airflow/example_dags/example_complex.py
[2022-10-01 00:13:19,874] {processor.py:623} INFO - DAG(s) dict_keys(['example_complex']) retrieved from /home/airflow/.local/lib/python3.6/site-packages/airflow/example_dags/example_complex.py
[2022-10-01 00:13:19,898] {logging_mixin.py:109} INFO - [2022-10-01 00:13:19,898] {dag.py:1833} INFO - Sync 1 DAGs
[2022-10-01 00:13:19,916] {logging_mixin.py:109} INFO - [2022-10-01 00:13:19,916] {dag.py:2306} INFO - Setting next_dagrun for example_complex to None
[2022-10-01 00:13:19,931] {processor.py:170} INFO - Processing /home/airflow/.local/lib/python3.6/site-packages/airflow/example_dags/example_complex.py took 0.082 seconds
[2022-10-01 00:13:50,811] {processor.py:162} INFO - Started process (PID=7091) to work on /home/airflow/.local/lib/python3.6/site-packages/airflow/example_dags/example_complex.py
[2022-10-01 00:13:50,813] {processor.py:613} INFO - Processing file /home/airflow/.local/lib/python3.6/site-packages/airflow/example_dags/example_complex.py for tasks to queue
[2022-10-01 00:13:50,814] {logging_mixin.py:109} INFO - [2022-10-01 00:13:50,814] {dagbag.py:496} INFO - Filling up the DagBag from /home/airflow/.local/lib/python3.6/site-packages/airflow/example_dags/example_complex.py
[2022-10-01 00:13:50,829] {processor.py:623} INFO - DAG(s) dict_keys(['example_complex']) retrieved from /home/airflow/.local/lib/python3.6/site-packages/airflow/example_dags/example_complex.py
[2022-10-01 00:13:50,853] {logging_mixin.py:109} INFO - [2022-10-01 00:13:50,853] {dag.py:1833} INFO - Sync 1 DAGs
[2022-10-01 00:13:50,866] {logging_mixin.py:109} INFO - [2022-10-01 00:13:50,866] {dag.py:2306} INFO - Setting next_dagrun for example_complex to None
[2022-10-01 00:13:50,877] {processor.py:170} INFO - Processing /home/airflow/.local/lib/python3.6/site-packages/airflow/example_dags/example_complex.py took 0.069 seconds
[2022-10-01 00:14:21,274] {processor.py:162} INFO - Started process (PID=7152) to work on /home/airflow/.local/lib/python3.6/site-packages/airflow/example_dags/example_complex.py
[2022-10-01 00:14:21,276] {processor.py:613} INFO - Processing file /home/airflow/.local/lib/python3.6/site-packages/airflow/example_dags/example_complex.py for tasks to queue
[2022-10-01 00:14:21,277] {logging_mixin.py:109} INFO - [2022-10-01 00:14:21,277] {dagbag.py:496} INFO - Filling up the DagBag from /home/airflow/.local/lib/python3.6/site-packages/airflow/example_dags/example_complex.py
[2022-10-01 00:14:21,291] {processor.py:623} INFO - DAG(s) dict_keys(['example_complex']) retrieved from /home/airflow/.local/lib/python3.6/site-packages/airflow/example_dags/example_complex.py
[2022-10-01 00:14:21,316] {logging_mixin.py:109} INFO - [2022-10-01 00:14:21,316] {dag.py:1833} INFO - Sync 1 DAGs
[2022-10-01 00:14:21,329] {logging_mixin.py:109} INFO - [2022-10-01 00:14:21,329] {dag.py:2306} INFO - Setting next_dagrun for example_complex to None
[2022-10-01 00:14:21,341] {processor.py:170} INFO - Processing /home/airflow/.local/lib/python3.6/site-packages/airflow/example_dags/example_complex.py took 0.069 seconds
[2022-10-01 00:14:52,088] {processor.py:162} INFO - Started process (PID=7211) to work on /home/airflow/.local/lib/python3.6/site-packages/airflow/example_dags/example_complex.py
[2022-10-01 00:14:52,090] {processor.py:613} INFO - Processing file /home/airflow/.local/lib/python3.6/site-packages/airflow/example_dags/example_complex.py for tasks to queue
[2022-10-01 00:14:52,092] {logging_mixin.py:109} INFO - [2022-10-01 00:14:52,091] {dagbag.py:496} INFO - Filling up the DagBag from /home/airflow/.local/lib/python3.6/site-packages/airflow/example_dags/example_complex.py
[2022-10-01 00:14:52,107] {processor.py:623} INFO - DAG(s) dict_keys(['example_complex']) retrieved from /home/airflow/.local/lib/python3.6/site-packages/airflow/example_dags/example_complex.py
[2022-10-01 00:14:52,131] {logging_mixin.py:109} INFO - [2022-10-01 00:14:52,131] {dag.py:1833} INFO - Sync 1 DAGs
[2022-10-01 00:14:52,145] {logging_mixin.py:109} INFO - [2022-10-01 00:14:52,145] {dag.py:2306} INFO - Setting next_dagrun for example_complex to None
[2022-10-01 00:14:52,157] {processor.py:170} INFO - Processing /home/airflow/.local/lib/python3.6/site-packages/airflow/example_dags/example_complex.py took 0.071 seconds
[2022-10-01 00:15:22,495] {processor.py:162} INFO - Started process (PID=7265) to work on /home/airflow/.local/lib/python3.6/site-packages/airflow/example_dags/example_complex.py
[2022-10-01 00:15:22,496] {processor.py:613} INFO - Processing file /home/airflow/.local/lib/python3.6/site-packages/airflow/example_dags/example_complex.py for tasks to queue
[2022-10-01 00:15:22,498] {logging_mixin.py:109} INFO - [2022-10-01 00:15:22,497] {dagbag.py:496} INFO - Filling up the DagBag from /home/airflow/.local/lib/python3.6/site-packages/airflow/example_dags/example_complex.py
[2022-10-01 00:15:22,512] {processor.py:623} INFO - DAG(s) dict_keys(['example_complex']) retrieved from /home/airflow/.local/lib/python3.6/site-packages/airflow/example_dags/example_complex.py
[2022-10-01 00:15:22,534] {logging_mixin.py:109} INFO - [2022-10-01 00:15:22,534] {dag.py:1833} INFO - Sync 1 DAGs
[2022-10-01 00:15:22,547] {logging_mixin.py:109} INFO - [2022-10-01 00:15:22,547] {dag.py:2306} INFO - Setting next_dagrun for example_complex to None
[2022-10-01 00:15:22,558] {processor.py:170} INFO - Processing /home/airflow/.local/lib/python3.6/site-packages/airflow/example_dags/example_complex.py took 0.066 seconds
[2022-10-01 00:15:53,150] {processor.py:162} INFO - Started process (PID=7326) to work on /home/airflow/.local/lib/python3.6/site-packages/airflow/example_dags/example_complex.py
[2022-10-01 00:15:53,152] {processor.py:613} INFO - Processing file /home/airflow/.local/lib/python3.6/site-packages/airflow/example_dags/example_complex.py for tasks to queue
[2022-10-01 00:15:53,153] {logging_mixin.py:109} INFO - [2022-10-01 00:15:53,153] {dagbag.py:496} INFO - Filling up the DagBag from /home/airflow/.local/lib/python3.6/site-packages/airflow/example_dags/example_complex.py
[2022-10-01 00:15:53,169] {processor.py:623} INFO - DAG(s) dict_keys(['example_complex']) retrieved from /home/airflow/.local/lib/python3.6/site-packages/airflow/example_dags/example_complex.py
[2022-10-01 00:15:53,192] {logging_mixin.py:109} INFO - [2022-10-01 00:15:53,192] {dag.py:1833} INFO - Sync 1 DAGs
[2022-10-01 00:15:53,205] {logging_mixin.py:109} INFO - [2022-10-01 00:15:53,205] {dag.py:2306} INFO - Setting next_dagrun for example_complex to None
[2022-10-01 00:15:53,215] {processor.py:170} INFO - Processing /home/airflow/.local/lib/python3.6/site-packages/airflow/example_dags/example_complex.py took 0.067 seconds
[2022-10-01 00:16:23,946] {processor.py:162} INFO - Started process (PID=7386) to work on /home/airflow/.local/lib/python3.6/site-packages/airflow/example_dags/example_complex.py
[2022-10-01 00:16:23,948] {processor.py:613} INFO - Processing file /home/airflow/.local/lib/python3.6/site-packages/airflow/example_dags/example_complex.py for tasks to queue
[2022-10-01 00:16:23,949] {logging_mixin.py:109} INFO - [2022-10-01 00:16:23,949] {dagbag.py:496} INFO - Filling up the DagBag from /home/airflow/.local/lib/python3.6/site-packages/airflow/example_dags/example_complex.py
[2022-10-01 00:16:23,963] {processor.py:623} INFO - DAG(s) dict_keys(['example_complex']) retrieved from /home/airflow/.local/lib/python3.6/site-packages/airflow/example_dags/example_complex.py
[2022-10-01 00:16:23,987] {logging_mixin.py:109} INFO - [2022-10-01 00:16:23,986] {dag.py:1833} INFO - Sync 1 DAGs
[2022-10-01 00:16:24,000] {logging_mixin.py:109} INFO - [2022-10-01 00:16:24,000] {dag.py:2306} INFO - Setting next_dagrun for example_complex to None
[2022-10-01 00:16:24,014] {processor.py:170} INFO - Processing /home/airflow/.local/lib/python3.6/site-packages/airflow/example_dags/example_complex.py took 0.071 seconds
[2022-10-01 00:16:54,188] {processor.py:162} INFO - Started process (PID=7438) to work on /home/airflow/.local/lib/python3.6/site-packages/airflow/example_dags/example_complex.py
[2022-10-01 00:16:54,190] {processor.py:613} INFO - Processing file /home/airflow/.local/lib/python3.6/site-packages/airflow/example_dags/example_complex.py for tasks to queue
[2022-10-01 00:16:54,191] {logging_mixin.py:109} INFO - [2022-10-01 00:16:54,191] {dagbag.py:496} INFO - Filling up the DagBag from /home/airflow/.local/lib/python3.6/site-packages/airflow/example_dags/example_complex.py
[2022-10-01 00:16:54,207] {processor.py:623} INFO - DAG(s) dict_keys(['example_complex']) retrieved from /home/airflow/.local/lib/python3.6/site-packages/airflow/example_dags/example_complex.py
[2022-10-01 00:16:54,229] {logging_mixin.py:109} INFO - [2022-10-01 00:16:54,229] {dag.py:1833} INFO - Sync 1 DAGs
[2022-10-01 00:16:54,242] {logging_mixin.py:109} INFO - [2022-10-01 00:16:54,242] {dag.py:2306} INFO - Setting next_dagrun for example_complex to None
[2022-10-01 00:16:54,253] {processor.py:170} INFO - Processing /home/airflow/.local/lib/python3.6/site-packages/airflow/example_dags/example_complex.py took 0.067 seconds
[2022-10-01 00:17:24,947] {processor.py:162} INFO - Started process (PID=7499) to work on /home/airflow/.local/lib/python3.6/site-packages/airflow/example_dags/example_complex.py
[2022-10-01 00:17:24,949] {processor.py:613} INFO - Processing file /home/airflow/.local/lib/python3.6/site-packages/airflow/example_dags/example_complex.py for tasks to queue
[2022-10-01 00:17:24,950] {logging_mixin.py:109} INFO - [2022-10-01 00:17:24,950] {dagbag.py:496} INFO - Filling up the DagBag from /home/airflow/.local/lib/python3.6/site-packages/airflow/example_dags/example_complex.py
[2022-10-01 00:17:24,965] {processor.py:623} INFO - DAG(s) dict_keys(['example_complex']) retrieved from /home/airflow/.local/lib/python3.6/site-packages/airflow/example_dags/example_complex.py
[2022-10-01 00:17:24,988] {logging_mixin.py:109} INFO - [2022-10-01 00:17:24,987] {dag.py:1833} INFO - Sync 1 DAGs
[2022-10-01 00:17:25,003] {logging_mixin.py:109} INFO - [2022-10-01 00:17:25,002] {dag.py:2306} INFO - Setting next_dagrun for example_complex to None
[2022-10-01 00:17:25,013] {processor.py:170} INFO - Processing /home/airflow/.local/lib/python3.6/site-packages/airflow/example_dags/example_complex.py took 0.069 seconds
[2022-10-01 00:17:55,536] {processor.py:162} INFO - Started process (PID=7561) to work on /home/airflow/.local/lib/python3.6/site-packages/airflow/example_dags/example_complex.py
[2022-10-01 00:17:55,537] {processor.py:613} INFO - Processing file /home/airflow/.local/lib/python3.6/site-packages/airflow/example_dags/example_complex.py for tasks to queue
[2022-10-01 00:17:55,538] {logging_mixin.py:109} INFO - [2022-10-01 00:17:55,538] {dagbag.py:496} INFO - Filling up the DagBag from /home/airflow/.local/lib/python3.6/site-packages/airflow/example_dags/example_complex.py
[2022-10-01 00:17:55,551] {processor.py:623} INFO - DAG(s) dict_keys(['example_complex']) retrieved from /home/airflow/.local/lib/python3.6/site-packages/airflow/example_dags/example_complex.py
[2022-10-01 00:17:55,575] {logging_mixin.py:109} INFO - [2022-10-01 00:17:55,575] {dag.py:1833} INFO - Sync 1 DAGs
[2022-10-01 00:17:55,586] {logging_mixin.py:109} INFO - [2022-10-01 00:17:55,586] {dag.py:2306} INFO - Setting next_dagrun for example_complex to None
[2022-10-01 00:17:55,596] {processor.py:170} INFO - Processing /home/airflow/.local/lib/python3.6/site-packages/airflow/example_dags/example_complex.py took 0.063 seconds
[2022-10-01 00:18:18,569] {processor.py:162} INFO - Started process (PID=7613) to work on /home/airflow/.local/lib/python3.6/site-packages/airflow/example_dags/example_complex.py
[2022-10-01 00:18:18,571] {processor.py:613} INFO - Processing file /home/airflow/.local/lib/python3.6/site-packages/airflow/example_dags/example_complex.py for tasks to queue
[2022-10-01 00:18:18,572] {logging_mixin.py:109} INFO - [2022-10-01 00:18:18,572] {dagbag.py:496} INFO - Filling up the DagBag from /home/airflow/.local/lib/python3.6/site-packages/airflow/example_dags/example_complex.py
[2022-10-01 00:18:18,601] {processor.py:623} INFO - DAG(s) dict_keys(['example_complex']) retrieved from /home/airflow/.local/lib/python3.6/site-packages/airflow/example_dags/example_complex.py
[2022-10-01 00:18:18,633] {logging_mixin.py:109} INFO - [2022-10-01 00:18:18,633] {dag.py:1833} INFO - Sync 1 DAGs
[2022-10-01 00:18:18,653] {logging_mixin.py:109} INFO - [2022-10-01 00:18:18,653] {dag.py:2306} INFO - Setting next_dagrun for example_complex to None
[2022-10-01 00:18:18,685] {processor.py:170} INFO - Processing /home/airflow/.local/lib/python3.6/site-packages/airflow/example_dags/example_complex.py took 0.120 seconds
[2022-10-01 00:18:49,813] {processor.py:162} INFO - Started process (PID=7665) to work on /home/airflow/.local/lib/python3.6/site-packages/airflow/example_dags/example_complex.py
[2022-10-01 00:18:49,815] {processor.py:613} INFO - Processing file /home/airflow/.local/lib/python3.6/site-packages/airflow/example_dags/example_complex.py for tasks to queue
[2022-10-01 00:18:49,816] {logging_mixin.py:109} INFO - [2022-10-01 00:18:49,816] {dagbag.py:496} INFO - Filling up the DagBag from /home/airflow/.local/lib/python3.6/site-packages/airflow/example_dags/example_complex.py
[2022-10-01 00:18:49,839] {processor.py:623} INFO - DAG(s) dict_keys(['example_complex']) retrieved from /home/airflow/.local/lib/python3.6/site-packages/airflow/example_dags/example_complex.py
[2022-10-01 00:18:49,924] {logging_mixin.py:109} INFO - [2022-10-01 00:18:49,924] {dag.py:1833} INFO - Sync 1 DAGs
[2022-10-01 00:18:49,939] {logging_mixin.py:109} INFO - [2022-10-01 00:18:49,939] {dag.py:2306} INFO - Setting next_dagrun for example_complex to None
[2022-10-01 00:18:49,949] {processor.py:170} INFO - Processing /home/airflow/.local/lib/python3.6/site-packages/airflow/example_dags/example_complex.py took 0.138 seconds
[2022-10-01 00:19:20,902] {processor.py:162} INFO - Started process (PID=7726) to work on /home/airflow/.local/lib/python3.6/site-packages/airflow/example_dags/example_complex.py
[2022-10-01 00:19:20,904] {processor.py:613} INFO - Processing file /home/airflow/.local/lib/python3.6/site-packages/airflow/example_dags/example_complex.py for tasks to queue
[2022-10-01 00:19:20,906] {logging_mixin.py:109} INFO - [2022-10-01 00:19:20,906] {dagbag.py:496} INFO - Filling up the DagBag from /home/airflow/.local/lib/python3.6/site-packages/airflow/example_dags/example_complex.py
[2022-10-01 00:19:20,925] {processor.py:623} INFO - DAG(s) dict_keys(['example_complex']) retrieved from /home/airflow/.local/lib/python3.6/site-packages/airflow/example_dags/example_complex.py
[2022-10-01 00:19:20,949] {logging_mixin.py:109} INFO - [2022-10-01 00:19:20,949] {dag.py:1833} INFO - Sync 1 DAGs
[2022-10-01 00:19:20,959] {logging_mixin.py:109} INFO - [2022-10-01 00:19:20,959] {dag.py:2306} INFO - Setting next_dagrun for example_complex to None
[2022-10-01 00:19:20,971] {processor.py:170} INFO - Processing /home/airflow/.local/lib/python3.6/site-packages/airflow/example_dags/example_complex.py took 0.072 seconds
[2022-10-01 00:19:51,836] {processor.py:162} INFO - Started process (PID=7786) to work on /home/airflow/.local/lib/python3.6/site-packages/airflow/example_dags/example_complex.py
[2022-10-01 00:19:51,837] {processor.py:613} INFO - Processing file /home/airflow/.local/lib/python3.6/site-packages/airflow/example_dags/example_complex.py for tasks to queue
[2022-10-01 00:19:51,838] {logging_mixin.py:109} INFO - [2022-10-01 00:19:51,838] {dagbag.py:496} INFO - Filling up the DagBag from /home/airflow/.local/lib/python3.6/site-packages/airflow/example_dags/example_complex.py
[2022-10-01 00:19:51,856] {processor.py:623} INFO - DAG(s) dict_keys(['example_complex']) retrieved from /home/airflow/.local/lib/python3.6/site-packages/airflow/example_dags/example_complex.py
[2022-10-01 00:19:51,880] {logging_mixin.py:109} INFO - [2022-10-01 00:19:51,880] {dag.py:1833} INFO - Sync 1 DAGs
[2022-10-01 00:19:51,890] {logging_mixin.py:109} INFO - [2022-10-01 00:19:51,890] {dag.py:2306} INFO - Setting next_dagrun for example_complex to None
[2022-10-01 00:19:51,904] {processor.py:170} INFO - Processing /home/airflow/.local/lib/python3.6/site-packages/airflow/example_dags/example_complex.py took 0.071 seconds
