[2022-10-01 00:00:02,664] {processor.py:162} INFO - Started process (PID=5526) to work on /home/airflow/.local/lib/python3.6/site-packages/airflow/example_dags/example_xcom.py
[2022-10-01 00:00:02,665] {processor.py:613} INFO - Processing file /home/airflow/.local/lib/python3.6/site-packages/airflow/example_dags/example_xcom.py for tasks to queue
[2022-10-01 00:00:02,667] {logging_mixin.py:109} INFO - [2022-10-01 00:00:02,667] {dagbag.py:496} INFO - Filling up the DagBag from /home/airflow/.local/lib/python3.6/site-packages/airflow/example_dags/example_xcom.py
[2022-10-01 00:00:02,677] {processor.py:623} INFO - DAG(s) dict_keys(['example_xcom']) retrieved from /home/airflow/.local/lib/python3.6/site-packages/airflow/example_dags/example_xcom.py
[2022-10-01 00:00:02,918] {logging_mixin.py:109} INFO - [2022-10-01 00:00:02,918] {dag.py:1833} INFO - Sync 1 DAGs
[2022-10-01 00:00:02,936] {logging_mixin.py:109} INFO - [2022-10-01 00:00:02,936] {dag.py:2306} INFO - Setting next_dagrun for example_xcom to 2022-09-29 00:00:00+00:00
[2022-10-01 00:00:02,948] {processor.py:170} INFO - Processing /home/airflow/.local/lib/python3.6/site-packages/airflow/example_dags/example_xcom.py took 0.288 seconds
[2022-10-01 00:00:33,048] {processor.py:162} INFO - Started process (PID=5587) to work on /home/airflow/.local/lib/python3.6/site-packages/airflow/example_dags/example_xcom.py
[2022-10-01 00:00:33,050] {processor.py:613} INFO - Processing file /home/airflow/.local/lib/python3.6/site-packages/airflow/example_dags/example_xcom.py for tasks to queue
[2022-10-01 00:00:33,052] {logging_mixin.py:109} INFO - [2022-10-01 00:00:33,052] {dagbag.py:496} INFO - Filling up the DagBag from /home/airflow/.local/lib/python3.6/site-packages/airflow/example_dags/example_xcom.py
[2022-10-01 00:00:33,065] {processor.py:623} INFO - DAG(s) dict_keys(['example_xcom']) retrieved from /home/airflow/.local/lib/python3.6/site-packages/airflow/example_dags/example_xcom.py
[2022-10-01 00:00:33,090] {logging_mixin.py:109} INFO - [2022-10-01 00:00:33,090] {dag.py:1833} INFO - Sync 1 DAGs
[2022-10-01 00:00:33,104] {logging_mixin.py:109} INFO - [2022-10-01 00:00:33,104] {dag.py:2306} INFO - Setting next_dagrun for example_xcom to 2022-09-29 00:00:00+00:00
[2022-10-01 00:00:33,118] {processor.py:170} INFO - Processing /home/airflow/.local/lib/python3.6/site-packages/airflow/example_dags/example_xcom.py took 0.074 seconds
[2022-10-01 00:01:03,338] {processor.py:162} INFO - Started process (PID=5637) to work on /home/airflow/.local/lib/python3.6/site-packages/airflow/example_dags/example_xcom.py
[2022-10-01 00:01:03,340] {processor.py:613} INFO - Processing file /home/airflow/.local/lib/python3.6/site-packages/airflow/example_dags/example_xcom.py for tasks to queue
[2022-10-01 00:01:03,341] {logging_mixin.py:109} INFO - [2022-10-01 00:01:03,341] {dagbag.py:496} INFO - Filling up the DagBag from /home/airflow/.local/lib/python3.6/site-packages/airflow/example_dags/example_xcom.py
[2022-10-01 00:01:03,352] {processor.py:623} INFO - DAG(s) dict_keys(['example_xcom']) retrieved from /home/airflow/.local/lib/python3.6/site-packages/airflow/example_dags/example_xcom.py
[2022-10-01 00:01:03,374] {logging_mixin.py:109} INFO - [2022-10-01 00:01:03,374] {dag.py:1833} INFO - Sync 1 DAGs
[2022-10-01 00:01:03,388] {logging_mixin.py:109} INFO - [2022-10-01 00:01:03,388] {dag.py:2306} INFO - Setting next_dagrun for example_xcom to 2022-09-29 00:00:00+00:00
[2022-10-01 00:01:03,398] {processor.py:170} INFO - Processing /home/airflow/.local/lib/python3.6/site-packages/airflow/example_dags/example_xcom.py took 0.063 seconds
[2022-10-01 00:01:33,717] {processor.py:162} INFO - Started process (PID=5698) to work on /home/airflow/.local/lib/python3.6/site-packages/airflow/example_dags/example_xcom.py
[2022-10-01 00:01:33,718] {processor.py:613} INFO - Processing file /home/airflow/.local/lib/python3.6/site-packages/airflow/example_dags/example_xcom.py for tasks to queue
[2022-10-01 00:01:33,719] {logging_mixin.py:109} INFO - [2022-10-01 00:01:33,719] {dagbag.py:496} INFO - Filling up the DagBag from /home/airflow/.local/lib/python3.6/site-packages/airflow/example_dags/example_xcom.py
[2022-10-01 00:01:33,728] {processor.py:623} INFO - DAG(s) dict_keys(['example_xcom']) retrieved from /home/airflow/.local/lib/python3.6/site-packages/airflow/example_dags/example_xcom.py
[2022-10-01 00:01:33,748] {logging_mixin.py:109} INFO - [2022-10-01 00:01:33,748] {dag.py:1833} INFO - Sync 1 DAGs
[2022-10-01 00:01:33,763] {logging_mixin.py:109} INFO - [2022-10-01 00:01:33,763] {dag.py:2306} INFO - Setting next_dagrun for example_xcom to 2022-09-29 00:00:00+00:00
[2022-10-01 00:01:33,774] {processor.py:170} INFO - Processing /home/airflow/.local/lib/python3.6/site-packages/airflow/example_dags/example_xcom.py took 0.060 seconds
[2022-10-01 00:02:04,884] {processor.py:162} INFO - Started process (PID=5759) to work on /home/airflow/.local/lib/python3.6/site-packages/airflow/example_dags/example_xcom.py
[2022-10-01 00:02:04,886] {processor.py:613} INFO - Processing file /home/airflow/.local/lib/python3.6/site-packages/airflow/example_dags/example_xcom.py for tasks to queue
[2022-10-01 00:02:04,888] {logging_mixin.py:109} INFO - [2022-10-01 00:02:04,888] {dagbag.py:496} INFO - Filling up the DagBag from /home/airflow/.local/lib/python3.6/site-packages/airflow/example_dags/example_xcom.py
[2022-10-01 00:02:04,896] {processor.py:623} INFO - DAG(s) dict_keys(['example_xcom']) retrieved from /home/airflow/.local/lib/python3.6/site-packages/airflow/example_dags/example_xcom.py
[2022-10-01 00:02:04,917] {logging_mixin.py:109} INFO - [2022-10-01 00:02:04,916] {dag.py:1833} INFO - Sync 1 DAGs
[2022-10-01 00:02:04,929] {logging_mixin.py:109} INFO - [2022-10-01 00:02:04,929] {dag.py:2306} INFO - Setting next_dagrun for example_xcom to 2022-09-29 00:00:00+00:00
[2022-10-01 00:02:04,940] {processor.py:170} INFO - Processing /home/airflow/.local/lib/python3.6/site-packages/airflow/example_dags/example_xcom.py took 0.058 seconds
[2022-10-01 00:02:35,061] {processor.py:162} INFO - Started process (PID=5810) to work on /home/airflow/.local/lib/python3.6/site-packages/airflow/example_dags/example_xcom.py
[2022-10-01 00:02:35,063] {processor.py:613} INFO - Processing file /home/airflow/.local/lib/python3.6/site-packages/airflow/example_dags/example_xcom.py for tasks to queue
[2022-10-01 00:02:35,064] {logging_mixin.py:109} INFO - [2022-10-01 00:02:35,064] {dagbag.py:496} INFO - Filling up the DagBag from /home/airflow/.local/lib/python3.6/site-packages/airflow/example_dags/example_xcom.py
[2022-10-01 00:02:35,073] {processor.py:623} INFO - DAG(s) dict_keys(['example_xcom']) retrieved from /home/airflow/.local/lib/python3.6/site-packages/airflow/example_dags/example_xcom.py
[2022-10-01 00:02:35,092] {logging_mixin.py:109} INFO - [2022-10-01 00:02:35,092] {dag.py:1833} INFO - Sync 1 DAGs
[2022-10-01 00:02:35,106] {logging_mixin.py:109} INFO - [2022-10-01 00:02:35,106] {dag.py:2306} INFO - Setting next_dagrun for example_xcom to 2022-09-29 00:00:00+00:00
[2022-10-01 00:02:35,117] {processor.py:170} INFO - Processing /home/airflow/.local/lib/python3.6/site-packages/airflow/example_dags/example_xcom.py took 0.060 seconds
[2022-10-01 00:03:05,366] {processor.py:162} INFO - Started process (PID=5871) to work on /home/airflow/.local/lib/python3.6/site-packages/airflow/example_dags/example_xcom.py
[2022-10-01 00:03:05,368] {processor.py:613} INFO - Processing file /home/airflow/.local/lib/python3.6/site-packages/airflow/example_dags/example_xcom.py for tasks to queue
[2022-10-01 00:03:05,369] {logging_mixin.py:109} INFO - [2022-10-01 00:03:05,369] {dagbag.py:496} INFO - Filling up the DagBag from /home/airflow/.local/lib/python3.6/site-packages/airflow/example_dags/example_xcom.py
[2022-10-01 00:03:05,379] {processor.py:623} INFO - DAG(s) dict_keys(['example_xcom']) retrieved from /home/airflow/.local/lib/python3.6/site-packages/airflow/example_dags/example_xcom.py
[2022-10-01 00:03:05,400] {logging_mixin.py:109} INFO - [2022-10-01 00:03:05,400] {dag.py:1833} INFO - Sync 1 DAGs
[2022-10-01 00:03:05,415] {logging_mixin.py:109} INFO - [2022-10-01 00:03:05,415] {dag.py:2306} INFO - Setting next_dagrun for example_xcom to 2022-09-29 00:00:00+00:00
[2022-10-01 00:03:05,427] {processor.py:170} INFO - Processing /home/airflow/.local/lib/python3.6/site-packages/airflow/example_dags/example_xcom.py took 0.064 seconds
[2022-10-01 00:03:36,720] {processor.py:162} INFO - Started process (PID=5932) to work on /home/airflow/.local/lib/python3.6/site-packages/airflow/example_dags/example_xcom.py
[2022-10-01 00:03:36,722] {processor.py:613} INFO - Processing file /home/airflow/.local/lib/python3.6/site-packages/airflow/example_dags/example_xcom.py for tasks to queue
[2022-10-01 00:03:36,723] {logging_mixin.py:109} INFO - [2022-10-01 00:03:36,723] {dagbag.py:496} INFO - Filling up the DagBag from /home/airflow/.local/lib/python3.6/site-packages/airflow/example_dags/example_xcom.py
[2022-10-01 00:03:36,732] {processor.py:623} INFO - DAG(s) dict_keys(['example_xcom']) retrieved from /home/airflow/.local/lib/python3.6/site-packages/airflow/example_dags/example_xcom.py
[2022-10-01 00:03:36,752] {logging_mixin.py:109} INFO - [2022-10-01 00:03:36,752] {dag.py:1833} INFO - Sync 1 DAGs
[2022-10-01 00:03:36,766] {logging_mixin.py:109} INFO - [2022-10-01 00:03:36,766] {dag.py:2306} INFO - Setting next_dagrun for example_xcom to 2022-09-29 00:00:00+00:00
[2022-10-01 00:03:36,777] {processor.py:170} INFO - Processing /home/airflow/.local/lib/python3.6/site-packages/airflow/example_dags/example_xcom.py took 0.060 seconds
[2022-10-01 00:04:06,988] {processor.py:162} INFO - Started process (PID=5990) to work on /home/airflow/.local/lib/python3.6/site-packages/airflow/example_dags/example_xcom.py
[2022-10-01 00:04:06,989] {processor.py:613} INFO - Processing file /home/airflow/.local/lib/python3.6/site-packages/airflow/example_dags/example_xcom.py for tasks to queue
[2022-10-01 00:04:06,991] {logging_mixin.py:109} INFO - [2022-10-01 00:04:06,991] {dagbag.py:496} INFO - Filling up the DagBag from /home/airflow/.local/lib/python3.6/site-packages/airflow/example_dags/example_xcom.py
[2022-10-01 00:04:06,999] {processor.py:623} INFO - DAG(s) dict_keys(['example_xcom']) retrieved from /home/airflow/.local/lib/python3.6/site-packages/airflow/example_dags/example_xcom.py
[2022-10-01 00:04:07,017] {logging_mixin.py:109} INFO - [2022-10-01 00:04:07,017] {dag.py:1833} INFO - Sync 1 DAGs
[2022-10-01 00:04:07,029] {logging_mixin.py:109} INFO - [2022-10-01 00:04:07,029] {dag.py:2306} INFO - Setting next_dagrun for example_xcom to 2022-09-29 00:00:00+00:00
[2022-10-01 00:04:07,040] {processor.py:170} INFO - Processing /home/airflow/.local/lib/python3.6/site-packages/airflow/example_dags/example_xcom.py took 0.054 seconds
[2022-10-01 00:04:37,237] {processor.py:162} INFO - Started process (PID=6044) to work on /home/airflow/.local/lib/python3.6/site-packages/airflow/example_dags/example_xcom.py
[2022-10-01 00:04:37,239] {processor.py:613} INFO - Processing file /home/airflow/.local/lib/python3.6/site-packages/airflow/example_dags/example_xcom.py for tasks to queue
[2022-10-01 00:04:37,240] {logging_mixin.py:109} INFO - [2022-10-01 00:04:37,240] {dagbag.py:496} INFO - Filling up the DagBag from /home/airflow/.local/lib/python3.6/site-packages/airflow/example_dags/example_xcom.py
[2022-10-01 00:04:37,251] {processor.py:623} INFO - DAG(s) dict_keys(['example_xcom']) retrieved from /home/airflow/.local/lib/python3.6/site-packages/airflow/example_dags/example_xcom.py
[2022-10-01 00:04:37,276] {logging_mixin.py:109} INFO - [2022-10-01 00:04:37,276] {dag.py:1833} INFO - Sync 1 DAGs
[2022-10-01 00:04:37,291] {logging_mixin.py:109} INFO - [2022-10-01 00:04:37,291] {dag.py:2306} INFO - Setting next_dagrun for example_xcom to 2022-09-29 00:00:00+00:00
[2022-10-01 00:04:37,303] {processor.py:170} INFO - Processing /home/airflow/.local/lib/python3.6/site-packages/airflow/example_dags/example_xcom.py took 0.069 seconds
[2022-10-01 00:05:08,575] {processor.py:162} INFO - Started process (PID=6105) to work on /home/airflow/.local/lib/python3.6/site-packages/airflow/example_dags/example_xcom.py
[2022-10-01 00:05:08,577] {processor.py:613} INFO - Processing file /home/airflow/.local/lib/python3.6/site-packages/airflow/example_dags/example_xcom.py for tasks to queue
[2022-10-01 00:05:08,578] {logging_mixin.py:109} INFO - [2022-10-01 00:05:08,578] {dagbag.py:496} INFO - Filling up the DagBag from /home/airflow/.local/lib/python3.6/site-packages/airflow/example_dags/example_xcom.py
[2022-10-01 00:05:08,586] {processor.py:623} INFO - DAG(s) dict_keys(['example_xcom']) retrieved from /home/airflow/.local/lib/python3.6/site-packages/airflow/example_dags/example_xcom.py
[2022-10-01 00:05:08,606] {logging_mixin.py:109} INFO - [2022-10-01 00:05:08,606] {dag.py:1833} INFO - Sync 1 DAGs
[2022-10-01 00:05:08,619] {logging_mixin.py:109} INFO - [2022-10-01 00:05:08,619] {dag.py:2306} INFO - Setting next_dagrun for example_xcom to 2022-09-29 00:00:00+00:00
[2022-10-01 00:05:08,629] {processor.py:170} INFO - Processing /home/airflow/.local/lib/python3.6/site-packages/airflow/example_dags/example_xcom.py took 0.056 seconds
[2022-10-01 00:05:38,747] {processor.py:162} INFO - Started process (PID=6164) to work on /home/airflow/.local/lib/python3.6/site-packages/airflow/example_dags/example_xcom.py
[2022-10-01 00:05:38,749] {processor.py:613} INFO - Processing file /home/airflow/.local/lib/python3.6/site-packages/airflow/example_dags/example_xcom.py for tasks to queue
[2022-10-01 00:05:38,750] {logging_mixin.py:109} INFO - [2022-10-01 00:05:38,749] {dagbag.py:496} INFO - Filling up the DagBag from /home/airflow/.local/lib/python3.6/site-packages/airflow/example_dags/example_xcom.py
[2022-10-01 00:05:38,759] {processor.py:623} INFO - DAG(s) dict_keys(['example_xcom']) retrieved from /home/airflow/.local/lib/python3.6/site-packages/airflow/example_dags/example_xcom.py
[2022-10-01 00:05:38,782] {logging_mixin.py:109} INFO - [2022-10-01 00:05:38,781] {dag.py:1833} INFO - Sync 1 DAGs
[2022-10-01 00:05:38,796] {logging_mixin.py:109} INFO - [2022-10-01 00:05:38,796] {dag.py:2306} INFO - Setting next_dagrun for example_xcom to 2022-09-29 00:00:00+00:00
[2022-10-01 00:05:38,809] {processor.py:170} INFO - Processing /home/airflow/.local/lib/python3.6/site-packages/airflow/example_dags/example_xcom.py took 0.065 seconds
[2022-10-01 00:06:09,194] {processor.py:162} INFO - Started process (PID=6218) to work on /home/airflow/.local/lib/python3.6/site-packages/airflow/example_dags/example_xcom.py
[2022-10-01 00:06:09,196] {processor.py:613} INFO - Processing file /home/airflow/.local/lib/python3.6/site-packages/airflow/example_dags/example_xcom.py for tasks to queue
[2022-10-01 00:06:09,197] {logging_mixin.py:109} INFO - [2022-10-01 00:06:09,197] {dagbag.py:496} INFO - Filling up the DagBag from /home/airflow/.local/lib/python3.6/site-packages/airflow/example_dags/example_xcom.py
[2022-10-01 00:06:09,205] {processor.py:623} INFO - DAG(s) dict_keys(['example_xcom']) retrieved from /home/airflow/.local/lib/python3.6/site-packages/airflow/example_dags/example_xcom.py
[2022-10-01 00:06:09,224] {logging_mixin.py:109} INFO - [2022-10-01 00:06:09,224] {dag.py:1833} INFO - Sync 1 DAGs
[2022-10-01 00:06:09,235] {logging_mixin.py:109} INFO - [2022-10-01 00:06:09,235] {dag.py:2306} INFO - Setting next_dagrun for example_xcom to 2022-09-29 00:00:00+00:00
[2022-10-01 00:06:09,245] {processor.py:170} INFO - Processing /home/airflow/.local/lib/python3.6/site-packages/airflow/example_dags/example_xcom.py took 0.053 seconds
[2022-10-01 00:06:40,541] {processor.py:162} INFO - Started process (PID=6280) to work on /home/airflow/.local/lib/python3.6/site-packages/airflow/example_dags/example_xcom.py
[2022-10-01 00:06:40,543] {processor.py:613} INFO - Processing file /home/airflow/.local/lib/python3.6/site-packages/airflow/example_dags/example_xcom.py for tasks to queue
[2022-10-01 00:06:40,545] {logging_mixin.py:109} INFO - [2022-10-01 00:06:40,545] {dagbag.py:496} INFO - Filling up the DagBag from /home/airflow/.local/lib/python3.6/site-packages/airflow/example_dags/example_xcom.py
[2022-10-01 00:06:40,555] {processor.py:623} INFO - DAG(s) dict_keys(['example_xcom']) retrieved from /home/airflow/.local/lib/python3.6/site-packages/airflow/example_dags/example_xcom.py
[2022-10-01 00:06:40,574] {logging_mixin.py:109} INFO - [2022-10-01 00:06:40,574] {dag.py:1833} INFO - Sync 1 DAGs
[2022-10-01 00:06:40,586] {logging_mixin.py:109} INFO - [2022-10-01 00:06:40,586] {dag.py:2306} INFO - Setting next_dagrun for example_xcom to 2022-09-29 00:00:00+00:00
[2022-10-01 00:06:40,596] {processor.py:170} INFO - Processing /home/airflow/.local/lib/python3.6/site-packages/airflow/example_dags/example_xcom.py took 0.057 seconds
[2022-10-01 00:07:11,422] {processor.py:162} INFO - Started process (PID=6340) to work on /home/airflow/.local/lib/python3.6/site-packages/airflow/example_dags/example_xcom.py
[2022-10-01 00:07:11,424] {processor.py:613} INFO - Processing file /home/airflow/.local/lib/python3.6/site-packages/airflow/example_dags/example_xcom.py for tasks to queue
[2022-10-01 00:07:11,425] {logging_mixin.py:109} INFO - [2022-10-01 00:07:11,425] {dagbag.py:496} INFO - Filling up the DagBag from /home/airflow/.local/lib/python3.6/site-packages/airflow/example_dags/example_xcom.py
[2022-10-01 00:07:11,438] {processor.py:623} INFO - DAG(s) dict_keys(['example_xcom']) retrieved from /home/airflow/.local/lib/python3.6/site-packages/airflow/example_dags/example_xcom.py
[2022-10-01 00:07:11,461] {logging_mixin.py:109} INFO - [2022-10-01 00:07:11,461] {dag.py:1833} INFO - Sync 1 DAGs
[2022-10-01 00:07:11,508] {logging_mixin.py:109} INFO - [2022-10-01 00:07:11,507] {dag.py:2306} INFO - Setting next_dagrun for example_xcom to 2022-09-29 00:00:00+00:00
[2022-10-01 00:07:11,525] {processor.py:170} INFO - Processing /home/airflow/.local/lib/python3.6/site-packages/airflow/example_dags/example_xcom.py took 0.106 seconds
[2022-10-01 00:07:42,291] {processor.py:162} INFO - Started process (PID=6392) to work on /home/airflow/.local/lib/python3.6/site-packages/airflow/example_dags/example_xcom.py
[2022-10-01 00:07:42,293] {processor.py:613} INFO - Processing file /home/airflow/.local/lib/python3.6/site-packages/airflow/example_dags/example_xcom.py for tasks to queue
[2022-10-01 00:07:42,294] {logging_mixin.py:109} INFO - [2022-10-01 00:07:42,294] {dagbag.py:496} INFO - Filling up the DagBag from /home/airflow/.local/lib/python3.6/site-packages/airflow/example_dags/example_xcom.py
[2022-10-01 00:07:42,303] {processor.py:623} INFO - DAG(s) dict_keys(['example_xcom']) retrieved from /home/airflow/.local/lib/python3.6/site-packages/airflow/example_dags/example_xcom.py
[2022-10-01 00:07:42,324] {logging_mixin.py:109} INFO - [2022-10-01 00:07:42,323] {dag.py:1833} INFO - Sync 1 DAGs
[2022-10-01 00:07:42,338] {logging_mixin.py:109} INFO - [2022-10-01 00:07:42,337] {dag.py:2306} INFO - Setting next_dagrun for example_xcom to 2022-09-29 00:00:00+00:00
[2022-10-01 00:07:42,348] {processor.py:170} INFO - Processing /home/airflow/.local/lib/python3.6/site-packages/airflow/example_dags/example_xcom.py took 0.059 seconds
[2022-10-01 00:08:12,431] {processor.py:162} INFO - Started process (PID=6453) to work on /home/airflow/.local/lib/python3.6/site-packages/airflow/example_dags/example_xcom.py
[2022-10-01 00:08:12,432] {processor.py:613} INFO - Processing file /home/airflow/.local/lib/python3.6/site-packages/airflow/example_dags/example_xcom.py for tasks to queue
[2022-10-01 00:08:12,433] {logging_mixin.py:109} INFO - [2022-10-01 00:08:12,433] {dagbag.py:496} INFO - Filling up the DagBag from /home/airflow/.local/lib/python3.6/site-packages/airflow/example_dags/example_xcom.py
[2022-10-01 00:08:12,442] {processor.py:623} INFO - DAG(s) dict_keys(['example_xcom']) retrieved from /home/airflow/.local/lib/python3.6/site-packages/airflow/example_dags/example_xcom.py
[2022-10-01 00:08:12,465] {logging_mixin.py:109} INFO - [2022-10-01 00:08:12,465] {dag.py:1833} INFO - Sync 1 DAGs
[2022-10-01 00:08:12,477] {logging_mixin.py:109} INFO - [2022-10-01 00:08:12,477] {dag.py:2306} INFO - Setting next_dagrun for example_xcom to 2022-09-29 00:00:00+00:00
[2022-10-01 00:08:12,486] {processor.py:170} INFO - Processing /home/airflow/.local/lib/python3.6/site-packages/airflow/example_dags/example_xcom.py took 0.057 seconds
[2022-10-01 00:08:43,666] {processor.py:162} INFO - Started process (PID=6504) to work on /home/airflow/.local/lib/python3.6/site-packages/airflow/example_dags/example_xcom.py
[2022-10-01 00:08:43,668] {processor.py:613} INFO - Processing file /home/airflow/.local/lib/python3.6/site-packages/airflow/example_dags/example_xcom.py for tasks to queue
[2022-10-01 00:08:43,669] {logging_mixin.py:109} INFO - [2022-10-01 00:08:43,668] {dagbag.py:496} INFO - Filling up the DagBag from /home/airflow/.local/lib/python3.6/site-packages/airflow/example_dags/example_xcom.py
[2022-10-01 00:08:43,678] {processor.py:623} INFO - DAG(s) dict_keys(['example_xcom']) retrieved from /home/airflow/.local/lib/python3.6/site-packages/airflow/example_dags/example_xcom.py
[2022-10-01 00:08:43,695] {logging_mixin.py:109} INFO - [2022-10-01 00:08:43,695] {dag.py:1833} INFO - Sync 1 DAGs
[2022-10-01 00:08:43,709] {logging_mixin.py:109} INFO - [2022-10-01 00:08:43,709] {dag.py:2306} INFO - Setting next_dagrun for example_xcom to 2022-09-29 00:00:00+00:00
[2022-10-01 00:08:43,718] {processor.py:170} INFO - Processing /home/airflow/.local/lib/python3.6/site-packages/airflow/example_dags/example_xcom.py took 0.054 seconds
[2022-10-01 00:09:14,592] {processor.py:162} INFO - Started process (PID=6565) to work on /home/airflow/.local/lib/python3.6/site-packages/airflow/example_dags/example_xcom.py
[2022-10-01 00:09:14,594] {processor.py:613} INFO - Processing file /home/airflow/.local/lib/python3.6/site-packages/airflow/example_dags/example_xcom.py for tasks to queue
[2022-10-01 00:09:14,595] {logging_mixin.py:109} INFO - [2022-10-01 00:09:14,595] {dagbag.py:496} INFO - Filling up the DagBag from /home/airflow/.local/lib/python3.6/site-packages/airflow/example_dags/example_xcom.py
[2022-10-01 00:09:14,604] {processor.py:623} INFO - DAG(s) dict_keys(['example_xcom']) retrieved from /home/airflow/.local/lib/python3.6/site-packages/airflow/example_dags/example_xcom.py
[2022-10-01 00:09:14,621] {logging_mixin.py:109} INFO - [2022-10-01 00:09:14,621] {dag.py:1833} INFO - Sync 1 DAGs
[2022-10-01 00:09:14,634] {logging_mixin.py:109} INFO - [2022-10-01 00:09:14,634] {dag.py:2306} INFO - Setting next_dagrun for example_xcom to 2022-09-29 00:00:00+00:00
[2022-10-01 00:09:14,644] {processor.py:170} INFO - Processing /home/airflow/.local/lib/python3.6/site-packages/airflow/example_dags/example_xcom.py took 0.055 seconds
[2022-10-01 00:09:45,440] {processor.py:162} INFO - Started process (PID=6626) to work on /home/airflow/.local/lib/python3.6/site-packages/airflow/example_dags/example_xcom.py
[2022-10-01 00:09:45,443] {processor.py:613} INFO - Processing file /home/airflow/.local/lib/python3.6/site-packages/airflow/example_dags/example_xcom.py for tasks to queue
[2022-10-01 00:09:45,444] {logging_mixin.py:109} INFO - [2022-10-01 00:09:45,444] {dagbag.py:496} INFO - Filling up the DagBag from /home/airflow/.local/lib/python3.6/site-packages/airflow/example_dags/example_xcom.py
[2022-10-01 00:09:45,452] {processor.py:623} INFO - DAG(s) dict_keys(['example_xcom']) retrieved from /home/airflow/.local/lib/python3.6/site-packages/airflow/example_dags/example_xcom.py
[2022-10-01 00:09:45,472] {logging_mixin.py:109} INFO - [2022-10-01 00:09:45,472] {dag.py:1833} INFO - Sync 1 DAGs
[2022-10-01 00:09:45,486] {logging_mixin.py:109} INFO - [2022-10-01 00:09:45,486] {dag.py:2306} INFO - Setting next_dagrun for example_xcom to 2022-09-29 00:00:00+00:00
[2022-10-01 00:09:45,498] {processor.py:170} INFO - Processing /home/airflow/.local/lib/python3.6/site-packages/airflow/example_dags/example_xcom.py took 0.060 seconds
[2022-10-01 00:10:16,220] {processor.py:162} INFO - Started process (PID=6677) to work on /home/airflow/.local/lib/python3.6/site-packages/airflow/example_dags/example_xcom.py
[2022-10-01 00:10:16,221] {processor.py:613} INFO - Processing file /home/airflow/.local/lib/python3.6/site-packages/airflow/example_dags/example_xcom.py for tasks to queue
[2022-10-01 00:10:16,222] {logging_mixin.py:109} INFO - [2022-10-01 00:10:16,222] {dagbag.py:496} INFO - Filling up the DagBag from /home/airflow/.local/lib/python3.6/site-packages/airflow/example_dags/example_xcom.py
[2022-10-01 00:10:16,232] {processor.py:623} INFO - DAG(s) dict_keys(['example_xcom']) retrieved from /home/airflow/.local/lib/python3.6/site-packages/airflow/example_dags/example_xcom.py
[2022-10-01 00:10:16,251] {logging_mixin.py:109} INFO - [2022-10-01 00:10:16,251] {dag.py:1833} INFO - Sync 1 DAGs
[2022-10-01 00:10:16,267] {logging_mixin.py:109} INFO - [2022-10-01 00:10:16,267] {dag.py:2306} INFO - Setting next_dagrun for example_xcom to 2022-09-29 00:00:00+00:00
[2022-10-01 00:10:16,278] {processor.py:170} INFO - Processing /home/airflow/.local/lib/python3.6/site-packages/airflow/example_dags/example_xcom.py took 0.061 seconds
[2022-10-01 00:10:46,630] {processor.py:162} INFO - Started process (PID=6738) to work on /home/airflow/.local/lib/python3.6/site-packages/airflow/example_dags/example_xcom.py
[2022-10-01 00:10:46,631] {processor.py:613} INFO - Processing file /home/airflow/.local/lib/python3.6/site-packages/airflow/example_dags/example_xcom.py for tasks to queue
[2022-10-01 00:10:46,633] {logging_mixin.py:109} INFO - [2022-10-01 00:10:46,633] {dagbag.py:496} INFO - Filling up the DagBag from /home/airflow/.local/lib/python3.6/site-packages/airflow/example_dags/example_xcom.py
[2022-10-01 00:10:46,643] {processor.py:623} INFO - DAG(s) dict_keys(['example_xcom']) retrieved from /home/airflow/.local/lib/python3.6/site-packages/airflow/example_dags/example_xcom.py
[2022-10-01 00:10:46,664] {logging_mixin.py:109} INFO - [2022-10-01 00:10:46,664] {dag.py:1833} INFO - Sync 1 DAGs
[2022-10-01 00:10:46,681] {logging_mixin.py:109} INFO - [2022-10-01 00:10:46,681] {dag.py:2306} INFO - Setting next_dagrun for example_xcom to 2022-09-29 00:00:00+00:00
[2022-10-01 00:10:46,692] {processor.py:170} INFO - Processing /home/airflow/.local/lib/python3.6/site-packages/airflow/example_dags/example_xcom.py took 0.065 seconds
[2022-10-01 00:11:17,250] {processor.py:162} INFO - Started process (PID=6799) to work on /home/airflow/.local/lib/python3.6/site-packages/airflow/example_dags/example_xcom.py
[2022-10-01 00:11:17,252] {processor.py:613} INFO - Processing file /home/airflow/.local/lib/python3.6/site-packages/airflow/example_dags/example_xcom.py for tasks to queue
[2022-10-01 00:11:17,253] {logging_mixin.py:109} INFO - [2022-10-01 00:11:17,253] {dagbag.py:496} INFO - Filling up the DagBag from /home/airflow/.local/lib/python3.6/site-packages/airflow/example_dags/example_xcom.py
[2022-10-01 00:11:17,261] {processor.py:623} INFO - DAG(s) dict_keys(['example_xcom']) retrieved from /home/airflow/.local/lib/python3.6/site-packages/airflow/example_dags/example_xcom.py
[2022-10-01 00:11:17,279] {logging_mixin.py:109} INFO - [2022-10-01 00:11:17,279] {dag.py:1833} INFO - Sync 1 DAGs
[2022-10-01 00:11:17,292] {logging_mixin.py:109} INFO - [2022-10-01 00:11:17,292] {dag.py:2306} INFO - Setting next_dagrun for example_xcom to 2022-09-29 00:00:00+00:00
[2022-10-01 00:11:17,302] {processor.py:170} INFO - Processing /home/airflow/.local/lib/python3.6/site-packages/airflow/example_dags/example_xcom.py took 0.054 seconds
[2022-10-01 00:11:47,362] {processor.py:162} INFO - Started process (PID=6850) to work on /home/airflow/.local/lib/python3.6/site-packages/airflow/example_dags/example_xcom.py
[2022-10-01 00:11:47,363] {processor.py:613} INFO - Processing file /home/airflow/.local/lib/python3.6/site-packages/airflow/example_dags/example_xcom.py for tasks to queue
[2022-10-01 00:11:47,364] {logging_mixin.py:109} INFO - [2022-10-01 00:11:47,364] {dagbag.py:496} INFO - Filling up the DagBag from /home/airflow/.local/lib/python3.6/site-packages/airflow/example_dags/example_xcom.py
[2022-10-01 00:11:47,372] {processor.py:623} INFO - DAG(s) dict_keys(['example_xcom']) retrieved from /home/airflow/.local/lib/python3.6/site-packages/airflow/example_dags/example_xcom.py
[2022-10-01 00:11:47,391] {logging_mixin.py:109} INFO - [2022-10-01 00:11:47,391] {dag.py:1833} INFO - Sync 1 DAGs
[2022-10-01 00:11:47,405] {logging_mixin.py:109} INFO - [2022-10-01 00:11:47,404] {dag.py:2306} INFO - Setting next_dagrun for example_xcom to 2022-09-29 00:00:00+00:00
[2022-10-01 00:11:47,418] {processor.py:170} INFO - Processing /home/airflow/.local/lib/python3.6/site-packages/airflow/example_dags/example_xcom.py took 0.059 seconds
[2022-10-01 00:12:18,386] {processor.py:162} INFO - Started process (PID=6911) to work on /home/airflow/.local/lib/python3.6/site-packages/airflow/example_dags/example_xcom.py
[2022-10-01 00:12:18,388] {processor.py:613} INFO - Processing file /home/airflow/.local/lib/python3.6/site-packages/airflow/example_dags/example_xcom.py for tasks to queue
[2022-10-01 00:12:18,390] {logging_mixin.py:109} INFO - [2022-10-01 00:12:18,390] {dagbag.py:496} INFO - Filling up the DagBag from /home/airflow/.local/lib/python3.6/site-packages/airflow/example_dags/example_xcom.py
[2022-10-01 00:12:18,399] {processor.py:623} INFO - DAG(s) dict_keys(['example_xcom']) retrieved from /home/airflow/.local/lib/python3.6/site-packages/airflow/example_dags/example_xcom.py
[2022-10-01 00:12:18,420] {logging_mixin.py:109} INFO - [2022-10-01 00:12:18,420] {dag.py:1833} INFO - Sync 1 DAGs
[2022-10-01 00:12:18,434] {logging_mixin.py:109} INFO - [2022-10-01 00:12:18,433] {dag.py:2306} INFO - Setting next_dagrun for example_xcom to 2022-09-29 00:00:00+00:00
[2022-10-01 00:12:18,446] {processor.py:170} INFO - Processing /home/airflow/.local/lib/python3.6/site-packages/airflow/example_dags/example_xcom.py took 0.061 seconds
[2022-10-01 00:12:48,628] {processor.py:162} INFO - Started process (PID=6972) to work on /home/airflow/.local/lib/python3.6/site-packages/airflow/example_dags/example_xcom.py
[2022-10-01 00:12:48,630] {processor.py:613} INFO - Processing file /home/airflow/.local/lib/python3.6/site-packages/airflow/example_dags/example_xcom.py for tasks to queue
[2022-10-01 00:12:48,631] {logging_mixin.py:109} INFO - [2022-10-01 00:12:48,631] {dagbag.py:496} INFO - Filling up the DagBag from /home/airflow/.local/lib/python3.6/site-packages/airflow/example_dags/example_xcom.py
[2022-10-01 00:12:48,641] {processor.py:623} INFO - DAG(s) dict_keys(['example_xcom']) retrieved from /home/airflow/.local/lib/python3.6/site-packages/airflow/example_dags/example_xcom.py
[2022-10-01 00:12:48,659] {logging_mixin.py:109} INFO - [2022-10-01 00:12:48,659] {dag.py:1833} INFO - Sync 1 DAGs
[2022-10-01 00:12:48,673] {logging_mixin.py:109} INFO - [2022-10-01 00:12:48,673] {dag.py:2306} INFO - Setting next_dagrun for example_xcom to 2022-09-29 00:00:00+00:00
[2022-10-01 00:12:48,687] {processor.py:170} INFO - Processing /home/airflow/.local/lib/python3.6/site-packages/airflow/example_dags/example_xcom.py took 0.063 seconds
[2022-10-01 00:13:19,467] {processor.py:162} INFO - Started process (PID=7024) to work on /home/airflow/.local/lib/python3.6/site-packages/airflow/example_dags/example_xcom.py
[2022-10-01 00:13:19,468] {processor.py:613} INFO - Processing file /home/airflow/.local/lib/python3.6/site-packages/airflow/example_dags/example_xcom.py for tasks to queue
[2022-10-01 00:13:19,470] {logging_mixin.py:109} INFO - [2022-10-01 00:13:19,470] {dagbag.py:496} INFO - Filling up the DagBag from /home/airflow/.local/lib/python3.6/site-packages/airflow/example_dags/example_xcom.py
[2022-10-01 00:13:19,479] {processor.py:623} INFO - DAG(s) dict_keys(['example_xcom']) retrieved from /home/airflow/.local/lib/python3.6/site-packages/airflow/example_dags/example_xcom.py
[2022-10-01 00:13:19,503] {logging_mixin.py:109} INFO - [2022-10-01 00:13:19,503] {dag.py:1833} INFO - Sync 1 DAGs
[2022-10-01 00:13:19,517] {logging_mixin.py:109} INFO - [2022-10-01 00:13:19,517] {dag.py:2306} INFO - Setting next_dagrun for example_xcom to 2022-09-29 00:00:00+00:00
[2022-10-01 00:13:19,530] {processor.py:170} INFO - Processing /home/airflow/.local/lib/python3.6/site-packages/airflow/example_dags/example_xcom.py took 0.065 seconds
[2022-10-01 00:13:49,629] {processor.py:162} INFO - Started process (PID=7085) to work on /home/airflow/.local/lib/python3.6/site-packages/airflow/example_dags/example_xcom.py
[2022-10-01 00:13:49,631] {processor.py:613} INFO - Processing file /home/airflow/.local/lib/python3.6/site-packages/airflow/example_dags/example_xcom.py for tasks to queue
[2022-10-01 00:13:49,632] {logging_mixin.py:109} INFO - [2022-10-01 00:13:49,632] {dagbag.py:496} INFO - Filling up the DagBag from /home/airflow/.local/lib/python3.6/site-packages/airflow/example_dags/example_xcom.py
[2022-10-01 00:13:49,641] {processor.py:623} INFO - DAG(s) dict_keys(['example_xcom']) retrieved from /home/airflow/.local/lib/python3.6/site-packages/airflow/example_dags/example_xcom.py
[2022-10-01 00:13:49,660] {logging_mixin.py:109} INFO - [2022-10-01 00:13:49,660] {dag.py:1833} INFO - Sync 1 DAGs
[2022-10-01 00:13:49,671] {logging_mixin.py:109} INFO - [2022-10-01 00:13:49,671] {dag.py:2306} INFO - Setting next_dagrun for example_xcom to 2022-09-29 00:00:00+00:00
[2022-10-01 00:13:49,683] {processor.py:170} INFO - Processing /home/airflow/.local/lib/python3.6/site-packages/airflow/example_dags/example_xcom.py took 0.056 seconds
[2022-10-01 00:14:19,985] {processor.py:162} INFO - Started process (PID=7146) to work on /home/airflow/.local/lib/python3.6/site-packages/airflow/example_dags/example_xcom.py
[2022-10-01 00:14:19,987] {processor.py:613} INFO - Processing file /home/airflow/.local/lib/python3.6/site-packages/airflow/example_dags/example_xcom.py for tasks to queue
[2022-10-01 00:14:19,988] {logging_mixin.py:109} INFO - [2022-10-01 00:14:19,988] {dagbag.py:496} INFO - Filling up the DagBag from /home/airflow/.local/lib/python3.6/site-packages/airflow/example_dags/example_xcom.py
[2022-10-01 00:14:19,998] {processor.py:623} INFO - DAG(s) dict_keys(['example_xcom']) retrieved from /home/airflow/.local/lib/python3.6/site-packages/airflow/example_dags/example_xcom.py
[2022-10-01 00:14:20,016] {logging_mixin.py:109} INFO - [2022-10-01 00:14:20,016] {dag.py:1833} INFO - Sync 1 DAGs
[2022-10-01 00:14:20,032] {logging_mixin.py:109} INFO - [2022-10-01 00:14:20,032] {dag.py:2306} INFO - Setting next_dagrun for example_xcom to 2022-09-29 00:00:00+00:00
[2022-10-01 00:14:20,044] {processor.py:170} INFO - Processing /home/airflow/.local/lib/python3.6/site-packages/airflow/example_dags/example_xcom.py took 0.062 seconds
[2022-10-01 00:14:50,883] {processor.py:162} INFO - Started process (PID=7198) to work on /home/airflow/.local/lib/python3.6/site-packages/airflow/example_dags/example_xcom.py
[2022-10-01 00:14:50,885] {processor.py:613} INFO - Processing file /home/airflow/.local/lib/python3.6/site-packages/airflow/example_dags/example_xcom.py for tasks to queue
[2022-10-01 00:14:50,886] {logging_mixin.py:109} INFO - [2022-10-01 00:14:50,886] {dagbag.py:496} INFO - Filling up the DagBag from /home/airflow/.local/lib/python3.6/site-packages/airflow/example_dags/example_xcom.py
[2022-10-01 00:14:50,894] {processor.py:623} INFO - DAG(s) dict_keys(['example_xcom']) retrieved from /home/airflow/.local/lib/python3.6/site-packages/airflow/example_dags/example_xcom.py
[2022-10-01 00:14:50,911] {logging_mixin.py:109} INFO - [2022-10-01 00:14:50,911] {dag.py:1833} INFO - Sync 1 DAGs
[2022-10-01 00:14:50,924] {logging_mixin.py:109} INFO - [2022-10-01 00:14:50,924] {dag.py:2306} INFO - Setting next_dagrun for example_xcom to 2022-09-29 00:00:00+00:00
[2022-10-01 00:14:50,937] {processor.py:170} INFO - Processing /home/airflow/.local/lib/python3.6/site-packages/airflow/example_dags/example_xcom.py took 0.056 seconds
[2022-10-01 00:15:21,223] {processor.py:162} INFO - Started process (PID=7259) to work on /home/airflow/.local/lib/python3.6/site-packages/airflow/example_dags/example_xcom.py
[2022-10-01 00:15:21,225] {processor.py:613} INFO - Processing file /home/airflow/.local/lib/python3.6/site-packages/airflow/example_dags/example_xcom.py for tasks to queue
[2022-10-01 00:15:21,226] {logging_mixin.py:109} INFO - [2022-10-01 00:15:21,226] {dagbag.py:496} INFO - Filling up the DagBag from /home/airflow/.local/lib/python3.6/site-packages/airflow/example_dags/example_xcom.py
[2022-10-01 00:15:21,235] {processor.py:623} INFO - DAG(s) dict_keys(['example_xcom']) retrieved from /home/airflow/.local/lib/python3.6/site-packages/airflow/example_dags/example_xcom.py
[2022-10-01 00:15:21,257] {logging_mixin.py:109} INFO - [2022-10-01 00:15:21,257] {dag.py:1833} INFO - Sync 1 DAGs
[2022-10-01 00:15:21,271] {logging_mixin.py:109} INFO - [2022-10-01 00:15:21,270] {dag.py:2306} INFO - Setting next_dagrun for example_xcom to 2022-09-29 00:00:00+00:00
[2022-10-01 00:15:21,282] {processor.py:170} INFO - Processing /home/airflow/.local/lib/python3.6/site-packages/airflow/example_dags/example_xcom.py took 0.062 seconds
[2022-10-01 00:15:51,884] {processor.py:162} INFO - Started process (PID=7320) to work on /home/airflow/.local/lib/python3.6/site-packages/airflow/example_dags/example_xcom.py
[2022-10-01 00:15:51,885] {processor.py:613} INFO - Processing file /home/airflow/.local/lib/python3.6/site-packages/airflow/example_dags/example_xcom.py for tasks to queue
[2022-10-01 00:15:51,887] {logging_mixin.py:109} INFO - [2022-10-01 00:15:51,887] {dagbag.py:496} INFO - Filling up the DagBag from /home/airflow/.local/lib/python3.6/site-packages/airflow/example_dags/example_xcom.py
[2022-10-01 00:15:51,895] {processor.py:623} INFO - DAG(s) dict_keys(['example_xcom']) retrieved from /home/airflow/.local/lib/python3.6/site-packages/airflow/example_dags/example_xcom.py
[2022-10-01 00:15:51,914] {logging_mixin.py:109} INFO - [2022-10-01 00:15:51,914] {dag.py:1833} INFO - Sync 1 DAGs
[2022-10-01 00:15:51,927] {logging_mixin.py:109} INFO - [2022-10-01 00:15:51,927] {dag.py:2306} INFO - Setting next_dagrun for example_xcom to 2022-09-29 00:00:00+00:00
[2022-10-01 00:15:51,937] {processor.py:170} INFO - Processing /home/airflow/.local/lib/python3.6/site-packages/airflow/example_dags/example_xcom.py took 0.056 seconds
[2022-10-01 00:16:22,668] {processor.py:162} INFO - Started process (PID=7371) to work on /home/airflow/.local/lib/python3.6/site-packages/airflow/example_dags/example_xcom.py
[2022-10-01 00:16:22,670] {processor.py:613} INFO - Processing file /home/airflow/.local/lib/python3.6/site-packages/airflow/example_dags/example_xcom.py for tasks to queue
[2022-10-01 00:16:22,671] {logging_mixin.py:109} INFO - [2022-10-01 00:16:22,671] {dagbag.py:496} INFO - Filling up the DagBag from /home/airflow/.local/lib/python3.6/site-packages/airflow/example_dags/example_xcom.py
[2022-10-01 00:16:22,680] {processor.py:623} INFO - DAG(s) dict_keys(['example_xcom']) retrieved from /home/airflow/.local/lib/python3.6/site-packages/airflow/example_dags/example_xcom.py
[2022-10-01 00:16:22,701] {logging_mixin.py:109} INFO - [2022-10-01 00:16:22,701] {dag.py:1833} INFO - Sync 1 DAGs
[2022-10-01 00:16:22,712] {logging_mixin.py:109} INFO - [2022-10-01 00:16:22,712] {dag.py:2306} INFO - Setting next_dagrun for example_xcom to 2022-09-29 00:00:00+00:00
[2022-10-01 00:16:22,724] {processor.py:170} INFO - Processing /home/airflow/.local/lib/python3.6/site-packages/airflow/example_dags/example_xcom.py took 0.059 seconds
[2022-10-01 00:16:53,820] {processor.py:162} INFO - Started process (PID=7432) to work on /home/airflow/.local/lib/python3.6/site-packages/airflow/example_dags/example_xcom.py
[2022-10-01 00:16:53,821] {processor.py:613} INFO - Processing file /home/airflow/.local/lib/python3.6/site-packages/airflow/example_dags/example_xcom.py for tasks to queue
[2022-10-01 00:16:53,822] {logging_mixin.py:109} INFO - [2022-10-01 00:16:53,822] {dagbag.py:496} INFO - Filling up the DagBag from /home/airflow/.local/lib/python3.6/site-packages/airflow/example_dags/example_xcom.py
[2022-10-01 00:16:53,831] {processor.py:623} INFO - DAG(s) dict_keys(['example_xcom']) retrieved from /home/airflow/.local/lib/python3.6/site-packages/airflow/example_dags/example_xcom.py
[2022-10-01 00:16:53,856] {logging_mixin.py:109} INFO - [2022-10-01 00:16:53,856] {dag.py:1833} INFO - Sync 1 DAGs
[2022-10-01 00:16:53,872] {logging_mixin.py:109} INFO - [2022-10-01 00:16:53,872] {dag.py:2306} INFO - Setting next_dagrun for example_xcom to 2022-09-29 00:00:00+00:00
[2022-10-01 00:16:53,885] {processor.py:170} INFO - Processing /home/airflow/.local/lib/python3.6/site-packages/airflow/example_dags/example_xcom.py took 0.068 seconds
[2022-10-01 00:17:24,656] {processor.py:162} INFO - Started process (PID=7493) to work on /home/airflow/.local/lib/python3.6/site-packages/airflow/example_dags/example_xcom.py
[2022-10-01 00:17:24,658] {processor.py:613} INFO - Processing file /home/airflow/.local/lib/python3.6/site-packages/airflow/example_dags/example_xcom.py for tasks to queue
[2022-10-01 00:17:24,660] {logging_mixin.py:109} INFO - [2022-10-01 00:17:24,659] {dagbag.py:496} INFO - Filling up the DagBag from /home/airflow/.local/lib/python3.6/site-packages/airflow/example_dags/example_xcom.py
[2022-10-01 00:17:24,669] {processor.py:623} INFO - DAG(s) dict_keys(['example_xcom']) retrieved from /home/airflow/.local/lib/python3.6/site-packages/airflow/example_dags/example_xcom.py
[2022-10-01 00:17:24,690] {logging_mixin.py:109} INFO - [2022-10-01 00:17:24,690] {dag.py:1833} INFO - Sync 1 DAGs
[2022-10-01 00:17:24,702] {logging_mixin.py:109} INFO - [2022-10-01 00:17:24,702] {dag.py:2306} INFO - Setting next_dagrun for example_xcom to 2022-09-29 00:00:00+00:00
[2022-10-01 00:17:24,714] {processor.py:170} INFO - Processing /home/airflow/.local/lib/python3.6/site-packages/airflow/example_dags/example_xcom.py took 0.061 seconds
[2022-10-01 00:17:55,095] {processor.py:162} INFO - Started process (PID=7554) to work on /home/airflow/.local/lib/python3.6/site-packages/airflow/example_dags/example_xcom.py
[2022-10-01 00:17:55,097] {processor.py:613} INFO - Processing file /home/airflow/.local/lib/python3.6/site-packages/airflow/example_dags/example_xcom.py for tasks to queue
[2022-10-01 00:17:55,098] {logging_mixin.py:109} INFO - [2022-10-01 00:17:55,098] {dagbag.py:496} INFO - Filling up the DagBag from /home/airflow/.local/lib/python3.6/site-packages/airflow/example_dags/example_xcom.py
[2022-10-01 00:17:55,107] {processor.py:623} INFO - DAG(s) dict_keys(['example_xcom']) retrieved from /home/airflow/.local/lib/python3.6/site-packages/airflow/example_dags/example_xcom.py
[2022-10-01 00:17:55,127] {logging_mixin.py:109} INFO - [2022-10-01 00:17:55,127] {dag.py:1833} INFO - Sync 1 DAGs
[2022-10-01 00:17:55,144] {logging_mixin.py:109} INFO - [2022-10-01 00:17:55,144] {dag.py:2306} INFO - Setting next_dagrun for example_xcom to 2022-09-29 00:00:00+00:00
[2022-10-01 00:17:55,155] {processor.py:170} INFO - Processing /home/airflow/.local/lib/python3.6/site-packages/airflow/example_dags/example_xcom.py took 0.062 seconds
[2022-10-01 00:18:18,187] {processor.py:162} INFO - Started process (PID=7607) to work on /home/airflow/.local/lib/python3.6/site-packages/airflow/example_dags/example_xcom.py
[2022-10-01 00:18:18,188] {processor.py:613} INFO - Processing file /home/airflow/.local/lib/python3.6/site-packages/airflow/example_dags/example_xcom.py for tasks to queue
[2022-10-01 00:18:18,189] {logging_mixin.py:109} INFO - [2022-10-01 00:18:18,189] {dagbag.py:496} INFO - Filling up the DagBag from /home/airflow/.local/lib/python3.6/site-packages/airflow/example_dags/example_xcom.py
[2022-10-01 00:18:18,198] {processor.py:623} INFO - DAG(s) dict_keys(['example_xcom']) retrieved from /home/airflow/.local/lib/python3.6/site-packages/airflow/example_dags/example_xcom.py
[2022-10-01 00:18:18,220] {logging_mixin.py:109} INFO - [2022-10-01 00:18:18,220] {dag.py:1833} INFO - Sync 1 DAGs
[2022-10-01 00:18:18,236] {logging_mixin.py:109} INFO - [2022-10-01 00:18:18,236] {dag.py:2306} INFO - Setting next_dagrun for example_xcom to 2022-09-29 00:00:00+00:00
[2022-10-01 00:18:18,250] {processor.py:170} INFO - Processing /home/airflow/.local/lib/python3.6/site-packages/airflow/example_dags/example_xcom.py took 0.065 seconds
[2022-10-01 00:18:49,557] {processor.py:162} INFO - Started process (PID=7659) to work on /home/airflow/.local/lib/python3.6/site-packages/airflow/example_dags/example_xcom.py
[2022-10-01 00:18:49,559] {processor.py:613} INFO - Processing file /home/airflow/.local/lib/python3.6/site-packages/airflow/example_dags/example_xcom.py for tasks to queue
[2022-10-01 00:18:49,560] {logging_mixin.py:109} INFO - [2022-10-01 00:18:49,560] {dagbag.py:496} INFO - Filling up the DagBag from /home/airflow/.local/lib/python3.6/site-packages/airflow/example_dags/example_xcom.py
[2022-10-01 00:18:49,569] {processor.py:623} INFO - DAG(s) dict_keys(['example_xcom']) retrieved from /home/airflow/.local/lib/python3.6/site-packages/airflow/example_dags/example_xcom.py
[2022-10-01 00:18:49,587] {logging_mixin.py:109} INFO - [2022-10-01 00:18:49,587] {dag.py:1833} INFO - Sync 1 DAGs
[2022-10-01 00:18:49,597] {logging_mixin.py:109} INFO - [2022-10-01 00:18:49,597] {dag.py:2306} INFO - Setting next_dagrun for example_xcom to 2022-09-29 00:00:00+00:00
[2022-10-01 00:18:49,607] {processor.py:170} INFO - Processing /home/airflow/.local/lib/python3.6/site-packages/airflow/example_dags/example_xcom.py took 0.053 seconds
[2022-10-01 00:19:20,567] {processor.py:162} INFO - Started process (PID=7720) to work on /home/airflow/.local/lib/python3.6/site-packages/airflow/example_dags/example_xcom.py
[2022-10-01 00:19:20,569] {processor.py:613} INFO - Processing file /home/airflow/.local/lib/python3.6/site-packages/airflow/example_dags/example_xcom.py for tasks to queue
[2022-10-01 00:19:20,570] {logging_mixin.py:109} INFO - [2022-10-01 00:19:20,570] {dagbag.py:496} INFO - Filling up the DagBag from /home/airflow/.local/lib/python3.6/site-packages/airflow/example_dags/example_xcom.py
[2022-10-01 00:19:20,579] {processor.py:623} INFO - DAG(s) dict_keys(['example_xcom']) retrieved from /home/airflow/.local/lib/python3.6/site-packages/airflow/example_dags/example_xcom.py
[2022-10-01 00:19:20,599] {logging_mixin.py:109} INFO - [2022-10-01 00:19:20,599] {dag.py:1833} INFO - Sync 1 DAGs
[2022-10-01 00:19:20,610] {logging_mixin.py:109} INFO - [2022-10-01 00:19:20,610] {dag.py:2306} INFO - Setting next_dagrun for example_xcom to 2022-09-29 00:00:00+00:00
[2022-10-01 00:19:20,622] {processor.py:170} INFO - Processing /home/airflow/.local/lib/python3.6/site-packages/airflow/example_dags/example_xcom.py took 0.058 seconds
[2022-10-01 00:19:51,575] {processor.py:162} INFO - Started process (PID=7780) to work on /home/airflow/.local/lib/python3.6/site-packages/airflow/example_dags/example_xcom.py
[2022-10-01 00:19:51,577] {processor.py:613} INFO - Processing file /home/airflow/.local/lib/python3.6/site-packages/airflow/example_dags/example_xcom.py for tasks to queue
[2022-10-01 00:19:51,579] {logging_mixin.py:109} INFO - [2022-10-01 00:19:51,579] {dagbag.py:496} INFO - Filling up the DagBag from /home/airflow/.local/lib/python3.6/site-packages/airflow/example_dags/example_xcom.py
[2022-10-01 00:19:51,591] {processor.py:623} INFO - DAG(s) dict_keys(['example_xcom']) retrieved from /home/airflow/.local/lib/python3.6/site-packages/airflow/example_dags/example_xcom.py
[2022-10-01 00:19:51,607] {logging_mixin.py:109} INFO - [2022-10-01 00:19:51,607] {dag.py:1833} INFO - Sync 1 DAGs
[2022-10-01 00:19:51,618] {logging_mixin.py:109} INFO - [2022-10-01 00:19:51,618] {dag.py:2306} INFO - Setting next_dagrun for example_xcom to 2022-09-29 00:00:00+00:00
[2022-10-01 00:19:51,627] {processor.py:170} INFO - Processing /home/airflow/.local/lib/python3.6/site-packages/airflow/example_dags/example_xcom.py took 0.055 seconds
