[2022-10-01 00:00:01,368] {processor.py:162} INFO - Started process (PID=5518) to work on /home/airflow/.local/lib/python3.6/site-packages/airflow/example_dags/example_branch_datetime_operator.py
[2022-10-01 00:00:01,370] {processor.py:613} INFO - Processing file /home/airflow/.local/lib/python3.6/site-packages/airflow/example_dags/example_branch_datetime_operator.py for tasks to queue
[2022-10-01 00:00:01,372] {logging_mixin.py:109} INFO - [2022-10-01 00:00:01,372] {dagbag.py:496} INFO - Filling up the DagBag from /home/airflow/.local/lib/python3.6/site-packages/airflow/example_dags/example_branch_datetime_operator.py
[2022-10-01 00:00:01,383] {processor.py:623} INFO - DAG(s) dict_keys(['example_branch_datetime_operator_2']) retrieved from /home/airflow/.local/lib/python3.6/site-packages/airflow/example_dags/example_branch_datetime_operator.py
[2022-10-01 00:00:01,590] {logging_mixin.py:109} INFO - [2022-10-01 00:00:01,590] {dag.py:1833} INFO - Sync 1 DAGs
[2022-10-01 00:00:01,612] {logging_mixin.py:109} INFO - [2022-10-01 00:00:01,612] {dag.py:2306} INFO - Setting next_dagrun for example_branch_datetime_operator_2 to 2022-09-29 00:00:00+00:00
[2022-10-01 00:00:01,628] {processor.py:170} INFO - Processing /home/airflow/.local/lib/python3.6/site-packages/airflow/example_dags/example_branch_datetime_operator.py took 0.265 seconds
[2022-10-01 00:00:32,038] {processor.py:162} INFO - Started process (PID=5579) to work on /home/airflow/.local/lib/python3.6/site-packages/airflow/example_dags/example_branch_datetime_operator.py
[2022-10-01 00:00:32,040] {processor.py:613} INFO - Processing file /home/airflow/.local/lib/python3.6/site-packages/airflow/example_dags/example_branch_datetime_operator.py for tasks to queue
[2022-10-01 00:00:32,041] {logging_mixin.py:109} INFO - [2022-10-01 00:00:32,041] {dagbag.py:496} INFO - Filling up the DagBag from /home/airflow/.local/lib/python3.6/site-packages/airflow/example_dags/example_branch_datetime_operator.py
[2022-10-01 00:00:32,053] {processor.py:623} INFO - DAG(s) dict_keys(['example_branch_datetime_operator_2']) retrieved from /home/airflow/.local/lib/python3.6/site-packages/airflow/example_dags/example_branch_datetime_operator.py
[2022-10-01 00:00:32,076] {logging_mixin.py:109} INFO - [2022-10-01 00:00:32,076] {dag.py:1833} INFO - Sync 1 DAGs
[2022-10-01 00:00:32,093] {logging_mixin.py:109} INFO - [2022-10-01 00:00:32,093] {dag.py:2306} INFO - Setting next_dagrun for example_branch_datetime_operator_2 to 2022-09-29 00:00:00+00:00
[2022-10-01 00:00:32,105] {processor.py:170} INFO - Processing /home/airflow/.local/lib/python3.6/site-packages/airflow/example_dags/example_branch_datetime_operator.py took 0.070 seconds
[2022-10-01 00:01:02,681] {processor.py:162} INFO - Started process (PID=5629) to work on /home/airflow/.local/lib/python3.6/site-packages/airflow/example_dags/example_branch_datetime_operator.py
[2022-10-01 00:01:02,683] {processor.py:613} INFO - Processing file /home/airflow/.local/lib/python3.6/site-packages/airflow/example_dags/example_branch_datetime_operator.py for tasks to queue
[2022-10-01 00:01:02,684] {logging_mixin.py:109} INFO - [2022-10-01 00:01:02,684] {dagbag.py:496} INFO - Filling up the DagBag from /home/airflow/.local/lib/python3.6/site-packages/airflow/example_dags/example_branch_datetime_operator.py
[2022-10-01 00:01:02,695] {processor.py:623} INFO - DAG(s) dict_keys(['example_branch_datetime_operator_2']) retrieved from /home/airflow/.local/lib/python3.6/site-packages/airflow/example_dags/example_branch_datetime_operator.py
[2022-10-01 00:01:02,715] {logging_mixin.py:109} INFO - [2022-10-01 00:01:02,715] {dag.py:1833} INFO - Sync 1 DAGs
[2022-10-01 00:01:02,733] {logging_mixin.py:109} INFO - [2022-10-01 00:01:02,733] {dag.py:2306} INFO - Setting next_dagrun for example_branch_datetime_operator_2 to 2022-09-29 00:00:00+00:00
[2022-10-01 00:01:02,742] {processor.py:170} INFO - Processing /home/airflow/.local/lib/python3.6/site-packages/airflow/example_dags/example_branch_datetime_operator.py took 0.064 seconds
[2022-10-01 00:01:32,951] {processor.py:162} INFO - Started process (PID=5690) to work on /home/airflow/.local/lib/python3.6/site-packages/airflow/example_dags/example_branch_datetime_operator.py
[2022-10-01 00:01:32,952] {processor.py:613} INFO - Processing file /home/airflow/.local/lib/python3.6/site-packages/airflow/example_dags/example_branch_datetime_operator.py for tasks to queue
[2022-10-01 00:01:32,953] {logging_mixin.py:109} INFO - [2022-10-01 00:01:32,953] {dagbag.py:496} INFO - Filling up the DagBag from /home/airflow/.local/lib/python3.6/site-packages/airflow/example_dags/example_branch_datetime_operator.py
[2022-10-01 00:01:32,961] {processor.py:623} INFO - DAG(s) dict_keys(['example_branch_datetime_operator_2']) retrieved from /home/airflow/.local/lib/python3.6/site-packages/airflow/example_dags/example_branch_datetime_operator.py
[2022-10-01 00:01:32,979] {logging_mixin.py:109} INFO - [2022-10-01 00:01:32,978] {dag.py:1833} INFO - Sync 1 DAGs
[2022-10-01 00:01:32,991] {logging_mixin.py:109} INFO - [2022-10-01 00:01:32,990] {dag.py:2306} INFO - Setting next_dagrun for example_branch_datetime_operator_2 to 2022-09-29 00:00:00+00:00
[2022-10-01 00:01:33,001] {processor.py:170} INFO - Processing /home/airflow/.local/lib/python3.6/site-packages/airflow/example_dags/example_branch_datetime_operator.py took 0.054 seconds
[2022-10-01 00:02:03,158] {processor.py:162} INFO - Started process (PID=5751) to work on /home/airflow/.local/lib/python3.6/site-packages/airflow/example_dags/example_branch_datetime_operator.py
[2022-10-01 00:02:03,159] {processor.py:613} INFO - Processing file /home/airflow/.local/lib/python3.6/site-packages/airflow/example_dags/example_branch_datetime_operator.py for tasks to queue
[2022-10-01 00:02:03,161] {logging_mixin.py:109} INFO - [2022-10-01 00:02:03,160] {dagbag.py:496} INFO - Filling up the DagBag from /home/airflow/.local/lib/python3.6/site-packages/airflow/example_dags/example_branch_datetime_operator.py
[2022-10-01 00:02:03,169] {processor.py:623} INFO - DAG(s) dict_keys(['example_branch_datetime_operator_2']) retrieved from /home/airflow/.local/lib/python3.6/site-packages/airflow/example_dags/example_branch_datetime_operator.py
[2022-10-01 00:02:03,228] {logging_mixin.py:109} INFO - [2022-10-01 00:02:03,227] {dag.py:1833} INFO - Sync 1 DAGs
[2022-10-01 00:02:03,242] {logging_mixin.py:109} INFO - [2022-10-01 00:02:03,242] {dag.py:2306} INFO - Setting next_dagrun for example_branch_datetime_operator_2 to 2022-09-29 00:00:00+00:00
[2022-10-01 00:02:03,252] {processor.py:170} INFO - Processing /home/airflow/.local/lib/python3.6/site-packages/airflow/example_dags/example_branch_datetime_operator.py took 0.097 seconds
[2022-10-01 00:02:33,557] {processor.py:162} INFO - Started process (PID=5802) to work on /home/airflow/.local/lib/python3.6/site-packages/airflow/example_dags/example_branch_datetime_operator.py
[2022-10-01 00:02:33,559] {processor.py:613} INFO - Processing file /home/airflow/.local/lib/python3.6/site-packages/airflow/example_dags/example_branch_datetime_operator.py for tasks to queue
[2022-10-01 00:02:33,561] {logging_mixin.py:109} INFO - [2022-10-01 00:02:33,561] {dagbag.py:496} INFO - Filling up the DagBag from /home/airflow/.local/lib/python3.6/site-packages/airflow/example_dags/example_branch_datetime_operator.py
[2022-10-01 00:02:33,570] {processor.py:623} INFO - DAG(s) dict_keys(['example_branch_datetime_operator_2']) retrieved from /home/airflow/.local/lib/python3.6/site-packages/airflow/example_dags/example_branch_datetime_operator.py
[2022-10-01 00:02:33,590] {logging_mixin.py:109} INFO - [2022-10-01 00:02:33,590] {dag.py:1833} INFO - Sync 1 DAGs
[2022-10-01 00:02:33,605] {logging_mixin.py:109} INFO - [2022-10-01 00:02:33,605] {dag.py:2306} INFO - Setting next_dagrun for example_branch_datetime_operator_2 to 2022-09-29 00:00:00+00:00
[2022-10-01 00:02:33,616] {processor.py:170} INFO - Processing /home/airflow/.local/lib/python3.6/site-packages/airflow/example_dags/example_branch_datetime_operator.py took 0.062 seconds
[2022-10-01 00:03:03,696] {processor.py:162} INFO - Started process (PID=5863) to work on /home/airflow/.local/lib/python3.6/site-packages/airflow/example_dags/example_branch_datetime_operator.py
[2022-10-01 00:03:03,699] {processor.py:613} INFO - Processing file /home/airflow/.local/lib/python3.6/site-packages/airflow/example_dags/example_branch_datetime_operator.py for tasks to queue
[2022-10-01 00:03:03,700] {logging_mixin.py:109} INFO - [2022-10-01 00:03:03,700] {dagbag.py:496} INFO - Filling up the DagBag from /home/airflow/.local/lib/python3.6/site-packages/airflow/example_dags/example_branch_datetime_operator.py
[2022-10-01 00:03:03,713] {processor.py:623} INFO - DAG(s) dict_keys(['example_branch_datetime_operator_2']) retrieved from /home/airflow/.local/lib/python3.6/site-packages/airflow/example_dags/example_branch_datetime_operator.py
[2022-10-01 00:03:03,738] {logging_mixin.py:109} INFO - [2022-10-01 00:03:03,738] {dag.py:1833} INFO - Sync 1 DAGs
[2022-10-01 00:03:03,757] {logging_mixin.py:109} INFO - [2022-10-01 00:03:03,757] {dag.py:2306} INFO - Setting next_dagrun for example_branch_datetime_operator_2 to 2022-09-29 00:00:00+00:00
[2022-10-01 00:03:03,771] {processor.py:170} INFO - Processing /home/airflow/.local/lib/python3.6/site-packages/airflow/example_dags/example_branch_datetime_operator.py took 0.078 seconds
[2022-10-01 00:03:33,980] {processor.py:162} INFO - Started process (PID=5924) to work on /home/airflow/.local/lib/python3.6/site-packages/airflow/example_dags/example_branch_datetime_operator.py
[2022-10-01 00:03:33,982] {processor.py:613} INFO - Processing file /home/airflow/.local/lib/python3.6/site-packages/airflow/example_dags/example_branch_datetime_operator.py for tasks to queue
[2022-10-01 00:03:33,983] {logging_mixin.py:109} INFO - [2022-10-01 00:03:33,983] {dagbag.py:496} INFO - Filling up the DagBag from /home/airflow/.local/lib/python3.6/site-packages/airflow/example_dags/example_branch_datetime_operator.py
[2022-10-01 00:03:33,993] {processor.py:623} INFO - DAG(s) dict_keys(['example_branch_datetime_operator_2']) retrieved from /home/airflow/.local/lib/python3.6/site-packages/airflow/example_dags/example_branch_datetime_operator.py
[2022-10-01 00:03:34,015] {logging_mixin.py:109} INFO - [2022-10-01 00:03:34,015] {dag.py:1833} INFO - Sync 1 DAGs
[2022-10-01 00:03:34,027] {logging_mixin.py:109} INFO - [2022-10-01 00:03:34,027] {dag.py:2306} INFO - Setting next_dagrun for example_branch_datetime_operator_2 to 2022-09-29 00:00:00+00:00
[2022-10-01 00:03:34,036] {processor.py:170} INFO - Processing /home/airflow/.local/lib/python3.6/site-packages/airflow/example_dags/example_branch_datetime_operator.py took 0.058 seconds
[2022-10-01 00:04:04,279] {processor.py:162} INFO - Started process (PID=5975) to work on /home/airflow/.local/lib/python3.6/site-packages/airflow/example_dags/example_branch_datetime_operator.py
[2022-10-01 00:04:04,281] {processor.py:613} INFO - Processing file /home/airflow/.local/lib/python3.6/site-packages/airflow/example_dags/example_branch_datetime_operator.py for tasks to queue
[2022-10-01 00:04:04,282] {logging_mixin.py:109} INFO - [2022-10-01 00:04:04,282] {dagbag.py:496} INFO - Filling up the DagBag from /home/airflow/.local/lib/python3.6/site-packages/airflow/example_dags/example_branch_datetime_operator.py
[2022-10-01 00:04:04,292] {processor.py:623} INFO - DAG(s) dict_keys(['example_branch_datetime_operator_2']) retrieved from /home/airflow/.local/lib/python3.6/site-packages/airflow/example_dags/example_branch_datetime_operator.py
[2022-10-01 00:04:04,311] {logging_mixin.py:109} INFO - [2022-10-01 00:04:04,311] {dag.py:1833} INFO - Sync 1 DAGs
[2022-10-01 00:04:04,326] {logging_mixin.py:109} INFO - [2022-10-01 00:04:04,326] {dag.py:2306} INFO - Setting next_dagrun for example_branch_datetime_operator_2 to 2022-09-29 00:00:00+00:00
[2022-10-01 00:04:04,334] {processor.py:170} INFO - Processing /home/airflow/.local/lib/python3.6/site-packages/airflow/example_dags/example_branch_datetime_operator.py took 0.057 seconds
[2022-10-01 00:04:34,543] {processor.py:162} INFO - Started process (PID=6036) to work on /home/airflow/.local/lib/python3.6/site-packages/airflow/example_dags/example_branch_datetime_operator.py
[2022-10-01 00:04:34,544] {processor.py:613} INFO - Processing file /home/airflow/.local/lib/python3.6/site-packages/airflow/example_dags/example_branch_datetime_operator.py for tasks to queue
[2022-10-01 00:04:34,546] {logging_mixin.py:109} INFO - [2022-10-01 00:04:34,545] {dagbag.py:496} INFO - Filling up the DagBag from /home/airflow/.local/lib/python3.6/site-packages/airflow/example_dags/example_branch_datetime_operator.py
[2022-10-01 00:04:34,554] {processor.py:623} INFO - DAG(s) dict_keys(['example_branch_datetime_operator_2']) retrieved from /home/airflow/.local/lib/python3.6/site-packages/airflow/example_dags/example_branch_datetime_operator.py
[2022-10-01 00:04:34,571] {logging_mixin.py:109} INFO - [2022-10-01 00:04:34,571] {dag.py:1833} INFO - Sync 1 DAGs
[2022-10-01 00:04:34,584] {logging_mixin.py:109} INFO - [2022-10-01 00:04:34,584] {dag.py:2306} INFO - Setting next_dagrun for example_branch_datetime_operator_2 to 2022-09-29 00:00:00+00:00
[2022-10-01 00:04:34,595] {processor.py:170} INFO - Processing /home/airflow/.local/lib/python3.6/site-packages/airflow/example_dags/example_branch_datetime_operator.py took 0.054 seconds
[2022-10-01 00:05:04,801] {processor.py:162} INFO - Started process (PID=6097) to work on /home/airflow/.local/lib/python3.6/site-packages/airflow/example_dags/example_branch_datetime_operator.py
[2022-10-01 00:05:04,803] {processor.py:613} INFO - Processing file /home/airflow/.local/lib/python3.6/site-packages/airflow/example_dags/example_branch_datetime_operator.py for tasks to queue
[2022-10-01 00:05:04,804] {logging_mixin.py:109} INFO - [2022-10-01 00:05:04,804] {dagbag.py:496} INFO - Filling up the DagBag from /home/airflow/.local/lib/python3.6/site-packages/airflow/example_dags/example_branch_datetime_operator.py
[2022-10-01 00:05:04,815] {processor.py:623} INFO - DAG(s) dict_keys(['example_branch_datetime_operator_2']) retrieved from /home/airflow/.local/lib/python3.6/site-packages/airflow/example_dags/example_branch_datetime_operator.py
[2022-10-01 00:05:04,838] {logging_mixin.py:109} INFO - [2022-10-01 00:05:04,838] {dag.py:1833} INFO - Sync 1 DAGs
[2022-10-01 00:05:04,855] {logging_mixin.py:109} INFO - [2022-10-01 00:05:04,855] {dag.py:2306} INFO - Setting next_dagrun for example_branch_datetime_operator_2 to 2022-09-29 00:00:00+00:00
[2022-10-01 00:05:04,867] {processor.py:170} INFO - Processing /home/airflow/.local/lib/python3.6/site-packages/airflow/example_dags/example_branch_datetime_operator.py took 0.069 seconds
[2022-10-01 00:05:35,068] {processor.py:162} INFO - Started process (PID=6148) to work on /home/airflow/.local/lib/python3.6/site-packages/airflow/example_dags/example_branch_datetime_operator.py
[2022-10-01 00:05:35,069] {processor.py:613} INFO - Processing file /home/airflow/.local/lib/python3.6/site-packages/airflow/example_dags/example_branch_datetime_operator.py for tasks to queue
[2022-10-01 00:05:35,070] {logging_mixin.py:109} INFO - [2022-10-01 00:05:35,070] {dagbag.py:496} INFO - Filling up the DagBag from /home/airflow/.local/lib/python3.6/site-packages/airflow/example_dags/example_branch_datetime_operator.py
[2022-10-01 00:05:35,080] {processor.py:623} INFO - DAG(s) dict_keys(['example_branch_datetime_operator_2']) retrieved from /home/airflow/.local/lib/python3.6/site-packages/airflow/example_dags/example_branch_datetime_operator.py
[2022-10-01 00:05:35,104] {logging_mixin.py:109} INFO - [2022-10-01 00:05:35,104] {dag.py:1833} INFO - Sync 1 DAGs
[2022-10-01 00:05:35,119] {logging_mixin.py:109} INFO - [2022-10-01 00:05:35,119] {dag.py:2306} INFO - Setting next_dagrun for example_branch_datetime_operator_2 to 2022-09-29 00:00:00+00:00
[2022-10-01 00:05:35,130] {processor.py:170} INFO - Processing /home/airflow/.local/lib/python3.6/site-packages/airflow/example_dags/example_branch_datetime_operator.py took 0.066 seconds
[2022-10-01 00:06:05,568] {processor.py:162} INFO - Started process (PID=6210) to work on /home/airflow/.local/lib/python3.6/site-packages/airflow/example_dags/example_branch_datetime_operator.py
[2022-10-01 00:06:05,570] {processor.py:613} INFO - Processing file /home/airflow/.local/lib/python3.6/site-packages/airflow/example_dags/example_branch_datetime_operator.py for tasks to queue
[2022-10-01 00:06:05,571] {logging_mixin.py:109} INFO - [2022-10-01 00:06:05,571] {dagbag.py:496} INFO - Filling up the DagBag from /home/airflow/.local/lib/python3.6/site-packages/airflow/example_dags/example_branch_datetime_operator.py
[2022-10-01 00:06:05,582] {processor.py:623} INFO - DAG(s) dict_keys(['example_branch_datetime_operator_2']) retrieved from /home/airflow/.local/lib/python3.6/site-packages/airflow/example_dags/example_branch_datetime_operator.py
[2022-10-01 00:06:05,602] {logging_mixin.py:109} INFO - [2022-10-01 00:06:05,602] {dag.py:1833} INFO - Sync 1 DAGs
[2022-10-01 00:06:05,617] {logging_mixin.py:109} INFO - [2022-10-01 00:06:05,617] {dag.py:2306} INFO - Setting next_dagrun for example_branch_datetime_operator_2 to 2022-09-29 00:00:00+00:00
[2022-10-01 00:06:05,629] {processor.py:170} INFO - Processing /home/airflow/.local/lib/python3.6/site-packages/airflow/example_dags/example_branch_datetime_operator.py took 0.065 seconds
[2022-10-01 00:06:35,713] {processor.py:162} INFO - Started process (PID=6262) to work on /home/airflow/.local/lib/python3.6/site-packages/airflow/example_dags/example_branch_datetime_operator.py
[2022-10-01 00:06:35,715] {processor.py:613} INFO - Processing file /home/airflow/.local/lib/python3.6/site-packages/airflow/example_dags/example_branch_datetime_operator.py for tasks to queue
[2022-10-01 00:06:35,716] {logging_mixin.py:109} INFO - [2022-10-01 00:06:35,716] {dagbag.py:496} INFO - Filling up the DagBag from /home/airflow/.local/lib/python3.6/site-packages/airflow/example_dags/example_branch_datetime_operator.py
[2022-10-01 00:06:35,725] {processor.py:623} INFO - DAG(s) dict_keys(['example_branch_datetime_operator_2']) retrieved from /home/airflow/.local/lib/python3.6/site-packages/airflow/example_dags/example_branch_datetime_operator.py
[2022-10-01 00:06:35,745] {logging_mixin.py:109} INFO - [2022-10-01 00:06:35,745] {dag.py:1833} INFO - Sync 1 DAGs
[2022-10-01 00:06:35,759] {logging_mixin.py:109} INFO - [2022-10-01 00:06:35,759] {dag.py:2306} INFO - Setting next_dagrun for example_branch_datetime_operator_2 to 2022-09-29 00:00:00+00:00
[2022-10-01 00:06:35,769] {processor.py:170} INFO - Processing /home/airflow/.local/lib/python3.6/site-packages/airflow/example_dags/example_branch_datetime_operator.py took 0.060 seconds
[2022-10-01 00:07:05,992] {processor.py:162} INFO - Started process (PID=6323) to work on /home/airflow/.local/lib/python3.6/site-packages/airflow/example_dags/example_branch_datetime_operator.py
[2022-10-01 00:07:05,994] {processor.py:613} INFO - Processing file /home/airflow/.local/lib/python3.6/site-packages/airflow/example_dags/example_branch_datetime_operator.py for tasks to queue
[2022-10-01 00:07:05,996] {logging_mixin.py:109} INFO - [2022-10-01 00:07:05,996] {dagbag.py:496} INFO - Filling up the DagBag from /home/airflow/.local/lib/python3.6/site-packages/airflow/example_dags/example_branch_datetime_operator.py
[2022-10-01 00:07:06,005] {processor.py:623} INFO - DAG(s) dict_keys(['example_branch_datetime_operator_2']) retrieved from /home/airflow/.local/lib/python3.6/site-packages/airflow/example_dags/example_branch_datetime_operator.py
[2022-10-01 00:07:06,024] {logging_mixin.py:109} INFO - [2022-10-01 00:07:06,024] {dag.py:1833} INFO - Sync 1 DAGs
[2022-10-01 00:07:06,037] {logging_mixin.py:109} INFO - [2022-10-01 00:07:06,037] {dag.py:2306} INFO - Setting next_dagrun for example_branch_datetime_operator_2 to 2022-09-29 00:00:00+00:00
[2022-10-01 00:07:06,049] {processor.py:170} INFO - Processing /home/airflow/.local/lib/python3.6/site-packages/airflow/example_dags/example_branch_datetime_operator.py took 0.059 seconds
[2022-10-01 00:07:37,599] {processor.py:162} INFO - Started process (PID=6384) to work on /home/airflow/.local/lib/python3.6/site-packages/airflow/example_dags/example_branch_datetime_operator.py
[2022-10-01 00:07:37,600] {processor.py:613} INFO - Processing file /home/airflow/.local/lib/python3.6/site-packages/airflow/example_dags/example_branch_datetime_operator.py for tasks to queue
[2022-10-01 00:07:37,602] {logging_mixin.py:109} INFO - [2022-10-01 00:07:37,602] {dagbag.py:496} INFO - Filling up the DagBag from /home/airflow/.local/lib/python3.6/site-packages/airflow/example_dags/example_branch_datetime_operator.py
[2022-10-01 00:07:37,614] {processor.py:623} INFO - DAG(s) dict_keys(['example_branch_datetime_operator_2']) retrieved from /home/airflow/.local/lib/python3.6/site-packages/airflow/example_dags/example_branch_datetime_operator.py
[2022-10-01 00:07:37,638] {logging_mixin.py:109} INFO - [2022-10-01 00:07:37,638] {dag.py:1833} INFO - Sync 1 DAGs
[2022-10-01 00:07:37,657] {logging_mixin.py:109} INFO - [2022-10-01 00:07:37,657] {dag.py:2306} INFO - Setting next_dagrun for example_branch_datetime_operator_2 to 2022-09-29 00:00:00+00:00
[2022-10-01 00:07:37,669] {processor.py:170} INFO - Processing /home/airflow/.local/lib/python3.6/site-packages/airflow/example_dags/example_branch_datetime_operator.py took 0.074 seconds
[2022-10-01 00:08:07,720] {processor.py:162} INFO - Started process (PID=6435) to work on /home/airflow/.local/lib/python3.6/site-packages/airflow/example_dags/example_branch_datetime_operator.py
[2022-10-01 00:08:07,723] {processor.py:613} INFO - Processing file /home/airflow/.local/lib/python3.6/site-packages/airflow/example_dags/example_branch_datetime_operator.py for tasks to queue
[2022-10-01 00:08:07,724] {logging_mixin.py:109} INFO - [2022-10-01 00:08:07,724] {dagbag.py:496} INFO - Filling up the DagBag from /home/airflow/.local/lib/python3.6/site-packages/airflow/example_dags/example_branch_datetime_operator.py
[2022-10-01 00:08:07,734] {processor.py:623} INFO - DAG(s) dict_keys(['example_branch_datetime_operator_2']) retrieved from /home/airflow/.local/lib/python3.6/site-packages/airflow/example_dags/example_branch_datetime_operator.py
[2022-10-01 00:08:07,754] {logging_mixin.py:109} INFO - [2022-10-01 00:08:07,754] {dag.py:1833} INFO - Sync 1 DAGs
[2022-10-01 00:08:07,769] {logging_mixin.py:109} INFO - [2022-10-01 00:08:07,768] {dag.py:2306} INFO - Setting next_dagrun for example_branch_datetime_operator_2 to 2022-09-29 00:00:00+00:00
[2022-10-01 00:08:07,782] {processor.py:170} INFO - Processing /home/airflow/.local/lib/python3.6/site-packages/airflow/example_dags/example_branch_datetime_operator.py took 0.064 seconds
[2022-10-01 00:08:38,050] {processor.py:162} INFO - Started process (PID=6496) to work on /home/airflow/.local/lib/python3.6/site-packages/airflow/example_dags/example_branch_datetime_operator.py
[2022-10-01 00:08:38,052] {processor.py:613} INFO - Processing file /home/airflow/.local/lib/python3.6/site-packages/airflow/example_dags/example_branch_datetime_operator.py for tasks to queue
[2022-10-01 00:08:38,053] {logging_mixin.py:109} INFO - [2022-10-01 00:08:38,053] {dagbag.py:496} INFO - Filling up the DagBag from /home/airflow/.local/lib/python3.6/site-packages/airflow/example_dags/example_branch_datetime_operator.py
[2022-10-01 00:08:38,061] {processor.py:623} INFO - DAG(s) dict_keys(['example_branch_datetime_operator_2']) retrieved from /home/airflow/.local/lib/python3.6/site-packages/airflow/example_dags/example_branch_datetime_operator.py
[2022-10-01 00:08:38,078] {logging_mixin.py:109} INFO - [2022-10-01 00:08:38,078] {dag.py:1833} INFO - Sync 1 DAGs
[2022-10-01 00:08:38,091] {logging_mixin.py:109} INFO - [2022-10-01 00:08:38,091] {dag.py:2306} INFO - Setting next_dagrun for example_branch_datetime_operator_2 to 2022-09-29 00:00:00+00:00
[2022-10-01 00:08:38,102] {processor.py:170} INFO - Processing /home/airflow/.local/lib/python3.6/site-packages/airflow/example_dags/example_branch_datetime_operator.py took 0.054 seconds
[2022-10-01 00:09:09,087] {processor.py:162} INFO - Started process (PID=6556) to work on /home/airflow/.local/lib/python3.6/site-packages/airflow/example_dags/example_branch_datetime_operator.py
[2022-10-01 00:09:09,089] {processor.py:613} INFO - Processing file /home/airflow/.local/lib/python3.6/site-packages/airflow/example_dags/example_branch_datetime_operator.py for tasks to queue
[2022-10-01 00:09:09,090] {logging_mixin.py:109} INFO - [2022-10-01 00:09:09,090] {dagbag.py:496} INFO - Filling up the DagBag from /home/airflow/.local/lib/python3.6/site-packages/airflow/example_dags/example_branch_datetime_operator.py
[2022-10-01 00:09:09,101] {processor.py:623} INFO - DAG(s) dict_keys(['example_branch_datetime_operator_2']) retrieved from /home/airflow/.local/lib/python3.6/site-packages/airflow/example_dags/example_branch_datetime_operator.py
[2022-10-01 00:09:09,124] {logging_mixin.py:109} INFO - [2022-10-01 00:09:09,124] {dag.py:1833} INFO - Sync 1 DAGs
[2022-10-01 00:09:09,145] {logging_mixin.py:109} INFO - [2022-10-01 00:09:09,145] {dag.py:2306} INFO - Setting next_dagrun for example_branch_datetime_operator_2 to 2022-09-29 00:00:00+00:00
[2022-10-01 00:09:09,159] {processor.py:170} INFO - Processing /home/airflow/.local/lib/python3.6/site-packages/airflow/example_dags/example_branch_datetime_operator.py took 0.075 seconds
[2022-10-01 00:09:39,877] {processor.py:162} INFO - Started process (PID=6608) to work on /home/airflow/.local/lib/python3.6/site-packages/airflow/example_dags/example_branch_datetime_operator.py
[2022-10-01 00:09:39,879] {processor.py:613} INFO - Processing file /home/airflow/.local/lib/python3.6/site-packages/airflow/example_dags/example_branch_datetime_operator.py for tasks to queue
[2022-10-01 00:09:39,881] {logging_mixin.py:109} INFO - [2022-10-01 00:09:39,880] {dagbag.py:496} INFO - Filling up the DagBag from /home/airflow/.local/lib/python3.6/site-packages/airflow/example_dags/example_branch_datetime_operator.py
[2022-10-01 00:09:39,889] {processor.py:623} INFO - DAG(s) dict_keys(['example_branch_datetime_operator_2']) retrieved from /home/airflow/.local/lib/python3.6/site-packages/airflow/example_dags/example_branch_datetime_operator.py
[2022-10-01 00:09:39,907] {logging_mixin.py:109} INFO - [2022-10-01 00:09:39,907] {dag.py:1833} INFO - Sync 1 DAGs
[2022-10-01 00:09:39,921] {logging_mixin.py:109} INFO - [2022-10-01 00:09:39,921] {dag.py:2306} INFO - Setting next_dagrun for example_branch_datetime_operator_2 to 2022-09-29 00:00:00+00:00
[2022-10-01 00:09:39,933] {processor.py:170} INFO - Processing /home/airflow/.local/lib/python3.6/site-packages/airflow/example_dags/example_branch_datetime_operator.py took 0.058 seconds
[2022-10-01 00:10:10,776] {processor.py:162} INFO - Started process (PID=6669) to work on /home/airflow/.local/lib/python3.6/site-packages/airflow/example_dags/example_branch_datetime_operator.py
[2022-10-01 00:10:10,778] {processor.py:613} INFO - Processing file /home/airflow/.local/lib/python3.6/site-packages/airflow/example_dags/example_branch_datetime_operator.py for tasks to queue
[2022-10-01 00:10:10,779] {logging_mixin.py:109} INFO - [2022-10-01 00:10:10,779] {dagbag.py:496} INFO - Filling up the DagBag from /home/airflow/.local/lib/python3.6/site-packages/airflow/example_dags/example_branch_datetime_operator.py
[2022-10-01 00:10:10,788] {processor.py:623} INFO - DAG(s) dict_keys(['example_branch_datetime_operator_2']) retrieved from /home/airflow/.local/lib/python3.6/site-packages/airflow/example_dags/example_branch_datetime_operator.py
[2022-10-01 00:10:10,811] {logging_mixin.py:109} INFO - [2022-10-01 00:10:10,811] {dag.py:1833} INFO - Sync 1 DAGs
[2022-10-01 00:10:10,828] {logging_mixin.py:109} INFO - [2022-10-01 00:10:10,828] {dag.py:2306} INFO - Setting next_dagrun for example_branch_datetime_operator_2 to 2022-09-29 00:00:00+00:00
[2022-10-01 00:10:10,845] {processor.py:170} INFO - Processing /home/airflow/.local/lib/python3.6/site-packages/airflow/example_dags/example_branch_datetime_operator.py took 0.071 seconds
[2022-10-01 00:10:41,317] {processor.py:162} INFO - Started process (PID=6730) to work on /home/airflow/.local/lib/python3.6/site-packages/airflow/example_dags/example_branch_datetime_operator.py
[2022-10-01 00:10:41,319] {processor.py:613} INFO - Processing file /home/airflow/.local/lib/python3.6/site-packages/airflow/example_dags/example_branch_datetime_operator.py for tasks to queue
[2022-10-01 00:10:41,320] {logging_mixin.py:109} INFO - [2022-10-01 00:10:41,320] {dagbag.py:496} INFO - Filling up the DagBag from /home/airflow/.local/lib/python3.6/site-packages/airflow/example_dags/example_branch_datetime_operator.py
[2022-10-01 00:10:41,329] {processor.py:623} INFO - DAG(s) dict_keys(['example_branch_datetime_operator_2']) retrieved from /home/airflow/.local/lib/python3.6/site-packages/airflow/example_dags/example_branch_datetime_operator.py
[2022-10-01 00:10:41,346] {logging_mixin.py:109} INFO - [2022-10-01 00:10:41,346] {dag.py:1833} INFO - Sync 1 DAGs
[2022-10-01 00:10:41,360] {logging_mixin.py:109} INFO - [2022-10-01 00:10:41,360] {dag.py:2306} INFO - Setting next_dagrun for example_branch_datetime_operator_2 to 2022-09-29 00:00:00+00:00
[2022-10-01 00:10:41,369] {processor.py:170} INFO - Processing /home/airflow/.local/lib/python3.6/site-packages/airflow/example_dags/example_branch_datetime_operator.py took 0.055 seconds
[2022-10-01 00:11:11,923] {processor.py:162} INFO - Started process (PID=6781) to work on /home/airflow/.local/lib/python3.6/site-packages/airflow/example_dags/example_branch_datetime_operator.py
[2022-10-01 00:11:11,924] {processor.py:613} INFO - Processing file /home/airflow/.local/lib/python3.6/site-packages/airflow/example_dags/example_branch_datetime_operator.py for tasks to queue
[2022-10-01 00:11:11,926] {logging_mixin.py:109} INFO - [2022-10-01 00:11:11,926] {dagbag.py:496} INFO - Filling up the DagBag from /home/airflow/.local/lib/python3.6/site-packages/airflow/example_dags/example_branch_datetime_operator.py
[2022-10-01 00:11:11,935] {processor.py:623} INFO - DAG(s) dict_keys(['example_branch_datetime_operator_2']) retrieved from /home/airflow/.local/lib/python3.6/site-packages/airflow/example_dags/example_branch_datetime_operator.py
[2022-10-01 00:11:11,954] {logging_mixin.py:109} INFO - [2022-10-01 00:11:11,954] {dag.py:1833} INFO - Sync 1 DAGs
[2022-10-01 00:11:11,968] {logging_mixin.py:109} INFO - [2022-10-01 00:11:11,968] {dag.py:2306} INFO - Setting next_dagrun for example_branch_datetime_operator_2 to 2022-09-29 00:00:00+00:00
[2022-10-01 00:11:11,978] {processor.py:170} INFO - Processing /home/airflow/.local/lib/python3.6/site-packages/airflow/example_dags/example_branch_datetime_operator.py took 0.058 seconds
[2022-10-01 00:11:42,866] {processor.py:162} INFO - Started process (PID=6842) to work on /home/airflow/.local/lib/python3.6/site-packages/airflow/example_dags/example_branch_datetime_operator.py
[2022-10-01 00:11:42,868] {processor.py:613} INFO - Processing file /home/airflow/.local/lib/python3.6/site-packages/airflow/example_dags/example_branch_datetime_operator.py for tasks to queue
[2022-10-01 00:11:42,869] {logging_mixin.py:109} INFO - [2022-10-01 00:11:42,869] {dagbag.py:496} INFO - Filling up the DagBag from /home/airflow/.local/lib/python3.6/site-packages/airflow/example_dags/example_branch_datetime_operator.py
[2022-10-01 00:11:42,878] {processor.py:623} INFO - DAG(s) dict_keys(['example_branch_datetime_operator_2']) retrieved from /home/airflow/.local/lib/python3.6/site-packages/airflow/example_dags/example_branch_datetime_operator.py
[2022-10-01 00:11:42,895] {logging_mixin.py:109} INFO - [2022-10-01 00:11:42,895] {dag.py:1833} INFO - Sync 1 DAGs
[2022-10-01 00:11:42,908] {logging_mixin.py:109} INFO - [2022-10-01 00:11:42,908] {dag.py:2306} INFO - Setting next_dagrun for example_branch_datetime_operator_2 to 2022-09-29 00:00:00+00:00
[2022-10-01 00:11:42,918] {processor.py:170} INFO - Processing /home/airflow/.local/lib/python3.6/site-packages/airflow/example_dags/example_branch_datetime_operator.py took 0.055 seconds
[2022-10-01 00:12:13,945] {processor.py:162} INFO - Started process (PID=6903) to work on /home/airflow/.local/lib/python3.6/site-packages/airflow/example_dags/example_branch_datetime_operator.py
[2022-10-01 00:12:13,947] {processor.py:613} INFO - Processing file /home/airflow/.local/lib/python3.6/site-packages/airflow/example_dags/example_branch_datetime_operator.py for tasks to queue
[2022-10-01 00:12:13,949] {logging_mixin.py:109} INFO - [2022-10-01 00:12:13,948] {dagbag.py:496} INFO - Filling up the DagBag from /home/airflow/.local/lib/python3.6/site-packages/airflow/example_dags/example_branch_datetime_operator.py
[2022-10-01 00:12:13,959] {processor.py:623} INFO - DAG(s) dict_keys(['example_branch_datetime_operator_2']) retrieved from /home/airflow/.local/lib/python3.6/site-packages/airflow/example_dags/example_branch_datetime_operator.py
[2022-10-01 00:12:13,976] {logging_mixin.py:109} INFO - [2022-10-01 00:12:13,976] {dag.py:1833} INFO - Sync 1 DAGs
[2022-10-01 00:12:13,990] {logging_mixin.py:109} INFO - [2022-10-01 00:12:13,989] {dag.py:2306} INFO - Setting next_dagrun for example_branch_datetime_operator_2 to 2022-09-29 00:00:00+00:00
[2022-10-01 00:12:13,999] {processor.py:170} INFO - Processing /home/airflow/.local/lib/python3.6/site-packages/airflow/example_dags/example_branch_datetime_operator.py took 0.058 seconds
[2022-10-01 00:12:44,088] {processor.py:162} INFO - Started process (PID=6954) to work on /home/airflow/.local/lib/python3.6/site-packages/airflow/example_dags/example_branch_datetime_operator.py
[2022-10-01 00:12:44,090] {processor.py:613} INFO - Processing file /home/airflow/.local/lib/python3.6/site-packages/airflow/example_dags/example_branch_datetime_operator.py for tasks to queue
[2022-10-01 00:12:44,092] {logging_mixin.py:109} INFO - [2022-10-01 00:12:44,091] {dagbag.py:496} INFO - Filling up the DagBag from /home/airflow/.local/lib/python3.6/site-packages/airflow/example_dags/example_branch_datetime_operator.py
[2022-10-01 00:12:44,102] {processor.py:623} INFO - DAG(s) dict_keys(['example_branch_datetime_operator_2']) retrieved from /home/airflow/.local/lib/python3.6/site-packages/airflow/example_dags/example_branch_datetime_operator.py
[2022-10-01 00:12:44,151] {logging_mixin.py:109} INFO - [2022-10-01 00:12:44,151] {dag.py:1833} INFO - Sync 1 DAGs
[2022-10-01 00:12:44,175] {logging_mixin.py:109} INFO - [2022-10-01 00:12:44,175] {dag.py:2306} INFO - Setting next_dagrun for example_branch_datetime_operator_2 to 2022-09-29 00:00:00+00:00
[2022-10-01 00:12:44,184] {processor.py:170} INFO - Processing /home/airflow/.local/lib/python3.6/site-packages/airflow/example_dags/example_branch_datetime_operator.py took 0.099 seconds
[2022-10-01 00:13:15,028] {processor.py:162} INFO - Started process (PID=7016) to work on /home/airflow/.local/lib/python3.6/site-packages/airflow/example_dags/example_branch_datetime_operator.py
[2022-10-01 00:13:15,030] {processor.py:613} INFO - Processing file /home/airflow/.local/lib/python3.6/site-packages/airflow/example_dags/example_branch_datetime_operator.py for tasks to queue
[2022-10-01 00:13:15,031] {logging_mixin.py:109} INFO - [2022-10-01 00:13:15,031] {dagbag.py:496} INFO - Filling up the DagBag from /home/airflow/.local/lib/python3.6/site-packages/airflow/example_dags/example_branch_datetime_operator.py
[2022-10-01 00:13:15,046] {processor.py:623} INFO - DAG(s) dict_keys(['example_branch_datetime_operator_2']) retrieved from /home/airflow/.local/lib/python3.6/site-packages/airflow/example_dags/example_branch_datetime_operator.py
[2022-10-01 00:13:15,072] {logging_mixin.py:109} INFO - [2022-10-01 00:13:15,072] {dag.py:1833} INFO - Sync 1 DAGs
[2022-10-01 00:13:15,089] {logging_mixin.py:109} INFO - [2022-10-01 00:13:15,089] {dag.py:2306} INFO - Setting next_dagrun for example_branch_datetime_operator_2 to 2022-09-29 00:00:00+00:00
[2022-10-01 00:13:15,103] {processor.py:170} INFO - Processing /home/airflow/.local/lib/python3.6/site-packages/airflow/example_dags/example_branch_datetime_operator.py took 0.080 seconds
[2022-10-01 00:13:46,192] {processor.py:162} INFO - Started process (PID=7077) to work on /home/airflow/.local/lib/python3.6/site-packages/airflow/example_dags/example_branch_datetime_operator.py
[2022-10-01 00:13:46,194] {processor.py:613} INFO - Processing file /home/airflow/.local/lib/python3.6/site-packages/airflow/example_dags/example_branch_datetime_operator.py for tasks to queue
[2022-10-01 00:13:46,196] {logging_mixin.py:109} INFO - [2022-10-01 00:13:46,196] {dagbag.py:496} INFO - Filling up the DagBag from /home/airflow/.local/lib/python3.6/site-packages/airflow/example_dags/example_branch_datetime_operator.py
[2022-10-01 00:13:46,204] {processor.py:623} INFO - DAG(s) dict_keys(['example_branch_datetime_operator_2']) retrieved from /home/airflow/.local/lib/python3.6/site-packages/airflow/example_dags/example_branch_datetime_operator.py
[2022-10-01 00:13:46,222] {logging_mixin.py:109} INFO - [2022-10-01 00:13:46,222] {dag.py:1833} INFO - Sync 1 DAGs
[2022-10-01 00:13:46,234] {logging_mixin.py:109} INFO - [2022-10-01 00:13:46,234] {dag.py:2306} INFO - Setting next_dagrun for example_branch_datetime_operator_2 to 2022-09-29 00:00:00+00:00
[2022-10-01 00:13:46,244] {processor.py:170} INFO - Processing /home/airflow/.local/lib/python3.6/site-packages/airflow/example_dags/example_branch_datetime_operator.py took 0.054 seconds
[2022-10-01 00:14:16,657] {processor.py:162} INFO - Started process (PID=7128) to work on /home/airflow/.local/lib/python3.6/site-packages/airflow/example_dags/example_branch_datetime_operator.py
[2022-10-01 00:14:16,659] {processor.py:613} INFO - Processing file /home/airflow/.local/lib/python3.6/site-packages/airflow/example_dags/example_branch_datetime_operator.py for tasks to queue
[2022-10-01 00:14:16,660] {logging_mixin.py:109} INFO - [2022-10-01 00:14:16,660] {dagbag.py:496} INFO - Filling up the DagBag from /home/airflow/.local/lib/python3.6/site-packages/airflow/example_dags/example_branch_datetime_operator.py
[2022-10-01 00:14:16,669] {processor.py:623} INFO - DAG(s) dict_keys(['example_branch_datetime_operator_2']) retrieved from /home/airflow/.local/lib/python3.6/site-packages/airflow/example_dags/example_branch_datetime_operator.py
[2022-10-01 00:14:16,687] {logging_mixin.py:109} INFO - [2022-10-01 00:14:16,687] {dag.py:1833} INFO - Sync 1 DAGs
[2022-10-01 00:14:16,700] {logging_mixin.py:109} INFO - [2022-10-01 00:14:16,700] {dag.py:2306} INFO - Setting next_dagrun for example_branch_datetime_operator_2 to 2022-09-29 00:00:00+00:00
[2022-10-01 00:14:16,709] {processor.py:170} INFO - Processing /home/airflow/.local/lib/python3.6/site-packages/airflow/example_dags/example_branch_datetime_operator.py took 0.055 seconds
[2022-10-01 00:14:47,458] {processor.py:162} INFO - Started process (PID=7190) to work on /home/airflow/.local/lib/python3.6/site-packages/airflow/example_dags/example_branch_datetime_operator.py
[2022-10-01 00:14:47,460] {processor.py:613} INFO - Processing file /home/airflow/.local/lib/python3.6/site-packages/airflow/example_dags/example_branch_datetime_operator.py for tasks to queue
[2022-10-01 00:14:47,461] {logging_mixin.py:109} INFO - [2022-10-01 00:14:47,461] {dagbag.py:496} INFO - Filling up the DagBag from /home/airflow/.local/lib/python3.6/site-packages/airflow/example_dags/example_branch_datetime_operator.py
[2022-10-01 00:14:47,469] {processor.py:623} INFO - DAG(s) dict_keys(['example_branch_datetime_operator_2']) retrieved from /home/airflow/.local/lib/python3.6/site-packages/airflow/example_dags/example_branch_datetime_operator.py
[2022-10-01 00:14:47,486] {logging_mixin.py:109} INFO - [2022-10-01 00:14:47,485] {dag.py:1833} INFO - Sync 1 DAGs
[2022-10-01 00:14:47,497] {logging_mixin.py:109} INFO - [2022-10-01 00:14:47,497] {dag.py:2306} INFO - Setting next_dagrun for example_branch_datetime_operator_2 to 2022-09-29 00:00:00+00:00
[2022-10-01 00:14:47,507] {processor.py:170} INFO - Processing /home/airflow/.local/lib/python3.6/site-packages/airflow/example_dags/example_branch_datetime_operator.py took 0.051 seconds
[2022-10-01 00:15:18,388] {processor.py:162} INFO - Started process (PID=7251) to work on /home/airflow/.local/lib/python3.6/site-packages/airflow/example_dags/example_branch_datetime_operator.py
[2022-10-01 00:15:18,390] {processor.py:613} INFO - Processing file /home/airflow/.local/lib/python3.6/site-packages/airflow/example_dags/example_branch_datetime_operator.py for tasks to queue
[2022-10-01 00:15:18,391] {logging_mixin.py:109} INFO - [2022-10-01 00:15:18,391] {dagbag.py:496} INFO - Filling up the DagBag from /home/airflow/.local/lib/python3.6/site-packages/airflow/example_dags/example_branch_datetime_operator.py
[2022-10-01 00:15:18,400] {processor.py:623} INFO - DAG(s) dict_keys(['example_branch_datetime_operator_2']) retrieved from /home/airflow/.local/lib/python3.6/site-packages/airflow/example_dags/example_branch_datetime_operator.py
[2022-10-01 00:15:18,422] {logging_mixin.py:109} INFO - [2022-10-01 00:15:18,422] {dag.py:1833} INFO - Sync 1 DAGs
[2022-10-01 00:15:18,438] {logging_mixin.py:109} INFO - [2022-10-01 00:15:18,438] {dag.py:2306} INFO - Setting next_dagrun for example_branch_datetime_operator_2 to 2022-09-29 00:00:00+00:00
[2022-10-01 00:15:18,449] {processor.py:170} INFO - Processing /home/airflow/.local/lib/python3.6/site-packages/airflow/example_dags/example_branch_datetime_operator.py took 0.064 seconds
[2022-10-01 00:15:48,525] {processor.py:162} INFO - Started process (PID=7302) to work on /home/airflow/.local/lib/python3.6/site-packages/airflow/example_dags/example_branch_datetime_operator.py
[2022-10-01 00:15:48,527] {processor.py:613} INFO - Processing file /home/airflow/.local/lib/python3.6/site-packages/airflow/example_dags/example_branch_datetime_operator.py for tasks to queue
[2022-10-01 00:15:48,528] {logging_mixin.py:109} INFO - [2022-10-01 00:15:48,528] {dagbag.py:496} INFO - Filling up the DagBag from /home/airflow/.local/lib/python3.6/site-packages/airflow/example_dags/example_branch_datetime_operator.py
[2022-10-01 00:15:48,538] {processor.py:623} INFO - DAG(s) dict_keys(['example_branch_datetime_operator_2']) retrieved from /home/airflow/.local/lib/python3.6/site-packages/airflow/example_dags/example_branch_datetime_operator.py
[2022-10-01 00:15:48,558] {logging_mixin.py:109} INFO - [2022-10-01 00:15:48,558] {dag.py:1833} INFO - Sync 1 DAGs
[2022-10-01 00:15:48,574] {logging_mixin.py:109} INFO - [2022-10-01 00:15:48,574] {dag.py:2306} INFO - Setting next_dagrun for example_branch_datetime_operator_2 to 2022-09-29 00:00:00+00:00
[2022-10-01 00:15:48,584] {processor.py:170} INFO - Processing /home/airflow/.local/lib/python3.6/site-packages/airflow/example_dags/example_branch_datetime_operator.py took 0.062 seconds
[2022-10-01 00:16:19,103] {processor.py:162} INFO - Started process (PID=7363) to work on /home/airflow/.local/lib/python3.6/site-packages/airflow/example_dags/example_branch_datetime_operator.py
[2022-10-01 00:16:19,104] {processor.py:613} INFO - Processing file /home/airflow/.local/lib/python3.6/site-packages/airflow/example_dags/example_branch_datetime_operator.py for tasks to queue
[2022-10-01 00:16:19,105] {logging_mixin.py:109} INFO - [2022-10-01 00:16:19,105] {dagbag.py:496} INFO - Filling up the DagBag from /home/airflow/.local/lib/python3.6/site-packages/airflow/example_dags/example_branch_datetime_operator.py
[2022-10-01 00:16:19,114] {processor.py:623} INFO - DAG(s) dict_keys(['example_branch_datetime_operator_2']) retrieved from /home/airflow/.local/lib/python3.6/site-packages/airflow/example_dags/example_branch_datetime_operator.py
[2022-10-01 00:16:19,134] {logging_mixin.py:109} INFO - [2022-10-01 00:16:19,134] {dag.py:1833} INFO - Sync 1 DAGs
[2022-10-01 00:16:19,149] {logging_mixin.py:109} INFO - [2022-10-01 00:16:19,149] {dag.py:2306} INFO - Setting next_dagrun for example_branch_datetime_operator_2 to 2022-09-29 00:00:00+00:00
[2022-10-01 00:16:19,161] {processor.py:170} INFO - Processing /home/airflow/.local/lib/python3.6/site-packages/airflow/example_dags/example_branch_datetime_operator.py took 0.061 seconds
[2022-10-01 00:16:50,066] {processor.py:162} INFO - Started process (PID=7424) to work on /home/airflow/.local/lib/python3.6/site-packages/airflow/example_dags/example_branch_datetime_operator.py
[2022-10-01 00:16:50,068] {processor.py:613} INFO - Processing file /home/airflow/.local/lib/python3.6/site-packages/airflow/example_dags/example_branch_datetime_operator.py for tasks to queue
[2022-10-01 00:16:50,069] {logging_mixin.py:109} INFO - [2022-10-01 00:16:50,069] {dagbag.py:496} INFO - Filling up the DagBag from /home/airflow/.local/lib/python3.6/site-packages/airflow/example_dags/example_branch_datetime_operator.py
[2022-10-01 00:16:50,077] {processor.py:623} INFO - DAG(s) dict_keys(['example_branch_datetime_operator_2']) retrieved from /home/airflow/.local/lib/python3.6/site-packages/airflow/example_dags/example_branch_datetime_operator.py
[2022-10-01 00:16:50,096] {logging_mixin.py:109} INFO - [2022-10-01 00:16:50,096] {dag.py:1833} INFO - Sync 1 DAGs
[2022-10-01 00:16:50,108] {logging_mixin.py:109} INFO - [2022-10-01 00:16:50,108] {dag.py:2306} INFO - Setting next_dagrun for example_branch_datetime_operator_2 to 2022-09-29 00:00:00+00:00
[2022-10-01 00:16:50,142] {processor.py:170} INFO - Processing /home/airflow/.local/lib/python3.6/site-packages/airflow/example_dags/example_branch_datetime_operator.py took 0.078 seconds
[2022-10-01 00:17:20,201] {processor.py:162} INFO - Started process (PID=7475) to work on /home/airflow/.local/lib/python3.6/site-packages/airflow/example_dags/example_branch_datetime_operator.py
[2022-10-01 00:17:20,203] {processor.py:613} INFO - Processing file /home/airflow/.local/lib/python3.6/site-packages/airflow/example_dags/example_branch_datetime_operator.py for tasks to queue
[2022-10-01 00:17:20,204] {logging_mixin.py:109} INFO - [2022-10-01 00:17:20,204] {dagbag.py:496} INFO - Filling up the DagBag from /home/airflow/.local/lib/python3.6/site-packages/airflow/example_dags/example_branch_datetime_operator.py
[2022-10-01 00:17:20,212] {processor.py:623} INFO - DAG(s) dict_keys(['example_branch_datetime_operator_2']) retrieved from /home/airflow/.local/lib/python3.6/site-packages/airflow/example_dags/example_branch_datetime_operator.py
[2022-10-01 00:17:20,229] {logging_mixin.py:109} INFO - [2022-10-01 00:17:20,229] {dag.py:1833} INFO - Sync 1 DAGs
[2022-10-01 00:17:20,241] {logging_mixin.py:109} INFO - [2022-10-01 00:17:20,241] {dag.py:2306} INFO - Setting next_dagrun for example_branch_datetime_operator_2 to 2022-09-29 00:00:00+00:00
[2022-10-01 00:17:20,251] {processor.py:170} INFO - Processing /home/airflow/.local/lib/python3.6/site-packages/airflow/example_dags/example_branch_datetime_operator.py took 0.053 seconds
[2022-10-01 00:17:51,271] {processor.py:162} INFO - Started process (PID=7537) to work on /home/airflow/.local/lib/python3.6/site-packages/airflow/example_dags/example_branch_datetime_operator.py
[2022-10-01 00:17:51,274] {processor.py:613} INFO - Processing file /home/airflow/.local/lib/python3.6/site-packages/airflow/example_dags/example_branch_datetime_operator.py for tasks to queue
[2022-10-01 00:17:51,275] {logging_mixin.py:109} INFO - [2022-10-01 00:17:51,275] {dagbag.py:496} INFO - Filling up the DagBag from /home/airflow/.local/lib/python3.6/site-packages/airflow/example_dags/example_branch_datetime_operator.py
[2022-10-01 00:17:51,286] {processor.py:623} INFO - DAG(s) dict_keys(['example_branch_datetime_operator_2']) retrieved from /home/airflow/.local/lib/python3.6/site-packages/airflow/example_dags/example_branch_datetime_operator.py
[2022-10-01 00:17:51,309] {logging_mixin.py:109} INFO - [2022-10-01 00:17:51,309] {dag.py:1833} INFO - Sync 1 DAGs
[2022-10-01 00:17:51,324] {logging_mixin.py:109} INFO - [2022-10-01 00:17:51,324] {dag.py:2306} INFO - Setting next_dagrun for example_branch_datetime_operator_2 to 2022-09-29 00:00:00+00:00
[2022-10-01 00:17:51,340] {processor.py:170} INFO - Processing /home/airflow/.local/lib/python3.6/site-packages/airflow/example_dags/example_branch_datetime_operator.py took 0.073 seconds
[2022-10-01 00:18:17,638] {processor.py:162} INFO - Started process (PID=7590) to work on /home/airflow/.local/lib/python3.6/site-packages/airflow/example_dags/example_branch_datetime_operator.py
[2022-10-01 00:18:17,640] {processor.py:613} INFO - Processing file /home/airflow/.local/lib/python3.6/site-packages/airflow/example_dags/example_branch_datetime_operator.py for tasks to queue
[2022-10-01 00:18:17,642] {logging_mixin.py:109} INFO - [2022-10-01 00:18:17,642] {dagbag.py:496} INFO - Filling up the DagBag from /home/airflow/.local/lib/python3.6/site-packages/airflow/example_dags/example_branch_datetime_operator.py
[2022-10-01 00:18:17,655] {processor.py:623} INFO - DAG(s) dict_keys(['example_branch_datetime_operator_2']) retrieved from /home/airflow/.local/lib/python3.6/site-packages/airflow/example_dags/example_branch_datetime_operator.py
[2022-10-01 00:18:17,709] {logging_mixin.py:109} INFO - [2022-10-01 00:18:17,709] {dag.py:1833} INFO - Sync 1 DAGs
[2022-10-01 00:18:17,728] {logging_mixin.py:109} INFO - [2022-10-01 00:18:17,728] {dag.py:2306} INFO - Setting next_dagrun for example_branch_datetime_operator_2 to 2022-09-29 00:00:00+00:00
[2022-10-01 00:18:17,741] {processor.py:170} INFO - Processing /home/airflow/.local/lib/python3.6/site-packages/airflow/example_dags/example_branch_datetime_operator.py took 0.107 seconds
[2022-10-01 00:18:48,978] {processor.py:162} INFO - Started process (PID=7651) to work on /home/airflow/.local/lib/python3.6/site-packages/airflow/example_dags/example_branch_datetime_operator.py
[2022-10-01 00:18:48,980] {processor.py:613} INFO - Processing file /home/airflow/.local/lib/python3.6/site-packages/airflow/example_dags/example_branch_datetime_operator.py for tasks to queue
[2022-10-01 00:18:48,981] {logging_mixin.py:109} INFO - [2022-10-01 00:18:48,981] {dagbag.py:496} INFO - Filling up the DagBag from /home/airflow/.local/lib/python3.6/site-packages/airflow/example_dags/example_branch_datetime_operator.py
[2022-10-01 00:18:48,991] {processor.py:623} INFO - DAG(s) dict_keys(['example_branch_datetime_operator_2']) retrieved from /home/airflow/.local/lib/python3.6/site-packages/airflow/example_dags/example_branch_datetime_operator.py
[2022-10-01 00:18:49,011] {logging_mixin.py:109} INFO - [2022-10-01 00:18:49,010] {dag.py:1833} INFO - Sync 1 DAGs
[2022-10-01 00:18:49,024] {logging_mixin.py:109} INFO - [2022-10-01 00:18:49,024] {dag.py:2306} INFO - Setting next_dagrun for example_branch_datetime_operator_2 to 2022-09-29 00:00:00+00:00
[2022-10-01 00:18:49,034] {processor.py:170} INFO - Processing /home/airflow/.local/lib/python3.6/site-packages/airflow/example_dags/example_branch_datetime_operator.py took 0.058 seconds
[2022-10-01 00:19:19,855] {processor.py:162} INFO - Started process (PID=7712) to work on /home/airflow/.local/lib/python3.6/site-packages/airflow/example_dags/example_branch_datetime_operator.py
[2022-10-01 00:19:19,857] {processor.py:613} INFO - Processing file /home/airflow/.local/lib/python3.6/site-packages/airflow/example_dags/example_branch_datetime_operator.py for tasks to queue
[2022-10-01 00:19:19,859] {logging_mixin.py:109} INFO - [2022-10-01 00:19:19,859] {dagbag.py:496} INFO - Filling up the DagBag from /home/airflow/.local/lib/python3.6/site-packages/airflow/example_dags/example_branch_datetime_operator.py
[2022-10-01 00:19:19,877] {processor.py:623} INFO - DAG(s) dict_keys(['example_branch_datetime_operator_2']) retrieved from /home/airflow/.local/lib/python3.6/site-packages/airflow/example_dags/example_branch_datetime_operator.py
[2022-10-01 00:19:19,904] {logging_mixin.py:109} INFO - [2022-10-01 00:19:19,904] {dag.py:1833} INFO - Sync 1 DAGs
[2022-10-01 00:19:19,918] {logging_mixin.py:109} INFO - [2022-10-01 00:19:19,918] {dag.py:2306} INFO - Setting next_dagrun for example_branch_datetime_operator_2 to 2022-09-29 00:00:00+00:00
[2022-10-01 00:19:19,930] {processor.py:170} INFO - Processing /home/airflow/.local/lib/python3.6/site-packages/airflow/example_dags/example_branch_datetime_operator.py took 0.079 seconds
[2022-10-01 00:19:50,919] {processor.py:162} INFO - Started process (PID=7772) to work on /home/airflow/.local/lib/python3.6/site-packages/airflow/example_dags/example_branch_datetime_operator.py
[2022-10-01 00:19:50,920] {processor.py:613} INFO - Processing file /home/airflow/.local/lib/python3.6/site-packages/airflow/example_dags/example_branch_datetime_operator.py for tasks to queue
[2022-10-01 00:19:50,922] {logging_mixin.py:109} INFO - [2022-10-01 00:19:50,922] {dagbag.py:496} INFO - Filling up the DagBag from /home/airflow/.local/lib/python3.6/site-packages/airflow/example_dags/example_branch_datetime_operator.py
[2022-10-01 00:19:50,932] {processor.py:623} INFO - DAG(s) dict_keys(['example_branch_datetime_operator_2']) retrieved from /home/airflow/.local/lib/python3.6/site-packages/airflow/example_dags/example_branch_datetime_operator.py
[2022-10-01 00:19:50,951] {logging_mixin.py:109} INFO - [2022-10-01 00:19:50,951] {dag.py:1833} INFO - Sync 1 DAGs
[2022-10-01 00:19:50,968] {logging_mixin.py:109} INFO - [2022-10-01 00:19:50,968] {dag.py:2306} INFO - Setting next_dagrun for example_branch_datetime_operator_2 to 2022-09-29 00:00:00+00:00
[2022-10-01 00:19:50,980] {processor.py:170} INFO - Processing /home/airflow/.local/lib/python3.6/site-packages/airflow/example_dags/example_branch_datetime_operator.py took 0.064 seconds
