[2022-10-01 00:00:02,375] {processor.py:162} INFO - Started process (PID=5524) to work on /home/airflow/.local/lib/python3.6/site-packages/airflow/example_dags/example_dag_decorator.py
[2022-10-01 00:00:02,376] {processor.py:613} INFO - Processing file /home/airflow/.local/lib/python3.6/site-packages/airflow/example_dags/example_dag_decorator.py for tasks to queue
[2022-10-01 00:00:02,378] {logging_mixin.py:109} INFO - [2022-10-01 00:00:02,378] {dagbag.py:496} INFO - Filling up the DagBag from /home/airflow/.local/lib/python3.6/site-packages/airflow/example_dags/example_dag_decorator.py
[2022-10-01 00:00:02,396] {processor.py:623} INFO - DAG(s) dict_keys(['example_dag_decorator']) retrieved from /home/airflow/.local/lib/python3.6/site-packages/airflow/example_dags/example_dag_decorator.py
[2022-10-01 00:00:02,597] {logging_mixin.py:109} INFO - [2022-10-01 00:00:02,597] {dag.py:1833} INFO - Sync 1 DAGs
[2022-10-01 00:00:02,611] {logging_mixin.py:109} INFO - [2022-10-01 00:00:02,611] {dag.py:2306} INFO - Setting next_dagrun for example_dag_decorator to None
[2022-10-01 00:00:02,627] {processor.py:170} INFO - Processing /home/airflow/.local/lib/python3.6/site-packages/airflow/example_dags/example_dag_decorator.py took 0.256 seconds
[2022-10-01 00:00:32,762] {processor.py:162} INFO - Started process (PID=5585) to work on /home/airflow/.local/lib/python3.6/site-packages/airflow/example_dags/example_dag_decorator.py
[2022-10-01 00:00:32,765] {processor.py:613} INFO - Processing file /home/airflow/.local/lib/python3.6/site-packages/airflow/example_dags/example_dag_decorator.py for tasks to queue
[2022-10-01 00:00:32,767] {logging_mixin.py:109} INFO - [2022-10-01 00:00:32,766] {dagbag.py:496} INFO - Filling up the DagBag from /home/airflow/.local/lib/python3.6/site-packages/airflow/example_dags/example_dag_decorator.py
[2022-10-01 00:00:32,788] {processor.py:623} INFO - DAG(s) dict_keys(['example_dag_decorator']) retrieved from /home/airflow/.local/lib/python3.6/site-packages/airflow/example_dags/example_dag_decorator.py
[2022-10-01 00:00:32,972] {logging_mixin.py:109} INFO - [2022-10-01 00:00:32,972] {dag.py:1833} INFO - Sync 1 DAGs
[2022-10-01 00:00:32,985] {logging_mixin.py:109} INFO - [2022-10-01 00:00:32,985] {dag.py:2306} INFO - Setting next_dagrun for example_dag_decorator to None
[2022-10-01 00:00:32,997] {processor.py:170} INFO - Processing /home/airflow/.local/lib/python3.6/site-packages/airflow/example_dags/example_dag_decorator.py took 0.239 seconds
[2022-10-01 00:01:03,193] {processor.py:162} INFO - Started process (PID=5635) to work on /home/airflow/.local/lib/python3.6/site-packages/airflow/example_dags/example_dag_decorator.py
[2022-10-01 00:01:03,195] {processor.py:613} INFO - Processing file /home/airflow/.local/lib/python3.6/site-packages/airflow/example_dags/example_dag_decorator.py for tasks to queue
[2022-10-01 00:01:03,196] {logging_mixin.py:109} INFO - [2022-10-01 00:01:03,196] {dagbag.py:496} INFO - Filling up the DagBag from /home/airflow/.local/lib/python3.6/site-packages/airflow/example_dags/example_dag_decorator.py
[2022-10-01 00:01:03,211] {processor.py:623} INFO - DAG(s) dict_keys(['example_dag_decorator']) retrieved from /home/airflow/.local/lib/python3.6/site-packages/airflow/example_dags/example_dag_decorator.py
[2022-10-01 00:01:03,361] {logging_mixin.py:109} INFO - [2022-10-01 00:01:03,361] {dag.py:1833} INFO - Sync 1 DAGs
[2022-10-01 00:01:03,375] {logging_mixin.py:109} INFO - [2022-10-01 00:01:03,374] {dag.py:2306} INFO - Setting next_dagrun for example_dag_decorator to None
[2022-10-01 00:01:03,389] {processor.py:170} INFO - Processing /home/airflow/.local/lib/python3.6/site-packages/airflow/example_dags/example_dag_decorator.py took 0.199 seconds
[2022-10-01 00:01:33,484] {processor.py:162} INFO - Started process (PID=5696) to work on /home/airflow/.local/lib/python3.6/site-packages/airflow/example_dags/example_dag_decorator.py
[2022-10-01 00:01:33,486] {processor.py:613} INFO - Processing file /home/airflow/.local/lib/python3.6/site-packages/airflow/example_dags/example_dag_decorator.py for tasks to queue
[2022-10-01 00:01:33,487] {logging_mixin.py:109} INFO - [2022-10-01 00:01:33,487] {dagbag.py:496} INFO - Filling up the DagBag from /home/airflow/.local/lib/python3.6/site-packages/airflow/example_dags/example_dag_decorator.py
[2022-10-01 00:01:33,502] {processor.py:623} INFO - DAG(s) dict_keys(['example_dag_decorator']) retrieved from /home/airflow/.local/lib/python3.6/site-packages/airflow/example_dags/example_dag_decorator.py
[2022-10-01 00:01:33,657] {logging_mixin.py:109} INFO - [2022-10-01 00:01:33,657] {dag.py:1833} INFO - Sync 1 DAGs
[2022-10-01 00:01:33,669] {logging_mixin.py:109} INFO - [2022-10-01 00:01:33,669] {dag.py:2306} INFO - Setting next_dagrun for example_dag_decorator to None
[2022-10-01 00:01:33,680] {processor.py:170} INFO - Processing /home/airflow/.local/lib/python3.6/site-packages/airflow/example_dags/example_dag_decorator.py took 0.199 seconds
[2022-10-01 00:02:04,311] {processor.py:162} INFO - Started process (PID=5755) to work on /home/airflow/.local/lib/python3.6/site-packages/airflow/example_dags/example_dag_decorator.py
[2022-10-01 00:02:04,313] {processor.py:613} INFO - Processing file /home/airflow/.local/lib/python3.6/site-packages/airflow/example_dags/example_dag_decorator.py for tasks to queue
[2022-10-01 00:02:04,314] {logging_mixin.py:109} INFO - [2022-10-01 00:02:04,314] {dagbag.py:496} INFO - Filling up the DagBag from /home/airflow/.local/lib/python3.6/site-packages/airflow/example_dags/example_dag_decorator.py
[2022-10-01 00:02:04,326] {processor.py:623} INFO - DAG(s) dict_keys(['example_dag_decorator']) retrieved from /home/airflow/.local/lib/python3.6/site-packages/airflow/example_dags/example_dag_decorator.py
[2022-10-01 00:02:04,473] {logging_mixin.py:109} INFO - [2022-10-01 00:02:04,473] {dag.py:1833} INFO - Sync 1 DAGs
[2022-10-01 00:02:04,484] {logging_mixin.py:109} INFO - [2022-10-01 00:02:04,483] {dag.py:2306} INFO - Setting next_dagrun for example_dag_decorator to None
[2022-10-01 00:02:04,496] {processor.py:170} INFO - Processing /home/airflow/.local/lib/python3.6/site-packages/airflow/example_dags/example_dag_decorator.py took 0.187 seconds
[2022-10-01 00:02:34,672] {processor.py:162} INFO - Started process (PID=5806) to work on /home/airflow/.local/lib/python3.6/site-packages/airflow/example_dags/example_dag_decorator.py
[2022-10-01 00:02:34,674] {processor.py:613} INFO - Processing file /home/airflow/.local/lib/python3.6/site-packages/airflow/example_dags/example_dag_decorator.py for tasks to queue
[2022-10-01 00:02:34,675] {logging_mixin.py:109} INFO - [2022-10-01 00:02:34,675] {dagbag.py:496} INFO - Filling up the DagBag from /home/airflow/.local/lib/python3.6/site-packages/airflow/example_dags/example_dag_decorator.py
[2022-10-01 00:02:34,687] {processor.py:623} INFO - DAG(s) dict_keys(['example_dag_decorator']) retrieved from /home/airflow/.local/lib/python3.6/site-packages/airflow/example_dags/example_dag_decorator.py
[2022-10-01 00:02:34,831] {logging_mixin.py:109} INFO - [2022-10-01 00:02:34,831] {dag.py:1833} INFO - Sync 1 DAGs
[2022-10-01 00:02:34,841] {logging_mixin.py:109} INFO - [2022-10-01 00:02:34,841] {dag.py:2306} INFO - Setting next_dagrun for example_dag_decorator to None
[2022-10-01 00:02:34,853] {processor.py:170} INFO - Processing /home/airflow/.local/lib/python3.6/site-packages/airflow/example_dags/example_dag_decorator.py took 0.183 seconds
[2022-10-01 00:03:04,935] {processor.py:162} INFO - Started process (PID=5867) to work on /home/airflow/.local/lib/python3.6/site-packages/airflow/example_dags/example_dag_decorator.py
[2022-10-01 00:03:04,936] {processor.py:613} INFO - Processing file /home/airflow/.local/lib/python3.6/site-packages/airflow/example_dags/example_dag_decorator.py for tasks to queue
[2022-10-01 00:03:04,938] {logging_mixin.py:109} INFO - [2022-10-01 00:03:04,938] {dagbag.py:496} INFO - Filling up the DagBag from /home/airflow/.local/lib/python3.6/site-packages/airflow/example_dags/example_dag_decorator.py
[2022-10-01 00:03:04,952] {processor.py:623} INFO - DAG(s) dict_keys(['example_dag_decorator']) retrieved from /home/airflow/.local/lib/python3.6/site-packages/airflow/example_dags/example_dag_decorator.py
[2022-10-01 00:03:05,122] {logging_mixin.py:109} INFO - [2022-10-01 00:03:05,122] {dag.py:1833} INFO - Sync 1 DAGs
[2022-10-01 00:03:05,135] {logging_mixin.py:109} INFO - [2022-10-01 00:03:05,135] {dag.py:2306} INFO - Setting next_dagrun for example_dag_decorator to None
[2022-10-01 00:03:05,147] {processor.py:170} INFO - Processing /home/airflow/.local/lib/python3.6/site-packages/airflow/example_dags/example_dag_decorator.py took 0.216 seconds
[2022-10-01 00:03:36,090] {processor.py:162} INFO - Started process (PID=5928) to work on /home/airflow/.local/lib/python3.6/site-packages/airflow/example_dags/example_dag_decorator.py
[2022-10-01 00:03:36,092] {processor.py:613} INFO - Processing file /home/airflow/.local/lib/python3.6/site-packages/airflow/example_dags/example_dag_decorator.py for tasks to queue
[2022-10-01 00:03:36,093] {logging_mixin.py:109} INFO - [2022-10-01 00:03:36,093] {dagbag.py:496} INFO - Filling up the DagBag from /home/airflow/.local/lib/python3.6/site-packages/airflow/example_dags/example_dag_decorator.py
[2022-10-01 00:03:36,106] {processor.py:623} INFO - DAG(s) dict_keys(['example_dag_decorator']) retrieved from /home/airflow/.local/lib/python3.6/site-packages/airflow/example_dags/example_dag_decorator.py
[2022-10-01 00:03:36,253] {logging_mixin.py:109} INFO - [2022-10-01 00:03:36,253] {dag.py:1833} INFO - Sync 1 DAGs
[2022-10-01 00:03:36,263] {logging_mixin.py:109} INFO - [2022-10-01 00:03:36,263] {dag.py:2306} INFO - Setting next_dagrun for example_dag_decorator to None
[2022-10-01 00:03:36,274] {processor.py:170} INFO - Processing /home/airflow/.local/lib/python3.6/site-packages/airflow/example_dags/example_dag_decorator.py took 0.187 seconds
[2022-10-01 00:04:06,392] {processor.py:162} INFO - Started process (PID=5979) to work on /home/airflow/.local/lib/python3.6/site-packages/airflow/example_dags/example_dag_decorator.py
[2022-10-01 00:04:06,394] {processor.py:613} INFO - Processing file /home/airflow/.local/lib/python3.6/site-packages/airflow/example_dags/example_dag_decorator.py for tasks to queue
[2022-10-01 00:04:06,396] {logging_mixin.py:109} INFO - [2022-10-01 00:04:06,396] {dagbag.py:496} INFO - Filling up the DagBag from /home/airflow/.local/lib/python3.6/site-packages/airflow/example_dags/example_dag_decorator.py
[2022-10-01 00:04:06,409] {processor.py:623} INFO - DAG(s) dict_keys(['example_dag_decorator']) retrieved from /home/airflow/.local/lib/python3.6/site-packages/airflow/example_dags/example_dag_decorator.py
[2022-10-01 00:04:06,567] {logging_mixin.py:109} INFO - [2022-10-01 00:04:06,567] {dag.py:1833} INFO - Sync 1 DAGs
[2022-10-01 00:04:06,580] {logging_mixin.py:109} INFO - [2022-10-01 00:04:06,579] {dag.py:2306} INFO - Setting next_dagrun for example_dag_decorator to None
[2022-10-01 00:04:06,592] {processor.py:170} INFO - Processing /home/airflow/.local/lib/python3.6/site-packages/airflow/example_dags/example_dag_decorator.py took 0.202 seconds
[2022-10-01 00:04:36,774] {processor.py:162} INFO - Started process (PID=6040) to work on /home/airflow/.local/lib/python3.6/site-packages/airflow/example_dags/example_dag_decorator.py
[2022-10-01 00:04:36,776] {processor.py:613} INFO - Processing file /home/airflow/.local/lib/python3.6/site-packages/airflow/example_dags/example_dag_decorator.py for tasks to queue
[2022-10-01 00:04:36,778] {logging_mixin.py:109} INFO - [2022-10-01 00:04:36,778] {dagbag.py:496} INFO - Filling up the DagBag from /home/airflow/.local/lib/python3.6/site-packages/airflow/example_dags/example_dag_decorator.py
[2022-10-01 00:04:36,796] {processor.py:623} INFO - DAG(s) dict_keys(['example_dag_decorator']) retrieved from /home/airflow/.local/lib/python3.6/site-packages/airflow/example_dags/example_dag_decorator.py
[2022-10-01 00:04:36,966] {logging_mixin.py:109} INFO - [2022-10-01 00:04:36,965] {dag.py:1833} INFO - Sync 1 DAGs
[2022-10-01 00:04:36,977] {logging_mixin.py:109} INFO - [2022-10-01 00:04:36,977] {dag.py:2306} INFO - Setting next_dagrun for example_dag_decorator to None
[2022-10-01 00:04:36,989] {processor.py:170} INFO - Processing /home/airflow/.local/lib/python3.6/site-packages/airflow/example_dags/example_dag_decorator.py took 0.219 seconds
[2022-10-01 00:05:07,991] {processor.py:162} INFO - Started process (PID=6101) to work on /home/airflow/.local/lib/python3.6/site-packages/airflow/example_dags/example_dag_decorator.py
[2022-10-01 00:05:07,992] {processor.py:613} INFO - Processing file /home/airflow/.local/lib/python3.6/site-packages/airflow/example_dags/example_dag_decorator.py for tasks to queue
[2022-10-01 00:05:07,993] {logging_mixin.py:109} INFO - [2022-10-01 00:05:07,993] {dagbag.py:496} INFO - Filling up the DagBag from /home/airflow/.local/lib/python3.6/site-packages/airflow/example_dags/example_dag_decorator.py
[2022-10-01 00:05:08,006] {processor.py:623} INFO - DAG(s) dict_keys(['example_dag_decorator']) retrieved from /home/airflow/.local/lib/python3.6/site-packages/airflow/example_dags/example_dag_decorator.py
[2022-10-01 00:05:08,154] {logging_mixin.py:109} INFO - [2022-10-01 00:05:08,154] {dag.py:1833} INFO - Sync 1 DAGs
[2022-10-01 00:05:08,166] {logging_mixin.py:109} INFO - [2022-10-01 00:05:08,166] {dag.py:2306} INFO - Setting next_dagrun for example_dag_decorator to None
[2022-10-01 00:05:08,179] {processor.py:170} INFO - Processing /home/airflow/.local/lib/python3.6/site-packages/airflow/example_dags/example_dag_decorator.py took 0.192 seconds
[2022-10-01 00:05:38,269] {processor.py:162} INFO - Started process (PID=6152) to work on /home/airflow/.local/lib/python3.6/site-packages/airflow/example_dags/example_dag_decorator.py
[2022-10-01 00:05:38,272] {processor.py:613} INFO - Processing file /home/airflow/.local/lib/python3.6/site-packages/airflow/example_dags/example_dag_decorator.py for tasks to queue
[2022-10-01 00:05:38,273] {logging_mixin.py:109} INFO - [2022-10-01 00:05:38,273] {dagbag.py:496} INFO - Filling up the DagBag from /home/airflow/.local/lib/python3.6/site-packages/airflow/example_dags/example_dag_decorator.py
[2022-10-01 00:05:38,286] {processor.py:623} INFO - DAG(s) dict_keys(['example_dag_decorator']) retrieved from /home/airflow/.local/lib/python3.6/site-packages/airflow/example_dags/example_dag_decorator.py
[2022-10-01 00:05:38,439] {logging_mixin.py:109} INFO - [2022-10-01 00:05:38,438] {dag.py:1833} INFO - Sync 1 DAGs
[2022-10-01 00:05:38,452] {logging_mixin.py:109} INFO - [2022-10-01 00:05:38,452] {dag.py:2306} INFO - Setting next_dagrun for example_dag_decorator to None
[2022-10-01 00:05:38,464] {processor.py:170} INFO - Processing /home/airflow/.local/lib/python3.6/site-packages/airflow/example_dags/example_dag_decorator.py took 0.198 seconds
[2022-10-01 00:06:08,839] {processor.py:162} INFO - Started process (PID=6214) to work on /home/airflow/.local/lib/python3.6/site-packages/airflow/example_dags/example_dag_decorator.py
[2022-10-01 00:06:08,841] {processor.py:613} INFO - Processing file /home/airflow/.local/lib/python3.6/site-packages/airflow/example_dags/example_dag_decorator.py for tasks to queue
[2022-10-01 00:06:08,843] {logging_mixin.py:109} INFO - [2022-10-01 00:06:08,843] {dagbag.py:496} INFO - Filling up the DagBag from /home/airflow/.local/lib/python3.6/site-packages/airflow/example_dags/example_dag_decorator.py
[2022-10-01 00:06:08,857] {processor.py:623} INFO - DAG(s) dict_keys(['example_dag_decorator']) retrieved from /home/airflow/.local/lib/python3.6/site-packages/airflow/example_dags/example_dag_decorator.py
[2022-10-01 00:06:08,877] {logging_mixin.py:109} INFO - [2022-10-01 00:06:08,877] {dag.py:1833} INFO - Sync 1 DAGs
[2022-10-01 00:06:08,890] {logging_mixin.py:109} INFO - [2022-10-01 00:06:08,890] {dag.py:2306} INFO - Setting next_dagrun for example_dag_decorator to None
[2022-10-01 00:06:08,902] {processor.py:170} INFO - Processing /home/airflow/.local/lib/python3.6/site-packages/airflow/example_dags/example_dag_decorator.py took 0.066 seconds
[2022-10-01 00:06:39,838] {processor.py:162} INFO - Started process (PID=6276) to work on /home/airflow/.local/lib/python3.6/site-packages/airflow/example_dags/example_dag_decorator.py
[2022-10-01 00:06:39,840] {processor.py:613} INFO - Processing file /home/airflow/.local/lib/python3.6/site-packages/airflow/example_dags/example_dag_decorator.py for tasks to queue
[2022-10-01 00:06:39,842] {logging_mixin.py:109} INFO - [2022-10-01 00:06:39,841] {dagbag.py:496} INFO - Filling up the DagBag from /home/airflow/.local/lib/python3.6/site-packages/airflow/example_dags/example_dag_decorator.py
[2022-10-01 00:06:39,854] {processor.py:623} INFO - DAG(s) dict_keys(['example_dag_decorator']) retrieved from /home/airflow/.local/lib/python3.6/site-packages/airflow/example_dags/example_dag_decorator.py
[2022-10-01 00:06:40,025] {logging_mixin.py:109} INFO - [2022-10-01 00:06:40,024] {dag.py:1833} INFO - Sync 1 DAGs
[2022-10-01 00:06:40,037] {logging_mixin.py:109} INFO - [2022-10-01 00:06:40,036] {dag.py:2306} INFO - Setting next_dagrun for example_dag_decorator to None
[2022-10-01 00:06:40,049] {processor.py:170} INFO - Processing /home/airflow/.local/lib/python3.6/site-packages/airflow/example_dags/example_dag_decorator.py took 0.216 seconds
[2022-10-01 00:07:10,103] {processor.py:162} INFO - Started process (PID=6327) to work on /home/airflow/.local/lib/python3.6/site-packages/airflow/example_dags/example_dag_decorator.py
[2022-10-01 00:07:10,104] {processor.py:613} INFO - Processing file /home/airflow/.local/lib/python3.6/site-packages/airflow/example_dags/example_dag_decorator.py for tasks to queue
[2022-10-01 00:07:10,105] {logging_mixin.py:109} INFO - [2022-10-01 00:07:10,105] {dagbag.py:496} INFO - Filling up the DagBag from /home/airflow/.local/lib/python3.6/site-packages/airflow/example_dags/example_dag_decorator.py
[2022-10-01 00:07:10,118] {processor.py:623} INFO - DAG(s) dict_keys(['example_dag_decorator']) retrieved from /home/airflow/.local/lib/python3.6/site-packages/airflow/example_dags/example_dag_decorator.py
[2022-10-01 00:07:10,273] {logging_mixin.py:109} INFO - [2022-10-01 00:07:10,273] {dag.py:1833} INFO - Sync 1 DAGs
[2022-10-01 00:07:10,285] {logging_mixin.py:109} INFO - [2022-10-01 00:07:10,285] {dag.py:2306} INFO - Setting next_dagrun for example_dag_decorator to None
[2022-10-01 00:07:10,299] {processor.py:170} INFO - Processing /home/airflow/.local/lib/python3.6/site-packages/airflow/example_dags/example_dag_decorator.py took 0.199 seconds
[2022-10-01 00:07:40,816] {processor.py:162} INFO - Started process (PID=6388) to work on /home/airflow/.local/lib/python3.6/site-packages/airflow/example_dags/example_dag_decorator.py
[2022-10-01 00:07:40,818] {processor.py:613} INFO - Processing file /home/airflow/.local/lib/python3.6/site-packages/airflow/example_dags/example_dag_decorator.py for tasks to queue
[2022-10-01 00:07:40,819] {logging_mixin.py:109} INFO - [2022-10-01 00:07:40,819] {dagbag.py:496} INFO - Filling up the DagBag from /home/airflow/.local/lib/python3.6/site-packages/airflow/example_dags/example_dag_decorator.py
[2022-10-01 00:07:40,832] {processor.py:623} INFO - DAG(s) dict_keys(['example_dag_decorator']) retrieved from /home/airflow/.local/lib/python3.6/site-packages/airflow/example_dags/example_dag_decorator.py
[2022-10-01 00:07:41,065] {logging_mixin.py:109} INFO - [2022-10-01 00:07:41,064] {dag.py:1833} INFO - Sync 1 DAGs
[2022-10-01 00:07:41,077] {logging_mixin.py:109} INFO - [2022-10-01 00:07:41,076] {dag.py:2306} INFO - Setting next_dagrun for example_dag_decorator to None
[2022-10-01 00:07:41,089] {processor.py:170} INFO - Processing /home/airflow/.local/lib/python3.6/site-packages/airflow/example_dags/example_dag_decorator.py took 0.275 seconds
[2022-10-01 00:08:11,749] {processor.py:162} INFO - Started process (PID=6449) to work on /home/airflow/.local/lib/python3.6/site-packages/airflow/example_dags/example_dag_decorator.py
[2022-10-01 00:08:11,752] {processor.py:613} INFO - Processing file /home/airflow/.local/lib/python3.6/site-packages/airflow/example_dags/example_dag_decorator.py for tasks to queue
[2022-10-01 00:08:11,753] {logging_mixin.py:109} INFO - [2022-10-01 00:08:11,753] {dagbag.py:496} INFO - Filling up the DagBag from /home/airflow/.local/lib/python3.6/site-packages/airflow/example_dags/example_dag_decorator.py
[2022-10-01 00:08:11,770] {processor.py:623} INFO - DAG(s) dict_keys(['example_dag_decorator']) retrieved from /home/airflow/.local/lib/python3.6/site-packages/airflow/example_dags/example_dag_decorator.py
[2022-10-01 00:08:12,176] {logging_mixin.py:109} INFO - [2022-10-01 00:08:12,176] {dag.py:1833} INFO - Sync 1 DAGs
[2022-10-01 00:08:12,191] {logging_mixin.py:109} INFO - [2022-10-01 00:08:12,191] {dag.py:2306} INFO - Setting next_dagrun for example_dag_decorator to None
[2022-10-01 00:08:12,209] {processor.py:170} INFO - Processing /home/airflow/.local/lib/python3.6/site-packages/airflow/example_dags/example_dag_decorator.py took 0.465 seconds
[2022-10-01 00:08:43,065] {processor.py:162} INFO - Started process (PID=6500) to work on /home/airflow/.local/lib/python3.6/site-packages/airflow/example_dags/example_dag_decorator.py
[2022-10-01 00:08:43,067] {processor.py:613} INFO - Processing file /home/airflow/.local/lib/python3.6/site-packages/airflow/example_dags/example_dag_decorator.py for tasks to queue
[2022-10-01 00:08:43,068] {logging_mixin.py:109} INFO - [2022-10-01 00:08:43,068] {dagbag.py:496} INFO - Filling up the DagBag from /home/airflow/.local/lib/python3.6/site-packages/airflow/example_dags/example_dag_decorator.py
[2022-10-01 00:08:43,081] {processor.py:623} INFO - DAG(s) dict_keys(['example_dag_decorator']) retrieved from /home/airflow/.local/lib/python3.6/site-packages/airflow/example_dags/example_dag_decorator.py
[2022-10-01 00:08:43,230] {logging_mixin.py:109} INFO - [2022-10-01 00:08:43,230] {dag.py:1833} INFO - Sync 1 DAGs
[2022-10-01 00:08:43,242] {logging_mixin.py:109} INFO - [2022-10-01 00:08:43,242] {dag.py:2306} INFO - Setting next_dagrun for example_dag_decorator to None
[2022-10-01 00:08:43,253] {processor.py:170} INFO - Processing /home/airflow/.local/lib/python3.6/site-packages/airflow/example_dags/example_dag_decorator.py took 0.191 seconds
[2022-10-01 00:09:13,306] {processor.py:162} INFO - Started process (PID=6561) to work on /home/airflow/.local/lib/python3.6/site-packages/airflow/example_dags/example_dag_decorator.py
[2022-10-01 00:09:13,309] {processor.py:613} INFO - Processing file /home/airflow/.local/lib/python3.6/site-packages/airflow/example_dags/example_dag_decorator.py for tasks to queue
[2022-10-01 00:09:13,310] {logging_mixin.py:109} INFO - [2022-10-01 00:09:13,310] {dagbag.py:496} INFO - Filling up the DagBag from /home/airflow/.local/lib/python3.6/site-packages/airflow/example_dags/example_dag_decorator.py
[2022-10-01 00:09:13,325] {processor.py:623} INFO - DAG(s) dict_keys(['example_dag_decorator']) retrieved from /home/airflow/.local/lib/python3.6/site-packages/airflow/example_dags/example_dag_decorator.py
[2022-10-01 00:09:13,480] {logging_mixin.py:109} INFO - [2022-10-01 00:09:13,479] {dag.py:1833} INFO - Sync 1 DAGs
[2022-10-01 00:09:13,493] {logging_mixin.py:109} INFO - [2022-10-01 00:09:13,492] {dag.py:2306} INFO - Setting next_dagrun for example_dag_decorator to None
[2022-10-01 00:09:13,504] {processor.py:170} INFO - Processing /home/airflow/.local/lib/python3.6/site-packages/airflow/example_dags/example_dag_decorator.py took 0.202 seconds
[2022-10-01 00:09:44,094] {processor.py:162} INFO - Started process (PID=6622) to work on /home/airflow/.local/lib/python3.6/site-packages/airflow/example_dags/example_dag_decorator.py
[2022-10-01 00:09:44,096] {processor.py:613} INFO - Processing file /home/airflow/.local/lib/python3.6/site-packages/airflow/example_dags/example_dag_decorator.py for tasks to queue
[2022-10-01 00:09:44,097] {logging_mixin.py:109} INFO - [2022-10-01 00:09:44,097] {dagbag.py:496} INFO - Filling up the DagBag from /home/airflow/.local/lib/python3.6/site-packages/airflow/example_dags/example_dag_decorator.py
[2022-10-01 00:09:44,111] {processor.py:623} INFO - DAG(s) dict_keys(['example_dag_decorator']) retrieved from /home/airflow/.local/lib/python3.6/site-packages/airflow/example_dags/example_dag_decorator.py
[2022-10-01 00:09:44,273] {logging_mixin.py:109} INFO - [2022-10-01 00:09:44,273] {dag.py:1833} INFO - Sync 1 DAGs
[2022-10-01 00:09:44,284] {logging_mixin.py:109} INFO - [2022-10-01 00:09:44,284] {dag.py:2306} INFO - Setting next_dagrun for example_dag_decorator to None
[2022-10-01 00:09:44,292] {processor.py:170} INFO - Processing /home/airflow/.local/lib/python3.6/site-packages/airflow/example_dags/example_dag_decorator.py took 0.202 seconds
[2022-10-01 00:10:14,923] {processor.py:162} INFO - Started process (PID=6673) to work on /home/airflow/.local/lib/python3.6/site-packages/airflow/example_dags/example_dag_decorator.py
[2022-10-01 00:10:14,924] {processor.py:613} INFO - Processing file /home/airflow/.local/lib/python3.6/site-packages/airflow/example_dags/example_dag_decorator.py for tasks to queue
[2022-10-01 00:10:14,926] {logging_mixin.py:109} INFO - [2022-10-01 00:10:14,925] {dagbag.py:496} INFO - Filling up the DagBag from /home/airflow/.local/lib/python3.6/site-packages/airflow/example_dags/example_dag_decorator.py
[2022-10-01 00:10:14,939] {processor.py:623} INFO - DAG(s) dict_keys(['example_dag_decorator']) retrieved from /home/airflow/.local/lib/python3.6/site-packages/airflow/example_dags/example_dag_decorator.py
[2022-10-01 00:10:15,104] {logging_mixin.py:109} INFO - [2022-10-01 00:10:15,103] {dag.py:1833} INFO - Sync 1 DAGs
[2022-10-01 00:10:15,116] {logging_mixin.py:109} INFO - [2022-10-01 00:10:15,116] {dag.py:2306} INFO - Setting next_dagrun for example_dag_decorator to None
[2022-10-01 00:10:15,127] {processor.py:170} INFO - Processing /home/airflow/.local/lib/python3.6/site-packages/airflow/example_dags/example_dag_decorator.py took 0.207 seconds
[2022-10-01 00:10:45,439] {processor.py:162} INFO - Started process (PID=6734) to work on /home/airflow/.local/lib/python3.6/site-packages/airflow/example_dags/example_dag_decorator.py
[2022-10-01 00:10:45,440] {processor.py:613} INFO - Processing file /home/airflow/.local/lib/python3.6/site-packages/airflow/example_dags/example_dag_decorator.py for tasks to queue
[2022-10-01 00:10:45,441] {logging_mixin.py:109} INFO - [2022-10-01 00:10:45,441] {dagbag.py:496} INFO - Filling up the DagBag from /home/airflow/.local/lib/python3.6/site-packages/airflow/example_dags/example_dag_decorator.py
[2022-10-01 00:10:45,454] {processor.py:623} INFO - DAG(s) dict_keys(['example_dag_decorator']) retrieved from /home/airflow/.local/lib/python3.6/site-packages/airflow/example_dags/example_dag_decorator.py
[2022-10-01 00:10:45,473] {logging_mixin.py:109} INFO - [2022-10-01 00:10:45,473] {dag.py:1833} INFO - Sync 1 DAGs
[2022-10-01 00:10:45,486] {logging_mixin.py:109} INFO - [2022-10-01 00:10:45,486] {dag.py:2306} INFO - Setting next_dagrun for example_dag_decorator to None
[2022-10-01 00:10:45,499] {processor.py:170} INFO - Processing /home/airflow/.local/lib/python3.6/site-packages/airflow/example_dags/example_dag_decorator.py took 0.063 seconds
[2022-10-01 00:11:16,026] {processor.py:162} INFO - Started process (PID=6795) to work on /home/airflow/.local/lib/python3.6/site-packages/airflow/example_dags/example_dag_decorator.py
[2022-10-01 00:11:16,027] {processor.py:613} INFO - Processing file /home/airflow/.local/lib/python3.6/site-packages/airflow/example_dags/example_dag_decorator.py for tasks to queue
[2022-10-01 00:11:16,028] {logging_mixin.py:109} INFO - [2022-10-01 00:11:16,028] {dagbag.py:496} INFO - Filling up the DagBag from /home/airflow/.local/lib/python3.6/site-packages/airflow/example_dags/example_dag_decorator.py
[2022-10-01 00:11:16,041] {processor.py:623} INFO - DAG(s) dict_keys(['example_dag_decorator']) retrieved from /home/airflow/.local/lib/python3.6/site-packages/airflow/example_dags/example_dag_decorator.py
[2022-10-01 00:11:16,060] {logging_mixin.py:109} INFO - [2022-10-01 00:11:16,060] {dag.py:1833} INFO - Sync 1 DAGs
[2022-10-01 00:11:16,073] {logging_mixin.py:109} INFO - [2022-10-01 00:11:16,072] {dag.py:2306} INFO - Setting next_dagrun for example_dag_decorator to None
[2022-10-01 00:11:16,081] {processor.py:170} INFO - Processing /home/airflow/.local/lib/python3.6/site-packages/airflow/example_dags/example_dag_decorator.py took 0.057 seconds
[2022-10-01 00:11:46,182] {processor.py:162} INFO - Started process (PID=6846) to work on /home/airflow/.local/lib/python3.6/site-packages/airflow/example_dags/example_dag_decorator.py
[2022-10-01 00:11:46,183] {processor.py:613} INFO - Processing file /home/airflow/.local/lib/python3.6/site-packages/airflow/example_dags/example_dag_decorator.py for tasks to queue
[2022-10-01 00:11:46,184] {logging_mixin.py:109} INFO - [2022-10-01 00:11:46,184] {dagbag.py:496} INFO - Filling up the DagBag from /home/airflow/.local/lib/python3.6/site-packages/airflow/example_dags/example_dag_decorator.py
[2022-10-01 00:11:46,198] {processor.py:623} INFO - DAG(s) dict_keys(['example_dag_decorator']) retrieved from /home/airflow/.local/lib/python3.6/site-packages/airflow/example_dags/example_dag_decorator.py
[2022-10-01 00:11:46,344] {logging_mixin.py:109} INFO - [2022-10-01 00:11:46,343] {dag.py:1833} INFO - Sync 1 DAGs
[2022-10-01 00:11:46,354] {logging_mixin.py:109} INFO - [2022-10-01 00:11:46,354] {dag.py:2306} INFO - Setting next_dagrun for example_dag_decorator to None
[2022-10-01 00:11:46,367] {processor.py:170} INFO - Processing /home/airflow/.local/lib/python3.6/site-packages/airflow/example_dags/example_dag_decorator.py took 0.188 seconds
[2022-10-01 00:12:17,057] {processor.py:162} INFO - Started process (PID=6907) to work on /home/airflow/.local/lib/python3.6/site-packages/airflow/example_dags/example_dag_decorator.py
[2022-10-01 00:12:17,059] {processor.py:613} INFO - Processing file /home/airflow/.local/lib/python3.6/site-packages/airflow/example_dags/example_dag_decorator.py for tasks to queue
[2022-10-01 00:12:17,060] {logging_mixin.py:109} INFO - [2022-10-01 00:12:17,060] {dagbag.py:496} INFO - Filling up the DagBag from /home/airflow/.local/lib/python3.6/site-packages/airflow/example_dags/example_dag_decorator.py
[2022-10-01 00:12:17,072] {processor.py:623} INFO - DAG(s) dict_keys(['example_dag_decorator']) retrieved from /home/airflow/.local/lib/python3.6/site-packages/airflow/example_dags/example_dag_decorator.py
[2022-10-01 00:12:17,210] {logging_mixin.py:109} INFO - [2022-10-01 00:12:17,210] {dag.py:1833} INFO - Sync 1 DAGs
[2022-10-01 00:12:17,220] {logging_mixin.py:109} INFO - [2022-10-01 00:12:17,220] {dag.py:2306} INFO - Setting next_dagrun for example_dag_decorator to None
[2022-10-01 00:12:17,232] {processor.py:170} INFO - Processing /home/airflow/.local/lib/python3.6/site-packages/airflow/example_dags/example_dag_decorator.py took 0.178 seconds
[2022-10-01 00:12:47,350] {processor.py:162} INFO - Started process (PID=6968) to work on /home/airflow/.local/lib/python3.6/site-packages/airflow/example_dags/example_dag_decorator.py
[2022-10-01 00:12:47,352] {processor.py:613} INFO - Processing file /home/airflow/.local/lib/python3.6/site-packages/airflow/example_dags/example_dag_decorator.py for tasks to queue
[2022-10-01 00:12:47,353] {logging_mixin.py:109} INFO - [2022-10-01 00:12:47,353] {dagbag.py:496} INFO - Filling up the DagBag from /home/airflow/.local/lib/python3.6/site-packages/airflow/example_dags/example_dag_decorator.py
[2022-10-01 00:12:47,365] {processor.py:623} INFO - DAG(s) dict_keys(['example_dag_decorator']) retrieved from /home/airflow/.local/lib/python3.6/site-packages/airflow/example_dags/example_dag_decorator.py
[2022-10-01 00:12:47,514] {logging_mixin.py:109} INFO - [2022-10-01 00:12:47,514] {dag.py:1833} INFO - Sync 1 DAGs
[2022-10-01 00:12:47,525] {logging_mixin.py:109} INFO - [2022-10-01 00:12:47,525] {dag.py:2306} INFO - Setting next_dagrun for example_dag_decorator to None
[2022-10-01 00:12:47,536] {processor.py:170} INFO - Processing /home/airflow/.local/lib/python3.6/site-packages/airflow/example_dags/example_dag_decorator.py took 0.189 seconds
[2022-10-01 00:13:18,256] {processor.py:162} INFO - Started process (PID=7020) to work on /home/airflow/.local/lib/python3.6/site-packages/airflow/example_dags/example_dag_decorator.py
[2022-10-01 00:13:18,258] {processor.py:613} INFO - Processing file /home/airflow/.local/lib/python3.6/site-packages/airflow/example_dags/example_dag_decorator.py for tasks to queue
[2022-10-01 00:13:18,259] {logging_mixin.py:109} INFO - [2022-10-01 00:13:18,259] {dagbag.py:496} INFO - Filling up the DagBag from /home/airflow/.local/lib/python3.6/site-packages/airflow/example_dags/example_dag_decorator.py
[2022-10-01 00:13:18,272] {processor.py:623} INFO - DAG(s) dict_keys(['example_dag_decorator']) retrieved from /home/airflow/.local/lib/python3.6/site-packages/airflow/example_dags/example_dag_decorator.py
[2022-10-01 00:13:18,290] {logging_mixin.py:109} INFO - [2022-10-01 00:13:18,290] {dag.py:1833} INFO - Sync 1 DAGs
[2022-10-01 00:13:18,302] {logging_mixin.py:109} INFO - [2022-10-01 00:13:18,302] {dag.py:2306} INFO - Setting next_dagrun for example_dag_decorator to None
[2022-10-01 00:13:18,315] {processor.py:170} INFO - Processing /home/airflow/.local/lib/python3.6/site-packages/airflow/example_dags/example_dag_decorator.py took 0.061 seconds
[2022-10-01 00:13:48,404] {processor.py:162} INFO - Started process (PID=7081) to work on /home/airflow/.local/lib/python3.6/site-packages/airflow/example_dags/example_dag_decorator.py
[2022-10-01 00:13:48,406] {processor.py:613} INFO - Processing file /home/airflow/.local/lib/python3.6/site-packages/airflow/example_dags/example_dag_decorator.py for tasks to queue
[2022-10-01 00:13:48,408] {logging_mixin.py:109} INFO - [2022-10-01 00:13:48,408] {dagbag.py:496} INFO - Filling up the DagBag from /home/airflow/.local/lib/python3.6/site-packages/airflow/example_dags/example_dag_decorator.py
[2022-10-01 00:13:48,423] {processor.py:623} INFO - DAG(s) dict_keys(['example_dag_decorator']) retrieved from /home/airflow/.local/lib/python3.6/site-packages/airflow/example_dags/example_dag_decorator.py
[2022-10-01 00:13:48,582] {logging_mixin.py:109} INFO - [2022-10-01 00:13:48,582] {dag.py:1833} INFO - Sync 1 DAGs
[2022-10-01 00:13:48,595] {logging_mixin.py:109} INFO - [2022-10-01 00:13:48,595] {dag.py:2306} INFO - Setting next_dagrun for example_dag_decorator to None
[2022-10-01 00:13:48,606] {processor.py:170} INFO - Processing /home/airflow/.local/lib/python3.6/site-packages/airflow/example_dags/example_dag_decorator.py took 0.205 seconds
[2022-10-01 00:14:18,790] {processor.py:162} INFO - Started process (PID=7142) to work on /home/airflow/.local/lib/python3.6/site-packages/airflow/example_dags/example_dag_decorator.py
[2022-10-01 00:14:18,791] {processor.py:613} INFO - Processing file /home/airflow/.local/lib/python3.6/site-packages/airflow/example_dags/example_dag_decorator.py for tasks to queue
[2022-10-01 00:14:18,793] {logging_mixin.py:109} INFO - [2022-10-01 00:14:18,793] {dagbag.py:496} INFO - Filling up the DagBag from /home/airflow/.local/lib/python3.6/site-packages/airflow/example_dags/example_dag_decorator.py
[2022-10-01 00:14:18,814] {processor.py:623} INFO - DAG(s) dict_keys(['example_dag_decorator']) retrieved from /home/airflow/.local/lib/python3.6/site-packages/airflow/example_dags/example_dag_decorator.py
[2022-10-01 00:14:18,980] {logging_mixin.py:109} INFO - [2022-10-01 00:14:18,980] {dag.py:1833} INFO - Sync 1 DAGs
[2022-10-01 00:14:18,992] {logging_mixin.py:109} INFO - [2022-10-01 00:14:18,992] {dag.py:2306} INFO - Setting next_dagrun for example_dag_decorator to None
[2022-10-01 00:14:19,005] {processor.py:170} INFO - Processing /home/airflow/.local/lib/python3.6/site-packages/airflow/example_dags/example_dag_decorator.py took 0.220 seconds
[2022-10-01 00:14:49,558] {processor.py:162} INFO - Started process (PID=7194) to work on /home/airflow/.local/lib/python3.6/site-packages/airflow/example_dags/example_dag_decorator.py
[2022-10-01 00:14:49,560] {processor.py:613} INFO - Processing file /home/airflow/.local/lib/python3.6/site-packages/airflow/example_dags/example_dag_decorator.py for tasks to queue
[2022-10-01 00:14:49,562] {logging_mixin.py:109} INFO - [2022-10-01 00:14:49,562] {dagbag.py:496} INFO - Filling up the DagBag from /home/airflow/.local/lib/python3.6/site-packages/airflow/example_dags/example_dag_decorator.py
[2022-10-01 00:14:49,574] {processor.py:623} INFO - DAG(s) dict_keys(['example_dag_decorator']) retrieved from /home/airflow/.local/lib/python3.6/site-packages/airflow/example_dags/example_dag_decorator.py
[2022-10-01 00:14:49,720] {logging_mixin.py:109} INFO - [2022-10-01 00:14:49,719] {dag.py:1833} INFO - Sync 1 DAGs
[2022-10-01 00:14:49,731] {logging_mixin.py:109} INFO - [2022-10-01 00:14:49,731] {dag.py:2306} INFO - Setting next_dagrun for example_dag_decorator to None
[2022-10-01 00:14:49,744] {processor.py:170} INFO - Processing /home/airflow/.local/lib/python3.6/site-packages/airflow/example_dags/example_dag_decorator.py took 0.188 seconds
[2022-10-01 00:15:20,499] {processor.py:162} INFO - Started process (PID=7255) to work on /home/airflow/.local/lib/python3.6/site-packages/airflow/example_dags/example_dag_decorator.py
[2022-10-01 00:15:20,501] {processor.py:613} INFO - Processing file /home/airflow/.local/lib/python3.6/site-packages/airflow/example_dags/example_dag_decorator.py for tasks to queue
[2022-10-01 00:15:20,503] {logging_mixin.py:109} INFO - [2022-10-01 00:15:20,503] {dagbag.py:496} INFO - Filling up the DagBag from /home/airflow/.local/lib/python3.6/site-packages/airflow/example_dags/example_dag_decorator.py
[2022-10-01 00:15:20,529] {processor.py:623} INFO - DAG(s) dict_keys(['example_dag_decorator']) retrieved from /home/airflow/.local/lib/python3.6/site-packages/airflow/example_dags/example_dag_decorator.py
[2022-10-01 00:15:20,728] {logging_mixin.py:109} INFO - [2022-10-01 00:15:20,728] {dag.py:1833} INFO - Sync 1 DAGs
[2022-10-01 00:15:20,744] {logging_mixin.py:109} INFO - [2022-10-01 00:15:20,744] {dag.py:2306} INFO - Setting next_dagrun for example_dag_decorator to None
[2022-10-01 00:15:20,759] {processor.py:170} INFO - Processing /home/airflow/.local/lib/python3.6/site-packages/airflow/example_dags/example_dag_decorator.py took 0.263 seconds
[2022-10-01 00:15:51,630] {processor.py:162} INFO - Started process (PID=7316) to work on /home/airflow/.local/lib/python3.6/site-packages/airflow/example_dags/example_dag_decorator.py
[2022-10-01 00:15:51,631] {processor.py:613} INFO - Processing file /home/airflow/.local/lib/python3.6/site-packages/airflow/example_dags/example_dag_decorator.py for tasks to queue
[2022-10-01 00:15:51,632] {logging_mixin.py:109} INFO - [2022-10-01 00:15:51,632] {dagbag.py:496} INFO - Filling up the DagBag from /home/airflow/.local/lib/python3.6/site-packages/airflow/example_dags/example_dag_decorator.py
[2022-10-01 00:15:51,645] {processor.py:623} INFO - DAG(s) dict_keys(['example_dag_decorator']) retrieved from /home/airflow/.local/lib/python3.6/site-packages/airflow/example_dags/example_dag_decorator.py
[2022-10-01 00:15:51,663] {logging_mixin.py:109} INFO - [2022-10-01 00:15:51,663] {dag.py:1833} INFO - Sync 1 DAGs
[2022-10-01 00:15:51,675] {logging_mixin.py:109} INFO - [2022-10-01 00:15:51,675] {dag.py:2306} INFO - Setting next_dagrun for example_dag_decorator to None
[2022-10-01 00:15:51,686] {processor.py:170} INFO - Processing /home/airflow/.local/lib/python3.6/site-packages/airflow/example_dags/example_dag_decorator.py took 0.059 seconds
[2022-10-01 00:16:22,344] {processor.py:162} INFO - Started process (PID=7367) to work on /home/airflow/.local/lib/python3.6/site-packages/airflow/example_dags/example_dag_decorator.py
[2022-10-01 00:16:22,346] {processor.py:613} INFO - Processing file /home/airflow/.local/lib/python3.6/site-packages/airflow/example_dags/example_dag_decorator.py for tasks to queue
[2022-10-01 00:16:22,347] {logging_mixin.py:109} INFO - [2022-10-01 00:16:22,347] {dagbag.py:496} INFO - Filling up the DagBag from /home/airflow/.local/lib/python3.6/site-packages/airflow/example_dags/example_dag_decorator.py
[2022-10-01 00:16:22,360] {processor.py:623} INFO - DAG(s) dict_keys(['example_dag_decorator']) retrieved from /home/airflow/.local/lib/python3.6/site-packages/airflow/example_dags/example_dag_decorator.py
[2022-10-01 00:16:22,379] {logging_mixin.py:109} INFO - [2022-10-01 00:16:22,379] {dag.py:1833} INFO - Sync 1 DAGs
[2022-10-01 00:16:22,391] {logging_mixin.py:109} INFO - [2022-10-01 00:16:22,390] {dag.py:2306} INFO - Setting next_dagrun for example_dag_decorator to None
[2022-10-01 00:16:22,401] {processor.py:170} INFO - Processing /home/airflow/.local/lib/python3.6/site-packages/airflow/example_dags/example_dag_decorator.py took 0.060 seconds
[2022-10-01 00:16:53,192] {processor.py:162} INFO - Started process (PID=7428) to work on /home/airflow/.local/lib/python3.6/site-packages/airflow/example_dags/example_dag_decorator.py
[2022-10-01 00:16:53,194] {processor.py:613} INFO - Processing file /home/airflow/.local/lib/python3.6/site-packages/airflow/example_dags/example_dag_decorator.py for tasks to queue
[2022-10-01 00:16:53,195] {logging_mixin.py:109} INFO - [2022-10-01 00:16:53,195] {dagbag.py:496} INFO - Filling up the DagBag from /home/airflow/.local/lib/python3.6/site-packages/airflow/example_dags/example_dag_decorator.py
[2022-10-01 00:16:53,209] {processor.py:623} INFO - DAG(s) dict_keys(['example_dag_decorator']) retrieved from /home/airflow/.local/lib/python3.6/site-packages/airflow/example_dags/example_dag_decorator.py
[2022-10-01 00:16:53,362] {logging_mixin.py:109} INFO - [2022-10-01 00:16:53,362] {dag.py:1833} INFO - Sync 1 DAGs
[2022-10-01 00:16:53,374] {logging_mixin.py:109} INFO - [2022-10-01 00:16:53,373] {dag.py:2306} INFO - Setting next_dagrun for example_dag_decorator to None
[2022-10-01 00:16:53,383] {processor.py:170} INFO - Processing /home/airflow/.local/lib/python3.6/site-packages/airflow/example_dags/example_dag_decorator.py took 0.193 seconds
[2022-10-01 00:17:24,310] {processor.py:162} INFO - Started process (PID=7489) to work on /home/airflow/.local/lib/python3.6/site-packages/airflow/example_dags/example_dag_decorator.py
[2022-10-01 00:17:24,311] {processor.py:613} INFO - Processing file /home/airflow/.local/lib/python3.6/site-packages/airflow/example_dags/example_dag_decorator.py for tasks to queue
[2022-10-01 00:17:24,313] {logging_mixin.py:109} INFO - [2022-10-01 00:17:24,313] {dagbag.py:496} INFO - Filling up the DagBag from /home/airflow/.local/lib/python3.6/site-packages/airflow/example_dags/example_dag_decorator.py
[2022-10-01 00:17:24,327] {processor.py:623} INFO - DAG(s) dict_keys(['example_dag_decorator']) retrieved from /home/airflow/.local/lib/python3.6/site-packages/airflow/example_dags/example_dag_decorator.py
[2022-10-01 00:17:24,346] {logging_mixin.py:109} INFO - [2022-10-01 00:17:24,346] {dag.py:1833} INFO - Sync 1 DAGs
[2022-10-01 00:17:24,359] {logging_mixin.py:109} INFO - [2022-10-01 00:17:24,358] {dag.py:2306} INFO - Setting next_dagrun for example_dag_decorator to None
[2022-10-01 00:17:24,371] {processor.py:170} INFO - Processing /home/airflow/.local/lib/python3.6/site-packages/airflow/example_dags/example_dag_decorator.py took 0.063 seconds
[2022-10-01 00:17:54,507] {processor.py:162} INFO - Started process (PID=7541) to work on /home/airflow/.local/lib/python3.6/site-packages/airflow/example_dags/example_dag_decorator.py
[2022-10-01 00:17:54,509] {processor.py:613} INFO - Processing file /home/airflow/.local/lib/python3.6/site-packages/airflow/example_dags/example_dag_decorator.py for tasks to queue
[2022-10-01 00:17:54,510] {logging_mixin.py:109} INFO - [2022-10-01 00:17:54,510] {dagbag.py:496} INFO - Filling up the DagBag from /home/airflow/.local/lib/python3.6/site-packages/airflow/example_dags/example_dag_decorator.py
[2022-10-01 00:17:54,527] {processor.py:623} INFO - DAG(s) dict_keys(['example_dag_decorator']) retrieved from /home/airflow/.local/lib/python3.6/site-packages/airflow/example_dags/example_dag_decorator.py
[2022-10-01 00:17:54,691] {logging_mixin.py:109} INFO - [2022-10-01 00:17:54,691] {dag.py:1833} INFO - Sync 1 DAGs
[2022-10-01 00:17:54,704] {logging_mixin.py:109} INFO - [2022-10-01 00:17:54,704] {dag.py:2306} INFO - Setting next_dagrun for example_dag_decorator to None
[2022-10-01 00:17:54,720] {processor.py:170} INFO - Processing /home/airflow/.local/lib/python3.6/site-packages/airflow/example_dags/example_dag_decorator.py took 0.216 seconds
[2022-10-01 00:18:17,886] {processor.py:162} INFO - Started process (PID=7594) to work on /home/airflow/.local/lib/python3.6/site-packages/airflow/example_dags/example_dag_decorator.py
[2022-10-01 00:18:17,888] {processor.py:613} INFO - Processing file /home/airflow/.local/lib/python3.6/site-packages/airflow/example_dags/example_dag_decorator.py for tasks to queue
[2022-10-01 00:18:17,889] {logging_mixin.py:109} INFO - [2022-10-01 00:18:17,889] {dagbag.py:496} INFO - Filling up the DagBag from /home/airflow/.local/lib/python3.6/site-packages/airflow/example_dags/example_dag_decorator.py
[2022-10-01 00:18:17,913] {processor.py:623} INFO - DAG(s) dict_keys(['example_dag_decorator']) retrieved from /home/airflow/.local/lib/python3.6/site-packages/airflow/example_dags/example_dag_decorator.py
[2022-10-01 00:18:17,932] {logging_mixin.py:109} INFO - [2022-10-01 00:18:17,931] {dag.py:1833} INFO - Sync 1 DAGs
[2022-10-01 00:18:17,945] {logging_mixin.py:109} INFO - [2022-10-01 00:18:17,944] {dag.py:2306} INFO - Setting next_dagrun for example_dag_decorator to None
[2022-10-01 00:18:17,958] {processor.py:170} INFO - Processing /home/airflow/.local/lib/python3.6/site-packages/airflow/example_dags/example_dag_decorator.py took 0.076 seconds
[2022-10-01 00:18:49,222] {processor.py:162} INFO - Started process (PID=7655) to work on /home/airflow/.local/lib/python3.6/site-packages/airflow/example_dags/example_dag_decorator.py
[2022-10-01 00:18:49,223] {processor.py:613} INFO - Processing file /home/airflow/.local/lib/python3.6/site-packages/airflow/example_dags/example_dag_decorator.py for tasks to queue
[2022-10-01 00:18:49,224] {logging_mixin.py:109} INFO - [2022-10-01 00:18:49,224] {dagbag.py:496} INFO - Filling up the DagBag from /home/airflow/.local/lib/python3.6/site-packages/airflow/example_dags/example_dag_decorator.py
[2022-10-01 00:18:49,238] {processor.py:623} INFO - DAG(s) dict_keys(['example_dag_decorator']) retrieved from /home/airflow/.local/lib/python3.6/site-packages/airflow/example_dags/example_dag_decorator.py
[2022-10-01 00:18:49,429] {logging_mixin.py:109} INFO - [2022-10-01 00:18:49,429] {dag.py:1833} INFO - Sync 1 DAGs
[2022-10-01 00:18:49,438] {logging_mixin.py:109} INFO - [2022-10-01 00:18:49,438] {dag.py:2306} INFO - Setting next_dagrun for example_dag_decorator to None
[2022-10-01 00:18:49,450] {processor.py:170} INFO - Processing /home/airflow/.local/lib/python3.6/site-packages/airflow/example_dags/example_dag_decorator.py took 0.231 seconds
[2022-10-01 00:19:20,115] {processor.py:162} INFO - Started process (PID=7716) to work on /home/airflow/.local/lib/python3.6/site-packages/airflow/example_dags/example_dag_decorator.py
[2022-10-01 00:19:20,117] {processor.py:613} INFO - Processing file /home/airflow/.local/lib/python3.6/site-packages/airflow/example_dags/example_dag_decorator.py for tasks to queue
[2022-10-01 00:19:20,118] {logging_mixin.py:109} INFO - [2022-10-01 00:19:20,118] {dagbag.py:496} INFO - Filling up the DagBag from /home/airflow/.local/lib/python3.6/site-packages/airflow/example_dags/example_dag_decorator.py
[2022-10-01 00:19:20,131] {processor.py:623} INFO - DAG(s) dict_keys(['example_dag_decorator']) retrieved from /home/airflow/.local/lib/python3.6/site-packages/airflow/example_dags/example_dag_decorator.py
[2022-10-01 00:19:20,344] {logging_mixin.py:109} INFO - [2022-10-01 00:19:20,343] {dag.py:1833} INFO - Sync 1 DAGs
[2022-10-01 00:19:20,351] {logging_mixin.py:109} INFO - [2022-10-01 00:19:20,351] {dag.py:2306} INFO - Setting next_dagrun for example_dag_decorator to None
[2022-10-01 00:19:20,361] {processor.py:170} INFO - Processing /home/airflow/.local/lib/python3.6/site-packages/airflow/example_dags/example_dag_decorator.py took 0.249 seconds
[2022-10-01 00:19:51,175] {processor.py:162} INFO - Started process (PID=7776) to work on /home/airflow/.local/lib/python3.6/site-packages/airflow/example_dags/example_dag_decorator.py
[2022-10-01 00:19:51,177] {processor.py:613} INFO - Processing file /home/airflow/.local/lib/python3.6/site-packages/airflow/example_dags/example_dag_decorator.py for tasks to queue
[2022-10-01 00:19:51,178] {logging_mixin.py:109} INFO - [2022-10-01 00:19:51,178] {dagbag.py:496} INFO - Filling up the DagBag from /home/airflow/.local/lib/python3.6/site-packages/airflow/example_dags/example_dag_decorator.py
[2022-10-01 00:19:51,194] {processor.py:623} INFO - DAG(s) dict_keys(['example_dag_decorator']) retrieved from /home/airflow/.local/lib/python3.6/site-packages/airflow/example_dags/example_dag_decorator.py
[2022-10-01 00:19:51,423] {logging_mixin.py:109} INFO - [2022-10-01 00:19:51,423] {dag.py:1833} INFO - Sync 1 DAGs
[2022-10-01 00:19:51,433] {logging_mixin.py:109} INFO - [2022-10-01 00:19:51,432] {dag.py:2306} INFO - Setting next_dagrun for example_dag_decorator to None
[2022-10-01 00:19:51,446] {processor.py:170} INFO - Processing /home/airflow/.local/lib/python3.6/site-packages/airflow/example_dags/example_dag_decorator.py took 0.274 seconds
