[2022-10-01 00:00:01,109] {processor.py:162} INFO - Started process (PID=5516) to work on /home/airflow/.local/lib/python3.6/site-packages/airflow/example_dags/example_nested_branch_dag.py
[2022-10-01 00:00:01,111] {processor.py:613} INFO - Processing file /home/airflow/.local/lib/python3.6/site-packages/airflow/example_dags/example_nested_branch_dag.py for tasks to queue
[2022-10-01 00:00:01,112] {logging_mixin.py:109} INFO - [2022-10-01 00:00:01,112] {dagbag.py:496} INFO - Filling up the DagBag from /home/airflow/.local/lib/python3.6/site-packages/airflow/example_dags/example_nested_branch_dag.py
[2022-10-01 00:00:01,124] {processor.py:623} INFO - DAG(s) dict_keys(['example_nested_branch_dag']) retrieved from /home/airflow/.local/lib/python3.6/site-packages/airflow/example_dags/example_nested_branch_dag.py
[2022-10-01 00:00:01,289] {logging_mixin.py:109} INFO - [2022-10-01 00:00:01,289] {dag.py:1833} INFO - Sync 1 DAGs
[2022-10-01 00:00:01,303] {logging_mixin.py:109} INFO - [2022-10-01 00:00:01,303] {dag.py:2306} INFO - Setting next_dagrun for example_nested_branch_dag to 2022-09-29 00:00:00+00:00
[2022-10-01 00:00:01,316] {processor.py:170} INFO - Processing /home/airflow/.local/lib/python3.6/site-packages/airflow/example_dags/example_nested_branch_dag.py took 0.211 seconds
[2022-10-01 00:00:31,740] {processor.py:162} INFO - Started process (PID=5577) to work on /home/airflow/.local/lib/python3.6/site-packages/airflow/example_dags/example_nested_branch_dag.py
[2022-10-01 00:00:31,742] {processor.py:613} INFO - Processing file /home/airflow/.local/lib/python3.6/site-packages/airflow/example_dags/example_nested_branch_dag.py for tasks to queue
[2022-10-01 00:00:31,744] {logging_mixin.py:109} INFO - [2022-10-01 00:00:31,744] {dagbag.py:496} INFO - Filling up the DagBag from /home/airflow/.local/lib/python3.6/site-packages/airflow/example_dags/example_nested_branch_dag.py
[2022-10-01 00:00:31,762] {processor.py:623} INFO - DAG(s) dict_keys(['example_nested_branch_dag']) retrieved from /home/airflow/.local/lib/python3.6/site-packages/airflow/example_dags/example_nested_branch_dag.py
[2022-10-01 00:00:31,788] {logging_mixin.py:109} INFO - [2022-10-01 00:00:31,787] {dag.py:1833} INFO - Sync 1 DAGs
[2022-10-01 00:00:31,807] {logging_mixin.py:109} INFO - [2022-10-01 00:00:31,807] {dag.py:2306} INFO - Setting next_dagrun for example_nested_branch_dag to 2022-09-29 00:00:00+00:00
[2022-10-01 00:00:31,820] {processor.py:170} INFO - Processing /home/airflow/.local/lib/python3.6/site-packages/airflow/example_dags/example_nested_branch_dag.py took 0.084 seconds
[2022-10-01 00:01:02,529] {processor.py:162} INFO - Started process (PID=5627) to work on /home/airflow/.local/lib/python3.6/site-packages/airflow/example_dags/example_nested_branch_dag.py
[2022-10-01 00:01:02,534] {processor.py:613} INFO - Processing file /home/airflow/.local/lib/python3.6/site-packages/airflow/example_dags/example_nested_branch_dag.py for tasks to queue
[2022-10-01 00:01:02,536] {logging_mixin.py:109} INFO - [2022-10-01 00:01:02,535] {dagbag.py:496} INFO - Filling up the DagBag from /home/airflow/.local/lib/python3.6/site-packages/airflow/example_dags/example_nested_branch_dag.py
[2022-10-01 00:01:02,550] {processor.py:623} INFO - DAG(s) dict_keys(['example_nested_branch_dag']) retrieved from /home/airflow/.local/lib/python3.6/site-packages/airflow/example_dags/example_nested_branch_dag.py
[2022-10-01 00:01:02,615] {logging_mixin.py:109} INFO - [2022-10-01 00:01:02,615] {dag.py:1833} INFO - Sync 1 DAGs
[2022-10-01 00:01:02,631] {logging_mixin.py:109} INFO - [2022-10-01 00:01:02,630] {dag.py:2306} INFO - Setting next_dagrun for example_nested_branch_dag to 2022-09-29 00:00:00+00:00
[2022-10-01 00:01:02,643] {processor.py:170} INFO - Processing /home/airflow/.local/lib/python3.6/site-packages/airflow/example_dags/example_nested_branch_dag.py took 0.121 seconds
[2022-10-01 00:01:32,826] {processor.py:162} INFO - Started process (PID=5688) to work on /home/airflow/.local/lib/python3.6/site-packages/airflow/example_dags/example_nested_branch_dag.py
[2022-10-01 00:01:32,828] {processor.py:613} INFO - Processing file /home/airflow/.local/lib/python3.6/site-packages/airflow/example_dags/example_nested_branch_dag.py for tasks to queue
[2022-10-01 00:01:32,830] {logging_mixin.py:109} INFO - [2022-10-01 00:01:32,830] {dagbag.py:496} INFO - Filling up the DagBag from /home/airflow/.local/lib/python3.6/site-packages/airflow/example_dags/example_nested_branch_dag.py
[2022-10-01 00:01:32,840] {processor.py:623} INFO - DAG(s) dict_keys(['example_nested_branch_dag']) retrieved from /home/airflow/.local/lib/python3.6/site-packages/airflow/example_dags/example_nested_branch_dag.py
[2022-10-01 00:01:32,859] {logging_mixin.py:109} INFO - [2022-10-01 00:01:32,859] {dag.py:1833} INFO - Sync 1 DAGs
[2022-10-01 00:01:32,873] {logging_mixin.py:109} INFO - [2022-10-01 00:01:32,873] {dag.py:2306} INFO - Setting next_dagrun for example_nested_branch_dag to 2022-09-29 00:00:00+00:00
[2022-10-01 00:01:32,885] {processor.py:170} INFO - Processing /home/airflow/.local/lib/python3.6/site-packages/airflow/example_dags/example_nested_branch_dag.py took 0.061 seconds
[2022-10-01 00:02:03,055] {processor.py:162} INFO - Started process (PID=5749) to work on /home/airflow/.local/lib/python3.6/site-packages/airflow/example_dags/example_nested_branch_dag.py
[2022-10-01 00:02:03,057] {processor.py:613} INFO - Processing file /home/airflow/.local/lib/python3.6/site-packages/airflow/example_dags/example_nested_branch_dag.py for tasks to queue
[2022-10-01 00:02:03,059] {logging_mixin.py:109} INFO - [2022-10-01 00:02:03,059] {dagbag.py:496} INFO - Filling up the DagBag from /home/airflow/.local/lib/python3.6/site-packages/airflow/example_dags/example_nested_branch_dag.py
[2022-10-01 00:02:03,071] {processor.py:623} INFO - DAG(s) dict_keys(['example_nested_branch_dag']) retrieved from /home/airflow/.local/lib/python3.6/site-packages/airflow/example_dags/example_nested_branch_dag.py
[2022-10-01 00:02:03,091] {logging_mixin.py:109} INFO - [2022-10-01 00:02:03,091] {dag.py:1833} INFO - Sync 1 DAGs
[2022-10-01 00:02:03,105] {logging_mixin.py:109} INFO - [2022-10-01 00:02:03,104] {dag.py:2306} INFO - Setting next_dagrun for example_nested_branch_dag to 2022-09-29 00:00:00+00:00
[2022-10-01 00:02:03,116] {processor.py:170} INFO - Processing /home/airflow/.local/lib/python3.6/site-packages/airflow/example_dags/example_nested_branch_dag.py took 0.063 seconds
[2022-10-01 00:02:33,433] {processor.py:162} INFO - Started process (PID=5800) to work on /home/airflow/.local/lib/python3.6/site-packages/airflow/example_dags/example_nested_branch_dag.py
[2022-10-01 00:02:33,435] {processor.py:613} INFO - Processing file /home/airflow/.local/lib/python3.6/site-packages/airflow/example_dags/example_nested_branch_dag.py for tasks to queue
[2022-10-01 00:02:33,436] {logging_mixin.py:109} INFO - [2022-10-01 00:02:33,436] {dagbag.py:496} INFO - Filling up the DagBag from /home/airflow/.local/lib/python3.6/site-packages/airflow/example_dags/example_nested_branch_dag.py
[2022-10-01 00:02:33,447] {processor.py:623} INFO - DAG(s) dict_keys(['example_nested_branch_dag']) retrieved from /home/airflow/.local/lib/python3.6/site-packages/airflow/example_dags/example_nested_branch_dag.py
[2022-10-01 00:02:33,467] {logging_mixin.py:109} INFO - [2022-10-01 00:02:33,467] {dag.py:1833} INFO - Sync 1 DAGs
[2022-10-01 00:02:33,481] {logging_mixin.py:109} INFO - [2022-10-01 00:02:33,481] {dag.py:2306} INFO - Setting next_dagrun for example_nested_branch_dag to 2022-09-29 00:00:00+00:00
[2022-10-01 00:02:33,494] {processor.py:170} INFO - Processing /home/airflow/.local/lib/python3.6/site-packages/airflow/example_dags/example_nested_branch_dag.py took 0.064 seconds
[2022-10-01 00:03:03,560] {processor.py:162} INFO - Started process (PID=5861) to work on /home/airflow/.local/lib/python3.6/site-packages/airflow/example_dags/example_nested_branch_dag.py
[2022-10-01 00:03:03,562] {processor.py:613} INFO - Processing file /home/airflow/.local/lib/python3.6/site-packages/airflow/example_dags/example_nested_branch_dag.py for tasks to queue
[2022-10-01 00:03:03,563] {logging_mixin.py:109} INFO - [2022-10-01 00:03:03,563] {dagbag.py:496} INFO - Filling up the DagBag from /home/airflow/.local/lib/python3.6/site-packages/airflow/example_dags/example_nested_branch_dag.py
[2022-10-01 00:03:03,579] {processor.py:623} INFO - DAG(s) dict_keys(['example_nested_branch_dag']) retrieved from /home/airflow/.local/lib/python3.6/site-packages/airflow/example_dags/example_nested_branch_dag.py
[2022-10-01 00:03:03,604] {logging_mixin.py:109} INFO - [2022-10-01 00:03:03,604] {dag.py:1833} INFO - Sync 1 DAGs
[2022-10-01 00:03:03,622] {logging_mixin.py:109} INFO - [2022-10-01 00:03:03,622] {dag.py:2306} INFO - Setting next_dagrun for example_nested_branch_dag to 2022-09-29 00:00:00+00:00
[2022-10-01 00:03:03,637] {processor.py:170} INFO - Processing /home/airflow/.local/lib/python3.6/site-packages/airflow/example_dags/example_nested_branch_dag.py took 0.080 seconds
[2022-10-01 00:03:33,863] {processor.py:162} INFO - Started process (PID=5922) to work on /home/airflow/.local/lib/python3.6/site-packages/airflow/example_dags/example_nested_branch_dag.py
[2022-10-01 00:03:33,865] {processor.py:613} INFO - Processing file /home/airflow/.local/lib/python3.6/site-packages/airflow/example_dags/example_nested_branch_dag.py for tasks to queue
[2022-10-01 00:03:33,866] {logging_mixin.py:109} INFO - [2022-10-01 00:03:33,865] {dagbag.py:496} INFO - Filling up the DagBag from /home/airflow/.local/lib/python3.6/site-packages/airflow/example_dags/example_nested_branch_dag.py
[2022-10-01 00:03:33,882] {processor.py:623} INFO - DAG(s) dict_keys(['example_nested_branch_dag']) retrieved from /home/airflow/.local/lib/python3.6/site-packages/airflow/example_dags/example_nested_branch_dag.py
[2022-10-01 00:03:33,904] {logging_mixin.py:109} INFO - [2022-10-01 00:03:33,904] {dag.py:1833} INFO - Sync 1 DAGs
[2022-10-01 00:03:33,919] {logging_mixin.py:109} INFO - [2022-10-01 00:03:33,919] {dag.py:2306} INFO - Setting next_dagrun for example_nested_branch_dag to 2022-09-29 00:00:00+00:00
[2022-10-01 00:03:33,929] {processor.py:170} INFO - Processing /home/airflow/.local/lib/python3.6/site-packages/airflow/example_dags/example_nested_branch_dag.py took 0.069 seconds
[2022-10-01 00:04:04,171] {processor.py:162} INFO - Started process (PID=5973) to work on /home/airflow/.local/lib/python3.6/site-packages/airflow/example_dags/example_nested_branch_dag.py
[2022-10-01 00:04:04,173] {processor.py:613} INFO - Processing file /home/airflow/.local/lib/python3.6/site-packages/airflow/example_dags/example_nested_branch_dag.py for tasks to queue
[2022-10-01 00:04:04,174] {logging_mixin.py:109} INFO - [2022-10-01 00:04:04,174] {dagbag.py:496} INFO - Filling up the DagBag from /home/airflow/.local/lib/python3.6/site-packages/airflow/example_dags/example_nested_branch_dag.py
[2022-10-01 00:04:04,184] {processor.py:623} INFO - DAG(s) dict_keys(['example_nested_branch_dag']) retrieved from /home/airflow/.local/lib/python3.6/site-packages/airflow/example_dags/example_nested_branch_dag.py
[2022-10-01 00:04:04,204] {logging_mixin.py:109} INFO - [2022-10-01 00:04:04,204] {dag.py:1833} INFO - Sync 1 DAGs
[2022-10-01 00:04:04,218] {logging_mixin.py:109} INFO - [2022-10-01 00:04:04,218] {dag.py:2306} INFO - Setting next_dagrun for example_nested_branch_dag to 2022-09-29 00:00:00+00:00
[2022-10-01 00:04:04,230] {processor.py:170} INFO - Processing /home/airflow/.local/lib/python3.6/site-packages/airflow/example_dags/example_nested_branch_dag.py took 0.062 seconds
[2022-10-01 00:04:34,424] {processor.py:162} INFO - Started process (PID=6034) to work on /home/airflow/.local/lib/python3.6/site-packages/airflow/example_dags/example_nested_branch_dag.py
[2022-10-01 00:04:34,426] {processor.py:613} INFO - Processing file /home/airflow/.local/lib/python3.6/site-packages/airflow/example_dags/example_nested_branch_dag.py for tasks to queue
[2022-10-01 00:04:34,427] {logging_mixin.py:109} INFO - [2022-10-01 00:04:34,427] {dagbag.py:496} INFO - Filling up the DagBag from /home/airflow/.local/lib/python3.6/site-packages/airflow/example_dags/example_nested_branch_dag.py
[2022-10-01 00:04:34,437] {processor.py:623} INFO - DAG(s) dict_keys(['example_nested_branch_dag']) retrieved from /home/airflow/.local/lib/python3.6/site-packages/airflow/example_dags/example_nested_branch_dag.py
[2022-10-01 00:04:34,456] {logging_mixin.py:109} INFO - [2022-10-01 00:04:34,456] {dag.py:1833} INFO - Sync 1 DAGs
[2022-10-01 00:04:34,469] {logging_mixin.py:109} INFO - [2022-10-01 00:04:34,469] {dag.py:2306} INFO - Setting next_dagrun for example_nested_branch_dag to 2022-09-29 00:00:00+00:00
[2022-10-01 00:04:34,481] {processor.py:170} INFO - Processing /home/airflow/.local/lib/python3.6/site-packages/airflow/example_dags/example_nested_branch_dag.py took 0.059 seconds
[2022-10-01 00:05:04,698] {processor.py:162} INFO - Started process (PID=6095) to work on /home/airflow/.local/lib/python3.6/site-packages/airflow/example_dags/example_nested_branch_dag.py
[2022-10-01 00:05:04,700] {processor.py:613} INFO - Processing file /home/airflow/.local/lib/python3.6/site-packages/airflow/example_dags/example_nested_branch_dag.py for tasks to queue
[2022-10-01 00:05:04,701] {logging_mixin.py:109} INFO - [2022-10-01 00:05:04,701] {dagbag.py:496} INFO - Filling up the DagBag from /home/airflow/.local/lib/python3.6/site-packages/airflow/example_dags/example_nested_branch_dag.py
[2022-10-01 00:05:04,713] {processor.py:623} INFO - DAG(s) dict_keys(['example_nested_branch_dag']) retrieved from /home/airflow/.local/lib/python3.6/site-packages/airflow/example_dags/example_nested_branch_dag.py
[2022-10-01 00:05:04,736] {logging_mixin.py:109} INFO - [2022-10-01 00:05:04,735] {dag.py:1833} INFO - Sync 1 DAGs
[2022-10-01 00:05:04,759] {logging_mixin.py:109} INFO - [2022-10-01 00:05:04,758] {dag.py:2306} INFO - Setting next_dagrun for example_nested_branch_dag to 2022-09-29 00:00:00+00:00
[2022-10-01 00:05:04,771] {processor.py:170} INFO - Processing /home/airflow/.local/lib/python3.6/site-packages/airflow/example_dags/example_nested_branch_dag.py took 0.076 seconds
[2022-10-01 00:05:34,983] {processor.py:162} INFO - Started process (PID=6146) to work on /home/airflow/.local/lib/python3.6/site-packages/airflow/example_dags/example_nested_branch_dag.py
[2022-10-01 00:05:34,985] {processor.py:613} INFO - Processing file /home/airflow/.local/lib/python3.6/site-packages/airflow/example_dags/example_nested_branch_dag.py for tasks to queue
[2022-10-01 00:05:34,987] {logging_mixin.py:109} INFO - [2022-10-01 00:05:34,987] {dagbag.py:496} INFO - Filling up the DagBag from /home/airflow/.local/lib/python3.6/site-packages/airflow/example_dags/example_nested_branch_dag.py
[2022-10-01 00:05:34,998] {processor.py:623} INFO - DAG(s) dict_keys(['example_nested_branch_dag']) retrieved from /home/airflow/.local/lib/python3.6/site-packages/airflow/example_dags/example_nested_branch_dag.py
[2022-10-01 00:05:35,020] {logging_mixin.py:109} INFO - [2022-10-01 00:05:35,020] {dag.py:1833} INFO - Sync 1 DAGs
[2022-10-01 00:05:35,035] {logging_mixin.py:109} INFO - [2022-10-01 00:05:35,035] {dag.py:2306} INFO - Setting next_dagrun for example_nested_branch_dag to 2022-09-29 00:00:00+00:00
[2022-10-01 00:05:35,046] {processor.py:170} INFO - Processing /home/airflow/.local/lib/python3.6/site-packages/airflow/example_dags/example_nested_branch_dag.py took 0.066 seconds
[2022-10-01 00:06:05,457] {processor.py:162} INFO - Started process (PID=6208) to work on /home/airflow/.local/lib/python3.6/site-packages/airflow/example_dags/example_nested_branch_dag.py
[2022-10-01 00:06:05,460] {processor.py:613} INFO - Processing file /home/airflow/.local/lib/python3.6/site-packages/airflow/example_dags/example_nested_branch_dag.py for tasks to queue
[2022-10-01 00:06:05,462] {logging_mixin.py:109} INFO - [2022-10-01 00:06:05,462] {dagbag.py:496} INFO - Filling up the DagBag from /home/airflow/.local/lib/python3.6/site-packages/airflow/example_dags/example_nested_branch_dag.py
[2022-10-01 00:06:05,474] {processor.py:623} INFO - DAG(s) dict_keys(['example_nested_branch_dag']) retrieved from /home/airflow/.local/lib/python3.6/site-packages/airflow/example_dags/example_nested_branch_dag.py
[2022-10-01 00:06:05,494] {logging_mixin.py:109} INFO - [2022-10-01 00:06:05,493] {dag.py:1833} INFO - Sync 1 DAGs
[2022-10-01 00:06:05,508] {logging_mixin.py:109} INFO - [2022-10-01 00:06:05,508] {dag.py:2306} INFO - Setting next_dagrun for example_nested_branch_dag to 2022-09-29 00:00:00+00:00
[2022-10-01 00:06:05,518] {processor.py:170} INFO - Processing /home/airflow/.local/lib/python3.6/site-packages/airflow/example_dags/example_nested_branch_dag.py took 0.064 seconds
[2022-10-01 00:06:35,624] {processor.py:162} INFO - Started process (PID=6260) to work on /home/airflow/.local/lib/python3.6/site-packages/airflow/example_dags/example_nested_branch_dag.py
[2022-10-01 00:06:35,626] {processor.py:613} INFO - Processing file /home/airflow/.local/lib/python3.6/site-packages/airflow/example_dags/example_nested_branch_dag.py for tasks to queue
[2022-10-01 00:06:35,627] {logging_mixin.py:109} INFO - [2022-10-01 00:06:35,627] {dagbag.py:496} INFO - Filling up the DagBag from /home/airflow/.local/lib/python3.6/site-packages/airflow/example_dags/example_nested_branch_dag.py
[2022-10-01 00:06:35,638] {processor.py:623} INFO - DAG(s) dict_keys(['example_nested_branch_dag']) retrieved from /home/airflow/.local/lib/python3.6/site-packages/airflow/example_dags/example_nested_branch_dag.py
[2022-10-01 00:06:35,657] {logging_mixin.py:109} INFO - [2022-10-01 00:06:35,657] {dag.py:1833} INFO - Sync 1 DAGs
[2022-10-01 00:06:35,674] {logging_mixin.py:109} INFO - [2022-10-01 00:06:35,674] {dag.py:2306} INFO - Setting next_dagrun for example_nested_branch_dag to 2022-09-29 00:00:00+00:00
[2022-10-01 00:06:35,686] {processor.py:170} INFO - Processing /home/airflow/.local/lib/python3.6/site-packages/airflow/example_dags/example_nested_branch_dag.py took 0.064 seconds
[2022-10-01 00:07:05,897] {processor.py:162} INFO - Started process (PID=6321) to work on /home/airflow/.local/lib/python3.6/site-packages/airflow/example_dags/example_nested_branch_dag.py
[2022-10-01 00:07:05,898] {processor.py:613} INFO - Processing file /home/airflow/.local/lib/python3.6/site-packages/airflow/example_dags/example_nested_branch_dag.py for tasks to queue
[2022-10-01 00:07:05,900] {logging_mixin.py:109} INFO - [2022-10-01 00:07:05,900] {dagbag.py:496} INFO - Filling up the DagBag from /home/airflow/.local/lib/python3.6/site-packages/airflow/example_dags/example_nested_branch_dag.py
[2022-10-01 00:07:05,910] {processor.py:623} INFO - DAG(s) dict_keys(['example_nested_branch_dag']) retrieved from /home/airflow/.local/lib/python3.6/site-packages/airflow/example_dags/example_nested_branch_dag.py
[2022-10-01 00:07:05,928] {logging_mixin.py:109} INFO - [2022-10-01 00:07:05,928] {dag.py:1833} INFO - Sync 1 DAGs
[2022-10-01 00:07:05,941] {logging_mixin.py:109} INFO - [2022-10-01 00:07:05,941] {dag.py:2306} INFO - Setting next_dagrun for example_nested_branch_dag to 2022-09-29 00:00:00+00:00
[2022-10-01 00:07:05,952] {processor.py:170} INFO - Processing /home/airflow/.local/lib/python3.6/site-packages/airflow/example_dags/example_nested_branch_dag.py took 0.058 seconds
[2022-10-01 00:07:37,468] {processor.py:162} INFO - Started process (PID=6382) to work on /home/airflow/.local/lib/python3.6/site-packages/airflow/example_dags/example_nested_branch_dag.py
[2022-10-01 00:07:37,471] {processor.py:613} INFO - Processing file /home/airflow/.local/lib/python3.6/site-packages/airflow/example_dags/example_nested_branch_dag.py for tasks to queue
[2022-10-01 00:07:37,473] {logging_mixin.py:109} INFO - [2022-10-01 00:07:37,472] {dagbag.py:496} INFO - Filling up the DagBag from /home/airflow/.local/lib/python3.6/site-packages/airflow/example_dags/example_nested_branch_dag.py
[2022-10-01 00:07:37,488] {processor.py:623} INFO - DAG(s) dict_keys(['example_nested_branch_dag']) retrieved from /home/airflow/.local/lib/python3.6/site-packages/airflow/example_dags/example_nested_branch_dag.py
[2022-10-01 00:07:37,515] {logging_mixin.py:109} INFO - [2022-10-01 00:07:37,515] {dag.py:1833} INFO - Sync 1 DAGs
[2022-10-01 00:07:37,535] {logging_mixin.py:109} INFO - [2022-10-01 00:07:37,535] {dag.py:2306} INFO - Setting next_dagrun for example_nested_branch_dag to 2022-09-29 00:00:00+00:00
[2022-10-01 00:07:37,549] {processor.py:170} INFO - Processing /home/airflow/.local/lib/python3.6/site-packages/airflow/example_dags/example_nested_branch_dag.py took 0.085 seconds
[2022-10-01 00:08:07,615] {processor.py:162} INFO - Started process (PID=6433) to work on /home/airflow/.local/lib/python3.6/site-packages/airflow/example_dags/example_nested_branch_dag.py
[2022-10-01 00:08:07,617] {processor.py:613} INFO - Processing file /home/airflow/.local/lib/python3.6/site-packages/airflow/example_dags/example_nested_branch_dag.py for tasks to queue
[2022-10-01 00:08:07,618] {logging_mixin.py:109} INFO - [2022-10-01 00:08:07,618] {dagbag.py:496} INFO - Filling up the DagBag from /home/airflow/.local/lib/python3.6/site-packages/airflow/example_dags/example_nested_branch_dag.py
[2022-10-01 00:08:07,628] {processor.py:623} INFO - DAG(s) dict_keys(['example_nested_branch_dag']) retrieved from /home/airflow/.local/lib/python3.6/site-packages/airflow/example_dags/example_nested_branch_dag.py
[2022-10-01 00:08:07,646] {logging_mixin.py:109} INFO - [2022-10-01 00:08:07,646] {dag.py:1833} INFO - Sync 1 DAGs
[2022-10-01 00:08:07,659] {logging_mixin.py:109} INFO - [2022-10-01 00:08:07,659] {dag.py:2306} INFO - Setting next_dagrun for example_nested_branch_dag to 2022-09-29 00:00:00+00:00
[2022-10-01 00:08:07,671] {processor.py:170} INFO - Processing /home/airflow/.local/lib/python3.6/site-packages/airflow/example_dags/example_nested_branch_dag.py took 0.059 seconds
[2022-10-01 00:08:37,925] {processor.py:162} INFO - Started process (PID=6494) to work on /home/airflow/.local/lib/python3.6/site-packages/airflow/example_dags/example_nested_branch_dag.py
[2022-10-01 00:08:37,927] {processor.py:613} INFO - Processing file /home/airflow/.local/lib/python3.6/site-packages/airflow/example_dags/example_nested_branch_dag.py for tasks to queue
[2022-10-01 00:08:37,928] {logging_mixin.py:109} INFO - [2022-10-01 00:08:37,928] {dagbag.py:496} INFO - Filling up the DagBag from /home/airflow/.local/lib/python3.6/site-packages/airflow/example_dags/example_nested_branch_dag.py
[2022-10-01 00:08:37,942] {processor.py:623} INFO - DAG(s) dict_keys(['example_nested_branch_dag']) retrieved from /home/airflow/.local/lib/python3.6/site-packages/airflow/example_dags/example_nested_branch_dag.py
[2022-10-01 00:08:37,962] {logging_mixin.py:109} INFO - [2022-10-01 00:08:37,962] {dag.py:1833} INFO - Sync 1 DAGs
[2022-10-01 00:08:37,976] {logging_mixin.py:109} INFO - [2022-10-01 00:08:37,976] {dag.py:2306} INFO - Setting next_dagrun for example_nested_branch_dag to 2022-09-29 00:00:00+00:00
[2022-10-01 00:08:37,988] {processor.py:170} INFO - Processing /home/airflow/.local/lib/python3.6/site-packages/airflow/example_dags/example_nested_branch_dag.py took 0.065 seconds
[2022-10-01 00:09:08,988] {processor.py:162} INFO - Started process (PID=6554) to work on /home/airflow/.local/lib/python3.6/site-packages/airflow/example_dags/example_nested_branch_dag.py
[2022-10-01 00:09:08,990] {processor.py:613} INFO - Processing file /home/airflow/.local/lib/python3.6/site-packages/airflow/example_dags/example_nested_branch_dag.py for tasks to queue
[2022-10-01 00:09:08,992] {logging_mixin.py:109} INFO - [2022-10-01 00:09:08,991] {dagbag.py:496} INFO - Filling up the DagBag from /home/airflow/.local/lib/python3.6/site-packages/airflow/example_dags/example_nested_branch_dag.py
[2022-10-01 00:09:09,007] {processor.py:623} INFO - DAG(s) dict_keys(['example_nested_branch_dag']) retrieved from /home/airflow/.local/lib/python3.6/site-packages/airflow/example_dags/example_nested_branch_dag.py
[2022-10-01 00:09:09,029] {logging_mixin.py:109} INFO - [2022-10-01 00:09:09,029] {dag.py:1833} INFO - Sync 1 DAGs
[2022-10-01 00:09:09,048] {logging_mixin.py:109} INFO - [2022-10-01 00:09:09,048] {dag.py:2306} INFO - Setting next_dagrun for example_nested_branch_dag to 2022-09-29 00:00:00+00:00
[2022-10-01 00:09:09,061] {processor.py:170} INFO - Processing /home/airflow/.local/lib/python3.6/site-packages/airflow/example_dags/example_nested_branch_dag.py took 0.079 seconds
[2022-10-01 00:09:39,782] {processor.py:162} INFO - Started process (PID=6606) to work on /home/airflow/.local/lib/python3.6/site-packages/airflow/example_dags/example_nested_branch_dag.py
[2022-10-01 00:09:39,784] {processor.py:613} INFO - Processing file /home/airflow/.local/lib/python3.6/site-packages/airflow/example_dags/example_nested_branch_dag.py for tasks to queue
[2022-10-01 00:09:39,785] {logging_mixin.py:109} INFO - [2022-10-01 00:09:39,785] {dagbag.py:496} INFO - Filling up the DagBag from /home/airflow/.local/lib/python3.6/site-packages/airflow/example_dags/example_nested_branch_dag.py
[2022-10-01 00:09:39,794] {processor.py:623} INFO - DAG(s) dict_keys(['example_nested_branch_dag']) retrieved from /home/airflow/.local/lib/python3.6/site-packages/airflow/example_dags/example_nested_branch_dag.py
[2022-10-01 00:09:39,812] {logging_mixin.py:109} INFO - [2022-10-01 00:09:39,812] {dag.py:1833} INFO - Sync 1 DAGs
[2022-10-01 00:09:39,823] {logging_mixin.py:109} INFO - [2022-10-01 00:09:39,823] {dag.py:2306} INFO - Setting next_dagrun for example_nested_branch_dag to 2022-09-29 00:00:00+00:00
[2022-10-01 00:09:39,834] {processor.py:170} INFO - Processing /home/airflow/.local/lib/python3.6/site-packages/airflow/example_dags/example_nested_branch_dag.py took 0.055 seconds
[2022-10-01 00:10:10,682] {processor.py:162} INFO - Started process (PID=6667) to work on /home/airflow/.local/lib/python3.6/site-packages/airflow/example_dags/example_nested_branch_dag.py
[2022-10-01 00:10:10,683] {processor.py:613} INFO - Processing file /home/airflow/.local/lib/python3.6/site-packages/airflow/example_dags/example_nested_branch_dag.py for tasks to queue
[2022-10-01 00:10:10,685] {logging_mixin.py:109} INFO - [2022-10-01 00:10:10,685] {dagbag.py:496} INFO - Filling up the DagBag from /home/airflow/.local/lib/python3.6/site-packages/airflow/example_dags/example_nested_branch_dag.py
[2022-10-01 00:10:10,696] {processor.py:623} INFO - DAG(s) dict_keys(['example_nested_branch_dag']) retrieved from /home/airflow/.local/lib/python3.6/site-packages/airflow/example_dags/example_nested_branch_dag.py
[2022-10-01 00:10:10,721] {logging_mixin.py:109} INFO - [2022-10-01 00:10:10,721] {dag.py:1833} INFO - Sync 1 DAGs
[2022-10-01 00:10:10,738] {logging_mixin.py:109} INFO - [2022-10-01 00:10:10,738] {dag.py:2306} INFO - Setting next_dagrun for example_nested_branch_dag to 2022-09-29 00:00:00+00:00
[2022-10-01 00:10:10,750] {processor.py:170} INFO - Processing /home/airflow/.local/lib/python3.6/site-packages/airflow/example_dags/example_nested_branch_dag.py took 0.072 seconds
[2022-10-01 00:10:41,236] {processor.py:162} INFO - Started process (PID=6728) to work on /home/airflow/.local/lib/python3.6/site-packages/airflow/example_dags/example_nested_branch_dag.py
[2022-10-01 00:10:41,237] {processor.py:613} INFO - Processing file /home/airflow/.local/lib/python3.6/site-packages/airflow/example_dags/example_nested_branch_dag.py for tasks to queue
[2022-10-01 00:10:41,238] {logging_mixin.py:109} INFO - [2022-10-01 00:10:41,238] {dagbag.py:496} INFO - Filling up the DagBag from /home/airflow/.local/lib/python3.6/site-packages/airflow/example_dags/example_nested_branch_dag.py
[2022-10-01 00:10:41,250] {processor.py:623} INFO - DAG(s) dict_keys(['example_nested_branch_dag']) retrieved from /home/airflow/.local/lib/python3.6/site-packages/airflow/example_dags/example_nested_branch_dag.py
[2022-10-01 00:10:41,268] {logging_mixin.py:109} INFO - [2022-10-01 00:10:41,268] {dag.py:1833} INFO - Sync 1 DAGs
[2022-10-01 00:10:41,282] {logging_mixin.py:109} INFO - [2022-10-01 00:10:41,282] {dag.py:2306} INFO - Setting next_dagrun for example_nested_branch_dag to 2022-09-29 00:00:00+00:00
[2022-10-01 00:10:41,292] {processor.py:170} INFO - Processing /home/airflow/.local/lib/python3.6/site-packages/airflow/example_dags/example_nested_branch_dag.py took 0.059 seconds
[2022-10-01 00:11:11,728] {processor.py:162} INFO - Started process (PID=6779) to work on /home/airflow/.local/lib/python3.6/site-packages/airflow/example_dags/example_nested_branch_dag.py
[2022-10-01 00:11:11,730] {processor.py:613} INFO - Processing file /home/airflow/.local/lib/python3.6/site-packages/airflow/example_dags/example_nested_branch_dag.py for tasks to queue
[2022-10-01 00:11:11,731] {logging_mixin.py:109} INFO - [2022-10-01 00:11:11,731] {dagbag.py:496} INFO - Filling up the DagBag from /home/airflow/.local/lib/python3.6/site-packages/airflow/example_dags/example_nested_branch_dag.py
[2022-10-01 00:11:11,741] {processor.py:623} INFO - DAG(s) dict_keys(['example_nested_branch_dag']) retrieved from /home/airflow/.local/lib/python3.6/site-packages/airflow/example_dags/example_nested_branch_dag.py
[2022-10-01 00:11:11,765] {logging_mixin.py:109} INFO - [2022-10-01 00:11:11,765] {dag.py:1833} INFO - Sync 1 DAGs
[2022-10-01 00:11:11,786] {logging_mixin.py:109} INFO - [2022-10-01 00:11:11,786] {dag.py:2306} INFO - Setting next_dagrun for example_nested_branch_dag to 2022-09-29 00:00:00+00:00
[2022-10-01 00:11:11,796] {processor.py:170} INFO - Processing /home/airflow/.local/lib/python3.6/site-packages/airflow/example_dags/example_nested_branch_dag.py took 0.071 seconds
[2022-10-01 00:11:42,734] {processor.py:162} INFO - Started process (PID=6840) to work on /home/airflow/.local/lib/python3.6/site-packages/airflow/example_dags/example_nested_branch_dag.py
[2022-10-01 00:11:42,736] {processor.py:613} INFO - Processing file /home/airflow/.local/lib/python3.6/site-packages/airflow/example_dags/example_nested_branch_dag.py for tasks to queue
[2022-10-01 00:11:42,738] {logging_mixin.py:109} INFO - [2022-10-01 00:11:42,738] {dagbag.py:496} INFO - Filling up the DagBag from /home/airflow/.local/lib/python3.6/site-packages/airflow/example_dags/example_nested_branch_dag.py
[2022-10-01 00:11:42,751] {processor.py:623} INFO - DAG(s) dict_keys(['example_nested_branch_dag']) retrieved from /home/airflow/.local/lib/python3.6/site-packages/airflow/example_dags/example_nested_branch_dag.py
[2022-10-01 00:11:42,774] {logging_mixin.py:109} INFO - [2022-10-01 00:11:42,774] {dag.py:1833} INFO - Sync 1 DAGs
[2022-10-01 00:11:42,789] {logging_mixin.py:109} INFO - [2022-10-01 00:11:42,788] {dag.py:2306} INFO - Setting next_dagrun for example_nested_branch_dag to 2022-09-29 00:00:00+00:00
[2022-10-01 00:11:42,800] {processor.py:170} INFO - Processing /home/airflow/.local/lib/python3.6/site-packages/airflow/example_dags/example_nested_branch_dag.py took 0.069 seconds
[2022-10-01 00:12:12,841] {processor.py:162} INFO - Started process (PID=6901) to work on /home/airflow/.local/lib/python3.6/site-packages/airflow/example_dags/example_nested_branch_dag.py
[2022-10-01 00:12:12,843] {processor.py:613} INFO - Processing file /home/airflow/.local/lib/python3.6/site-packages/airflow/example_dags/example_nested_branch_dag.py for tasks to queue
[2022-10-01 00:12:12,845] {logging_mixin.py:109} INFO - [2022-10-01 00:12:12,845] {dagbag.py:496} INFO - Filling up the DagBag from /home/airflow/.local/lib/python3.6/site-packages/airflow/example_dags/example_nested_branch_dag.py
[2022-10-01 00:12:12,854] {processor.py:623} INFO - DAG(s) dict_keys(['example_nested_branch_dag']) retrieved from /home/airflow/.local/lib/python3.6/site-packages/airflow/example_dags/example_nested_branch_dag.py
[2022-10-01 00:12:12,873] {logging_mixin.py:109} INFO - [2022-10-01 00:12:12,873] {dag.py:1833} INFO - Sync 1 DAGs
[2022-10-01 00:12:12,886] {logging_mixin.py:109} INFO - [2022-10-01 00:12:12,886] {dag.py:2306} INFO - Setting next_dagrun for example_nested_branch_dag to 2022-09-29 00:00:00+00:00
[2022-10-01 00:12:12,898] {processor.py:170} INFO - Processing /home/airflow/.local/lib/python3.6/site-packages/airflow/example_dags/example_nested_branch_dag.py took 0.059 seconds
[2022-10-01 00:12:43,977] {processor.py:162} INFO - Started process (PID=6952) to work on /home/airflow/.local/lib/python3.6/site-packages/airflow/example_dags/example_nested_branch_dag.py
[2022-10-01 00:12:43,978] {processor.py:613} INFO - Processing file /home/airflow/.local/lib/python3.6/site-packages/airflow/example_dags/example_nested_branch_dag.py for tasks to queue
[2022-10-01 00:12:43,979] {logging_mixin.py:109} INFO - [2022-10-01 00:12:43,979] {dagbag.py:496} INFO - Filling up the DagBag from /home/airflow/.local/lib/python3.6/site-packages/airflow/example_dags/example_nested_branch_dag.py
[2022-10-01 00:12:43,992] {processor.py:623} INFO - DAG(s) dict_keys(['example_nested_branch_dag']) retrieved from /home/airflow/.local/lib/python3.6/site-packages/airflow/example_dags/example_nested_branch_dag.py
[2022-10-01 00:12:44,011] {logging_mixin.py:109} INFO - [2022-10-01 00:12:44,011] {dag.py:1833} INFO - Sync 1 DAGs
[2022-10-01 00:12:44,026] {logging_mixin.py:109} INFO - [2022-10-01 00:12:44,025] {dag.py:2306} INFO - Setting next_dagrun for example_nested_branch_dag to 2022-09-29 00:00:00+00:00
[2022-10-01 00:12:44,037] {processor.py:170} INFO - Processing /home/airflow/.local/lib/python3.6/site-packages/airflow/example_dags/example_nested_branch_dag.py took 0.063 seconds
[2022-10-01 00:13:14,912] {processor.py:162} INFO - Started process (PID=7014) to work on /home/airflow/.local/lib/python3.6/site-packages/airflow/example_dags/example_nested_branch_dag.py
[2022-10-01 00:13:14,914] {processor.py:613} INFO - Processing file /home/airflow/.local/lib/python3.6/site-packages/airflow/example_dags/example_nested_branch_dag.py for tasks to queue
[2022-10-01 00:13:14,916] {logging_mixin.py:109} INFO - [2022-10-01 00:13:14,915] {dagbag.py:496} INFO - Filling up the DagBag from /home/airflow/.local/lib/python3.6/site-packages/airflow/example_dags/example_nested_branch_dag.py
[2022-10-01 00:13:14,931] {processor.py:623} INFO - DAG(s) dict_keys(['example_nested_branch_dag']) retrieved from /home/airflow/.local/lib/python3.6/site-packages/airflow/example_dags/example_nested_branch_dag.py
[2022-10-01 00:13:14,958] {logging_mixin.py:109} INFO - [2022-10-01 00:13:14,958] {dag.py:1833} INFO - Sync 1 DAGs
[2022-10-01 00:13:14,980] {logging_mixin.py:109} INFO - [2022-10-01 00:13:14,979] {dag.py:2306} INFO - Setting next_dagrun for example_nested_branch_dag to 2022-09-29 00:00:00+00:00
[2022-10-01 00:13:14,993] {processor.py:170} INFO - Processing /home/airflow/.local/lib/python3.6/site-packages/airflow/example_dags/example_nested_branch_dag.py took 0.085 seconds
[2022-10-01 00:13:46,069] {processor.py:162} INFO - Started process (PID=7075) to work on /home/airflow/.local/lib/python3.6/site-packages/airflow/example_dags/example_nested_branch_dag.py
[2022-10-01 00:13:46,071] {processor.py:613} INFO - Processing file /home/airflow/.local/lib/python3.6/site-packages/airflow/example_dags/example_nested_branch_dag.py for tasks to queue
[2022-10-01 00:13:46,072] {logging_mixin.py:109} INFO - [2022-10-01 00:13:46,072] {dagbag.py:496} INFO - Filling up the DagBag from /home/airflow/.local/lib/python3.6/site-packages/airflow/example_dags/example_nested_branch_dag.py
[2022-10-01 00:13:46,082] {processor.py:623} INFO - DAG(s) dict_keys(['example_nested_branch_dag']) retrieved from /home/airflow/.local/lib/python3.6/site-packages/airflow/example_dags/example_nested_branch_dag.py
[2022-10-01 00:13:46,101] {logging_mixin.py:109} INFO - [2022-10-01 00:13:46,101] {dag.py:1833} INFO - Sync 1 DAGs
[2022-10-01 00:13:46,114] {logging_mixin.py:109} INFO - [2022-10-01 00:13:46,114] {dag.py:2306} INFO - Setting next_dagrun for example_nested_branch_dag to 2022-09-29 00:00:00+00:00
[2022-10-01 00:13:46,125] {processor.py:170} INFO - Processing /home/airflow/.local/lib/python3.6/site-packages/airflow/example_dags/example_nested_branch_dag.py took 0.059 seconds
[2022-10-01 00:14:16,575] {processor.py:162} INFO - Started process (PID=7126) to work on /home/airflow/.local/lib/python3.6/site-packages/airflow/example_dags/example_nested_branch_dag.py
[2022-10-01 00:14:16,577] {processor.py:613} INFO - Processing file /home/airflow/.local/lib/python3.6/site-packages/airflow/example_dags/example_nested_branch_dag.py for tasks to queue
[2022-10-01 00:14:16,579] {logging_mixin.py:109} INFO - [2022-10-01 00:14:16,579] {dagbag.py:496} INFO - Filling up the DagBag from /home/airflow/.local/lib/python3.6/site-packages/airflow/example_dags/example_nested_branch_dag.py
[2022-10-01 00:14:16,589] {processor.py:623} INFO - DAG(s) dict_keys(['example_nested_branch_dag']) retrieved from /home/airflow/.local/lib/python3.6/site-packages/airflow/example_dags/example_nested_branch_dag.py
[2022-10-01 00:14:16,607] {logging_mixin.py:109} INFO - [2022-10-01 00:14:16,607] {dag.py:1833} INFO - Sync 1 DAGs
[2022-10-01 00:14:16,621] {logging_mixin.py:109} INFO - [2022-10-01 00:14:16,621] {dag.py:2306} INFO - Setting next_dagrun for example_nested_branch_dag to 2022-09-29 00:00:00+00:00
[2022-10-01 00:14:16,630] {processor.py:170} INFO - Processing /home/airflow/.local/lib/python3.6/site-packages/airflow/example_dags/example_nested_branch_dag.py took 0.058 seconds
[2022-10-01 00:14:47,342] {processor.py:162} INFO - Started process (PID=7188) to work on /home/airflow/.local/lib/python3.6/site-packages/airflow/example_dags/example_nested_branch_dag.py
[2022-10-01 00:14:47,344] {processor.py:613} INFO - Processing file /home/airflow/.local/lib/python3.6/site-packages/airflow/example_dags/example_nested_branch_dag.py for tasks to queue
[2022-10-01 00:14:47,345] {logging_mixin.py:109} INFO - [2022-10-01 00:14:47,345] {dagbag.py:496} INFO - Filling up the DagBag from /home/airflow/.local/lib/python3.6/site-packages/airflow/example_dags/example_nested_branch_dag.py
[2022-10-01 00:14:47,357] {processor.py:623} INFO - DAG(s) dict_keys(['example_nested_branch_dag']) retrieved from /home/airflow/.local/lib/python3.6/site-packages/airflow/example_dags/example_nested_branch_dag.py
[2022-10-01 00:14:47,376] {logging_mixin.py:109} INFO - [2022-10-01 00:14:47,376] {dag.py:1833} INFO - Sync 1 DAGs
[2022-10-01 00:14:47,389] {logging_mixin.py:109} INFO - [2022-10-01 00:14:47,389] {dag.py:2306} INFO - Setting next_dagrun for example_nested_branch_dag to 2022-09-29 00:00:00+00:00
[2022-10-01 00:14:47,399] {processor.py:170} INFO - Processing /home/airflow/.local/lib/python3.6/site-packages/airflow/example_dags/example_nested_branch_dag.py took 0.061 seconds
[2022-10-01 00:15:18,178] {processor.py:162} INFO - Started process (PID=7249) to work on /home/airflow/.local/lib/python3.6/site-packages/airflow/example_dags/example_nested_branch_dag.py
[2022-10-01 00:15:18,180] {processor.py:613} INFO - Processing file /home/airflow/.local/lib/python3.6/site-packages/airflow/example_dags/example_nested_branch_dag.py for tasks to queue
[2022-10-01 00:15:18,181] {logging_mixin.py:109} INFO - [2022-10-01 00:15:18,181] {dagbag.py:496} INFO - Filling up the DagBag from /home/airflow/.local/lib/python3.6/site-packages/airflow/example_dags/example_nested_branch_dag.py
[2022-10-01 00:15:18,192] {processor.py:623} INFO - DAG(s) dict_keys(['example_nested_branch_dag']) retrieved from /home/airflow/.local/lib/python3.6/site-packages/airflow/example_dags/example_nested_branch_dag.py
[2022-10-01 00:15:18,211] {logging_mixin.py:109} INFO - [2022-10-01 00:15:18,211] {dag.py:1833} INFO - Sync 1 DAGs
[2022-10-01 00:15:18,225] {logging_mixin.py:109} INFO - [2022-10-01 00:15:18,225] {dag.py:2306} INFO - Setting next_dagrun for example_nested_branch_dag to 2022-09-29 00:00:00+00:00
[2022-10-01 00:15:18,236] {processor.py:170} INFO - Processing /home/airflow/.local/lib/python3.6/site-packages/airflow/example_dags/example_nested_branch_dag.py took 0.060 seconds
[2022-10-01 00:15:48,312] {processor.py:162} INFO - Started process (PID=7300) to work on /home/airflow/.local/lib/python3.6/site-packages/airflow/example_dags/example_nested_branch_dag.py
[2022-10-01 00:15:48,313] {processor.py:613} INFO - Processing file /home/airflow/.local/lib/python3.6/site-packages/airflow/example_dags/example_nested_branch_dag.py for tasks to queue
[2022-10-01 00:15:48,315] {logging_mixin.py:109} INFO - [2022-10-01 00:15:48,315] {dagbag.py:496} INFO - Filling up the DagBag from /home/airflow/.local/lib/python3.6/site-packages/airflow/example_dags/example_nested_branch_dag.py
[2022-10-01 00:15:48,324] {processor.py:623} INFO - DAG(s) dict_keys(['example_nested_branch_dag']) retrieved from /home/airflow/.local/lib/python3.6/site-packages/airflow/example_dags/example_nested_branch_dag.py
[2022-10-01 00:15:48,341] {logging_mixin.py:109} INFO - [2022-10-01 00:15:48,341] {dag.py:1833} INFO - Sync 1 DAGs
[2022-10-01 00:15:48,353] {logging_mixin.py:109} INFO - [2022-10-01 00:15:48,353] {dag.py:2306} INFO - Setting next_dagrun for example_nested_branch_dag to 2022-09-29 00:00:00+00:00
[2022-10-01 00:15:48,363] {processor.py:170} INFO - Processing /home/airflow/.local/lib/python3.6/site-packages/airflow/example_dags/example_nested_branch_dag.py took 0.053 seconds
[2022-10-01 00:16:19,010] {processor.py:162} INFO - Started process (PID=7361) to work on /home/airflow/.local/lib/python3.6/site-packages/airflow/example_dags/example_nested_branch_dag.py
[2022-10-01 00:16:19,012] {processor.py:613} INFO - Processing file /home/airflow/.local/lib/python3.6/site-packages/airflow/example_dags/example_nested_branch_dag.py for tasks to queue
[2022-10-01 00:16:19,013] {logging_mixin.py:109} INFO - [2022-10-01 00:16:19,013] {dagbag.py:496} INFO - Filling up the DagBag from /home/airflow/.local/lib/python3.6/site-packages/airflow/example_dags/example_nested_branch_dag.py
[2022-10-01 00:16:19,023] {processor.py:623} INFO - DAG(s) dict_keys(['example_nested_branch_dag']) retrieved from /home/airflow/.local/lib/python3.6/site-packages/airflow/example_dags/example_nested_branch_dag.py
[2022-10-01 00:16:19,040] {logging_mixin.py:109} INFO - [2022-10-01 00:16:19,040] {dag.py:1833} INFO - Sync 1 DAGs
[2022-10-01 00:16:19,057] {logging_mixin.py:109} INFO - [2022-10-01 00:16:19,057] {dag.py:2306} INFO - Setting next_dagrun for example_nested_branch_dag to 2022-09-29 00:00:00+00:00
[2022-10-01 00:16:19,069] {processor.py:170} INFO - Processing /home/airflow/.local/lib/python3.6/site-packages/airflow/example_dags/example_nested_branch_dag.py took 0.062 seconds
[2022-10-01 00:16:49,958] {processor.py:162} INFO - Started process (PID=7422) to work on /home/airflow/.local/lib/python3.6/site-packages/airflow/example_dags/example_nested_branch_dag.py
[2022-10-01 00:16:49,959] {processor.py:613} INFO - Processing file /home/airflow/.local/lib/python3.6/site-packages/airflow/example_dags/example_nested_branch_dag.py for tasks to queue
[2022-10-01 00:16:49,960] {logging_mixin.py:109} INFO - [2022-10-01 00:16:49,960] {dagbag.py:496} INFO - Filling up the DagBag from /home/airflow/.local/lib/python3.6/site-packages/airflow/example_dags/example_nested_branch_dag.py
[2022-10-01 00:16:49,973] {processor.py:623} INFO - DAG(s) dict_keys(['example_nested_branch_dag']) retrieved from /home/airflow/.local/lib/python3.6/site-packages/airflow/example_dags/example_nested_branch_dag.py
[2022-10-01 00:16:49,994] {logging_mixin.py:109} INFO - [2022-10-01 00:16:49,993] {dag.py:1833} INFO - Sync 1 DAGs
[2022-10-01 00:16:50,009] {logging_mixin.py:109} INFO - [2022-10-01 00:16:50,009] {dag.py:2306} INFO - Setting next_dagrun for example_nested_branch_dag to 2022-09-29 00:00:00+00:00
[2022-10-01 00:16:50,020] {processor.py:170} INFO - Processing /home/airflow/.local/lib/python3.6/site-packages/airflow/example_dags/example_nested_branch_dag.py took 0.065 seconds
[2022-10-01 00:17:20,067] {processor.py:162} INFO - Started process (PID=7473) to work on /home/airflow/.local/lib/python3.6/site-packages/airflow/example_dags/example_nested_branch_dag.py
[2022-10-01 00:17:20,068] {processor.py:613} INFO - Processing file /home/airflow/.local/lib/python3.6/site-packages/airflow/example_dags/example_nested_branch_dag.py for tasks to queue
[2022-10-01 00:17:20,069] {logging_mixin.py:109} INFO - [2022-10-01 00:17:20,069] {dagbag.py:496} INFO - Filling up the DagBag from /home/airflow/.local/lib/python3.6/site-packages/airflow/example_dags/example_nested_branch_dag.py
[2022-10-01 00:17:20,082] {processor.py:623} INFO - DAG(s) dict_keys(['example_nested_branch_dag']) retrieved from /home/airflow/.local/lib/python3.6/site-packages/airflow/example_dags/example_nested_branch_dag.py
[2022-10-01 00:17:20,108] {logging_mixin.py:109} INFO - [2022-10-01 00:17:20,108] {dag.py:1833} INFO - Sync 1 DAGs
[2022-10-01 00:17:20,124] {logging_mixin.py:109} INFO - [2022-10-01 00:17:20,124] {dag.py:2306} INFO - Setting next_dagrun for example_nested_branch_dag to 2022-09-29 00:00:00+00:00
[2022-10-01 00:17:20,134] {processor.py:170} INFO - Processing /home/airflow/.local/lib/python3.6/site-packages/airflow/example_dags/example_nested_branch_dag.py took 0.071 seconds
[2022-10-01 00:17:51,125] {processor.py:162} INFO - Started process (PID=7535) to work on /home/airflow/.local/lib/python3.6/site-packages/airflow/example_dags/example_nested_branch_dag.py
[2022-10-01 00:17:51,127] {processor.py:613} INFO - Processing file /home/airflow/.local/lib/python3.6/site-packages/airflow/example_dags/example_nested_branch_dag.py for tasks to queue
[2022-10-01 00:17:51,129] {logging_mixin.py:109} INFO - [2022-10-01 00:17:51,129] {dagbag.py:496} INFO - Filling up the DagBag from /home/airflow/.local/lib/python3.6/site-packages/airflow/example_dags/example_nested_branch_dag.py
[2022-10-01 00:17:51,145] {processor.py:623} INFO - DAG(s) dict_keys(['example_nested_branch_dag']) retrieved from /home/airflow/.local/lib/python3.6/site-packages/airflow/example_dags/example_nested_branch_dag.py
[2022-10-01 00:17:51,170] {logging_mixin.py:109} INFO - [2022-10-01 00:17:51,170] {dag.py:1833} INFO - Sync 1 DAGs
[2022-10-01 00:17:51,190] {logging_mixin.py:109} INFO - [2022-10-01 00:17:51,190] {dag.py:2306} INFO - Setting next_dagrun for example_nested_branch_dag to 2022-09-29 00:00:00+00:00
[2022-10-01 00:17:51,204] {processor.py:170} INFO - Processing /home/airflow/.local/lib/python3.6/site-packages/airflow/example_dags/example_nested_branch_dag.py took 0.082 seconds
[2022-10-01 00:18:17,546] {processor.py:162} INFO - Started process (PID=7588) to work on /home/airflow/.local/lib/python3.6/site-packages/airflow/example_dags/example_nested_branch_dag.py
[2022-10-01 00:18:17,548] {processor.py:613} INFO - Processing file /home/airflow/.local/lib/python3.6/site-packages/airflow/example_dags/example_nested_branch_dag.py for tasks to queue
[2022-10-01 00:18:17,549] {logging_mixin.py:109} INFO - [2022-10-01 00:18:17,549] {dagbag.py:496} INFO - Filling up the DagBag from /home/airflow/.local/lib/python3.6/site-packages/airflow/example_dags/example_nested_branch_dag.py
[2022-10-01 00:18:17,560] {processor.py:623} INFO - DAG(s) dict_keys(['example_nested_branch_dag']) retrieved from /home/airflow/.local/lib/python3.6/site-packages/airflow/example_dags/example_nested_branch_dag.py
[2022-10-01 00:18:17,582] {logging_mixin.py:109} INFO - [2022-10-01 00:18:17,582] {dag.py:1833} INFO - Sync 1 DAGs
[2022-10-01 00:18:17,596] {logging_mixin.py:109} INFO - [2022-10-01 00:18:17,596] {dag.py:2306} INFO - Setting next_dagrun for example_nested_branch_dag to 2022-09-29 00:00:00+00:00
[2022-10-01 00:18:17,607] {processor.py:170} INFO - Processing /home/airflow/.local/lib/python3.6/site-packages/airflow/example_dags/example_nested_branch_dag.py took 0.063 seconds
[2022-10-01 00:18:48,884] {processor.py:162} INFO - Started process (PID=7649) to work on /home/airflow/.local/lib/python3.6/site-packages/airflow/example_dags/example_nested_branch_dag.py
[2022-10-01 00:18:48,885] {processor.py:613} INFO - Processing file /home/airflow/.local/lib/python3.6/site-packages/airflow/example_dags/example_nested_branch_dag.py for tasks to queue
[2022-10-01 00:18:48,887] {logging_mixin.py:109} INFO - [2022-10-01 00:18:48,887] {dagbag.py:496} INFO - Filling up the DagBag from /home/airflow/.local/lib/python3.6/site-packages/airflow/example_dags/example_nested_branch_dag.py
[2022-10-01 00:18:48,899] {processor.py:623} INFO - DAG(s) dict_keys(['example_nested_branch_dag']) retrieved from /home/airflow/.local/lib/python3.6/site-packages/airflow/example_dags/example_nested_branch_dag.py
[2022-10-01 00:18:48,917] {logging_mixin.py:109} INFO - [2022-10-01 00:18:48,917] {dag.py:1833} INFO - Sync 1 DAGs
[2022-10-01 00:18:48,930] {logging_mixin.py:109} INFO - [2022-10-01 00:18:48,930] {dag.py:2306} INFO - Setting next_dagrun for example_nested_branch_dag to 2022-09-29 00:00:00+00:00
[2022-10-01 00:18:48,942] {processor.py:170} INFO - Processing /home/airflow/.local/lib/python3.6/site-packages/airflow/example_dags/example_nested_branch_dag.py took 0.062 seconds
[2022-10-01 00:19:19,759] {processor.py:162} INFO - Started process (PID=7710) to work on /home/airflow/.local/lib/python3.6/site-packages/airflow/example_dags/example_nested_branch_dag.py
[2022-10-01 00:19:19,761] {processor.py:613} INFO - Processing file /home/airflow/.local/lib/python3.6/site-packages/airflow/example_dags/example_nested_branch_dag.py for tasks to queue
[2022-10-01 00:19:19,763] {logging_mixin.py:109} INFO - [2022-10-01 00:19:19,762] {dagbag.py:496} INFO - Filling up the DagBag from /home/airflow/.local/lib/python3.6/site-packages/airflow/example_dags/example_nested_branch_dag.py
[2022-10-01 00:19:19,774] {processor.py:623} INFO - DAG(s) dict_keys(['example_nested_branch_dag']) retrieved from /home/airflow/.local/lib/python3.6/site-packages/airflow/example_dags/example_nested_branch_dag.py
[2022-10-01 00:19:19,795] {logging_mixin.py:109} INFO - [2022-10-01 00:19:19,795] {dag.py:1833} INFO - Sync 1 DAGs
[2022-10-01 00:19:19,809] {logging_mixin.py:109} INFO - [2022-10-01 00:19:19,809] {dag.py:2306} INFO - Setting next_dagrun for example_nested_branch_dag to 2022-09-29 00:00:00+00:00
[2022-10-01 00:19:19,821] {processor.py:170} INFO - Processing /home/airflow/.local/lib/python3.6/site-packages/airflow/example_dags/example_nested_branch_dag.py took 0.065 seconds
[2022-10-01 00:19:50,832] {processor.py:162} INFO - Started process (PID=7770) to work on /home/airflow/.local/lib/python3.6/site-packages/airflow/example_dags/example_nested_branch_dag.py
[2022-10-01 00:19:50,834] {processor.py:613} INFO - Processing file /home/airflow/.local/lib/python3.6/site-packages/airflow/example_dags/example_nested_branch_dag.py for tasks to queue
[2022-10-01 00:19:50,835] {logging_mixin.py:109} INFO - [2022-10-01 00:19:50,835] {dagbag.py:496} INFO - Filling up the DagBag from /home/airflow/.local/lib/python3.6/site-packages/airflow/example_dags/example_nested_branch_dag.py
[2022-10-01 00:19:50,848] {processor.py:623} INFO - DAG(s) dict_keys(['example_nested_branch_dag']) retrieved from /home/airflow/.local/lib/python3.6/site-packages/airflow/example_dags/example_nested_branch_dag.py
[2022-10-01 00:19:50,870] {logging_mixin.py:109} INFO - [2022-10-01 00:19:50,870] {dag.py:1833} INFO - Sync 1 DAGs
[2022-10-01 00:19:50,883] {logging_mixin.py:109} INFO - [2022-10-01 00:19:50,883] {dag.py:2306} INFO - Setting next_dagrun for example_nested_branch_dag to 2022-09-29 00:00:00+00:00
[2022-10-01 00:19:50,893] {processor.py:170} INFO - Processing /home/airflow/.local/lib/python3.6/site-packages/airflow/example_dags/example_nested_branch_dag.py took 0.063 seconds
