[2022-10-01 00:00:30,917] {processor.py:162} INFO - Started process (PID=5573) to work on /home/airflow/.local/lib/python3.6/site-packages/airflow/example_dags/example_branch_labels.py
[2022-10-01 00:00:30,920] {processor.py:613} INFO - Processing file /home/airflow/.local/lib/python3.6/site-packages/airflow/example_dags/example_branch_labels.py for tasks to queue
[2022-10-01 00:00:30,922] {logging_mixin.py:109} INFO - [2022-10-01 00:00:30,922] {dagbag.py:496} INFO - Filling up the DagBag from /home/airflow/.local/lib/python3.6/site-packages/airflow/example_dags/example_branch_labels.py
[2022-10-01 00:00:30,938] {processor.py:623} INFO - DAG(s) dict_keys(['example_branch_labels']) retrieved from /home/airflow/.local/lib/python3.6/site-packages/airflow/example_dags/example_branch_labels.py
[2022-10-01 00:00:31,122] {logging_mixin.py:109} INFO - [2022-10-01 00:00:31,122] {dag.py:1833} INFO - Sync 1 DAGs
[2022-10-01 00:00:31,145] {logging_mixin.py:109} INFO - [2022-10-01 00:00:31,144] {dag.py:2306} INFO - Setting next_dagrun for example_branch_labels to 2022-09-29 00:00:00+00:00
[2022-10-01 00:00:31,157] {processor.py:170} INFO - Processing /home/airflow/.local/lib/python3.6/site-packages/airflow/example_dags/example_branch_labels.py took 0.244 seconds
[2022-10-01 00:01:01,286] {processor.py:162} INFO - Started process (PID=5623) to work on /home/airflow/.local/lib/python3.6/site-packages/airflow/example_dags/example_branch_labels.py
[2022-10-01 00:01:01,288] {processor.py:613} INFO - Processing file /home/airflow/.local/lib/python3.6/site-packages/airflow/example_dags/example_branch_labels.py for tasks to queue
[2022-10-01 00:01:01,289] {logging_mixin.py:109} INFO - [2022-10-01 00:01:01,289] {dagbag.py:496} INFO - Filling up the DagBag from /home/airflow/.local/lib/python3.6/site-packages/airflow/example_dags/example_branch_labels.py
[2022-10-01 00:01:01,298] {processor.py:623} INFO - DAG(s) dict_keys(['example_branch_labels']) retrieved from /home/airflow/.local/lib/python3.6/site-packages/airflow/example_dags/example_branch_labels.py
[2022-10-01 00:01:01,315] {logging_mixin.py:109} INFO - [2022-10-01 00:01:01,315] {dag.py:1833} INFO - Sync 1 DAGs
[2022-10-01 00:01:01,326] {logging_mixin.py:109} INFO - [2022-10-01 00:01:01,326] {dag.py:2306} INFO - Setting next_dagrun for example_branch_labels to 2022-09-29 00:00:00+00:00
[2022-10-01 00:01:01,337] {processor.py:170} INFO - Processing /home/airflow/.local/lib/python3.6/site-packages/airflow/example_dags/example_branch_labels.py took 0.053 seconds
[2022-10-01 00:01:31,602] {processor.py:162} INFO - Started process (PID=5684) to work on /home/airflow/.local/lib/python3.6/site-packages/airflow/example_dags/example_branch_labels.py
[2022-10-01 00:01:31,604] {processor.py:613} INFO - Processing file /home/airflow/.local/lib/python3.6/site-packages/airflow/example_dags/example_branch_labels.py for tasks to queue
[2022-10-01 00:01:31,606] {logging_mixin.py:109} INFO - [2022-10-01 00:01:31,606] {dagbag.py:496} INFO - Filling up the DagBag from /home/airflow/.local/lib/python3.6/site-packages/airflow/example_dags/example_branch_labels.py
[2022-10-01 00:01:31,616] {processor.py:623} INFO - DAG(s) dict_keys(['example_branch_labels']) retrieved from /home/airflow/.local/lib/python3.6/site-packages/airflow/example_dags/example_branch_labels.py
[2022-10-01 00:01:31,638] {logging_mixin.py:109} INFO - [2022-10-01 00:01:31,638] {dag.py:1833} INFO - Sync 1 DAGs
[2022-10-01 00:01:31,653] {logging_mixin.py:109} INFO - [2022-10-01 00:01:31,653] {dag.py:2306} INFO - Setting next_dagrun for example_branch_labels to 2022-09-29 00:00:00+00:00
[2022-10-01 00:01:31,664] {processor.py:170} INFO - Processing /home/airflow/.local/lib/python3.6/site-packages/airflow/example_dags/example_branch_labels.py took 0.065 seconds
[2022-10-01 00:02:01,774] {processor.py:162} INFO - Started process (PID=5742) to work on /home/airflow/.local/lib/python3.6/site-packages/airflow/example_dags/example_branch_labels.py
[2022-10-01 00:02:01,776] {processor.py:613} INFO - Processing file /home/airflow/.local/lib/python3.6/site-packages/airflow/example_dags/example_branch_labels.py for tasks to queue
[2022-10-01 00:02:01,777] {logging_mixin.py:109} INFO - [2022-10-01 00:02:01,777] {dagbag.py:496} INFO - Filling up the DagBag from /home/airflow/.local/lib/python3.6/site-packages/airflow/example_dags/example_branch_labels.py
[2022-10-01 00:02:01,786] {processor.py:623} INFO - DAG(s) dict_keys(['example_branch_labels']) retrieved from /home/airflow/.local/lib/python3.6/site-packages/airflow/example_dags/example_branch_labels.py
[2022-10-01 00:02:01,805] {logging_mixin.py:109} INFO - [2022-10-01 00:02:01,805] {dag.py:1833} INFO - Sync 1 DAGs
[2022-10-01 00:02:01,821] {logging_mixin.py:109} INFO - [2022-10-01 00:02:01,821] {dag.py:2306} INFO - Setting next_dagrun for example_branch_labels to 2022-09-29 00:00:00+00:00
[2022-10-01 00:02:01,831] {processor.py:170} INFO - Processing /home/airflow/.local/lib/python3.6/site-packages/airflow/example_dags/example_branch_labels.py took 0.059 seconds
[2022-10-01 00:02:32,171] {processor.py:162} INFO - Started process (PID=5796) to work on /home/airflow/.local/lib/python3.6/site-packages/airflow/example_dags/example_branch_labels.py
[2022-10-01 00:02:32,173] {processor.py:613} INFO - Processing file /home/airflow/.local/lib/python3.6/site-packages/airflow/example_dags/example_branch_labels.py for tasks to queue
[2022-10-01 00:02:32,174] {logging_mixin.py:109} INFO - [2022-10-01 00:02:32,174] {dagbag.py:496} INFO - Filling up the DagBag from /home/airflow/.local/lib/python3.6/site-packages/airflow/example_dags/example_branch_labels.py
[2022-10-01 00:02:32,183] {processor.py:623} INFO - DAG(s) dict_keys(['example_branch_labels']) retrieved from /home/airflow/.local/lib/python3.6/site-packages/airflow/example_dags/example_branch_labels.py
[2022-10-01 00:02:32,200] {logging_mixin.py:109} INFO - [2022-10-01 00:02:32,200] {dag.py:1833} INFO - Sync 1 DAGs
[2022-10-01 00:02:32,212] {logging_mixin.py:109} INFO - [2022-10-01 00:02:32,212] {dag.py:2306} INFO - Setting next_dagrun for example_branch_labels to 2022-09-29 00:00:00+00:00
[2022-10-01 00:02:32,219] {processor.py:170} INFO - Processing /home/airflow/.local/lib/python3.6/site-packages/airflow/example_dags/example_branch_labels.py took 0.050 seconds
[2022-10-01 00:03:03,245] {processor.py:162} INFO - Started process (PID=5857) to work on /home/airflow/.local/lib/python3.6/site-packages/airflow/example_dags/example_branch_labels.py
[2022-10-01 00:03:03,247] {processor.py:613} INFO - Processing file /home/airflow/.local/lib/python3.6/site-packages/airflow/example_dags/example_branch_labels.py for tasks to queue
[2022-10-01 00:03:03,249] {logging_mixin.py:109} INFO - [2022-10-01 00:03:03,249] {dagbag.py:496} INFO - Filling up the DagBag from /home/airflow/.local/lib/python3.6/site-packages/airflow/example_dags/example_branch_labels.py
[2022-10-01 00:03:03,260] {processor.py:623} INFO - DAG(s) dict_keys(['example_branch_labels']) retrieved from /home/airflow/.local/lib/python3.6/site-packages/airflow/example_dags/example_branch_labels.py
[2022-10-01 00:03:03,281] {logging_mixin.py:109} INFO - [2022-10-01 00:03:03,281] {dag.py:1833} INFO - Sync 1 DAGs
[2022-10-01 00:03:03,297] {logging_mixin.py:109} INFO - [2022-10-01 00:03:03,297] {dag.py:2306} INFO - Setting next_dagrun for example_branch_labels to 2022-09-29 00:00:00+00:00
[2022-10-01 00:03:03,308] {processor.py:170} INFO - Processing /home/airflow/.local/lib/python3.6/site-packages/airflow/example_dags/example_branch_labels.py took 0.066 seconds
[2022-10-01 00:03:33,543] {processor.py:162} INFO - Started process (PID=5918) to work on /home/airflow/.local/lib/python3.6/site-packages/airflow/example_dags/example_branch_labels.py
[2022-10-01 00:03:33,545] {processor.py:613} INFO - Processing file /home/airflow/.local/lib/python3.6/site-packages/airflow/example_dags/example_branch_labels.py for tasks to queue
[2022-10-01 00:03:33,546] {logging_mixin.py:109} INFO - [2022-10-01 00:03:33,546] {dagbag.py:496} INFO - Filling up the DagBag from /home/airflow/.local/lib/python3.6/site-packages/airflow/example_dags/example_branch_labels.py
[2022-10-01 00:03:33,558] {processor.py:623} INFO - DAG(s) dict_keys(['example_branch_labels']) retrieved from /home/airflow/.local/lib/python3.6/site-packages/airflow/example_dags/example_branch_labels.py
[2022-10-01 00:03:33,578] {logging_mixin.py:109} INFO - [2022-10-01 00:03:33,578] {dag.py:1833} INFO - Sync 1 DAGs
[2022-10-01 00:03:33,595] {logging_mixin.py:109} INFO - [2022-10-01 00:03:33,595] {dag.py:2306} INFO - Setting next_dagrun for example_branch_labels to 2022-09-29 00:00:00+00:00
[2022-10-01 00:03:33,605] {processor.py:170} INFO - Processing /home/airflow/.local/lib/python3.6/site-packages/airflow/example_dags/example_branch_labels.py took 0.064 seconds
[2022-10-01 00:04:03,846] {processor.py:162} INFO - Started process (PID=5969) to work on /home/airflow/.local/lib/python3.6/site-packages/airflow/example_dags/example_branch_labels.py
[2022-10-01 00:04:03,848] {processor.py:613} INFO - Processing file /home/airflow/.local/lib/python3.6/site-packages/airflow/example_dags/example_branch_labels.py for tasks to queue
[2022-10-01 00:04:03,849] {logging_mixin.py:109} INFO - [2022-10-01 00:04:03,849] {dagbag.py:496} INFO - Filling up the DagBag from /home/airflow/.local/lib/python3.6/site-packages/airflow/example_dags/example_branch_labels.py
[2022-10-01 00:04:03,857] {processor.py:623} INFO - DAG(s) dict_keys(['example_branch_labels']) retrieved from /home/airflow/.local/lib/python3.6/site-packages/airflow/example_dags/example_branch_labels.py
[2022-10-01 00:04:03,876] {logging_mixin.py:109} INFO - [2022-10-01 00:04:03,875] {dag.py:1833} INFO - Sync 1 DAGs
[2022-10-01 00:04:03,894] {logging_mixin.py:109} INFO - [2022-10-01 00:04:03,894] {dag.py:2306} INFO - Setting next_dagrun for example_branch_labels to 2022-09-29 00:00:00+00:00
[2022-10-01 00:04:03,903] {processor.py:170} INFO - Processing /home/airflow/.local/lib/python3.6/site-packages/airflow/example_dags/example_branch_labels.py took 0.061 seconds
[2022-10-01 00:04:34,102] {processor.py:162} INFO - Started process (PID=6030) to work on /home/airflow/.local/lib/python3.6/site-packages/airflow/example_dags/example_branch_labels.py
[2022-10-01 00:04:34,104] {processor.py:613} INFO - Processing file /home/airflow/.local/lib/python3.6/site-packages/airflow/example_dags/example_branch_labels.py for tasks to queue
[2022-10-01 00:04:34,106] {logging_mixin.py:109} INFO - [2022-10-01 00:04:34,106] {dagbag.py:496} INFO - Filling up the DagBag from /home/airflow/.local/lib/python3.6/site-packages/airflow/example_dags/example_branch_labels.py
[2022-10-01 00:04:34,114] {processor.py:623} INFO - DAG(s) dict_keys(['example_branch_labels']) retrieved from /home/airflow/.local/lib/python3.6/site-packages/airflow/example_dags/example_branch_labels.py
[2022-10-01 00:04:34,131] {logging_mixin.py:109} INFO - [2022-10-01 00:04:34,131] {dag.py:1833} INFO - Sync 1 DAGs
[2022-10-01 00:04:34,145] {logging_mixin.py:109} INFO - [2022-10-01 00:04:34,145] {dag.py:2306} INFO - Setting next_dagrun for example_branch_labels to 2022-09-29 00:00:00+00:00
[2022-10-01 00:04:34,155] {processor.py:170} INFO - Processing /home/airflow/.local/lib/python3.6/site-packages/airflow/example_dags/example_branch_labels.py took 0.055 seconds
[2022-10-01 00:05:04,521] {processor.py:162} INFO - Started process (PID=6090) to work on /home/airflow/.local/lib/python3.6/site-packages/airflow/example_dags/example_branch_labels.py
[2022-10-01 00:05:04,523] {processor.py:613} INFO - Processing file /home/airflow/.local/lib/python3.6/site-packages/airflow/example_dags/example_branch_labels.py for tasks to queue
[2022-10-01 00:05:04,524] {logging_mixin.py:109} INFO - [2022-10-01 00:05:04,524] {dagbag.py:496} INFO - Filling up the DagBag from /home/airflow/.local/lib/python3.6/site-packages/airflow/example_dags/example_branch_labels.py
[2022-10-01 00:05:04,533] {processor.py:623} INFO - DAG(s) dict_keys(['example_branch_labels']) retrieved from /home/airflow/.local/lib/python3.6/site-packages/airflow/example_dags/example_branch_labels.py
[2022-10-01 00:05:04,553] {logging_mixin.py:109} INFO - [2022-10-01 00:05:04,553] {dag.py:1833} INFO - Sync 1 DAGs
[2022-10-01 00:05:04,569] {logging_mixin.py:109} INFO - [2022-10-01 00:05:04,569] {dag.py:2306} INFO - Setting next_dagrun for example_branch_labels to 2022-09-29 00:00:00+00:00
[2022-10-01 00:05:04,578] {processor.py:170} INFO - Processing /home/airflow/.local/lib/python3.6/site-packages/airflow/example_dags/example_branch_labels.py took 0.060 seconds
[2022-10-01 00:05:34,817] {processor.py:162} INFO - Started process (PID=6142) to work on /home/airflow/.local/lib/python3.6/site-packages/airflow/example_dags/example_branch_labels.py
[2022-10-01 00:05:34,819] {processor.py:613} INFO - Processing file /home/airflow/.local/lib/python3.6/site-packages/airflow/example_dags/example_branch_labels.py for tasks to queue
[2022-10-01 00:05:34,820] {logging_mixin.py:109} INFO - [2022-10-01 00:05:34,820] {dagbag.py:496} INFO - Filling up the DagBag from /home/airflow/.local/lib/python3.6/site-packages/airflow/example_dags/example_branch_labels.py
[2022-10-01 00:05:34,828] {processor.py:623} INFO - DAG(s) dict_keys(['example_branch_labels']) retrieved from /home/airflow/.local/lib/python3.6/site-packages/airflow/example_dags/example_branch_labels.py
[2022-10-01 00:05:34,847] {logging_mixin.py:109} INFO - [2022-10-01 00:05:34,847] {dag.py:1833} INFO - Sync 1 DAGs
[2022-10-01 00:05:34,861] {logging_mixin.py:109} INFO - [2022-10-01 00:05:34,861] {dag.py:2306} INFO - Setting next_dagrun for example_branch_labels to 2022-09-29 00:00:00+00:00
[2022-10-01 00:05:34,871] {processor.py:170} INFO - Processing /home/airflow/.local/lib/python3.6/site-packages/airflow/example_dags/example_branch_labels.py took 0.057 seconds
[2022-10-01 00:06:05,093] {processor.py:162} INFO - Started process (PID=6204) to work on /home/airflow/.local/lib/python3.6/site-packages/airflow/example_dags/example_branch_labels.py
[2022-10-01 00:06:05,096] {processor.py:613} INFO - Processing file /home/airflow/.local/lib/python3.6/site-packages/airflow/example_dags/example_branch_labels.py for tasks to queue
[2022-10-01 00:06:05,099] {logging_mixin.py:109} INFO - [2022-10-01 00:06:05,099] {dagbag.py:496} INFO - Filling up the DagBag from /home/airflow/.local/lib/python3.6/site-packages/airflow/example_dags/example_branch_labels.py
[2022-10-01 00:06:05,115] {processor.py:623} INFO - DAG(s) dict_keys(['example_branch_labels']) retrieved from /home/airflow/.local/lib/python3.6/site-packages/airflow/example_dags/example_branch_labels.py
[2022-10-01 00:06:05,144] {logging_mixin.py:109} INFO - [2022-10-01 00:06:05,144] {dag.py:1833} INFO - Sync 1 DAGs
[2022-10-01 00:06:05,161] {logging_mixin.py:109} INFO - [2022-10-01 00:06:05,161] {dag.py:2306} INFO - Setting next_dagrun for example_branch_labels to 2022-09-29 00:00:00+00:00
[2022-10-01 00:06:05,174] {processor.py:170} INFO - Processing /home/airflow/.local/lib/python3.6/site-packages/airflow/example_dags/example_branch_labels.py took 0.084 seconds
[2022-10-01 00:06:35,381] {processor.py:162} INFO - Started process (PID=6256) to work on /home/airflow/.local/lib/python3.6/site-packages/airflow/example_dags/example_branch_labels.py
[2022-10-01 00:06:35,383] {processor.py:613} INFO - Processing file /home/airflow/.local/lib/python3.6/site-packages/airflow/example_dags/example_branch_labels.py for tasks to queue
[2022-10-01 00:06:35,385] {logging_mixin.py:109} INFO - [2022-10-01 00:06:35,384] {dagbag.py:496} INFO - Filling up the DagBag from /home/airflow/.local/lib/python3.6/site-packages/airflow/example_dags/example_branch_labels.py
[2022-10-01 00:06:35,394] {processor.py:623} INFO - DAG(s) dict_keys(['example_branch_labels']) retrieved from /home/airflow/.local/lib/python3.6/site-packages/airflow/example_dags/example_branch_labels.py
[2022-10-01 00:06:35,413] {logging_mixin.py:109} INFO - [2022-10-01 00:06:35,413] {dag.py:1833} INFO - Sync 1 DAGs
[2022-10-01 00:06:35,429] {logging_mixin.py:109} INFO - [2022-10-01 00:06:35,429] {dag.py:2306} INFO - Setting next_dagrun for example_branch_labels to 2022-09-29 00:00:00+00:00
[2022-10-01 00:06:35,440] {processor.py:170} INFO - Processing /home/airflow/.local/lib/python3.6/site-packages/airflow/example_dags/example_branch_labels.py took 0.061 seconds
[2022-10-01 00:07:05,593] {processor.py:162} INFO - Started process (PID=6317) to work on /home/airflow/.local/lib/python3.6/site-packages/airflow/example_dags/example_branch_labels.py
[2022-10-01 00:07:05,595] {processor.py:613} INFO - Processing file /home/airflow/.local/lib/python3.6/site-packages/airflow/example_dags/example_branch_labels.py for tasks to queue
[2022-10-01 00:07:05,596] {logging_mixin.py:109} INFO - [2022-10-01 00:07:05,596] {dagbag.py:496} INFO - Filling up the DagBag from /home/airflow/.local/lib/python3.6/site-packages/airflow/example_dags/example_branch_labels.py
[2022-10-01 00:07:05,605] {processor.py:623} INFO - DAG(s) dict_keys(['example_branch_labels']) retrieved from /home/airflow/.local/lib/python3.6/site-packages/airflow/example_dags/example_branch_labels.py
[2022-10-01 00:07:05,626] {logging_mixin.py:109} INFO - [2022-10-01 00:07:05,626] {dag.py:1833} INFO - Sync 1 DAGs
[2022-10-01 00:07:05,643] {logging_mixin.py:109} INFO - [2022-10-01 00:07:05,643] {dag.py:2306} INFO - Setting next_dagrun for example_branch_labels to 2022-09-29 00:00:00+00:00
[2022-10-01 00:07:05,652] {processor.py:170} INFO - Processing /home/airflow/.local/lib/python3.6/site-packages/airflow/example_dags/example_branch_labels.py took 0.061 seconds
[2022-10-01 00:07:37,046] {processor.py:162} INFO - Started process (PID=6378) to work on /home/airflow/.local/lib/python3.6/site-packages/airflow/example_dags/example_branch_labels.py
[2022-10-01 00:07:37,048] {processor.py:613} INFO - Processing file /home/airflow/.local/lib/python3.6/site-packages/airflow/example_dags/example_branch_labels.py for tasks to queue
[2022-10-01 00:07:37,050] {logging_mixin.py:109} INFO - [2022-10-01 00:07:37,049] {dagbag.py:496} INFO - Filling up the DagBag from /home/airflow/.local/lib/python3.6/site-packages/airflow/example_dags/example_branch_labels.py
[2022-10-01 00:07:37,063] {processor.py:623} INFO - DAG(s) dict_keys(['example_branch_labels']) retrieved from /home/airflow/.local/lib/python3.6/site-packages/airflow/example_dags/example_branch_labels.py
[2022-10-01 00:07:37,091] {logging_mixin.py:109} INFO - [2022-10-01 00:07:37,091] {dag.py:1833} INFO - Sync 1 DAGs
[2022-10-01 00:07:37,113] {logging_mixin.py:109} INFO - [2022-10-01 00:07:37,112] {dag.py:2306} INFO - Setting next_dagrun for example_branch_labels to 2022-09-29 00:00:00+00:00
[2022-10-01 00:07:37,126] {processor.py:170} INFO - Processing /home/airflow/.local/lib/python3.6/site-packages/airflow/example_dags/example_branch_labels.py took 0.084 seconds
[2022-10-01 00:08:07,295] {processor.py:162} INFO - Started process (PID=6429) to work on /home/airflow/.local/lib/python3.6/site-packages/airflow/example_dags/example_branch_labels.py
[2022-10-01 00:08:07,296] {processor.py:613} INFO - Processing file /home/airflow/.local/lib/python3.6/site-packages/airflow/example_dags/example_branch_labels.py for tasks to queue
[2022-10-01 00:08:07,298] {logging_mixin.py:109} INFO - [2022-10-01 00:08:07,298] {dagbag.py:496} INFO - Filling up the DagBag from /home/airflow/.local/lib/python3.6/site-packages/airflow/example_dags/example_branch_labels.py
[2022-10-01 00:08:07,308] {processor.py:623} INFO - DAG(s) dict_keys(['example_branch_labels']) retrieved from /home/airflow/.local/lib/python3.6/site-packages/airflow/example_dags/example_branch_labels.py
[2022-10-01 00:08:07,328] {logging_mixin.py:109} INFO - [2022-10-01 00:08:07,328] {dag.py:1833} INFO - Sync 1 DAGs
[2022-10-01 00:08:07,344] {logging_mixin.py:109} INFO - [2022-10-01 00:08:07,343] {dag.py:2306} INFO - Setting next_dagrun for example_branch_labels to 2022-09-29 00:00:00+00:00
[2022-10-01 00:08:07,355] {processor.py:170} INFO - Processing /home/airflow/.local/lib/python3.6/site-packages/airflow/example_dags/example_branch_labels.py took 0.062 seconds
[2022-10-01 00:08:37,599] {processor.py:162} INFO - Started process (PID=6490) to work on /home/airflow/.local/lib/python3.6/site-packages/airflow/example_dags/example_branch_labels.py
[2022-10-01 00:08:37,602] {processor.py:613} INFO - Processing file /home/airflow/.local/lib/python3.6/site-packages/airflow/example_dags/example_branch_labels.py for tasks to queue
[2022-10-01 00:08:37,603] {logging_mixin.py:109} INFO - [2022-10-01 00:08:37,603] {dagbag.py:496} INFO - Filling up the DagBag from /home/airflow/.local/lib/python3.6/site-packages/airflow/example_dags/example_branch_labels.py
[2022-10-01 00:08:37,615] {processor.py:623} INFO - DAG(s) dict_keys(['example_branch_labels']) retrieved from /home/airflow/.local/lib/python3.6/site-packages/airflow/example_dags/example_branch_labels.py
[2022-10-01 00:08:37,634] {logging_mixin.py:109} INFO - [2022-10-01 00:08:37,634] {dag.py:1833} INFO - Sync 1 DAGs
[2022-10-01 00:08:37,651] {logging_mixin.py:109} INFO - [2022-10-01 00:08:37,651] {dag.py:2306} INFO - Setting next_dagrun for example_branch_labels to 2022-09-29 00:00:00+00:00
[2022-10-01 00:08:37,660] {processor.py:170} INFO - Processing /home/airflow/.local/lib/python3.6/site-packages/airflow/example_dags/example_branch_labels.py took 0.064 seconds
[2022-10-01 00:09:08,691] {processor.py:162} INFO - Started process (PID=6548) to work on /home/airflow/.local/lib/python3.6/site-packages/airflow/example_dags/example_branch_labels.py
[2022-10-01 00:09:08,694] {processor.py:613} INFO - Processing file /home/airflow/.local/lib/python3.6/site-packages/airflow/example_dags/example_branch_labels.py for tasks to queue
[2022-10-01 00:09:08,696] {logging_mixin.py:109} INFO - [2022-10-01 00:09:08,696] {dagbag.py:496} INFO - Filling up the DagBag from /home/airflow/.local/lib/python3.6/site-packages/airflow/example_dags/example_branch_labels.py
[2022-10-01 00:09:08,708] {processor.py:623} INFO - DAG(s) dict_keys(['example_branch_labels']) retrieved from /home/airflow/.local/lib/python3.6/site-packages/airflow/example_dags/example_branch_labels.py
[2022-10-01 00:09:08,732] {logging_mixin.py:109} INFO - [2022-10-01 00:09:08,731] {dag.py:1833} INFO - Sync 1 DAGs
[2022-10-01 00:09:08,750] {logging_mixin.py:109} INFO - [2022-10-01 00:09:08,750] {dag.py:2306} INFO - Setting next_dagrun for example_branch_labels to 2022-09-29 00:00:00+00:00
[2022-10-01 00:09:08,763] {processor.py:170} INFO - Processing /home/airflow/.local/lib/python3.6/site-packages/airflow/example_dags/example_branch_labels.py took 0.076 seconds
[2022-10-01 00:09:39,574] {processor.py:162} INFO - Started process (PID=6602) to work on /home/airflow/.local/lib/python3.6/site-packages/airflow/example_dags/example_branch_labels.py
[2022-10-01 00:09:39,576] {processor.py:613} INFO - Processing file /home/airflow/.local/lib/python3.6/site-packages/airflow/example_dags/example_branch_labels.py for tasks to queue
[2022-10-01 00:09:39,577] {logging_mixin.py:109} INFO - [2022-10-01 00:09:39,577] {dagbag.py:496} INFO - Filling up the DagBag from /home/airflow/.local/lib/python3.6/site-packages/airflow/example_dags/example_branch_labels.py
[2022-10-01 00:09:39,591] {processor.py:623} INFO - DAG(s) dict_keys(['example_branch_labels']) retrieved from /home/airflow/.local/lib/python3.6/site-packages/airflow/example_dags/example_branch_labels.py
[2022-10-01 00:09:39,613] {logging_mixin.py:109} INFO - [2022-10-01 00:09:39,613] {dag.py:1833} INFO - Sync 1 DAGs
[2022-10-01 00:09:39,627] {logging_mixin.py:109} INFO - [2022-10-01 00:09:39,627] {dag.py:2306} INFO - Setting next_dagrun for example_branch_labels to 2022-09-29 00:00:00+00:00
[2022-10-01 00:09:39,637] {processor.py:170} INFO - Processing /home/airflow/.local/lib/python3.6/site-packages/airflow/example_dags/example_branch_labels.py took 0.068 seconds
[2022-10-01 00:10:10,495] {processor.py:162} INFO - Started process (PID=6663) to work on /home/airflow/.local/lib/python3.6/site-packages/airflow/example_dags/example_branch_labels.py
[2022-10-01 00:10:10,497] {processor.py:613} INFO - Processing file /home/airflow/.local/lib/python3.6/site-packages/airflow/example_dags/example_branch_labels.py for tasks to queue
[2022-10-01 00:10:10,498] {logging_mixin.py:109} INFO - [2022-10-01 00:10:10,498] {dagbag.py:496} INFO - Filling up the DagBag from /home/airflow/.local/lib/python3.6/site-packages/airflow/example_dags/example_branch_labels.py
[2022-10-01 00:10:10,510] {processor.py:623} INFO - DAG(s) dict_keys(['example_branch_labels']) retrieved from /home/airflow/.local/lib/python3.6/site-packages/airflow/example_dags/example_branch_labels.py
[2022-10-01 00:10:10,534] {logging_mixin.py:109} INFO - [2022-10-01 00:10:10,533] {dag.py:1833} INFO - Sync 1 DAGs
[2022-10-01 00:10:10,551] {logging_mixin.py:109} INFO - [2022-10-01 00:10:10,551] {dag.py:2306} INFO - Setting next_dagrun for example_branch_labels to 2022-09-29 00:00:00+00:00
[2022-10-01 00:10:10,565] {processor.py:170} INFO - Processing /home/airflow/.local/lib/python3.6/site-packages/airflow/example_dags/example_branch_labels.py took 0.073 seconds
[2022-10-01 00:10:41,068] {processor.py:162} INFO - Started process (PID=6724) to work on /home/airflow/.local/lib/python3.6/site-packages/airflow/example_dags/example_branch_labels.py
[2022-10-01 00:10:41,070] {processor.py:613} INFO - Processing file /home/airflow/.local/lib/python3.6/site-packages/airflow/example_dags/example_branch_labels.py for tasks to queue
[2022-10-01 00:10:41,071] {logging_mixin.py:109} INFO - [2022-10-01 00:10:41,071] {dagbag.py:496} INFO - Filling up the DagBag from /home/airflow/.local/lib/python3.6/site-packages/airflow/example_dags/example_branch_labels.py
[2022-10-01 00:10:41,082] {processor.py:623} INFO - DAG(s) dict_keys(['example_branch_labels']) retrieved from /home/airflow/.local/lib/python3.6/site-packages/airflow/example_dags/example_branch_labels.py
[2022-10-01 00:10:41,108] {logging_mixin.py:109} INFO - [2022-10-01 00:10:41,108] {dag.py:1833} INFO - Sync 1 DAGs
[2022-10-01 00:10:41,122] {logging_mixin.py:109} INFO - [2022-10-01 00:10:41,122] {dag.py:2306} INFO - Setting next_dagrun for example_branch_labels to 2022-09-29 00:00:00+00:00
[2022-10-01 00:10:41,131] {processor.py:170} INFO - Processing /home/airflow/.local/lib/python3.6/site-packages/airflow/example_dags/example_branch_labels.py took 0.067 seconds
[2022-10-01 00:11:11,552] {processor.py:162} INFO - Started process (PID=6775) to work on /home/airflow/.local/lib/python3.6/site-packages/airflow/example_dags/example_branch_labels.py
[2022-10-01 00:11:11,554] {processor.py:613} INFO - Processing file /home/airflow/.local/lib/python3.6/site-packages/airflow/example_dags/example_branch_labels.py for tasks to queue
[2022-10-01 00:11:11,555] {logging_mixin.py:109} INFO - [2022-10-01 00:11:11,555] {dagbag.py:496} INFO - Filling up the DagBag from /home/airflow/.local/lib/python3.6/site-packages/airflow/example_dags/example_branch_labels.py
[2022-10-01 00:11:11,564] {processor.py:623} INFO - DAG(s) dict_keys(['example_branch_labels']) retrieved from /home/airflow/.local/lib/python3.6/site-packages/airflow/example_dags/example_branch_labels.py
[2022-10-01 00:11:11,584] {logging_mixin.py:109} INFO - [2022-10-01 00:11:11,584] {dag.py:1833} INFO - Sync 1 DAGs
[2022-10-01 00:11:11,599] {logging_mixin.py:109} INFO - [2022-10-01 00:11:11,598] {dag.py:2306} INFO - Setting next_dagrun for example_branch_labels to 2022-09-29 00:00:00+00:00
[2022-10-01 00:11:11,609] {processor.py:170} INFO - Processing /home/airflow/.local/lib/python3.6/site-packages/airflow/example_dags/example_branch_labels.py took 0.060 seconds
[2022-10-01 00:11:42,432] {processor.py:162} INFO - Started process (PID=6836) to work on /home/airflow/.local/lib/python3.6/site-packages/airflow/example_dags/example_branch_labels.py
[2022-10-01 00:11:42,434] {processor.py:613} INFO - Processing file /home/airflow/.local/lib/python3.6/site-packages/airflow/example_dags/example_branch_labels.py for tasks to queue
[2022-10-01 00:11:42,436] {logging_mixin.py:109} INFO - [2022-10-01 00:11:42,436] {dagbag.py:496} INFO - Filling up the DagBag from /home/airflow/.local/lib/python3.6/site-packages/airflow/example_dags/example_branch_labels.py
[2022-10-01 00:11:42,444] {processor.py:623} INFO - DAG(s) dict_keys(['example_branch_labels']) retrieved from /home/airflow/.local/lib/python3.6/site-packages/airflow/example_dags/example_branch_labels.py
[2022-10-01 00:11:42,466] {logging_mixin.py:109} INFO - [2022-10-01 00:11:42,466] {dag.py:1833} INFO - Sync 1 DAGs
[2022-10-01 00:11:42,480] {logging_mixin.py:109} INFO - [2022-10-01 00:11:42,480] {dag.py:2306} INFO - Setting next_dagrun for example_branch_labels to 2022-09-29 00:00:00+00:00
[2022-10-01 00:11:42,489] {processor.py:170} INFO - Processing /home/airflow/.local/lib/python3.6/site-packages/airflow/example_dags/example_branch_labels.py took 0.060 seconds
[2022-10-01 00:12:12,650] {processor.py:162} INFO - Started process (PID=6897) to work on /home/airflow/.local/lib/python3.6/site-packages/airflow/example_dags/example_branch_labels.py
[2022-10-01 00:12:12,651] {processor.py:613} INFO - Processing file /home/airflow/.local/lib/python3.6/site-packages/airflow/example_dags/example_branch_labels.py for tasks to queue
[2022-10-01 00:12:12,653] {logging_mixin.py:109} INFO - [2022-10-01 00:12:12,653] {dagbag.py:496} INFO - Filling up the DagBag from /home/airflow/.local/lib/python3.6/site-packages/airflow/example_dags/example_branch_labels.py
[2022-10-01 00:12:12,663] {processor.py:623} INFO - DAG(s) dict_keys(['example_branch_labels']) retrieved from /home/airflow/.local/lib/python3.6/site-packages/airflow/example_dags/example_branch_labels.py
[2022-10-01 00:12:12,682] {logging_mixin.py:109} INFO - [2022-10-01 00:12:12,682] {dag.py:1833} INFO - Sync 1 DAGs
[2022-10-01 00:12:12,697] {logging_mixin.py:109} INFO - [2022-10-01 00:12:12,697] {dag.py:2306} INFO - Setting next_dagrun for example_branch_labels to 2022-09-29 00:00:00+00:00
[2022-10-01 00:12:12,705] {processor.py:170} INFO - Processing /home/airflow/.local/lib/python3.6/site-packages/airflow/example_dags/example_branch_labels.py took 0.059 seconds
[2022-10-01 00:12:43,673] {processor.py:162} INFO - Started process (PID=6948) to work on /home/airflow/.local/lib/python3.6/site-packages/airflow/example_dags/example_branch_labels.py
[2022-10-01 00:12:43,675] {processor.py:613} INFO - Processing file /home/airflow/.local/lib/python3.6/site-packages/airflow/example_dags/example_branch_labels.py for tasks to queue
[2022-10-01 00:12:43,677] {logging_mixin.py:109} INFO - [2022-10-01 00:12:43,676] {dagbag.py:496} INFO - Filling up the DagBag from /home/airflow/.local/lib/python3.6/site-packages/airflow/example_dags/example_branch_labels.py
[2022-10-01 00:12:43,687] {processor.py:623} INFO - DAG(s) dict_keys(['example_branch_labels']) retrieved from /home/airflow/.local/lib/python3.6/site-packages/airflow/example_dags/example_branch_labels.py
[2022-10-01 00:12:43,708] {logging_mixin.py:109} INFO - [2022-10-01 00:12:43,708] {dag.py:1833} INFO - Sync 1 DAGs
[2022-10-01 00:12:43,725] {logging_mixin.py:109} INFO - [2022-10-01 00:12:43,725] {dag.py:2306} INFO - Setting next_dagrun for example_branch_labels to 2022-09-29 00:00:00+00:00
[2022-10-01 00:12:43,737] {processor.py:170} INFO - Processing /home/airflow/.local/lib/python3.6/site-packages/airflow/example_dags/example_branch_labels.py took 0.067 seconds
[2022-10-01 00:13:14,714] {processor.py:162} INFO - Started process (PID=7010) to work on /home/airflow/.local/lib/python3.6/site-packages/airflow/example_dags/example_branch_labels.py
[2022-10-01 00:13:14,716] {processor.py:613} INFO - Processing file /home/airflow/.local/lib/python3.6/site-packages/airflow/example_dags/example_branch_labels.py for tasks to queue
[2022-10-01 00:13:14,717] {logging_mixin.py:109} INFO - [2022-10-01 00:13:14,717] {dagbag.py:496} INFO - Filling up the DagBag from /home/airflow/.local/lib/python3.6/site-packages/airflow/example_dags/example_branch_labels.py
[2022-10-01 00:13:14,728] {processor.py:623} INFO - DAG(s) dict_keys(['example_branch_labels']) retrieved from /home/airflow/.local/lib/python3.6/site-packages/airflow/example_dags/example_branch_labels.py
[2022-10-01 00:13:14,749] {logging_mixin.py:109} INFO - [2022-10-01 00:13:14,749] {dag.py:1833} INFO - Sync 1 DAGs
[2022-10-01 00:13:14,765] {logging_mixin.py:109} INFO - [2022-10-01 00:13:14,765] {dag.py:2306} INFO - Setting next_dagrun for example_branch_labels to 2022-09-29 00:00:00+00:00
[2022-10-01 00:13:14,775] {processor.py:170} INFO - Processing /home/airflow/.local/lib/python3.6/site-packages/airflow/example_dags/example_branch_labels.py took 0.065 seconds
[2022-10-01 00:13:45,760] {processor.py:162} INFO - Started process (PID=7071) to work on /home/airflow/.local/lib/python3.6/site-packages/airflow/example_dags/example_branch_labels.py
[2022-10-01 00:13:45,762] {processor.py:613} INFO - Processing file /home/airflow/.local/lib/python3.6/site-packages/airflow/example_dags/example_branch_labels.py for tasks to queue
[2022-10-01 00:13:45,763] {logging_mixin.py:109} INFO - [2022-10-01 00:13:45,763] {dagbag.py:496} INFO - Filling up the DagBag from /home/airflow/.local/lib/python3.6/site-packages/airflow/example_dags/example_branch_labels.py
[2022-10-01 00:13:45,772] {processor.py:623} INFO - DAG(s) dict_keys(['example_branch_labels']) retrieved from /home/airflow/.local/lib/python3.6/site-packages/airflow/example_dags/example_branch_labels.py
[2022-10-01 00:13:45,794] {logging_mixin.py:109} INFO - [2022-10-01 00:13:45,794] {dag.py:1833} INFO - Sync 1 DAGs
[2022-10-01 00:13:45,810] {logging_mixin.py:109} INFO - [2022-10-01 00:13:45,810] {dag.py:2306} INFO - Setting next_dagrun for example_branch_labels to 2022-09-29 00:00:00+00:00
[2022-10-01 00:13:45,821] {processor.py:170} INFO - Processing /home/airflow/.local/lib/python3.6/site-packages/airflow/example_dags/example_branch_labels.py took 0.063 seconds
[2022-10-01 00:14:16,405] {processor.py:162} INFO - Started process (PID=7122) to work on /home/airflow/.local/lib/python3.6/site-packages/airflow/example_dags/example_branch_labels.py
[2022-10-01 00:14:16,407] {processor.py:613} INFO - Processing file /home/airflow/.local/lib/python3.6/site-packages/airflow/example_dags/example_branch_labels.py for tasks to queue
[2022-10-01 00:14:16,408] {logging_mixin.py:109} INFO - [2022-10-01 00:14:16,408] {dagbag.py:496} INFO - Filling up the DagBag from /home/airflow/.local/lib/python3.6/site-packages/airflow/example_dags/example_branch_labels.py
[2022-10-01 00:14:16,416] {processor.py:623} INFO - DAG(s) dict_keys(['example_branch_labels']) retrieved from /home/airflow/.local/lib/python3.6/site-packages/airflow/example_dags/example_branch_labels.py
[2022-10-01 00:14:16,439] {logging_mixin.py:109} INFO - [2022-10-01 00:14:16,439] {dag.py:1833} INFO - Sync 1 DAGs
[2022-10-01 00:14:16,453] {logging_mixin.py:109} INFO - [2022-10-01 00:14:16,453] {dag.py:2306} INFO - Setting next_dagrun for example_branch_labels to 2022-09-29 00:00:00+00:00
[2022-10-01 00:14:16,462] {processor.py:170} INFO - Processing /home/airflow/.local/lib/python3.6/site-packages/airflow/example_dags/example_branch_labels.py took 0.059 seconds
[2022-10-01 00:14:47,018] {processor.py:162} INFO - Started process (PID=7184) to work on /home/airflow/.local/lib/python3.6/site-packages/airflow/example_dags/example_branch_labels.py
[2022-10-01 00:14:47,020] {processor.py:613} INFO - Processing file /home/airflow/.local/lib/python3.6/site-packages/airflow/example_dags/example_branch_labels.py for tasks to queue
[2022-10-01 00:14:47,022] {logging_mixin.py:109} INFO - [2022-10-01 00:14:47,022] {dagbag.py:496} INFO - Filling up the DagBag from /home/airflow/.local/lib/python3.6/site-packages/airflow/example_dags/example_branch_labels.py
[2022-10-01 00:14:47,030] {processor.py:623} INFO - DAG(s) dict_keys(['example_branch_labels']) retrieved from /home/airflow/.local/lib/python3.6/site-packages/airflow/example_dags/example_branch_labels.py
[2022-10-01 00:14:47,047] {logging_mixin.py:109} INFO - [2022-10-01 00:14:47,047] {dag.py:1833} INFO - Sync 1 DAGs
[2022-10-01 00:14:47,058] {logging_mixin.py:109} INFO - [2022-10-01 00:14:47,058] {dag.py:2306} INFO - Setting next_dagrun for example_branch_labels to 2022-09-29 00:00:00+00:00
[2022-10-01 00:14:47,068] {processor.py:170} INFO - Processing /home/airflow/.local/lib/python3.6/site-packages/airflow/example_dags/example_branch_labels.py took 0.052 seconds
[2022-10-01 00:15:17,830] {processor.py:162} INFO - Started process (PID=7245) to work on /home/airflow/.local/lib/python3.6/site-packages/airflow/example_dags/example_branch_labels.py
[2022-10-01 00:15:17,832] {processor.py:613} INFO - Processing file /home/airflow/.local/lib/python3.6/site-packages/airflow/example_dags/example_branch_labels.py for tasks to queue
[2022-10-01 00:15:17,834] {logging_mixin.py:109} INFO - [2022-10-01 00:15:17,834] {dagbag.py:496} INFO - Filling up the DagBag from /home/airflow/.local/lib/python3.6/site-packages/airflow/example_dags/example_branch_labels.py
[2022-10-01 00:15:17,843] {processor.py:623} INFO - DAG(s) dict_keys(['example_branch_labels']) retrieved from /home/airflow/.local/lib/python3.6/site-packages/airflow/example_dags/example_branch_labels.py
[2022-10-01 00:15:17,865] {logging_mixin.py:109} INFO - [2022-10-01 00:15:17,865] {dag.py:1833} INFO - Sync 1 DAGs
[2022-10-01 00:15:17,879] {logging_mixin.py:109} INFO - [2022-10-01 00:15:17,879] {dag.py:2306} INFO - Setting next_dagrun for example_branch_labels to 2022-09-29 00:00:00+00:00
[2022-10-01 00:15:17,890] {processor.py:170} INFO - Processing /home/airflow/.local/lib/python3.6/site-packages/airflow/example_dags/example_branch_labels.py took 0.062 seconds
[2022-10-01 00:15:48,081] {processor.py:162} INFO - Started process (PID=7296) to work on /home/airflow/.local/lib/python3.6/site-packages/airflow/example_dags/example_branch_labels.py
[2022-10-01 00:15:48,083] {processor.py:613} INFO - Processing file /home/airflow/.local/lib/python3.6/site-packages/airflow/example_dags/example_branch_labels.py for tasks to queue
[2022-10-01 00:15:48,084] {logging_mixin.py:109} INFO - [2022-10-01 00:15:48,084] {dagbag.py:496} INFO - Filling up the DagBag from /home/airflow/.local/lib/python3.6/site-packages/airflow/example_dags/example_branch_labels.py
[2022-10-01 00:15:48,093] {processor.py:623} INFO - DAG(s) dict_keys(['example_branch_labels']) retrieved from /home/airflow/.local/lib/python3.6/site-packages/airflow/example_dags/example_branch_labels.py
[2022-10-01 00:15:48,113] {logging_mixin.py:109} INFO - [2022-10-01 00:15:48,113] {dag.py:1833} INFO - Sync 1 DAGs
[2022-10-01 00:15:48,127] {logging_mixin.py:109} INFO - [2022-10-01 00:15:48,127] {dag.py:2306} INFO - Setting next_dagrun for example_branch_labels to 2022-09-29 00:00:00+00:00
[2022-10-01 00:15:48,137] {processor.py:170} INFO - Processing /home/airflow/.local/lib/python3.6/site-packages/airflow/example_dags/example_branch_labels.py took 0.058 seconds
[2022-10-01 00:16:18,711] {processor.py:162} INFO - Started process (PID=7357) to work on /home/airflow/.local/lib/python3.6/site-packages/airflow/example_dags/example_branch_labels.py
[2022-10-01 00:16:18,713] {processor.py:613} INFO - Processing file /home/airflow/.local/lib/python3.6/site-packages/airflow/example_dags/example_branch_labels.py for tasks to queue
[2022-10-01 00:16:18,714] {logging_mixin.py:109} INFO - [2022-10-01 00:16:18,714] {dagbag.py:496} INFO - Filling up the DagBag from /home/airflow/.local/lib/python3.6/site-packages/airflow/example_dags/example_branch_labels.py
[2022-10-01 00:16:18,724] {processor.py:623} INFO - DAG(s) dict_keys(['example_branch_labels']) retrieved from /home/airflow/.local/lib/python3.6/site-packages/airflow/example_dags/example_branch_labels.py
[2022-10-01 00:16:18,744] {logging_mixin.py:109} INFO - [2022-10-01 00:16:18,744] {dag.py:1833} INFO - Sync 1 DAGs
[2022-10-01 00:16:18,759] {logging_mixin.py:109} INFO - [2022-10-01 00:16:18,759] {dag.py:2306} INFO - Setting next_dagrun for example_branch_labels to 2022-09-29 00:00:00+00:00
[2022-10-01 00:16:18,770] {processor.py:170} INFO - Processing /home/airflow/.local/lib/python3.6/site-packages/airflow/example_dags/example_branch_labels.py took 0.062 seconds
[2022-10-01 00:16:49,666] {processor.py:162} INFO - Started process (PID=7418) to work on /home/airflow/.local/lib/python3.6/site-packages/airflow/example_dags/example_branch_labels.py
[2022-10-01 00:16:49,668] {processor.py:613} INFO - Processing file /home/airflow/.local/lib/python3.6/site-packages/airflow/example_dags/example_branch_labels.py for tasks to queue
[2022-10-01 00:16:49,669] {logging_mixin.py:109} INFO - [2022-10-01 00:16:49,669] {dagbag.py:496} INFO - Filling up the DagBag from /home/airflow/.local/lib/python3.6/site-packages/airflow/example_dags/example_branch_labels.py
[2022-10-01 00:16:49,677] {processor.py:623} INFO - DAG(s) dict_keys(['example_branch_labels']) retrieved from /home/airflow/.local/lib/python3.6/site-packages/airflow/example_dags/example_branch_labels.py
[2022-10-01 00:16:49,696] {logging_mixin.py:109} INFO - [2022-10-01 00:16:49,696] {dag.py:1833} INFO - Sync 1 DAGs
[2022-10-01 00:16:49,710] {logging_mixin.py:109} INFO - [2022-10-01 00:16:49,710] {dag.py:2306} INFO - Setting next_dagrun for example_branch_labels to 2022-09-29 00:00:00+00:00
[2022-10-01 00:16:49,721] {processor.py:170} INFO - Processing /home/airflow/.local/lib/python3.6/site-packages/airflow/example_dags/example_branch_labels.py took 0.057 seconds
[2022-10-01 00:17:19,835] {processor.py:162} INFO - Started process (PID=7468) to work on /home/airflow/.local/lib/python3.6/site-packages/airflow/example_dags/example_branch_labels.py
[2022-10-01 00:17:19,837] {processor.py:613} INFO - Processing file /home/airflow/.local/lib/python3.6/site-packages/airflow/example_dags/example_branch_labels.py for tasks to queue
[2022-10-01 00:17:19,838] {logging_mixin.py:109} INFO - [2022-10-01 00:17:19,838] {dagbag.py:496} INFO - Filling up the DagBag from /home/airflow/.local/lib/python3.6/site-packages/airflow/example_dags/example_branch_labels.py
[2022-10-01 00:17:19,847] {processor.py:623} INFO - DAG(s) dict_keys(['example_branch_labels']) retrieved from /home/airflow/.local/lib/python3.6/site-packages/airflow/example_dags/example_branch_labels.py
[2022-10-01 00:17:19,867] {logging_mixin.py:109} INFO - [2022-10-01 00:17:19,867] {dag.py:1833} INFO - Sync 1 DAGs
[2022-10-01 00:17:19,882] {logging_mixin.py:109} INFO - [2022-10-01 00:17:19,882] {dag.py:2306} INFO - Setting next_dagrun for example_branch_labels to 2022-09-29 00:00:00+00:00
[2022-10-01 00:17:19,893] {processor.py:170} INFO - Processing /home/airflow/.local/lib/python3.6/site-packages/airflow/example_dags/example_branch_labels.py took 0.061 seconds
[2022-10-01 00:17:50,798] {processor.py:162} INFO - Started process (PID=7531) to work on /home/airflow/.local/lib/python3.6/site-packages/airflow/example_dags/example_branch_labels.py
[2022-10-01 00:17:50,799] {processor.py:613} INFO - Processing file /home/airflow/.local/lib/python3.6/site-packages/airflow/example_dags/example_branch_labels.py for tasks to queue
[2022-10-01 00:17:50,800] {logging_mixin.py:109} INFO - [2022-10-01 00:17:50,800] {dagbag.py:496} INFO - Filling up the DagBag from /home/airflow/.local/lib/python3.6/site-packages/airflow/example_dags/example_branch_labels.py
[2022-10-01 00:17:50,810] {processor.py:623} INFO - DAG(s) dict_keys(['example_branch_labels']) retrieved from /home/airflow/.local/lib/python3.6/site-packages/airflow/example_dags/example_branch_labels.py
[2022-10-01 00:17:50,831] {logging_mixin.py:109} INFO - [2022-10-01 00:17:50,831] {dag.py:1833} INFO - Sync 1 DAGs
[2022-10-01 00:17:50,847] {logging_mixin.py:109} INFO - [2022-10-01 00:17:50,847] {dag.py:2306} INFO - Setting next_dagrun for example_branch_labels to 2022-09-29 00:00:00+00:00
[2022-10-01 00:17:50,858] {processor.py:170} INFO - Processing /home/airflow/.local/lib/python3.6/site-packages/airflow/example_dags/example_branch_labels.py took 0.063 seconds
[2022-10-01 00:18:17,264] {processor.py:162} INFO - Started process (PID=7584) to work on /home/airflow/.local/lib/python3.6/site-packages/airflow/example_dags/example_branch_labels.py
[2022-10-01 00:18:17,265] {processor.py:613} INFO - Processing file /home/airflow/.local/lib/python3.6/site-packages/airflow/example_dags/example_branch_labels.py for tasks to queue
[2022-10-01 00:18:17,267] {logging_mixin.py:109} INFO - [2022-10-01 00:18:17,266] {dagbag.py:496} INFO - Filling up the DagBag from /home/airflow/.local/lib/python3.6/site-packages/airflow/example_dags/example_branch_labels.py
[2022-10-01 00:18:17,278] {processor.py:623} INFO - DAG(s) dict_keys(['example_branch_labels']) retrieved from /home/airflow/.local/lib/python3.6/site-packages/airflow/example_dags/example_branch_labels.py
[2022-10-01 00:18:17,296] {logging_mixin.py:109} INFO - [2022-10-01 00:18:17,296] {dag.py:1833} INFO - Sync 1 DAGs
[2022-10-01 00:18:17,310] {logging_mixin.py:109} INFO - [2022-10-01 00:18:17,310] {dag.py:2306} INFO - Setting next_dagrun for example_branch_labels to 2022-09-29 00:00:00+00:00
[2022-10-01 00:18:17,324] {processor.py:170} INFO - Processing /home/airflow/.local/lib/python3.6/site-packages/airflow/example_dags/example_branch_labels.py took 0.063 seconds
[2022-10-01 00:18:48,598] {processor.py:162} INFO - Started process (PID=7645) to work on /home/airflow/.local/lib/python3.6/site-packages/airflow/example_dags/example_branch_labels.py
[2022-10-01 00:18:48,599] {processor.py:613} INFO - Processing file /home/airflow/.local/lib/python3.6/site-packages/airflow/example_dags/example_branch_labels.py for tasks to queue
[2022-10-01 00:18:48,600] {logging_mixin.py:109} INFO - [2022-10-01 00:18:48,600] {dagbag.py:496} INFO - Filling up the DagBag from /home/airflow/.local/lib/python3.6/site-packages/airflow/example_dags/example_branch_labels.py
[2022-10-01 00:18:48,609] {processor.py:623} INFO - DAG(s) dict_keys(['example_branch_labels']) retrieved from /home/airflow/.local/lib/python3.6/site-packages/airflow/example_dags/example_branch_labels.py
[2022-10-01 00:18:48,631] {logging_mixin.py:109} INFO - [2022-10-01 00:18:48,631] {dag.py:1833} INFO - Sync 1 DAGs
[2022-10-01 00:18:48,643] {logging_mixin.py:109} INFO - [2022-10-01 00:18:48,643] {dag.py:2306} INFO - Setting next_dagrun for example_branch_labels to 2022-09-29 00:00:00+00:00
[2022-10-01 00:18:48,651] {processor.py:170} INFO - Processing /home/airflow/.local/lib/python3.6/site-packages/airflow/example_dags/example_branch_labels.py took 0.056 seconds
[2022-10-01 00:19:19,586] {processor.py:162} INFO - Started process (PID=7706) to work on /home/airflow/.local/lib/python3.6/site-packages/airflow/example_dags/example_branch_labels.py
[2022-10-01 00:19:19,587] {processor.py:613} INFO - Processing file /home/airflow/.local/lib/python3.6/site-packages/airflow/example_dags/example_branch_labels.py for tasks to queue
[2022-10-01 00:19:19,589] {logging_mixin.py:109} INFO - [2022-10-01 00:19:19,589] {dagbag.py:496} INFO - Filling up the DagBag from /home/airflow/.local/lib/python3.6/site-packages/airflow/example_dags/example_branch_labels.py
[2022-10-01 00:19:19,600] {processor.py:623} INFO - DAG(s) dict_keys(['example_branch_labels']) retrieved from /home/airflow/.local/lib/python3.6/site-packages/airflow/example_dags/example_branch_labels.py
[2022-10-01 00:19:19,623] {logging_mixin.py:109} INFO - [2022-10-01 00:19:19,623] {dag.py:1833} INFO - Sync 1 DAGs
[2022-10-01 00:19:19,638] {logging_mixin.py:109} INFO - [2022-10-01 00:19:19,638] {dag.py:2306} INFO - Setting next_dagrun for example_branch_labels to 2022-09-29 00:00:00+00:00
[2022-10-01 00:19:19,648] {processor.py:170} INFO - Processing /home/airflow/.local/lib/python3.6/site-packages/airflow/example_dags/example_branch_labels.py took 0.066 seconds
[2022-10-01 00:19:50,670] {processor.py:162} INFO - Started process (PID=7766) to work on /home/airflow/.local/lib/python3.6/site-packages/airflow/example_dags/example_branch_labels.py
[2022-10-01 00:19:50,671] {processor.py:613} INFO - Processing file /home/airflow/.local/lib/python3.6/site-packages/airflow/example_dags/example_branch_labels.py for tasks to queue
[2022-10-01 00:19:50,673] {logging_mixin.py:109} INFO - [2022-10-01 00:19:50,673] {dagbag.py:496} INFO - Filling up the DagBag from /home/airflow/.local/lib/python3.6/site-packages/airflow/example_dags/example_branch_labels.py
[2022-10-01 00:19:50,684] {processor.py:623} INFO - DAG(s) dict_keys(['example_branch_labels']) retrieved from /home/airflow/.local/lib/python3.6/site-packages/airflow/example_dags/example_branch_labels.py
[2022-10-01 00:19:50,704] {logging_mixin.py:109} INFO - [2022-10-01 00:19:50,704] {dag.py:1833} INFO - Sync 1 DAGs
[2022-10-01 00:19:50,719] {logging_mixin.py:109} INFO - [2022-10-01 00:19:50,719] {dag.py:2306} INFO - Setting next_dagrun for example_branch_labels to 2022-09-29 00:00:00+00:00
[2022-10-01 00:19:50,729] {processor.py:170} INFO - Processing /home/airflow/.local/lib/python3.6/site-packages/airflow/example_dags/example_branch_labels.py took 0.063 seconds
