[2022-10-01 00:00:01,369] {processor.py:162} INFO - Started process (PID=5517) to work on /home/airflow/.local/lib/python3.6/site-packages/airflow/example_dags/example_external_task_marker_dag.py
[2022-10-01 00:00:01,371] {processor.py:613} INFO - Processing file /home/airflow/.local/lib/python3.6/site-packages/airflow/example_dags/example_external_task_marker_dag.py for tasks to queue
[2022-10-01 00:00:01,372] {logging_mixin.py:109} INFO - [2022-10-01 00:00:01,372] {dagbag.py:496} INFO - Filling up the DagBag from /home/airflow/.local/lib/python3.6/site-packages/airflow/example_dags/example_external_task_marker_dag.py
[2022-10-01 00:00:01,383] {processor.py:623} INFO - DAG(s) dict_keys(['example_external_task_marker_parent', 'example_external_task_marker_child']) retrieved from /home/airflow/.local/lib/python3.6/site-packages/airflow/example_dags/example_external_task_marker_dag.py
[2022-10-01 00:00:01,412] {logging_mixin.py:109} INFO - [2022-10-01 00:00:01,411] {dag.py:1833} INFO - Sync 2 DAGs
[2022-10-01 00:00:01,434] {logging_mixin.py:109} INFO - [2022-10-01 00:00:01,434] {dag.py:2306} INFO - Setting next_dagrun for example_external_task_marker_child to None
[2022-10-01 00:00:01,436] {logging_mixin.py:109} INFO - [2022-10-01 00:00:01,436] {dag.py:2306} INFO - Setting next_dagrun for example_external_task_marker_parent to None
[2022-10-01 00:00:01,450] {processor.py:170} INFO - Processing /home/airflow/.local/lib/python3.6/site-packages/airflow/example_dags/example_external_task_marker_dag.py took 0.084 seconds
[2022-10-01 00:00:31,895] {processor.py:162} INFO - Started process (PID=5578) to work on /home/airflow/.local/lib/python3.6/site-packages/airflow/example_dags/example_external_task_marker_dag.py
[2022-10-01 00:00:31,898] {processor.py:613} INFO - Processing file /home/airflow/.local/lib/python3.6/site-packages/airflow/example_dags/example_external_task_marker_dag.py for tasks to queue
[2022-10-01 00:00:31,900] {logging_mixin.py:109} INFO - [2022-10-01 00:00:31,899] {dagbag.py:496} INFO - Filling up the DagBag from /home/airflow/.local/lib/python3.6/site-packages/airflow/example_dags/example_external_task_marker_dag.py
[2022-10-01 00:00:31,914] {processor.py:623} INFO - DAG(s) dict_keys(['example_external_task_marker_parent', 'example_external_task_marker_child']) retrieved from /home/airflow/.local/lib/python3.6/site-packages/airflow/example_dags/example_external_task_marker_dag.py
[2022-10-01 00:00:31,946] {logging_mixin.py:109} INFO - [2022-10-01 00:00:31,946] {dag.py:1833} INFO - Sync 2 DAGs
[2022-10-01 00:00:31,965] {logging_mixin.py:109} INFO - [2022-10-01 00:00:31,965] {dag.py:2306} INFO - Setting next_dagrun for example_external_task_marker_child to None
[2022-10-01 00:00:31,968] {logging_mixin.py:109} INFO - [2022-10-01 00:00:31,968] {dag.py:2306} INFO - Setting next_dagrun for example_external_task_marker_parent to None
[2022-10-01 00:00:31,982] {processor.py:170} INFO - Processing /home/airflow/.local/lib/python3.6/site-packages/airflow/example_dags/example_external_task_marker_dag.py took 0.092 seconds
[2022-10-01 00:01:02,530] {processor.py:162} INFO - Started process (PID=5628) to work on /home/airflow/.local/lib/python3.6/site-packages/airflow/example_dags/example_external_task_marker_dag.py
[2022-10-01 00:01:02,535] {processor.py:613} INFO - Processing file /home/airflow/.local/lib/python3.6/site-packages/airflow/example_dags/example_external_task_marker_dag.py for tasks to queue
[2022-10-01 00:01:02,537] {logging_mixin.py:109} INFO - [2022-10-01 00:01:02,536] {dagbag.py:496} INFO - Filling up the DagBag from /home/airflow/.local/lib/python3.6/site-packages/airflow/example_dags/example_external_task_marker_dag.py
[2022-10-01 00:01:02,547] {processor.py:623} INFO - DAG(s) dict_keys(['example_external_task_marker_parent', 'example_external_task_marker_child']) retrieved from /home/airflow/.local/lib/python3.6/site-packages/airflow/example_dags/example_external_task_marker_dag.py
[2022-10-01 00:01:02,614] {logging_mixin.py:109} INFO - [2022-10-01 00:01:02,614] {dag.py:1833} INFO - Sync 2 DAGs
[2022-10-01 00:01:02,631] {logging_mixin.py:109} INFO - [2022-10-01 00:01:02,631] {dag.py:2306} INFO - Setting next_dagrun for example_external_task_marker_child to None
[2022-10-01 00:01:02,632] {logging_mixin.py:109} INFO - [2022-10-01 00:01:02,632] {dag.py:2306} INFO - Setting next_dagrun for example_external_task_marker_parent to None
[2022-10-01 00:01:02,644] {processor.py:170} INFO - Processing /home/airflow/.local/lib/python3.6/site-packages/airflow/example_dags/example_external_task_marker_dag.py took 0.120 seconds
[2022-10-01 00:01:32,828] {processor.py:162} INFO - Started process (PID=5689) to work on /home/airflow/.local/lib/python3.6/site-packages/airflow/example_dags/example_external_task_marker_dag.py
[2022-10-01 00:01:32,830] {processor.py:613} INFO - Processing file /home/airflow/.local/lib/python3.6/site-packages/airflow/example_dags/example_external_task_marker_dag.py for tasks to queue
[2022-10-01 00:01:32,831] {logging_mixin.py:109} INFO - [2022-10-01 00:01:32,831] {dagbag.py:496} INFO - Filling up the DagBag from /home/airflow/.local/lib/python3.6/site-packages/airflow/example_dags/example_external_task_marker_dag.py
[2022-10-01 00:01:32,840] {processor.py:623} INFO - DAG(s) dict_keys(['example_external_task_marker_parent', 'example_external_task_marker_child']) retrieved from /home/airflow/.local/lib/python3.6/site-packages/airflow/example_dags/example_external_task_marker_dag.py
[2022-10-01 00:01:32,861] {logging_mixin.py:109} INFO - [2022-10-01 00:01:32,861] {dag.py:1833} INFO - Sync 2 DAGs
[2022-10-01 00:01:32,873] {logging_mixin.py:109} INFO - [2022-10-01 00:01:32,873] {dag.py:2306} INFO - Setting next_dagrun for example_external_task_marker_child to None
[2022-10-01 00:01:32,875] {logging_mixin.py:109} INFO - [2022-10-01 00:01:32,875] {dag.py:2306} INFO - Setting next_dagrun for example_external_task_marker_parent to None
[2022-10-01 00:01:32,886] {processor.py:170} INFO - Processing /home/airflow/.local/lib/python3.6/site-packages/airflow/example_dags/example_external_task_marker_dag.py took 0.061 seconds
[2022-10-01 00:02:03,052] {processor.py:162} INFO - Started process (PID=5750) to work on /home/airflow/.local/lib/python3.6/site-packages/airflow/example_dags/example_external_task_marker_dag.py
[2022-10-01 00:02:03,053] {processor.py:613} INFO - Processing file /home/airflow/.local/lib/python3.6/site-packages/airflow/example_dags/example_external_task_marker_dag.py for tasks to queue
[2022-10-01 00:02:03,055] {logging_mixin.py:109} INFO - [2022-10-01 00:02:03,055] {dagbag.py:496} INFO - Filling up the DagBag from /home/airflow/.local/lib/python3.6/site-packages/airflow/example_dags/example_external_task_marker_dag.py
[2022-10-01 00:02:03,064] {processor.py:623} INFO - DAG(s) dict_keys(['example_external_task_marker_parent', 'example_external_task_marker_child']) retrieved from /home/airflow/.local/lib/python3.6/site-packages/airflow/example_dags/example_external_task_marker_dag.py
[2022-10-01 00:02:03,088] {logging_mixin.py:109} INFO - [2022-10-01 00:02:03,088] {dag.py:1833} INFO - Sync 2 DAGs
[2022-10-01 00:02:03,103] {logging_mixin.py:109} INFO - [2022-10-01 00:02:03,102] {dag.py:2306} INFO - Setting next_dagrun for example_external_task_marker_child to None
[2022-10-01 00:02:03,104] {logging_mixin.py:109} INFO - [2022-10-01 00:02:03,104] {dag.py:2306} INFO - Setting next_dagrun for example_external_task_marker_parent to None
[2022-10-01 00:02:03,115] {processor.py:170} INFO - Processing /home/airflow/.local/lib/python3.6/site-packages/airflow/example_dags/example_external_task_marker_dag.py took 0.066 seconds
[2022-10-01 00:02:33,433] {processor.py:162} INFO - Started process (PID=5801) to work on /home/airflow/.local/lib/python3.6/site-packages/airflow/example_dags/example_external_task_marker_dag.py
[2022-10-01 00:02:33,435] {processor.py:613} INFO - Processing file /home/airflow/.local/lib/python3.6/site-packages/airflow/example_dags/example_external_task_marker_dag.py for tasks to queue
[2022-10-01 00:02:33,436] {logging_mixin.py:109} INFO - [2022-10-01 00:02:33,436] {dagbag.py:496} INFO - Filling up the DagBag from /home/airflow/.local/lib/python3.6/site-packages/airflow/example_dags/example_external_task_marker_dag.py
[2022-10-01 00:02:33,446] {processor.py:623} INFO - DAG(s) dict_keys(['example_external_task_marker_parent', 'example_external_task_marker_child']) retrieved from /home/airflow/.local/lib/python3.6/site-packages/airflow/example_dags/example_external_task_marker_dag.py
[2022-10-01 00:02:33,469] {logging_mixin.py:109} INFO - [2022-10-01 00:02:33,469] {dag.py:1833} INFO - Sync 2 DAGs
[2022-10-01 00:02:33,481] {logging_mixin.py:109} INFO - [2022-10-01 00:02:33,481] {dag.py:2306} INFO - Setting next_dagrun for example_external_task_marker_child to None
[2022-10-01 00:02:33,483] {logging_mixin.py:109} INFO - [2022-10-01 00:02:33,483] {dag.py:2306} INFO - Setting next_dagrun for example_external_task_marker_parent to None
[2022-10-01 00:02:33,495] {processor.py:170} INFO - Processing /home/airflow/.local/lib/python3.6/site-packages/airflow/example_dags/example_external_task_marker_dag.py took 0.064 seconds
[2022-10-01 00:03:03,559] {processor.py:162} INFO - Started process (PID=5862) to work on /home/airflow/.local/lib/python3.6/site-packages/airflow/example_dags/example_external_task_marker_dag.py
[2022-10-01 00:03:03,561] {processor.py:613} INFO - Processing file /home/airflow/.local/lib/python3.6/site-packages/airflow/example_dags/example_external_task_marker_dag.py for tasks to queue
[2022-10-01 00:03:03,563] {logging_mixin.py:109} INFO - [2022-10-01 00:03:03,563] {dagbag.py:496} INFO - Filling up the DagBag from /home/airflow/.local/lib/python3.6/site-packages/airflow/example_dags/example_external_task_marker_dag.py
[2022-10-01 00:03:03,574] {processor.py:623} INFO - DAG(s) dict_keys(['example_external_task_marker_parent', 'example_external_task_marker_child']) retrieved from /home/airflow/.local/lib/python3.6/site-packages/airflow/example_dags/example_external_task_marker_dag.py
[2022-10-01 00:03:03,604] {logging_mixin.py:109} INFO - [2022-10-01 00:03:03,604] {dag.py:1833} INFO - Sync 2 DAGs
[2022-10-01 00:03:03,620] {logging_mixin.py:109} INFO - [2022-10-01 00:03:03,620] {dag.py:2306} INFO - Setting next_dagrun for example_external_task_marker_child to None
[2022-10-01 00:03:03,621] {logging_mixin.py:109} INFO - [2022-10-01 00:03:03,621] {dag.py:2306} INFO - Setting next_dagrun for example_external_task_marker_parent to None
[2022-10-01 00:03:03,636] {processor.py:170} INFO - Processing /home/airflow/.local/lib/python3.6/site-packages/airflow/example_dags/example_external_task_marker_dag.py took 0.080 seconds
[2022-10-01 00:03:33,862] {processor.py:162} INFO - Started process (PID=5923) to work on /home/airflow/.local/lib/python3.6/site-packages/airflow/example_dags/example_external_task_marker_dag.py
[2022-10-01 00:03:33,864] {processor.py:613} INFO - Processing file /home/airflow/.local/lib/python3.6/site-packages/airflow/example_dags/example_external_task_marker_dag.py for tasks to queue
[2022-10-01 00:03:33,865] {logging_mixin.py:109} INFO - [2022-10-01 00:03:33,865] {dagbag.py:496} INFO - Filling up the DagBag from /home/airflow/.local/lib/python3.6/site-packages/airflow/example_dags/example_external_task_marker_dag.py
[2022-10-01 00:03:33,875] {processor.py:623} INFO - DAG(s) dict_keys(['example_external_task_marker_parent', 'example_external_task_marker_child']) retrieved from /home/airflow/.local/lib/python3.6/site-packages/airflow/example_dags/example_external_task_marker_dag.py
[2022-10-01 00:03:33,903] {logging_mixin.py:109} INFO - [2022-10-01 00:03:33,903] {dag.py:1833} INFO - Sync 2 DAGs
[2022-10-01 00:03:33,917] {logging_mixin.py:109} INFO - [2022-10-01 00:03:33,917] {dag.py:2306} INFO - Setting next_dagrun for example_external_task_marker_child to None
[2022-10-01 00:03:33,918] {logging_mixin.py:109} INFO - [2022-10-01 00:03:33,918] {dag.py:2306} INFO - Setting next_dagrun for example_external_task_marker_parent to None
[2022-10-01 00:03:33,928] {processor.py:170} INFO - Processing /home/airflow/.local/lib/python3.6/site-packages/airflow/example_dags/example_external_task_marker_dag.py took 0.069 seconds
[2022-10-01 00:04:04,172] {processor.py:162} INFO - Started process (PID=5974) to work on /home/airflow/.local/lib/python3.6/site-packages/airflow/example_dags/example_external_task_marker_dag.py
[2022-10-01 00:04:04,174] {processor.py:613} INFO - Processing file /home/airflow/.local/lib/python3.6/site-packages/airflow/example_dags/example_external_task_marker_dag.py for tasks to queue
[2022-10-01 00:04:04,175] {logging_mixin.py:109} INFO - [2022-10-01 00:04:04,175] {dagbag.py:496} INFO - Filling up the DagBag from /home/airflow/.local/lib/python3.6/site-packages/airflow/example_dags/example_external_task_marker_dag.py
[2022-10-01 00:04:04,183] {processor.py:623} INFO - DAG(s) dict_keys(['example_external_task_marker_parent', 'example_external_task_marker_child']) retrieved from /home/airflow/.local/lib/python3.6/site-packages/airflow/example_dags/example_external_task_marker_dag.py
[2022-10-01 00:04:04,206] {logging_mixin.py:109} INFO - [2022-10-01 00:04:04,206] {dag.py:1833} INFO - Sync 2 DAGs
[2022-10-01 00:04:04,218] {logging_mixin.py:109} INFO - [2022-10-01 00:04:04,218] {dag.py:2306} INFO - Setting next_dagrun for example_external_task_marker_child to None
[2022-10-01 00:04:04,220] {logging_mixin.py:109} INFO - [2022-10-01 00:04:04,220] {dag.py:2306} INFO - Setting next_dagrun for example_external_task_marker_parent to None
[2022-10-01 00:04:04,231] {processor.py:170} INFO - Processing /home/airflow/.local/lib/python3.6/site-packages/airflow/example_dags/example_external_task_marker_dag.py took 0.061 seconds
[2022-10-01 00:04:34,425] {processor.py:162} INFO - Started process (PID=6035) to work on /home/airflow/.local/lib/python3.6/site-packages/airflow/example_dags/example_external_task_marker_dag.py
[2022-10-01 00:04:34,427] {processor.py:613} INFO - Processing file /home/airflow/.local/lib/python3.6/site-packages/airflow/example_dags/example_external_task_marker_dag.py for tasks to queue
[2022-10-01 00:04:34,428] {logging_mixin.py:109} INFO - [2022-10-01 00:04:34,428] {dagbag.py:496} INFO - Filling up the DagBag from /home/airflow/.local/lib/python3.6/site-packages/airflow/example_dags/example_external_task_marker_dag.py
[2022-10-01 00:04:34,437] {processor.py:623} INFO - DAG(s) dict_keys(['example_external_task_marker_parent', 'example_external_task_marker_child']) retrieved from /home/airflow/.local/lib/python3.6/site-packages/airflow/example_dags/example_external_task_marker_dag.py
[2022-10-01 00:04:34,459] {logging_mixin.py:109} INFO - [2022-10-01 00:04:34,459] {dag.py:1833} INFO - Sync 2 DAGs
[2022-10-01 00:04:34,471] {logging_mixin.py:109} INFO - [2022-10-01 00:04:34,471] {dag.py:2306} INFO - Setting next_dagrun for example_external_task_marker_child to None
[2022-10-01 00:04:34,473] {logging_mixin.py:109} INFO - [2022-10-01 00:04:34,473] {dag.py:2306} INFO - Setting next_dagrun for example_external_task_marker_parent to None
[2022-10-01 00:04:34,483] {processor.py:170} INFO - Processing /home/airflow/.local/lib/python3.6/site-packages/airflow/example_dags/example_external_task_marker_dag.py took 0.060 seconds
[2022-10-01 00:05:04,774] {processor.py:162} INFO - Started process (PID=6096) to work on /home/airflow/.local/lib/python3.6/site-packages/airflow/example_dags/example_external_task_marker_dag.py
[2022-10-01 00:05:04,778] {processor.py:613} INFO - Processing file /home/airflow/.local/lib/python3.6/site-packages/airflow/example_dags/example_external_task_marker_dag.py for tasks to queue
[2022-10-01 00:05:04,779] {logging_mixin.py:109} INFO - [2022-10-01 00:05:04,779] {dagbag.py:496} INFO - Filling up the DagBag from /home/airflow/.local/lib/python3.6/site-packages/airflow/example_dags/example_external_task_marker_dag.py
[2022-10-01 00:05:04,788] {processor.py:623} INFO - DAG(s) dict_keys(['example_external_task_marker_parent', 'example_external_task_marker_child']) retrieved from /home/airflow/.local/lib/python3.6/site-packages/airflow/example_dags/example_external_task_marker_dag.py
[2022-10-01 00:05:04,813] {logging_mixin.py:109} INFO - [2022-10-01 00:05:04,813] {dag.py:1833} INFO - Sync 2 DAGs
[2022-10-01 00:05:04,827] {logging_mixin.py:109} INFO - [2022-10-01 00:05:04,827] {dag.py:2306} INFO - Setting next_dagrun for example_external_task_marker_child to None
[2022-10-01 00:05:04,828] {logging_mixin.py:109} INFO - [2022-10-01 00:05:04,828] {dag.py:2306} INFO - Setting next_dagrun for example_external_task_marker_parent to None
[2022-10-01 00:05:04,840] {processor.py:170} INFO - Processing /home/airflow/.local/lib/python3.6/site-packages/airflow/example_dags/example_external_task_marker_dag.py took 0.069 seconds
[2022-10-01 00:05:35,028] {processor.py:162} INFO - Started process (PID=6147) to work on /home/airflow/.local/lib/python3.6/site-packages/airflow/example_dags/example_external_task_marker_dag.py
[2022-10-01 00:05:35,030] {processor.py:613} INFO - Processing file /home/airflow/.local/lib/python3.6/site-packages/airflow/example_dags/example_external_task_marker_dag.py for tasks to queue
[2022-10-01 00:05:35,031] {logging_mixin.py:109} INFO - [2022-10-01 00:05:35,031] {dagbag.py:496} INFO - Filling up the DagBag from /home/airflow/.local/lib/python3.6/site-packages/airflow/example_dags/example_external_task_marker_dag.py
[2022-10-01 00:05:35,039] {processor.py:623} INFO - DAG(s) dict_keys(['example_external_task_marker_parent', 'example_external_task_marker_child']) retrieved from /home/airflow/.local/lib/python3.6/site-packages/airflow/example_dags/example_external_task_marker_dag.py
[2022-10-01 00:05:35,062] {logging_mixin.py:109} INFO - [2022-10-01 00:05:35,062] {dag.py:1833} INFO - Sync 2 DAGs
[2022-10-01 00:05:35,076] {logging_mixin.py:109} INFO - [2022-10-01 00:05:35,076] {dag.py:2306} INFO - Setting next_dagrun for example_external_task_marker_child to None
[2022-10-01 00:05:35,078] {logging_mixin.py:109} INFO - [2022-10-01 00:05:35,078] {dag.py:2306} INFO - Setting next_dagrun for example_external_task_marker_parent to None
[2022-10-01 00:05:35,090] {processor.py:170} INFO - Processing /home/airflow/.local/lib/python3.6/site-packages/airflow/example_dags/example_external_task_marker_dag.py took 0.065 seconds
[2022-10-01 00:06:05,567] {processor.py:162} INFO - Started process (PID=6209) to work on /home/airflow/.local/lib/python3.6/site-packages/airflow/example_dags/example_external_task_marker_dag.py
[2022-10-01 00:06:05,569] {processor.py:613} INFO - Processing file /home/airflow/.local/lib/python3.6/site-packages/airflow/example_dags/example_external_task_marker_dag.py for tasks to queue
[2022-10-01 00:06:05,571] {logging_mixin.py:109} INFO - [2022-10-01 00:06:05,571] {dagbag.py:496} INFO - Filling up the DagBag from /home/airflow/.local/lib/python3.6/site-packages/airflow/example_dags/example_external_task_marker_dag.py
[2022-10-01 00:06:05,581] {processor.py:623} INFO - DAG(s) dict_keys(['example_external_task_marker_parent', 'example_external_task_marker_child']) retrieved from /home/airflow/.local/lib/python3.6/site-packages/airflow/example_dags/example_external_task_marker_dag.py
[2022-10-01 00:06:05,604] {logging_mixin.py:109} INFO - [2022-10-01 00:06:05,604] {dag.py:1833} INFO - Sync 2 DAGs
[2022-10-01 00:06:05,618] {logging_mixin.py:109} INFO - [2022-10-01 00:06:05,618] {dag.py:2306} INFO - Setting next_dagrun for example_external_task_marker_child to None
[2022-10-01 00:06:05,620] {logging_mixin.py:109} INFO - [2022-10-01 00:06:05,620] {dag.py:2306} INFO - Setting next_dagrun for example_external_task_marker_parent to None
[2022-10-01 00:06:05,630] {processor.py:170} INFO - Processing /home/airflow/.local/lib/python3.6/site-packages/airflow/example_dags/example_external_task_marker_dag.py took 0.066 seconds
[2022-10-01 00:06:35,665] {processor.py:162} INFO - Started process (PID=6261) to work on /home/airflow/.local/lib/python3.6/site-packages/airflow/example_dags/example_external_task_marker_dag.py
[2022-10-01 00:06:35,667] {processor.py:613} INFO - Processing file /home/airflow/.local/lib/python3.6/site-packages/airflow/example_dags/example_external_task_marker_dag.py for tasks to queue
[2022-10-01 00:06:35,668] {logging_mixin.py:109} INFO - [2022-10-01 00:06:35,668] {dagbag.py:496} INFO - Filling up the DagBag from /home/airflow/.local/lib/python3.6/site-packages/airflow/example_dags/example_external_task_marker_dag.py
[2022-10-01 00:06:35,677] {processor.py:623} INFO - DAG(s) dict_keys(['example_external_task_marker_parent', 'example_external_task_marker_child']) retrieved from /home/airflow/.local/lib/python3.6/site-packages/airflow/example_dags/example_external_task_marker_dag.py
[2022-10-01 00:06:35,699] {logging_mixin.py:109} INFO - [2022-10-01 00:06:35,699] {dag.py:1833} INFO - Sync 2 DAGs
[2022-10-01 00:06:35,713] {logging_mixin.py:109} INFO - [2022-10-01 00:06:35,713] {dag.py:2306} INFO - Setting next_dagrun for example_external_task_marker_child to None
[2022-10-01 00:06:35,714] {logging_mixin.py:109} INFO - [2022-10-01 00:06:35,714] {dag.py:2306} INFO - Setting next_dagrun for example_external_task_marker_parent to None
[2022-10-01 00:06:35,726] {processor.py:170} INFO - Processing /home/airflow/.local/lib/python3.6/site-packages/airflow/example_dags/example_external_task_marker_dag.py took 0.064 seconds
[2022-10-01 00:07:05,993] {processor.py:162} INFO - Started process (PID=6322) to work on /home/airflow/.local/lib/python3.6/site-packages/airflow/example_dags/example_external_task_marker_dag.py
[2022-10-01 00:07:05,994] {processor.py:613} INFO - Processing file /home/airflow/.local/lib/python3.6/site-packages/airflow/example_dags/example_external_task_marker_dag.py for tasks to queue
[2022-10-01 00:07:05,996] {logging_mixin.py:109} INFO - [2022-10-01 00:07:05,996] {dagbag.py:496} INFO - Filling up the DagBag from /home/airflow/.local/lib/python3.6/site-packages/airflow/example_dags/example_external_task_marker_dag.py
[2022-10-01 00:07:06,005] {processor.py:623} INFO - DAG(s) dict_keys(['example_external_task_marker_parent', 'example_external_task_marker_child']) retrieved from /home/airflow/.local/lib/python3.6/site-packages/airflow/example_dags/example_external_task_marker_dag.py
[2022-10-01 00:07:06,026] {logging_mixin.py:109} INFO - [2022-10-01 00:07:06,026] {dag.py:1833} INFO - Sync 2 DAGs
[2022-10-01 00:07:06,038] {logging_mixin.py:109} INFO - [2022-10-01 00:07:06,037] {dag.py:2306} INFO - Setting next_dagrun for example_external_task_marker_child to None
[2022-10-01 00:07:06,039] {logging_mixin.py:109} INFO - [2022-10-01 00:07:06,039] {dag.py:2306} INFO - Setting next_dagrun for example_external_task_marker_parent to None
[2022-10-01 00:07:06,050] {processor.py:170} INFO - Processing /home/airflow/.local/lib/python3.6/site-packages/airflow/example_dags/example_external_task_marker_dag.py took 0.060 seconds
[2022-10-01 00:07:37,598] {processor.py:162} INFO - Started process (PID=6383) to work on /home/airflow/.local/lib/python3.6/site-packages/airflow/example_dags/example_external_task_marker_dag.py
[2022-10-01 00:07:37,600] {processor.py:613} INFO - Processing file /home/airflow/.local/lib/python3.6/site-packages/airflow/example_dags/example_external_task_marker_dag.py for tasks to queue
[2022-10-01 00:07:37,601] {logging_mixin.py:109} INFO - [2022-10-01 00:07:37,601] {dagbag.py:496} INFO - Filling up the DagBag from /home/airflow/.local/lib/python3.6/site-packages/airflow/example_dags/example_external_task_marker_dag.py
[2022-10-01 00:07:37,613] {processor.py:623} INFO - DAG(s) dict_keys(['example_external_task_marker_parent', 'example_external_task_marker_child']) retrieved from /home/airflow/.local/lib/python3.6/site-packages/airflow/example_dags/example_external_task_marker_dag.py
[2022-10-01 00:07:37,643] {logging_mixin.py:109} INFO - [2022-10-01 00:07:37,643] {dag.py:1833} INFO - Sync 2 DAGs
[2022-10-01 00:07:37,660] {logging_mixin.py:109} INFO - [2022-10-01 00:07:37,660] {dag.py:2306} INFO - Setting next_dagrun for example_external_task_marker_child to None
[2022-10-01 00:07:37,662] {logging_mixin.py:109} INFO - [2022-10-01 00:07:37,662] {dag.py:2306} INFO - Setting next_dagrun for example_external_task_marker_parent to None
[2022-10-01 00:07:37,675] {processor.py:170} INFO - Processing /home/airflow/.local/lib/python3.6/site-packages/airflow/example_dags/example_external_task_marker_dag.py took 0.081 seconds
[2022-10-01 00:08:07,721] {processor.py:162} INFO - Started process (PID=6434) to work on /home/airflow/.local/lib/python3.6/site-packages/airflow/example_dags/example_external_task_marker_dag.py
[2022-10-01 00:08:07,723] {processor.py:613} INFO - Processing file /home/airflow/.local/lib/python3.6/site-packages/airflow/example_dags/example_external_task_marker_dag.py for tasks to queue
[2022-10-01 00:08:07,724] {logging_mixin.py:109} INFO - [2022-10-01 00:08:07,724] {dagbag.py:496} INFO - Filling up the DagBag from /home/airflow/.local/lib/python3.6/site-packages/airflow/example_dags/example_external_task_marker_dag.py
[2022-10-01 00:08:07,733] {processor.py:623} INFO - DAG(s) dict_keys(['example_external_task_marker_parent', 'example_external_task_marker_child']) retrieved from /home/airflow/.local/lib/python3.6/site-packages/airflow/example_dags/example_external_task_marker_dag.py
[2022-10-01 00:08:07,757] {logging_mixin.py:109} INFO - [2022-10-01 00:08:07,756] {dag.py:1833} INFO - Sync 2 DAGs
[2022-10-01 00:08:07,769] {logging_mixin.py:109} INFO - [2022-10-01 00:08:07,769] {dag.py:2306} INFO - Setting next_dagrun for example_external_task_marker_child to None
[2022-10-01 00:08:07,771] {logging_mixin.py:109} INFO - [2022-10-01 00:08:07,771] {dag.py:2306} INFO - Setting next_dagrun for example_external_task_marker_parent to None
[2022-10-01 00:08:07,782] {processor.py:170} INFO - Processing /home/airflow/.local/lib/python3.6/site-packages/airflow/example_dags/example_external_task_marker_dag.py took 0.063 seconds
[2022-10-01 00:08:37,924] {processor.py:162} INFO - Started process (PID=6495) to work on /home/airflow/.local/lib/python3.6/site-packages/airflow/example_dags/example_external_task_marker_dag.py
[2022-10-01 00:08:37,926] {processor.py:613} INFO - Processing file /home/airflow/.local/lib/python3.6/site-packages/airflow/example_dags/example_external_task_marker_dag.py for tasks to queue
[2022-10-01 00:08:37,927] {logging_mixin.py:109} INFO - [2022-10-01 00:08:37,927] {dagbag.py:496} INFO - Filling up the DagBag from /home/airflow/.local/lib/python3.6/site-packages/airflow/example_dags/example_external_task_marker_dag.py
[2022-10-01 00:08:37,939] {processor.py:623} INFO - DAG(s) dict_keys(['example_external_task_marker_parent', 'example_external_task_marker_child']) retrieved from /home/airflow/.local/lib/python3.6/site-packages/airflow/example_dags/example_external_task_marker_dag.py
[2022-10-01 00:08:37,962] {logging_mixin.py:109} INFO - [2022-10-01 00:08:37,962] {dag.py:1833} INFO - Sync 2 DAGs
[2022-10-01 00:08:37,975] {logging_mixin.py:109} INFO - [2022-10-01 00:08:37,975] {dag.py:2306} INFO - Setting next_dagrun for example_external_task_marker_child to None
[2022-10-01 00:08:37,977] {logging_mixin.py:109} INFO - [2022-10-01 00:08:37,976] {dag.py:2306} INFO - Setting next_dagrun for example_external_task_marker_parent to None
[2022-10-01 00:08:37,988] {processor.py:170} INFO - Processing /home/airflow/.local/lib/python3.6/site-packages/airflow/example_dags/example_external_task_marker_dag.py took 0.067 seconds
[2022-10-01 00:09:09,066] {processor.py:162} INFO - Started process (PID=6555) to work on /home/airflow/.local/lib/python3.6/site-packages/airflow/example_dags/example_external_task_marker_dag.py
[2022-10-01 00:09:09,068] {processor.py:613} INFO - Processing file /home/airflow/.local/lib/python3.6/site-packages/airflow/example_dags/example_external_task_marker_dag.py for tasks to queue
[2022-10-01 00:09:09,070] {logging_mixin.py:109} INFO - [2022-10-01 00:09:09,069] {dagbag.py:496} INFO - Filling up the DagBag from /home/airflow/.local/lib/python3.6/site-packages/airflow/example_dags/example_external_task_marker_dag.py
[2022-10-01 00:09:09,082] {processor.py:623} INFO - DAG(s) dict_keys(['example_external_task_marker_parent', 'example_external_task_marker_child']) retrieved from /home/airflow/.local/lib/python3.6/site-packages/airflow/example_dags/example_external_task_marker_dag.py
[2022-10-01 00:09:09,108] {logging_mixin.py:109} INFO - [2022-10-01 00:09:09,108] {dag.py:1833} INFO - Sync 2 DAGs
[2022-10-01 00:09:09,123] {logging_mixin.py:109} INFO - [2022-10-01 00:09:09,123] {dag.py:2306} INFO - Setting next_dagrun for example_external_task_marker_child to None
[2022-10-01 00:09:09,124] {logging_mixin.py:109} INFO - [2022-10-01 00:09:09,124] {dag.py:2306} INFO - Setting next_dagrun for example_external_task_marker_parent to None
[2022-10-01 00:09:09,137] {processor.py:170} INFO - Processing /home/airflow/.local/lib/python3.6/site-packages/airflow/example_dags/example_external_task_marker_dag.py took 0.074 seconds
[2022-10-01 00:09:39,875] {processor.py:162} INFO - Started process (PID=6607) to work on /home/airflow/.local/lib/python3.6/site-packages/airflow/example_dags/example_external_task_marker_dag.py
[2022-10-01 00:09:39,878] {processor.py:613} INFO - Processing file /home/airflow/.local/lib/python3.6/site-packages/airflow/example_dags/example_external_task_marker_dag.py for tasks to queue
[2022-10-01 00:09:39,879] {logging_mixin.py:109} INFO - [2022-10-01 00:09:39,879] {dagbag.py:496} INFO - Filling up the DagBag from /home/airflow/.local/lib/python3.6/site-packages/airflow/example_dags/example_external_task_marker_dag.py
[2022-10-01 00:09:39,888] {processor.py:623} INFO - DAG(s) dict_keys(['example_external_task_marker_parent', 'example_external_task_marker_child']) retrieved from /home/airflow/.local/lib/python3.6/site-packages/airflow/example_dags/example_external_task_marker_dag.py
[2022-10-01 00:09:39,910] {logging_mixin.py:109} INFO - [2022-10-01 00:09:39,910] {dag.py:1833} INFO - Sync 2 DAGs
[2022-10-01 00:09:39,923] {logging_mixin.py:109} INFO - [2022-10-01 00:09:39,923] {dag.py:2306} INFO - Setting next_dagrun for example_external_task_marker_child to None
[2022-10-01 00:09:39,924] {logging_mixin.py:109} INFO - [2022-10-01 00:09:39,924] {dag.py:2306} INFO - Setting next_dagrun for example_external_task_marker_parent to None
[2022-10-01 00:09:39,934] {processor.py:170} INFO - Processing /home/airflow/.local/lib/python3.6/site-packages/airflow/example_dags/example_external_task_marker_dag.py took 0.062 seconds
[2022-10-01 00:10:10,690] {processor.py:162} INFO - Started process (PID=6668) to work on /home/airflow/.local/lib/python3.6/site-packages/airflow/example_dags/example_external_task_marker_dag.py
[2022-10-01 00:10:10,692] {processor.py:613} INFO - Processing file /home/airflow/.local/lib/python3.6/site-packages/airflow/example_dags/example_external_task_marker_dag.py for tasks to queue
[2022-10-01 00:10:10,693] {logging_mixin.py:109} INFO - [2022-10-01 00:10:10,693] {dagbag.py:496} INFO - Filling up the DagBag from /home/airflow/.local/lib/python3.6/site-packages/airflow/example_dags/example_external_task_marker_dag.py
[2022-10-01 00:10:10,704] {processor.py:623} INFO - DAG(s) dict_keys(['example_external_task_marker_parent', 'example_external_task_marker_child']) retrieved from /home/airflow/.local/lib/python3.6/site-packages/airflow/example_dags/example_external_task_marker_dag.py
[2022-10-01 00:10:10,731] {logging_mixin.py:109} INFO - [2022-10-01 00:10:10,731] {dag.py:1833} INFO - Sync 2 DAGs
[2022-10-01 00:10:10,747] {logging_mixin.py:109} INFO - [2022-10-01 00:10:10,746] {dag.py:2306} INFO - Setting next_dagrun for example_external_task_marker_child to None
[2022-10-01 00:10:10,748] {logging_mixin.py:109} INFO - [2022-10-01 00:10:10,748] {dag.py:2306} INFO - Setting next_dagrun for example_external_task_marker_parent to None
[2022-10-01 00:10:10,759] {processor.py:170} INFO - Processing /home/airflow/.local/lib/python3.6/site-packages/airflow/example_dags/example_external_task_marker_dag.py took 0.073 seconds
[2022-10-01 00:10:41,261] {processor.py:162} INFO - Started process (PID=6729) to work on /home/airflow/.local/lib/python3.6/site-packages/airflow/example_dags/example_external_task_marker_dag.py
[2022-10-01 00:10:41,262] {processor.py:613} INFO - Processing file /home/airflow/.local/lib/python3.6/site-packages/airflow/example_dags/example_external_task_marker_dag.py for tasks to queue
[2022-10-01 00:10:41,263] {logging_mixin.py:109} INFO - [2022-10-01 00:10:41,263] {dagbag.py:496} INFO - Filling up the DagBag from /home/airflow/.local/lib/python3.6/site-packages/airflow/example_dags/example_external_task_marker_dag.py
[2022-10-01 00:10:41,273] {processor.py:623} INFO - DAG(s) dict_keys(['example_external_task_marker_parent', 'example_external_task_marker_child']) retrieved from /home/airflow/.local/lib/python3.6/site-packages/airflow/example_dags/example_external_task_marker_dag.py
[2022-10-01 00:10:41,294] {logging_mixin.py:109} INFO - [2022-10-01 00:10:41,294] {dag.py:1833} INFO - Sync 2 DAGs
[2022-10-01 00:10:41,306] {logging_mixin.py:109} INFO - [2022-10-01 00:10:41,306] {dag.py:2306} INFO - Setting next_dagrun for example_external_task_marker_child to None
[2022-10-01 00:10:41,308] {logging_mixin.py:109} INFO - [2022-10-01 00:10:41,308] {dag.py:2306} INFO - Setting next_dagrun for example_external_task_marker_parent to None
[2022-10-01 00:10:41,318] {processor.py:170} INFO - Processing /home/airflow/.local/lib/python3.6/site-packages/airflow/example_dags/example_external_task_marker_dag.py took 0.060 seconds
[2022-10-01 00:11:11,835] {processor.py:162} INFO - Started process (PID=6780) to work on /home/airflow/.local/lib/python3.6/site-packages/airflow/example_dags/example_external_task_marker_dag.py
[2022-10-01 00:11:11,836] {processor.py:613} INFO - Processing file /home/airflow/.local/lib/python3.6/site-packages/airflow/example_dags/example_external_task_marker_dag.py for tasks to queue
[2022-10-01 00:11:11,837] {logging_mixin.py:109} INFO - [2022-10-01 00:11:11,837] {dagbag.py:496} INFO - Filling up the DagBag from /home/airflow/.local/lib/python3.6/site-packages/airflow/example_dags/example_external_task_marker_dag.py
[2022-10-01 00:11:11,846] {processor.py:623} INFO - DAG(s) dict_keys(['example_external_task_marker_parent', 'example_external_task_marker_child']) retrieved from /home/airflow/.local/lib/python3.6/site-packages/airflow/example_dags/example_external_task_marker_dag.py
[2022-10-01 00:11:11,866] {logging_mixin.py:109} INFO - [2022-10-01 00:11:11,866] {dag.py:1833} INFO - Sync 2 DAGs
[2022-10-01 00:11:11,876] {logging_mixin.py:109} INFO - [2022-10-01 00:11:11,876] {dag.py:2306} INFO - Setting next_dagrun for example_external_task_marker_child to None
[2022-10-01 00:11:11,878] {logging_mixin.py:109} INFO - [2022-10-01 00:11:11,877] {dag.py:2306} INFO - Setting next_dagrun for example_external_task_marker_parent to None
[2022-10-01 00:11:11,888] {processor.py:170} INFO - Processing /home/airflow/.local/lib/python3.6/site-packages/airflow/example_dags/example_external_task_marker_dag.py took 0.055 seconds
[2022-10-01 00:11:42,734] {processor.py:162} INFO - Started process (PID=6841) to work on /home/airflow/.local/lib/python3.6/site-packages/airflow/example_dags/example_external_task_marker_dag.py
[2022-10-01 00:11:42,737] {processor.py:613} INFO - Processing file /home/airflow/.local/lib/python3.6/site-packages/airflow/example_dags/example_external_task_marker_dag.py for tasks to queue
[2022-10-01 00:11:42,738] {logging_mixin.py:109} INFO - [2022-10-01 00:11:42,738] {dagbag.py:496} INFO - Filling up the DagBag from /home/airflow/.local/lib/python3.6/site-packages/airflow/example_dags/example_external_task_marker_dag.py
[2022-10-01 00:11:42,747] {processor.py:623} INFO - DAG(s) dict_keys(['example_external_task_marker_parent', 'example_external_task_marker_child']) retrieved from /home/airflow/.local/lib/python3.6/site-packages/airflow/example_dags/example_external_task_marker_dag.py
[2022-10-01 00:11:42,773] {logging_mixin.py:109} INFO - [2022-10-01 00:11:42,773] {dag.py:1833} INFO - Sync 2 DAGs
[2022-10-01 00:11:42,787] {logging_mixin.py:109} INFO - [2022-10-01 00:11:42,787] {dag.py:2306} INFO - Setting next_dagrun for example_external_task_marker_child to None
[2022-10-01 00:11:42,789] {logging_mixin.py:109} INFO - [2022-10-01 00:11:42,789] {dag.py:2306} INFO - Setting next_dagrun for example_external_task_marker_parent to None
[2022-10-01 00:11:42,802] {processor.py:170} INFO - Processing /home/airflow/.local/lib/python3.6/site-packages/airflow/example_dags/example_external_task_marker_dag.py took 0.069 seconds
[2022-10-01 00:12:12,843] {processor.py:162} INFO - Started process (PID=6902) to work on /home/airflow/.local/lib/python3.6/site-packages/airflow/example_dags/example_external_task_marker_dag.py
[2022-10-01 00:12:12,845] {processor.py:613} INFO - Processing file /home/airflow/.local/lib/python3.6/site-packages/airflow/example_dags/example_external_task_marker_dag.py for tasks to queue
[2022-10-01 00:12:12,847] {logging_mixin.py:109} INFO - [2022-10-01 00:12:12,847] {dagbag.py:496} INFO - Filling up the DagBag from /home/airflow/.local/lib/python3.6/site-packages/airflow/example_dags/example_external_task_marker_dag.py
[2022-10-01 00:12:12,857] {processor.py:623} INFO - DAG(s) dict_keys(['example_external_task_marker_parent', 'example_external_task_marker_child']) retrieved from /home/airflow/.local/lib/python3.6/site-packages/airflow/example_dags/example_external_task_marker_dag.py
[2022-10-01 00:12:12,879] {logging_mixin.py:109} INFO - [2022-10-01 00:12:12,879] {dag.py:1833} INFO - Sync 2 DAGs
[2022-10-01 00:12:12,894] {logging_mixin.py:109} INFO - [2022-10-01 00:12:12,894] {dag.py:2306} INFO - Setting next_dagrun for example_external_task_marker_child to None
[2022-10-01 00:12:12,896] {logging_mixin.py:109} INFO - [2022-10-01 00:12:12,896] {dag.py:2306} INFO - Setting next_dagrun for example_external_task_marker_parent to None
[2022-10-01 00:12:12,907] {processor.py:170} INFO - Processing /home/airflow/.local/lib/python3.6/site-packages/airflow/example_dags/example_external_task_marker_dag.py took 0.067 seconds
[2022-10-01 00:12:43,976] {processor.py:162} INFO - Started process (PID=6953) to work on /home/airflow/.local/lib/python3.6/site-packages/airflow/example_dags/example_external_task_marker_dag.py
[2022-10-01 00:12:43,977] {processor.py:613} INFO - Processing file /home/airflow/.local/lib/python3.6/site-packages/airflow/example_dags/example_external_task_marker_dag.py for tasks to queue
[2022-10-01 00:12:43,979] {logging_mixin.py:109} INFO - [2022-10-01 00:12:43,979] {dagbag.py:496} INFO - Filling up the DagBag from /home/airflow/.local/lib/python3.6/site-packages/airflow/example_dags/example_external_task_marker_dag.py
[2022-10-01 00:12:43,987] {processor.py:623} INFO - DAG(s) dict_keys(['example_external_task_marker_parent', 'example_external_task_marker_child']) retrieved from /home/airflow/.local/lib/python3.6/site-packages/airflow/example_dags/example_external_task_marker_dag.py
[2022-10-01 00:12:44,010] {logging_mixin.py:109} INFO - [2022-10-01 00:12:44,010] {dag.py:1833} INFO - Sync 2 DAGs
[2022-10-01 00:12:44,024] {logging_mixin.py:109} INFO - [2022-10-01 00:12:44,023] {dag.py:2306} INFO - Setting next_dagrun for example_external_task_marker_child to None
[2022-10-01 00:12:44,025] {logging_mixin.py:109} INFO - [2022-10-01 00:12:44,025] {dag.py:2306} INFO - Setting next_dagrun for example_external_task_marker_parent to None
[2022-10-01 00:12:44,036] {processor.py:170} INFO - Processing /home/airflow/.local/lib/python3.6/site-packages/airflow/example_dags/example_external_task_marker_dag.py took 0.063 seconds
[2022-10-01 00:13:14,998] {processor.py:162} INFO - Started process (PID=7015) to work on /home/airflow/.local/lib/python3.6/site-packages/airflow/example_dags/example_external_task_marker_dag.py
[2022-10-01 00:13:15,000] {processor.py:613} INFO - Processing file /home/airflow/.local/lib/python3.6/site-packages/airflow/example_dags/example_external_task_marker_dag.py for tasks to queue
[2022-10-01 00:13:15,002] {logging_mixin.py:109} INFO - [2022-10-01 00:13:15,001] {dagbag.py:496} INFO - Filling up the DagBag from /home/airflow/.local/lib/python3.6/site-packages/airflow/example_dags/example_external_task_marker_dag.py
[2022-10-01 00:13:15,020] {processor.py:623} INFO - DAG(s) dict_keys(['example_external_task_marker_parent', 'example_external_task_marker_child']) retrieved from /home/airflow/.local/lib/python3.6/site-packages/airflow/example_dags/example_external_task_marker_dag.py
[2022-10-01 00:13:15,053] {logging_mixin.py:109} INFO - [2022-10-01 00:13:15,053] {dag.py:1833} INFO - Sync 2 DAGs
[2022-10-01 00:13:15,074] {logging_mixin.py:109} INFO - [2022-10-01 00:13:15,074] {dag.py:2306} INFO - Setting next_dagrun for example_external_task_marker_child to None
[2022-10-01 00:13:15,076] {logging_mixin.py:109} INFO - [2022-10-01 00:13:15,076] {dag.py:2306} INFO - Setting next_dagrun for example_external_task_marker_parent to None
[2022-10-01 00:13:15,091] {processor.py:170} INFO - Processing /home/airflow/.local/lib/python3.6/site-packages/airflow/example_dags/example_external_task_marker_dag.py took 0.097 seconds
[2022-10-01 00:13:46,070] {processor.py:162} INFO - Started process (PID=7076) to work on /home/airflow/.local/lib/python3.6/site-packages/airflow/example_dags/example_external_task_marker_dag.py
[2022-10-01 00:13:46,072] {processor.py:613} INFO - Processing file /home/airflow/.local/lib/python3.6/site-packages/airflow/example_dags/example_external_task_marker_dag.py for tasks to queue
[2022-10-01 00:13:46,073] {logging_mixin.py:109} INFO - [2022-10-01 00:13:46,073] {dagbag.py:496} INFO - Filling up the DagBag from /home/airflow/.local/lib/python3.6/site-packages/airflow/example_dags/example_external_task_marker_dag.py
[2022-10-01 00:13:46,081] {processor.py:623} INFO - DAG(s) dict_keys(['example_external_task_marker_parent', 'example_external_task_marker_child']) retrieved from /home/airflow/.local/lib/python3.6/site-packages/airflow/example_dags/example_external_task_marker_dag.py
[2022-10-01 00:13:46,103] {logging_mixin.py:109} INFO - [2022-10-01 00:13:46,103] {dag.py:1833} INFO - Sync 2 DAGs
[2022-10-01 00:13:46,115] {logging_mixin.py:109} INFO - [2022-10-01 00:13:46,115] {dag.py:2306} INFO - Setting next_dagrun for example_external_task_marker_child to None
[2022-10-01 00:13:46,116] {logging_mixin.py:109} INFO - [2022-10-01 00:13:46,116] {dag.py:2306} INFO - Setting next_dagrun for example_external_task_marker_parent to None
[2022-10-01 00:13:46,126] {processor.py:170} INFO - Processing /home/airflow/.local/lib/python3.6/site-packages/airflow/example_dags/example_external_task_marker_dag.py took 0.058 seconds
[2022-10-01 00:14:16,607] {processor.py:162} INFO - Started process (PID=7127) to work on /home/airflow/.local/lib/python3.6/site-packages/airflow/example_dags/example_external_task_marker_dag.py
[2022-10-01 00:14:16,609] {processor.py:613} INFO - Processing file /home/airflow/.local/lib/python3.6/site-packages/airflow/example_dags/example_external_task_marker_dag.py for tasks to queue
[2022-10-01 00:14:16,610] {logging_mixin.py:109} INFO - [2022-10-01 00:14:16,610] {dagbag.py:496} INFO - Filling up the DagBag from /home/airflow/.local/lib/python3.6/site-packages/airflow/example_dags/example_external_task_marker_dag.py
[2022-10-01 00:14:16,619] {processor.py:623} INFO - DAG(s) dict_keys(['example_external_task_marker_parent', 'example_external_task_marker_child']) retrieved from /home/airflow/.local/lib/python3.6/site-packages/airflow/example_dags/example_external_task_marker_dag.py
[2022-10-01 00:14:16,638] {logging_mixin.py:109} INFO - [2022-10-01 00:14:16,638] {dag.py:1833} INFO - Sync 2 DAGs
[2022-10-01 00:14:16,650] {logging_mixin.py:109} INFO - [2022-10-01 00:14:16,650] {dag.py:2306} INFO - Setting next_dagrun for example_external_task_marker_child to None
[2022-10-01 00:14:16,652] {logging_mixin.py:109} INFO - [2022-10-01 00:14:16,652] {dag.py:2306} INFO - Setting next_dagrun for example_external_task_marker_parent to None
[2022-10-01 00:14:16,663] {processor.py:170} INFO - Processing /home/airflow/.local/lib/python3.6/site-packages/airflow/example_dags/example_external_task_marker_dag.py took 0.058 seconds
[2022-10-01 00:14:47,341] {processor.py:162} INFO - Started process (PID=7189) to work on /home/airflow/.local/lib/python3.6/site-packages/airflow/example_dags/example_external_task_marker_dag.py
[2022-10-01 00:14:47,343] {processor.py:613} INFO - Processing file /home/airflow/.local/lib/python3.6/site-packages/airflow/example_dags/example_external_task_marker_dag.py for tasks to queue
[2022-10-01 00:14:47,345] {logging_mixin.py:109} INFO - [2022-10-01 00:14:47,345] {dagbag.py:496} INFO - Filling up the DagBag from /home/airflow/.local/lib/python3.6/site-packages/airflow/example_dags/example_external_task_marker_dag.py
[2022-10-01 00:14:47,352] {processor.py:623} INFO - DAG(s) dict_keys(['example_external_task_marker_parent', 'example_external_task_marker_child']) retrieved from /home/airflow/.local/lib/python3.6/site-packages/airflow/example_dags/example_external_task_marker_dag.py
[2022-10-01 00:14:47,374] {logging_mixin.py:109} INFO - [2022-10-01 00:14:47,374] {dag.py:1833} INFO - Sync 2 DAGs
[2022-10-01 00:14:47,386] {logging_mixin.py:109} INFO - [2022-10-01 00:14:47,386] {dag.py:2306} INFO - Setting next_dagrun for example_external_task_marker_child to None
[2022-10-01 00:14:47,387] {logging_mixin.py:109} INFO - [2022-10-01 00:14:47,387] {dag.py:2306} INFO - Setting next_dagrun for example_external_task_marker_parent to None
[2022-10-01 00:14:47,399] {processor.py:170} INFO - Processing /home/airflow/.local/lib/python3.6/site-packages/airflow/example_dags/example_external_task_marker_dag.py took 0.059 seconds
[2022-10-01 00:15:18,289] {processor.py:162} INFO - Started process (PID=7250) to work on /home/airflow/.local/lib/python3.6/site-packages/airflow/example_dags/example_external_task_marker_dag.py
[2022-10-01 00:15:18,291] {processor.py:613} INFO - Processing file /home/airflow/.local/lib/python3.6/site-packages/airflow/example_dags/example_external_task_marker_dag.py for tasks to queue
[2022-10-01 00:15:18,292] {logging_mixin.py:109} INFO - [2022-10-01 00:15:18,291] {dagbag.py:496} INFO - Filling up the DagBag from /home/airflow/.local/lib/python3.6/site-packages/airflow/example_dags/example_external_task_marker_dag.py
[2022-10-01 00:15:18,300] {processor.py:623} INFO - DAG(s) dict_keys(['example_external_task_marker_parent', 'example_external_task_marker_child']) retrieved from /home/airflow/.local/lib/python3.6/site-packages/airflow/example_dags/example_external_task_marker_dag.py
[2022-10-01 00:15:18,324] {logging_mixin.py:109} INFO - [2022-10-01 00:15:18,324] {dag.py:1833} INFO - Sync 2 DAGs
[2022-10-01 00:15:18,337] {logging_mixin.py:109} INFO - [2022-10-01 00:15:18,337] {dag.py:2306} INFO - Setting next_dagrun for example_external_task_marker_child to None
[2022-10-01 00:15:18,338] {logging_mixin.py:109} INFO - [2022-10-01 00:15:18,338] {dag.py:2306} INFO - Setting next_dagrun for example_external_task_marker_parent to None
[2022-10-01 00:15:18,351] {processor.py:170} INFO - Processing /home/airflow/.local/lib/python3.6/site-packages/airflow/example_dags/example_external_task_marker_dag.py took 0.064 seconds
[2022-10-01 00:15:48,429] {processor.py:162} INFO - Started process (PID=7301) to work on /home/airflow/.local/lib/python3.6/site-packages/airflow/example_dags/example_external_task_marker_dag.py
[2022-10-01 00:15:48,431] {processor.py:613} INFO - Processing file /home/airflow/.local/lib/python3.6/site-packages/airflow/example_dags/example_external_task_marker_dag.py for tasks to queue
[2022-10-01 00:15:48,432] {logging_mixin.py:109} INFO - [2022-10-01 00:15:48,432] {dagbag.py:496} INFO - Filling up the DagBag from /home/airflow/.local/lib/python3.6/site-packages/airflow/example_dags/example_external_task_marker_dag.py
[2022-10-01 00:15:48,442] {processor.py:623} INFO - DAG(s) dict_keys(['example_external_task_marker_parent', 'example_external_task_marker_child']) retrieved from /home/airflow/.local/lib/python3.6/site-packages/airflow/example_dags/example_external_task_marker_dag.py
[2022-10-01 00:15:48,462] {logging_mixin.py:109} INFO - [2022-10-01 00:15:48,462] {dag.py:1833} INFO - Sync 2 DAGs
[2022-10-01 00:15:48,474] {logging_mixin.py:109} INFO - [2022-10-01 00:15:48,474] {dag.py:2306} INFO - Setting next_dagrun for example_external_task_marker_child to None
[2022-10-01 00:15:48,475] {logging_mixin.py:109} INFO - [2022-10-01 00:15:48,475] {dag.py:2306} INFO - Setting next_dagrun for example_external_task_marker_parent to None
[2022-10-01 00:15:48,488] {processor.py:170} INFO - Processing /home/airflow/.local/lib/python3.6/site-packages/airflow/example_dags/example_external_task_marker_dag.py took 0.062 seconds
[2022-10-01 00:16:19,104] {processor.py:162} INFO - Started process (PID=7362) to work on /home/airflow/.local/lib/python3.6/site-packages/airflow/example_dags/example_external_task_marker_dag.py
[2022-10-01 00:16:19,106] {processor.py:613} INFO - Processing file /home/airflow/.local/lib/python3.6/site-packages/airflow/example_dags/example_external_task_marker_dag.py for tasks to queue
[2022-10-01 00:16:19,107] {logging_mixin.py:109} INFO - [2022-10-01 00:16:19,107] {dagbag.py:496} INFO - Filling up the DagBag from /home/airflow/.local/lib/python3.6/site-packages/airflow/example_dags/example_external_task_marker_dag.py
[2022-10-01 00:16:19,117] {processor.py:623} INFO - DAG(s) dict_keys(['example_external_task_marker_parent', 'example_external_task_marker_child']) retrieved from /home/airflow/.local/lib/python3.6/site-packages/airflow/example_dags/example_external_task_marker_dag.py
[2022-10-01 00:16:19,139] {logging_mixin.py:109} INFO - [2022-10-01 00:16:19,138] {dag.py:1833} INFO - Sync 2 DAGs
[2022-10-01 00:16:19,153] {logging_mixin.py:109} INFO - [2022-10-01 00:16:19,153] {dag.py:2306} INFO - Setting next_dagrun for example_external_task_marker_child to None
[2022-10-01 00:16:19,155] {logging_mixin.py:109} INFO - [2022-10-01 00:16:19,155] {dag.py:2306} INFO - Setting next_dagrun for example_external_task_marker_parent to None
[2022-10-01 00:16:19,165] {processor.py:170} INFO - Processing /home/airflow/.local/lib/python3.6/site-packages/airflow/example_dags/example_external_task_marker_dag.py took 0.064 seconds
[2022-10-01 00:16:49,958] {processor.py:162} INFO - Started process (PID=7423) to work on /home/airflow/.local/lib/python3.6/site-packages/airflow/example_dags/example_external_task_marker_dag.py
[2022-10-01 00:16:49,959] {processor.py:613} INFO - Processing file /home/airflow/.local/lib/python3.6/site-packages/airflow/example_dags/example_external_task_marker_dag.py for tasks to queue
[2022-10-01 00:16:49,960] {logging_mixin.py:109} INFO - [2022-10-01 00:16:49,960] {dagbag.py:496} INFO - Filling up the DagBag from /home/airflow/.local/lib/python3.6/site-packages/airflow/example_dags/example_external_task_marker_dag.py
[2022-10-01 00:16:49,970] {processor.py:623} INFO - DAG(s) dict_keys(['example_external_task_marker_parent', 'example_external_task_marker_child']) retrieved from /home/airflow/.local/lib/python3.6/site-packages/airflow/example_dags/example_external_task_marker_dag.py
[2022-10-01 00:16:49,994] {logging_mixin.py:109} INFO - [2022-10-01 00:16:49,994] {dag.py:1833} INFO - Sync 2 DAGs
[2022-10-01 00:16:50,008] {logging_mixin.py:109} INFO - [2022-10-01 00:16:50,008] {dag.py:2306} INFO - Setting next_dagrun for example_external_task_marker_child to None
[2022-10-01 00:16:50,010] {logging_mixin.py:109} INFO - [2022-10-01 00:16:50,010] {dag.py:2306} INFO - Setting next_dagrun for example_external_task_marker_parent to None
[2022-10-01 00:16:50,021] {processor.py:170} INFO - Processing /home/airflow/.local/lib/python3.6/site-packages/airflow/example_dags/example_external_task_marker_dag.py took 0.066 seconds
[2022-10-01 00:17:20,084] {processor.py:162} INFO - Started process (PID=7474) to work on /home/airflow/.local/lib/python3.6/site-packages/airflow/example_dags/example_external_task_marker_dag.py
[2022-10-01 00:17:20,086] {processor.py:613} INFO - Processing file /home/airflow/.local/lib/python3.6/site-packages/airflow/example_dags/example_external_task_marker_dag.py for tasks to queue
[2022-10-01 00:17:20,087] {logging_mixin.py:109} INFO - [2022-10-01 00:17:20,087] {dagbag.py:496} INFO - Filling up the DagBag from /home/airflow/.local/lib/python3.6/site-packages/airflow/example_dags/example_external_task_marker_dag.py
[2022-10-01 00:17:20,105] {processor.py:623} INFO - DAG(s) dict_keys(['example_external_task_marker_parent', 'example_external_task_marker_child']) retrieved from /home/airflow/.local/lib/python3.6/site-packages/airflow/example_dags/example_external_task_marker_dag.py
[2022-10-01 00:17:20,130] {logging_mixin.py:109} INFO - [2022-10-01 00:17:20,130] {dag.py:1833} INFO - Sync 2 DAGs
[2022-10-01 00:17:20,141] {logging_mixin.py:109} INFO - [2022-10-01 00:17:20,141] {dag.py:2306} INFO - Setting next_dagrun for example_external_task_marker_child to None
[2022-10-01 00:17:20,143] {logging_mixin.py:109} INFO - [2022-10-01 00:17:20,143] {dag.py:2306} INFO - Setting next_dagrun for example_external_task_marker_parent to None
[2022-10-01 00:17:20,150] {processor.py:170} INFO - Processing /home/airflow/.local/lib/python3.6/site-packages/airflow/example_dags/example_external_task_marker_dag.py took 0.070 seconds
[2022-10-01 00:17:51,125] {processor.py:162} INFO - Started process (PID=7536) to work on /home/airflow/.local/lib/python3.6/site-packages/airflow/example_dags/example_external_task_marker_dag.py
[2022-10-01 00:17:51,127] {processor.py:613} INFO - Processing file /home/airflow/.local/lib/python3.6/site-packages/airflow/example_dags/example_external_task_marker_dag.py for tasks to queue
[2022-10-01 00:17:51,128] {logging_mixin.py:109} INFO - [2022-10-01 00:17:51,128] {dagbag.py:496} INFO - Filling up the DagBag from /home/airflow/.local/lib/python3.6/site-packages/airflow/example_dags/example_external_task_marker_dag.py
[2022-10-01 00:17:51,141] {processor.py:623} INFO - DAG(s) dict_keys(['example_external_task_marker_parent', 'example_external_task_marker_child']) retrieved from /home/airflow/.local/lib/python3.6/site-packages/airflow/example_dags/example_external_task_marker_dag.py
[2022-10-01 00:17:51,170] {logging_mixin.py:109} INFO - [2022-10-01 00:17:51,170] {dag.py:1833} INFO - Sync 2 DAGs
[2022-10-01 00:17:51,188] {logging_mixin.py:109} INFO - [2022-10-01 00:17:51,188] {dag.py:2306} INFO - Setting next_dagrun for example_external_task_marker_child to None
[2022-10-01 00:17:51,190] {logging_mixin.py:109} INFO - [2022-10-01 00:17:51,190] {dag.py:2306} INFO - Setting next_dagrun for example_external_task_marker_parent to None
[2022-10-01 00:17:51,207] {processor.py:170} INFO - Processing /home/airflow/.local/lib/python3.6/site-packages/airflow/example_dags/example_external_task_marker_dag.py took 0.085 seconds
[2022-10-01 00:18:17,548] {processor.py:162} INFO - Started process (PID=7589) to work on /home/airflow/.local/lib/python3.6/site-packages/airflow/example_dags/example_external_task_marker_dag.py
[2022-10-01 00:18:17,549] {processor.py:613} INFO - Processing file /home/airflow/.local/lib/python3.6/site-packages/airflow/example_dags/example_external_task_marker_dag.py for tasks to queue
[2022-10-01 00:18:17,550] {logging_mixin.py:109} INFO - [2022-10-01 00:18:17,550] {dagbag.py:496} INFO - Filling up the DagBag from /home/airflow/.local/lib/python3.6/site-packages/airflow/example_dags/example_external_task_marker_dag.py
[2022-10-01 00:18:17,562] {processor.py:623} INFO - DAG(s) dict_keys(['example_external_task_marker_parent', 'example_external_task_marker_child']) retrieved from /home/airflow/.local/lib/python3.6/site-packages/airflow/example_dags/example_external_task_marker_dag.py
[2022-10-01 00:18:17,589] {logging_mixin.py:109} INFO - [2022-10-01 00:18:17,588] {dag.py:1833} INFO - Sync 2 DAGs
[2022-10-01 00:18:17,601] {logging_mixin.py:109} INFO - [2022-10-01 00:18:17,601] {dag.py:2306} INFO - Setting next_dagrun for example_external_task_marker_child to None
[2022-10-01 00:18:17,603] {logging_mixin.py:109} INFO - [2022-10-01 00:18:17,602] {dag.py:2306} INFO - Setting next_dagrun for example_external_task_marker_parent to None
[2022-10-01 00:18:17,613] {processor.py:170} INFO - Processing /home/airflow/.local/lib/python3.6/site-packages/airflow/example_dags/example_external_task_marker_dag.py took 0.069 seconds
[2022-10-01 00:18:48,885] {processor.py:162} INFO - Started process (PID=7650) to work on /home/airflow/.local/lib/python3.6/site-packages/airflow/example_dags/example_external_task_marker_dag.py
[2022-10-01 00:18:48,887] {processor.py:613} INFO - Processing file /home/airflow/.local/lib/python3.6/site-packages/airflow/example_dags/example_external_task_marker_dag.py for tasks to queue
[2022-10-01 00:18:48,888] {logging_mixin.py:109} INFO - [2022-10-01 00:18:48,888] {dagbag.py:496} INFO - Filling up the DagBag from /home/airflow/.local/lib/python3.6/site-packages/airflow/example_dags/example_external_task_marker_dag.py
[2022-10-01 00:18:48,898] {processor.py:623} INFO - DAG(s) dict_keys(['example_external_task_marker_parent', 'example_external_task_marker_child']) retrieved from /home/airflow/.local/lib/python3.6/site-packages/airflow/example_dags/example_external_task_marker_dag.py
[2022-10-01 00:18:48,920] {logging_mixin.py:109} INFO - [2022-10-01 00:18:48,920] {dag.py:1833} INFO - Sync 2 DAGs
[2022-10-01 00:18:48,930] {logging_mixin.py:109} INFO - [2022-10-01 00:18:48,930] {dag.py:2306} INFO - Setting next_dagrun for example_external_task_marker_child to None
[2022-10-01 00:18:48,932] {logging_mixin.py:109} INFO - [2022-10-01 00:18:48,932] {dag.py:2306} INFO - Setting next_dagrun for example_external_task_marker_parent to None
[2022-10-01 00:18:48,943] {processor.py:170} INFO - Processing /home/airflow/.local/lib/python3.6/site-packages/airflow/example_dags/example_external_task_marker_dag.py took 0.061 seconds
[2022-10-01 00:19:19,816] {processor.py:162} INFO - Started process (PID=7711) to work on /home/airflow/.local/lib/python3.6/site-packages/airflow/example_dags/example_external_task_marker_dag.py
[2022-10-01 00:19:19,817] {processor.py:613} INFO - Processing file /home/airflow/.local/lib/python3.6/site-packages/airflow/example_dags/example_external_task_marker_dag.py for tasks to queue
[2022-10-01 00:19:19,819] {logging_mixin.py:109} INFO - [2022-10-01 00:19:19,818] {dagbag.py:496} INFO - Filling up the DagBag from /home/airflow/.local/lib/python3.6/site-packages/airflow/example_dags/example_external_task_marker_dag.py
[2022-10-01 00:19:19,833] {processor.py:623} INFO - DAG(s) dict_keys(['example_external_task_marker_parent', 'example_external_task_marker_child']) retrieved from /home/airflow/.local/lib/python3.6/site-packages/airflow/example_dags/example_external_task_marker_dag.py
[2022-10-01 00:19:19,872] {logging_mixin.py:109} INFO - [2022-10-01 00:19:19,872] {dag.py:1833} INFO - Sync 2 DAGs
[2022-10-01 00:19:19,888] {logging_mixin.py:109} INFO - [2022-10-01 00:19:19,888] {dag.py:2306} INFO - Setting next_dagrun for example_external_task_marker_child to None
[2022-10-01 00:19:19,890] {logging_mixin.py:109} INFO - [2022-10-01 00:19:19,889] {dag.py:2306} INFO - Setting next_dagrun for example_external_task_marker_parent to None
[2022-10-01 00:19:19,905] {processor.py:170} INFO - Processing /home/airflow/.local/lib/python3.6/site-packages/airflow/example_dags/example_external_task_marker_dag.py took 0.094 seconds
[2022-10-01 00:19:50,887] {processor.py:162} INFO - Started process (PID=7771) to work on /home/airflow/.local/lib/python3.6/site-packages/airflow/example_dags/example_external_task_marker_dag.py
[2022-10-01 00:19:50,889] {processor.py:613} INFO - Processing file /home/airflow/.local/lib/python3.6/site-packages/airflow/example_dags/example_external_task_marker_dag.py for tasks to queue
[2022-10-01 00:19:50,890] {logging_mixin.py:109} INFO - [2022-10-01 00:19:50,890] {dagbag.py:496} INFO - Filling up the DagBag from /home/airflow/.local/lib/python3.6/site-packages/airflow/example_dags/example_external_task_marker_dag.py
[2022-10-01 00:19:50,900] {processor.py:623} INFO - DAG(s) dict_keys(['example_external_task_marker_parent', 'example_external_task_marker_child']) retrieved from /home/airflow/.local/lib/python3.6/site-packages/airflow/example_dags/example_external_task_marker_dag.py
[2022-10-01 00:19:50,923] {logging_mixin.py:109} INFO - [2022-10-01 00:19:50,923] {dag.py:1833} INFO - Sync 2 DAGs
[2022-10-01 00:19:50,937] {logging_mixin.py:109} INFO - [2022-10-01 00:19:50,937] {dag.py:2306} INFO - Setting next_dagrun for example_external_task_marker_child to None
[2022-10-01 00:19:50,939] {logging_mixin.py:109} INFO - [2022-10-01 00:19:50,939] {dag.py:2306} INFO - Setting next_dagrun for example_external_task_marker_parent to None
[2022-10-01 00:19:50,950] {processor.py:170} INFO - Processing /home/airflow/.local/lib/python3.6/site-packages/airflow/example_dags/example_external_task_marker_dag.py took 0.066 seconds
