[2022-10-01 00:00:01,665] {processor.py:162} INFO - Started process (PID=5520) to work on /home/airflow/.local/lib/python3.6/site-packages/airflow/example_dags/tutorial_taskflow_api_etl_virtualenv.py
[2022-10-01 00:00:01,668] {processor.py:613} INFO - Processing file /home/airflow/.local/lib/python3.6/site-packages/airflow/example_dags/tutorial_taskflow_api_etl_virtualenv.py for tasks to queue
[2022-10-01 00:00:01,670] {logging_mixin.py:109} INFO - [2022-10-01 00:00:01,669] {dagbag.py:496} INFO - Filling up the DagBag from /home/airflow/.local/lib/python3.6/site-packages/airflow/example_dags/tutorial_taskflow_api_etl_virtualenv.py
[2022-10-01 00:00:01,722] {processor.py:623} INFO - DAG(s) dict_keys(['tutorial_taskflow_api_etl_virtualenv']) retrieved from /home/airflow/.local/lib/python3.6/site-packages/airflow/example_dags/tutorial_taskflow_api_etl_virtualenv.py
[2022-10-01 00:00:01,982] {logging_mixin.py:109} INFO - [2022-10-01 00:00:01,981] {dag.py:1833} INFO - Sync 1 DAGs
[2022-10-01 00:00:02,002] {logging_mixin.py:109} INFO - [2022-10-01 00:00:02,002] {dag.py:2306} INFO - Setting next_dagrun for tutorial_taskflow_api_etl_virtualenv to None
[2022-10-01 00:00:02,019] {processor.py:170} INFO - Processing /home/airflow/.local/lib/python3.6/site-packages/airflow/example_dags/tutorial_taskflow_api_etl_virtualenv.py took 0.357 seconds
[2022-10-01 00:00:32,170] {processor.py:162} INFO - Started process (PID=5581) to work on /home/airflow/.local/lib/python3.6/site-packages/airflow/example_dags/tutorial_taskflow_api_etl_virtualenv.py
[2022-10-01 00:00:32,173] {processor.py:613} INFO - Processing file /home/airflow/.local/lib/python3.6/site-packages/airflow/example_dags/tutorial_taskflow_api_etl_virtualenv.py for tasks to queue
[2022-10-01 00:00:32,175] {logging_mixin.py:109} INFO - [2022-10-01 00:00:32,175] {dagbag.py:496} INFO - Filling up the DagBag from /home/airflow/.local/lib/python3.6/site-packages/airflow/example_dags/tutorial_taskflow_api_etl_virtualenv.py
[2022-10-01 00:00:32,192] {processor.py:623} INFO - DAG(s) dict_keys(['tutorial_taskflow_api_etl_virtualenv']) retrieved from /home/airflow/.local/lib/python3.6/site-packages/airflow/example_dags/tutorial_taskflow_api_etl_virtualenv.py
[2022-10-01 00:00:32,363] {logging_mixin.py:109} INFO - [2022-10-01 00:00:32,363] {dag.py:1833} INFO - Sync 1 DAGs
[2022-10-01 00:00:32,375] {logging_mixin.py:109} INFO - [2022-10-01 00:00:32,375] {dag.py:2306} INFO - Setting next_dagrun for tutorial_taskflow_api_etl_virtualenv to None
[2022-10-01 00:00:32,387] {processor.py:170} INFO - Processing /home/airflow/.local/lib/python3.6/site-packages/airflow/example_dags/tutorial_taskflow_api_etl_virtualenv.py took 0.220 seconds
[2022-10-01 00:01:02,790] {processor.py:162} INFO - Started process (PID=5631) to work on /home/airflow/.local/lib/python3.6/site-packages/airflow/example_dags/tutorial_taskflow_api_etl_virtualenv.py
[2022-10-01 00:01:02,792] {processor.py:613} INFO - Processing file /home/airflow/.local/lib/python3.6/site-packages/airflow/example_dags/tutorial_taskflow_api_etl_virtualenv.py for tasks to queue
[2022-10-01 00:01:02,793] {logging_mixin.py:109} INFO - [2022-10-01 00:01:02,793] {dagbag.py:496} INFO - Filling up the DagBag from /home/airflow/.local/lib/python3.6/site-packages/airflow/example_dags/tutorial_taskflow_api_etl_virtualenv.py
[2022-10-01 00:01:02,805] {processor.py:623} INFO - DAG(s) dict_keys(['tutorial_taskflow_api_etl_virtualenv']) retrieved from /home/airflow/.local/lib/python3.6/site-packages/airflow/example_dags/tutorial_taskflow_api_etl_virtualenv.py
[2022-10-01 00:01:02,948] {logging_mixin.py:109} INFO - [2022-10-01 00:01:02,948] {dag.py:1833} INFO - Sync 1 DAGs
[2022-10-01 00:01:02,959] {logging_mixin.py:109} INFO - [2022-10-01 00:01:02,959] {dag.py:2306} INFO - Setting next_dagrun for tutorial_taskflow_api_etl_virtualenv to None
[2022-10-01 00:01:02,970] {processor.py:170} INFO - Processing /home/airflow/.local/lib/python3.6/site-packages/airflow/example_dags/tutorial_taskflow_api_etl_virtualenv.py took 0.183 seconds
[2022-10-01 00:01:33,167] {processor.py:162} INFO - Started process (PID=5692) to work on /home/airflow/.local/lib/python3.6/site-packages/airflow/example_dags/tutorial_taskflow_api_etl_virtualenv.py
[2022-10-01 00:01:33,169] {processor.py:613} INFO - Processing file /home/airflow/.local/lib/python3.6/site-packages/airflow/example_dags/tutorial_taskflow_api_etl_virtualenv.py for tasks to queue
[2022-10-01 00:01:33,170] {logging_mixin.py:109} INFO - [2022-10-01 00:01:33,170] {dagbag.py:496} INFO - Filling up the DagBag from /home/airflow/.local/lib/python3.6/site-packages/airflow/example_dags/tutorial_taskflow_api_etl_virtualenv.py
[2022-10-01 00:01:33,184] {processor.py:623} INFO - DAG(s) dict_keys(['tutorial_taskflow_api_etl_virtualenv']) retrieved from /home/airflow/.local/lib/python3.6/site-packages/airflow/example_dags/tutorial_taskflow_api_etl_virtualenv.py
[2022-10-01 00:01:33,328] {logging_mixin.py:109} INFO - [2022-10-01 00:01:33,328] {dag.py:1833} INFO - Sync 1 DAGs
[2022-10-01 00:01:33,338] {logging_mixin.py:109} INFO - [2022-10-01 00:01:33,338] {dag.py:2306} INFO - Setting next_dagrun for tutorial_taskflow_api_etl_virtualenv to None
[2022-10-01 00:01:33,350] {processor.py:170} INFO - Processing /home/airflow/.local/lib/python3.6/site-packages/airflow/example_dags/tutorial_taskflow_api_etl_virtualenv.py took 0.186 seconds
[2022-10-01 00:02:04,314] {processor.py:162} INFO - Started process (PID=5754) to work on /home/airflow/.local/lib/python3.6/site-packages/airflow/example_dags/tutorial_taskflow_api_etl_virtualenv.py
[2022-10-01 00:02:04,316] {processor.py:613} INFO - Processing file /home/airflow/.local/lib/python3.6/site-packages/airflow/example_dags/tutorial_taskflow_api_etl_virtualenv.py for tasks to queue
[2022-10-01 00:02:04,317] {logging_mixin.py:109} INFO - [2022-10-01 00:02:04,317] {dagbag.py:496} INFO - Filling up the DagBag from /home/airflow/.local/lib/python3.6/site-packages/airflow/example_dags/tutorial_taskflow_api_etl_virtualenv.py
[2022-10-01 00:02:04,328] {processor.py:623} INFO - DAG(s) dict_keys(['tutorial_taskflow_api_etl_virtualenv']) retrieved from /home/airflow/.local/lib/python3.6/site-packages/airflow/example_dags/tutorial_taskflow_api_etl_virtualenv.py
[2022-10-01 00:02:04,472] {logging_mixin.py:109} INFO - [2022-10-01 00:02:04,472] {dag.py:1833} INFO - Sync 1 DAGs
[2022-10-01 00:02:04,484] {logging_mixin.py:109} INFO - [2022-10-01 00:02:04,484] {dag.py:2306} INFO - Setting next_dagrun for tutorial_taskflow_api_etl_virtualenv to None
[2022-10-01 00:02:04,495] {processor.py:170} INFO - Processing /home/airflow/.local/lib/python3.6/site-packages/airflow/example_dags/tutorial_taskflow_api_etl_virtualenv.py took 0.184 seconds
[2022-10-01 00:02:34,672] {processor.py:162} INFO - Started process (PID=5805) to work on /home/airflow/.local/lib/python3.6/site-packages/airflow/example_dags/tutorial_taskflow_api_etl_virtualenv.py
[2022-10-01 00:02:34,673] {processor.py:613} INFO - Processing file /home/airflow/.local/lib/python3.6/site-packages/airflow/example_dags/tutorial_taskflow_api_etl_virtualenv.py for tasks to queue
[2022-10-01 00:02:34,675] {logging_mixin.py:109} INFO - [2022-10-01 00:02:34,674] {dagbag.py:496} INFO - Filling up the DagBag from /home/airflow/.local/lib/python3.6/site-packages/airflow/example_dags/tutorial_taskflow_api_etl_virtualenv.py
[2022-10-01 00:02:34,686] {processor.py:623} INFO - DAG(s) dict_keys(['tutorial_taskflow_api_etl_virtualenv']) retrieved from /home/airflow/.local/lib/python3.6/site-packages/airflow/example_dags/tutorial_taskflow_api_etl_virtualenv.py
[2022-10-01 00:02:34,831] {logging_mixin.py:109} INFO - [2022-10-01 00:02:34,831] {dag.py:1833} INFO - Sync 1 DAGs
[2022-10-01 00:02:34,841] {logging_mixin.py:109} INFO - [2022-10-01 00:02:34,841] {dag.py:2306} INFO - Setting next_dagrun for tutorial_taskflow_api_etl_virtualenv to None
[2022-10-01 00:02:34,853] {processor.py:170} INFO - Processing /home/airflow/.local/lib/python3.6/site-packages/airflow/example_dags/tutorial_taskflow_api_etl_virtualenv.py took 0.184 seconds
[2022-10-01 00:03:04,935] {processor.py:162} INFO - Started process (PID=5866) to work on /home/airflow/.local/lib/python3.6/site-packages/airflow/example_dags/tutorial_taskflow_api_etl_virtualenv.py
[2022-10-01 00:03:04,937] {processor.py:613} INFO - Processing file /home/airflow/.local/lib/python3.6/site-packages/airflow/example_dags/tutorial_taskflow_api_etl_virtualenv.py for tasks to queue
[2022-10-01 00:03:04,939] {logging_mixin.py:109} INFO - [2022-10-01 00:03:04,939] {dagbag.py:496} INFO - Filling up the DagBag from /home/airflow/.local/lib/python3.6/site-packages/airflow/example_dags/tutorial_taskflow_api_etl_virtualenv.py
[2022-10-01 00:03:04,952] {processor.py:623} INFO - DAG(s) dict_keys(['tutorial_taskflow_api_etl_virtualenv']) retrieved from /home/airflow/.local/lib/python3.6/site-packages/airflow/example_dags/tutorial_taskflow_api_etl_virtualenv.py
[2022-10-01 00:03:05,121] {logging_mixin.py:109} INFO - [2022-10-01 00:03:05,121] {dag.py:1833} INFO - Sync 1 DAGs
[2022-10-01 00:03:05,135] {logging_mixin.py:109} INFO - [2022-10-01 00:03:05,135] {dag.py:2306} INFO - Setting next_dagrun for tutorial_taskflow_api_etl_virtualenv to None
[2022-10-01 00:03:05,147] {processor.py:170} INFO - Processing /home/airflow/.local/lib/python3.6/site-packages/airflow/example_dags/tutorial_taskflow_api_etl_virtualenv.py took 0.215 seconds
[2022-10-01 00:03:36,091] {processor.py:162} INFO - Started process (PID=5927) to work on /home/airflow/.local/lib/python3.6/site-packages/airflow/example_dags/tutorial_taskflow_api_etl_virtualenv.py
[2022-10-01 00:03:36,092] {processor.py:613} INFO - Processing file /home/airflow/.local/lib/python3.6/site-packages/airflow/example_dags/tutorial_taskflow_api_etl_virtualenv.py for tasks to queue
[2022-10-01 00:03:36,094] {logging_mixin.py:109} INFO - [2022-10-01 00:03:36,094] {dagbag.py:496} INFO - Filling up the DagBag from /home/airflow/.local/lib/python3.6/site-packages/airflow/example_dags/tutorial_taskflow_api_etl_virtualenv.py
[2022-10-01 00:03:36,105] {processor.py:623} INFO - DAG(s) dict_keys(['tutorial_taskflow_api_etl_virtualenv']) retrieved from /home/airflow/.local/lib/python3.6/site-packages/airflow/example_dags/tutorial_taskflow_api_etl_virtualenv.py
[2022-10-01 00:03:36,254] {logging_mixin.py:109} INFO - [2022-10-01 00:03:36,254] {dag.py:1833} INFO - Sync 1 DAGs
[2022-10-01 00:03:36,265] {logging_mixin.py:109} INFO - [2022-10-01 00:03:36,264] {dag.py:2306} INFO - Setting next_dagrun for tutorial_taskflow_api_etl_virtualenv to None
[2022-10-01 00:03:36,275] {processor.py:170} INFO - Processing /home/airflow/.local/lib/python3.6/site-packages/airflow/example_dags/tutorial_taskflow_api_etl_virtualenv.py took 0.187 seconds
[2022-10-01 00:04:06,393] {processor.py:162} INFO - Started process (PID=5978) to work on /home/airflow/.local/lib/python3.6/site-packages/airflow/example_dags/tutorial_taskflow_api_etl_virtualenv.py
[2022-10-01 00:04:06,394] {processor.py:613} INFO - Processing file /home/airflow/.local/lib/python3.6/site-packages/airflow/example_dags/tutorial_taskflow_api_etl_virtualenv.py for tasks to queue
[2022-10-01 00:04:06,396] {logging_mixin.py:109} INFO - [2022-10-01 00:04:06,395] {dagbag.py:496} INFO - Filling up the DagBag from /home/airflow/.local/lib/python3.6/site-packages/airflow/example_dags/tutorial_taskflow_api_etl_virtualenv.py
[2022-10-01 00:04:06,407] {processor.py:623} INFO - DAG(s) dict_keys(['tutorial_taskflow_api_etl_virtualenv']) retrieved from /home/airflow/.local/lib/python3.6/site-packages/airflow/example_dags/tutorial_taskflow_api_etl_virtualenv.py
[2022-10-01 00:04:06,567] {logging_mixin.py:109} INFO - [2022-10-01 00:04:06,567] {dag.py:1833} INFO - Sync 1 DAGs
[2022-10-01 00:04:06,580] {logging_mixin.py:109} INFO - [2022-10-01 00:04:06,580] {dag.py:2306} INFO - Setting next_dagrun for tutorial_taskflow_api_etl_virtualenv to None
[2022-10-01 00:04:06,592] {processor.py:170} INFO - Processing /home/airflow/.local/lib/python3.6/site-packages/airflow/example_dags/tutorial_taskflow_api_etl_virtualenv.py took 0.202 seconds
[2022-10-01 00:04:36,772] {processor.py:162} INFO - Started process (PID=6039) to work on /home/airflow/.local/lib/python3.6/site-packages/airflow/example_dags/tutorial_taskflow_api_etl_virtualenv.py
[2022-10-01 00:04:36,775] {processor.py:613} INFO - Processing file /home/airflow/.local/lib/python3.6/site-packages/airflow/example_dags/tutorial_taskflow_api_etl_virtualenv.py for tasks to queue
[2022-10-01 00:04:36,776] {logging_mixin.py:109} INFO - [2022-10-01 00:04:36,776] {dagbag.py:496} INFO - Filling up the DagBag from /home/airflow/.local/lib/python3.6/site-packages/airflow/example_dags/tutorial_taskflow_api_etl_virtualenv.py
[2022-10-01 00:04:36,789] {processor.py:623} INFO - DAG(s) dict_keys(['tutorial_taskflow_api_etl_virtualenv']) retrieved from /home/airflow/.local/lib/python3.6/site-packages/airflow/example_dags/tutorial_taskflow_api_etl_virtualenv.py
[2022-10-01 00:04:36,950] {logging_mixin.py:109} INFO - [2022-10-01 00:04:36,950] {dag.py:1833} INFO - Sync 1 DAGs
[2022-10-01 00:04:36,965] {logging_mixin.py:109} INFO - [2022-10-01 00:04:36,965] {dag.py:2306} INFO - Setting next_dagrun for tutorial_taskflow_api_etl_virtualenv to None
[2022-10-01 00:04:36,978] {processor.py:170} INFO - Processing /home/airflow/.local/lib/python3.6/site-packages/airflow/example_dags/tutorial_taskflow_api_etl_virtualenv.py took 0.208 seconds
[2022-10-01 00:05:07,990] {processor.py:162} INFO - Started process (PID=6100) to work on /home/airflow/.local/lib/python3.6/site-packages/airflow/example_dags/tutorial_taskflow_api_etl_virtualenv.py
[2022-10-01 00:05:07,992] {processor.py:613} INFO - Processing file /home/airflow/.local/lib/python3.6/site-packages/airflow/example_dags/tutorial_taskflow_api_etl_virtualenv.py for tasks to queue
[2022-10-01 00:05:07,993] {logging_mixin.py:109} INFO - [2022-10-01 00:05:07,993] {dagbag.py:496} INFO - Filling up the DagBag from /home/airflow/.local/lib/python3.6/site-packages/airflow/example_dags/tutorial_taskflow_api_etl_virtualenv.py
[2022-10-01 00:05:08,004] {processor.py:623} INFO - DAG(s) dict_keys(['tutorial_taskflow_api_etl_virtualenv']) retrieved from /home/airflow/.local/lib/python3.6/site-packages/airflow/example_dags/tutorial_taskflow_api_etl_virtualenv.py
[2022-10-01 00:05:08,154] {logging_mixin.py:109} INFO - [2022-10-01 00:05:08,154] {dag.py:1833} INFO - Sync 1 DAGs
[2022-10-01 00:05:08,165] {logging_mixin.py:109} INFO - [2022-10-01 00:05:08,165] {dag.py:2306} INFO - Setting next_dagrun for tutorial_taskflow_api_etl_virtualenv to None
[2022-10-01 00:05:08,178] {processor.py:170} INFO - Processing /home/airflow/.local/lib/python3.6/site-packages/airflow/example_dags/tutorial_taskflow_api_etl_virtualenv.py took 0.191 seconds
[2022-10-01 00:05:38,269] {processor.py:162} INFO - Started process (PID=6151) to work on /home/airflow/.local/lib/python3.6/site-packages/airflow/example_dags/tutorial_taskflow_api_etl_virtualenv.py
[2022-10-01 00:05:38,271] {processor.py:613} INFO - Processing file /home/airflow/.local/lib/python3.6/site-packages/airflow/example_dags/tutorial_taskflow_api_etl_virtualenv.py for tasks to queue
[2022-10-01 00:05:38,273] {logging_mixin.py:109} INFO - [2022-10-01 00:05:38,273] {dagbag.py:496} INFO - Filling up the DagBag from /home/airflow/.local/lib/python3.6/site-packages/airflow/example_dags/tutorial_taskflow_api_etl_virtualenv.py
[2022-10-01 00:05:38,283] {processor.py:623} INFO - DAG(s) dict_keys(['tutorial_taskflow_api_etl_virtualenv']) retrieved from /home/airflow/.local/lib/python3.6/site-packages/airflow/example_dags/tutorial_taskflow_api_etl_virtualenv.py
[2022-10-01 00:05:38,434] {logging_mixin.py:109} INFO - [2022-10-01 00:05:38,434] {dag.py:1833} INFO - Sync 1 DAGs
[2022-10-01 00:05:38,447] {logging_mixin.py:109} INFO - [2022-10-01 00:05:38,447] {dag.py:2306} INFO - Setting next_dagrun for tutorial_taskflow_api_etl_virtualenv to None
[2022-10-01 00:05:38,459] {processor.py:170} INFO - Processing /home/airflow/.local/lib/python3.6/site-packages/airflow/example_dags/tutorial_taskflow_api_etl_virtualenv.py took 0.193 seconds
[2022-10-01 00:06:08,838] {processor.py:162} INFO - Started process (PID=6213) to work on /home/airflow/.local/lib/python3.6/site-packages/airflow/example_dags/tutorial_taskflow_api_etl_virtualenv.py
[2022-10-01 00:06:08,840] {processor.py:613} INFO - Processing file /home/airflow/.local/lib/python3.6/site-packages/airflow/example_dags/tutorial_taskflow_api_etl_virtualenv.py for tasks to queue
[2022-10-01 00:06:08,842] {logging_mixin.py:109} INFO - [2022-10-01 00:06:08,842] {dagbag.py:496} INFO - Filling up the DagBag from /home/airflow/.local/lib/python3.6/site-packages/airflow/example_dags/tutorial_taskflow_api_etl_virtualenv.py
[2022-10-01 00:06:08,855] {processor.py:623} INFO - DAG(s) dict_keys(['tutorial_taskflow_api_etl_virtualenv']) retrieved from /home/airflow/.local/lib/python3.6/site-packages/airflow/example_dags/tutorial_taskflow_api_etl_virtualenv.py
[2022-10-01 00:06:08,877] {logging_mixin.py:109} INFO - [2022-10-01 00:06:08,877] {dag.py:1833} INFO - Sync 1 DAGs
[2022-10-01 00:06:08,890] {logging_mixin.py:109} INFO - [2022-10-01 00:06:08,890] {dag.py:2306} INFO - Setting next_dagrun for tutorial_taskflow_api_etl_virtualenv to None
[2022-10-01 00:06:08,902] {processor.py:170} INFO - Processing /home/airflow/.local/lib/python3.6/site-packages/airflow/example_dags/tutorial_taskflow_api_etl_virtualenv.py took 0.066 seconds
[2022-10-01 00:06:39,837] {processor.py:162} INFO - Started process (PID=6275) to work on /home/airflow/.local/lib/python3.6/site-packages/airflow/example_dags/tutorial_taskflow_api_etl_virtualenv.py
[2022-10-01 00:06:39,840] {processor.py:613} INFO - Processing file /home/airflow/.local/lib/python3.6/site-packages/airflow/example_dags/tutorial_taskflow_api_etl_virtualenv.py for tasks to queue
[2022-10-01 00:06:39,841] {logging_mixin.py:109} INFO - [2022-10-01 00:06:39,841] {dagbag.py:496} INFO - Filling up the DagBag from /home/airflow/.local/lib/python3.6/site-packages/airflow/example_dags/tutorial_taskflow_api_etl_virtualenv.py
[2022-10-01 00:06:39,853] {processor.py:623} INFO - DAG(s) dict_keys(['tutorial_taskflow_api_etl_virtualenv']) retrieved from /home/airflow/.local/lib/python3.6/site-packages/airflow/example_dags/tutorial_taskflow_api_etl_virtualenv.py
[2022-10-01 00:06:40,023] {logging_mixin.py:109} INFO - [2022-10-01 00:06:40,023] {dag.py:1833} INFO - Sync 1 DAGs
[2022-10-01 00:06:40,034] {logging_mixin.py:109} INFO - [2022-10-01 00:06:40,034] {dag.py:2306} INFO - Setting next_dagrun for tutorial_taskflow_api_etl_virtualenv to None
[2022-10-01 00:06:40,047] {processor.py:170} INFO - Processing /home/airflow/.local/lib/python3.6/site-packages/airflow/example_dags/tutorial_taskflow_api_etl_virtualenv.py took 0.215 seconds
[2022-10-01 00:07:10,103] {processor.py:162} INFO - Started process (PID=6326) to work on /home/airflow/.local/lib/python3.6/site-packages/airflow/example_dags/tutorial_taskflow_api_etl_virtualenv.py
[2022-10-01 00:07:10,105] {processor.py:613} INFO - Processing file /home/airflow/.local/lib/python3.6/site-packages/airflow/example_dags/tutorial_taskflow_api_etl_virtualenv.py for tasks to queue
[2022-10-01 00:07:10,105] {logging_mixin.py:109} INFO - [2022-10-01 00:07:10,105] {dagbag.py:496} INFO - Filling up the DagBag from /home/airflow/.local/lib/python3.6/site-packages/airflow/example_dags/tutorial_taskflow_api_etl_virtualenv.py
[2022-10-01 00:07:10,117] {processor.py:623} INFO - DAG(s) dict_keys(['tutorial_taskflow_api_etl_virtualenv']) retrieved from /home/airflow/.local/lib/python3.6/site-packages/airflow/example_dags/tutorial_taskflow_api_etl_virtualenv.py
[2022-10-01 00:07:10,139] {logging_mixin.py:109} INFO - [2022-10-01 00:07:10,139] {dag.py:1833} INFO - Sync 1 DAGs
[2022-10-01 00:07:10,155] {logging_mixin.py:109} INFO - [2022-10-01 00:07:10,155] {dag.py:2306} INFO - Setting next_dagrun for tutorial_taskflow_api_etl_virtualenv to None
[2022-10-01 00:07:10,166] {processor.py:170} INFO - Processing /home/airflow/.local/lib/python3.6/site-packages/airflow/example_dags/tutorial_taskflow_api_etl_virtualenv.py took 0.066 seconds
[2022-10-01 00:07:40,816] {processor.py:162} INFO - Started process (PID=6387) to work on /home/airflow/.local/lib/python3.6/site-packages/airflow/example_dags/tutorial_taskflow_api_etl_virtualenv.py
[2022-10-01 00:07:40,818] {processor.py:613} INFO - Processing file /home/airflow/.local/lib/python3.6/site-packages/airflow/example_dags/tutorial_taskflow_api_etl_virtualenv.py for tasks to queue
[2022-10-01 00:07:40,819] {logging_mixin.py:109} INFO - [2022-10-01 00:07:40,819] {dagbag.py:496} INFO - Filling up the DagBag from /home/airflow/.local/lib/python3.6/site-packages/airflow/example_dags/tutorial_taskflow_api_etl_virtualenv.py
[2022-10-01 00:07:40,831] {processor.py:623} INFO - DAG(s) dict_keys(['tutorial_taskflow_api_etl_virtualenv']) retrieved from /home/airflow/.local/lib/python3.6/site-packages/airflow/example_dags/tutorial_taskflow_api_etl_virtualenv.py
[2022-10-01 00:07:41,061] {logging_mixin.py:109} INFO - [2022-10-01 00:07:41,061] {dag.py:1833} INFO - Sync 1 DAGs
[2022-10-01 00:07:41,073] {logging_mixin.py:109} INFO - [2022-10-01 00:07:41,072] {dag.py:2306} INFO - Setting next_dagrun for tutorial_taskflow_api_etl_virtualenv to None
[2022-10-01 00:07:41,085] {processor.py:170} INFO - Processing /home/airflow/.local/lib/python3.6/site-packages/airflow/example_dags/tutorial_taskflow_api_etl_virtualenv.py took 0.272 seconds
[2022-10-01 00:08:11,749] {processor.py:162} INFO - Started process (PID=6448) to work on /home/airflow/.local/lib/python3.6/site-packages/airflow/example_dags/tutorial_taskflow_api_etl_virtualenv.py
[2022-10-01 00:08:11,752] {processor.py:613} INFO - Processing file /home/airflow/.local/lib/python3.6/site-packages/airflow/example_dags/tutorial_taskflow_api_etl_virtualenv.py for tasks to queue
[2022-10-01 00:08:11,754] {logging_mixin.py:109} INFO - [2022-10-01 00:08:11,754] {dagbag.py:496} INFO - Filling up the DagBag from /home/airflow/.local/lib/python3.6/site-packages/airflow/example_dags/tutorial_taskflow_api_etl_virtualenv.py
[2022-10-01 00:08:11,776] {processor.py:623} INFO - DAG(s) dict_keys(['tutorial_taskflow_api_etl_virtualenv']) retrieved from /home/airflow/.local/lib/python3.6/site-packages/airflow/example_dags/tutorial_taskflow_api_etl_virtualenv.py
[2022-10-01 00:08:12,205] {logging_mixin.py:109} INFO - [2022-10-01 00:08:12,205] {dag.py:1833} INFO - Sync 1 DAGs
[2022-10-01 00:08:12,220] {logging_mixin.py:109} INFO - [2022-10-01 00:08:12,220] {dag.py:2306} INFO - Setting next_dagrun for tutorial_taskflow_api_etl_virtualenv to None
[2022-10-01 00:08:12,233] {processor.py:170} INFO - Processing /home/airflow/.local/lib/python3.6/site-packages/airflow/example_dags/tutorial_taskflow_api_etl_virtualenv.py took 0.488 seconds
[2022-10-01 00:08:43,064] {processor.py:162} INFO - Started process (PID=6499) to work on /home/airflow/.local/lib/python3.6/site-packages/airflow/example_dags/tutorial_taskflow_api_etl_virtualenv.py
[2022-10-01 00:08:43,066] {processor.py:613} INFO - Processing file /home/airflow/.local/lib/python3.6/site-packages/airflow/example_dags/tutorial_taskflow_api_etl_virtualenv.py for tasks to queue
[2022-10-01 00:08:43,067] {logging_mixin.py:109} INFO - [2022-10-01 00:08:43,067] {dagbag.py:496} INFO - Filling up the DagBag from /home/airflow/.local/lib/python3.6/site-packages/airflow/example_dags/tutorial_taskflow_api_etl_virtualenv.py
[2022-10-01 00:08:43,079] {processor.py:623} INFO - DAG(s) dict_keys(['tutorial_taskflow_api_etl_virtualenv']) retrieved from /home/airflow/.local/lib/python3.6/site-packages/airflow/example_dags/tutorial_taskflow_api_etl_virtualenv.py
[2022-10-01 00:08:43,230] {logging_mixin.py:109} INFO - [2022-10-01 00:08:43,230] {dag.py:1833} INFO - Sync 1 DAGs
[2022-10-01 00:08:43,242] {logging_mixin.py:109} INFO - [2022-10-01 00:08:43,242] {dag.py:2306} INFO - Setting next_dagrun for tutorial_taskflow_api_etl_virtualenv to None
[2022-10-01 00:08:43,252] {processor.py:170} INFO - Processing /home/airflow/.local/lib/python3.6/site-packages/airflow/example_dags/tutorial_taskflow_api_etl_virtualenv.py took 0.191 seconds
[2022-10-01 00:09:13,307] {processor.py:162} INFO - Started process (PID=6560) to work on /home/airflow/.local/lib/python3.6/site-packages/airflow/example_dags/tutorial_taskflow_api_etl_virtualenv.py
[2022-10-01 00:09:13,309] {processor.py:613} INFO - Processing file /home/airflow/.local/lib/python3.6/site-packages/airflow/example_dags/tutorial_taskflow_api_etl_virtualenv.py for tasks to queue
[2022-10-01 00:09:13,311] {logging_mixin.py:109} INFO - [2022-10-01 00:09:13,311] {dagbag.py:496} INFO - Filling up the DagBag from /home/airflow/.local/lib/python3.6/site-packages/airflow/example_dags/tutorial_taskflow_api_etl_virtualenv.py
[2022-10-01 00:09:13,324] {processor.py:623} INFO - DAG(s) dict_keys(['tutorial_taskflow_api_etl_virtualenv']) retrieved from /home/airflow/.local/lib/python3.6/site-packages/airflow/example_dags/tutorial_taskflow_api_etl_virtualenv.py
[2022-10-01 00:09:13,344] {logging_mixin.py:109} INFO - [2022-10-01 00:09:13,344] {dag.py:1833} INFO - Sync 1 DAGs
[2022-10-01 00:09:13,357] {logging_mixin.py:109} INFO - [2022-10-01 00:09:13,357] {dag.py:2306} INFO - Setting next_dagrun for tutorial_taskflow_api_etl_virtualenv to None
[2022-10-01 00:09:13,370] {processor.py:170} INFO - Processing /home/airflow/.local/lib/python3.6/site-packages/airflow/example_dags/tutorial_taskflow_api_etl_virtualenv.py took 0.067 seconds
[2022-10-01 00:09:44,093] {processor.py:162} INFO - Started process (PID=6621) to work on /home/airflow/.local/lib/python3.6/site-packages/airflow/example_dags/tutorial_taskflow_api_etl_virtualenv.py
[2022-10-01 00:09:44,095] {processor.py:613} INFO - Processing file /home/airflow/.local/lib/python3.6/site-packages/airflow/example_dags/tutorial_taskflow_api_etl_virtualenv.py for tasks to queue
[2022-10-01 00:09:44,096] {logging_mixin.py:109} INFO - [2022-10-01 00:09:44,096] {dagbag.py:496} INFO - Filling up the DagBag from /home/airflow/.local/lib/python3.6/site-packages/airflow/example_dags/tutorial_taskflow_api_etl_virtualenv.py
[2022-10-01 00:09:44,112] {processor.py:623} INFO - DAG(s) dict_keys(['tutorial_taskflow_api_etl_virtualenv']) retrieved from /home/airflow/.local/lib/python3.6/site-packages/airflow/example_dags/tutorial_taskflow_api_etl_virtualenv.py
[2022-10-01 00:09:44,135] {logging_mixin.py:109} INFO - [2022-10-01 00:09:44,135] {dag.py:1833} INFO - Sync 1 DAGs
[2022-10-01 00:09:44,154] {logging_mixin.py:109} INFO - [2022-10-01 00:09:44,154] {dag.py:2306} INFO - Setting next_dagrun for tutorial_taskflow_api_etl_virtualenv to None
[2022-10-01 00:09:44,168] {processor.py:170} INFO - Processing /home/airflow/.local/lib/python3.6/site-packages/airflow/example_dags/tutorial_taskflow_api_etl_virtualenv.py took 0.078 seconds
[2022-10-01 00:10:14,922] {processor.py:162} INFO - Started process (PID=6672) to work on /home/airflow/.local/lib/python3.6/site-packages/airflow/example_dags/tutorial_taskflow_api_etl_virtualenv.py
[2022-10-01 00:10:14,924] {processor.py:613} INFO - Processing file /home/airflow/.local/lib/python3.6/site-packages/airflow/example_dags/tutorial_taskflow_api_etl_virtualenv.py for tasks to queue
[2022-10-01 00:10:14,925] {logging_mixin.py:109} INFO - [2022-10-01 00:10:14,925] {dagbag.py:496} INFO - Filling up the DagBag from /home/airflow/.local/lib/python3.6/site-packages/airflow/example_dags/tutorial_taskflow_api_etl_virtualenv.py
[2022-10-01 00:10:14,938] {processor.py:623} INFO - DAG(s) dict_keys(['tutorial_taskflow_api_etl_virtualenv']) retrieved from /home/airflow/.local/lib/python3.6/site-packages/airflow/example_dags/tutorial_taskflow_api_etl_virtualenv.py
[2022-10-01 00:10:15,102] {logging_mixin.py:109} INFO - [2022-10-01 00:10:15,102] {dag.py:1833} INFO - Sync 1 DAGs
[2022-10-01 00:10:15,114] {logging_mixin.py:109} INFO - [2022-10-01 00:10:15,114] {dag.py:2306} INFO - Setting next_dagrun for tutorial_taskflow_api_etl_virtualenv to None
[2022-10-01 00:10:15,126] {processor.py:170} INFO - Processing /home/airflow/.local/lib/python3.6/site-packages/airflow/example_dags/tutorial_taskflow_api_etl_virtualenv.py took 0.206 seconds
[2022-10-01 00:10:45,439] {processor.py:162} INFO - Started process (PID=6733) to work on /home/airflow/.local/lib/python3.6/site-packages/airflow/example_dags/tutorial_taskflow_api_etl_virtualenv.py
[2022-10-01 00:10:45,441] {processor.py:613} INFO - Processing file /home/airflow/.local/lib/python3.6/site-packages/airflow/example_dags/tutorial_taskflow_api_etl_virtualenv.py for tasks to queue
[2022-10-01 00:10:45,442] {logging_mixin.py:109} INFO - [2022-10-01 00:10:45,442] {dagbag.py:496} INFO - Filling up the DagBag from /home/airflow/.local/lib/python3.6/site-packages/airflow/example_dags/tutorial_taskflow_api_etl_virtualenv.py
[2022-10-01 00:10:45,456] {processor.py:623} INFO - DAG(s) dict_keys(['tutorial_taskflow_api_etl_virtualenv']) retrieved from /home/airflow/.local/lib/python3.6/site-packages/airflow/example_dags/tutorial_taskflow_api_etl_virtualenv.py
[2022-10-01 00:10:45,605] {logging_mixin.py:109} INFO - [2022-10-01 00:10:45,605] {dag.py:1833} INFO - Sync 1 DAGs
[2022-10-01 00:10:45,616] {logging_mixin.py:109} INFO - [2022-10-01 00:10:45,616] {dag.py:2306} INFO - Setting next_dagrun for tutorial_taskflow_api_etl_virtualenv to None
[2022-10-01 00:10:45,627] {processor.py:170} INFO - Processing /home/airflow/.local/lib/python3.6/site-packages/airflow/example_dags/tutorial_taskflow_api_etl_virtualenv.py took 0.191 seconds
[2022-10-01 00:11:16,024] {processor.py:162} INFO - Started process (PID=6794) to work on /home/airflow/.local/lib/python3.6/site-packages/airflow/example_dags/tutorial_taskflow_api_etl_virtualenv.py
[2022-10-01 00:11:16,025] {processor.py:613} INFO - Processing file /home/airflow/.local/lib/python3.6/site-packages/airflow/example_dags/tutorial_taskflow_api_etl_virtualenv.py for tasks to queue
[2022-10-01 00:11:16,026] {logging_mixin.py:109} INFO - [2022-10-01 00:11:16,026] {dagbag.py:496} INFO - Filling up the DagBag from /home/airflow/.local/lib/python3.6/site-packages/airflow/example_dags/tutorial_taskflow_api_etl_virtualenv.py
[2022-10-01 00:11:16,037] {processor.py:623} INFO - DAG(s) dict_keys(['tutorial_taskflow_api_etl_virtualenv']) retrieved from /home/airflow/.local/lib/python3.6/site-packages/airflow/example_dags/tutorial_taskflow_api_etl_virtualenv.py
[2022-10-01 00:11:16,056] {logging_mixin.py:109} INFO - [2022-10-01 00:11:16,056] {dag.py:1833} INFO - Sync 1 DAGs
[2022-10-01 00:11:16,069] {logging_mixin.py:109} INFO - [2022-10-01 00:11:16,069] {dag.py:2306} INFO - Setting next_dagrun for tutorial_taskflow_api_etl_virtualenv to None
[2022-10-01 00:11:16,080] {processor.py:170} INFO - Processing /home/airflow/.local/lib/python3.6/site-packages/airflow/example_dags/tutorial_taskflow_api_etl_virtualenv.py took 0.059 seconds
[2022-10-01 00:11:46,182] {processor.py:162} INFO - Started process (PID=6845) to work on /home/airflow/.local/lib/python3.6/site-packages/airflow/example_dags/tutorial_taskflow_api_etl_virtualenv.py
[2022-10-01 00:11:46,184] {processor.py:613} INFO - Processing file /home/airflow/.local/lib/python3.6/site-packages/airflow/example_dags/tutorial_taskflow_api_etl_virtualenv.py for tasks to queue
[2022-10-01 00:11:46,185] {logging_mixin.py:109} INFO - [2022-10-01 00:11:46,185] {dagbag.py:496} INFO - Filling up the DagBag from /home/airflow/.local/lib/python3.6/site-packages/airflow/example_dags/tutorial_taskflow_api_etl_virtualenv.py
[2022-10-01 00:11:46,196] {processor.py:623} INFO - DAG(s) dict_keys(['tutorial_taskflow_api_etl_virtualenv']) retrieved from /home/airflow/.local/lib/python3.6/site-packages/airflow/example_dags/tutorial_taskflow_api_etl_virtualenv.py
[2022-10-01 00:11:46,344] {logging_mixin.py:109} INFO - [2022-10-01 00:11:46,343] {dag.py:1833} INFO - Sync 1 DAGs
[2022-10-01 00:11:46,356] {logging_mixin.py:109} INFO - [2022-10-01 00:11:46,356] {dag.py:2306} INFO - Setting next_dagrun for tutorial_taskflow_api_etl_virtualenv to None
[2022-10-01 00:11:46,367] {processor.py:170} INFO - Processing /home/airflow/.local/lib/python3.6/site-packages/airflow/example_dags/tutorial_taskflow_api_etl_virtualenv.py took 0.187 seconds
[2022-10-01 00:12:17,057] {processor.py:162} INFO - Started process (PID=6906) to work on /home/airflow/.local/lib/python3.6/site-packages/airflow/example_dags/tutorial_taskflow_api_etl_virtualenv.py
[2022-10-01 00:12:17,059] {processor.py:613} INFO - Processing file /home/airflow/.local/lib/python3.6/site-packages/airflow/example_dags/tutorial_taskflow_api_etl_virtualenv.py for tasks to queue
[2022-10-01 00:12:17,061] {logging_mixin.py:109} INFO - [2022-10-01 00:12:17,061] {dagbag.py:496} INFO - Filling up the DagBag from /home/airflow/.local/lib/python3.6/site-packages/airflow/example_dags/tutorial_taskflow_api_etl_virtualenv.py
[2022-10-01 00:12:17,072] {processor.py:623} INFO - DAG(s) dict_keys(['tutorial_taskflow_api_etl_virtualenv']) retrieved from /home/airflow/.local/lib/python3.6/site-packages/airflow/example_dags/tutorial_taskflow_api_etl_virtualenv.py
[2022-10-01 00:12:17,091] {logging_mixin.py:109} INFO - [2022-10-01 00:12:17,091] {dag.py:1833} INFO - Sync 1 DAGs
[2022-10-01 00:12:17,106] {logging_mixin.py:109} INFO - [2022-10-01 00:12:17,105] {dag.py:2306} INFO - Setting next_dagrun for tutorial_taskflow_api_etl_virtualenv to None
[2022-10-01 00:12:17,117] {processor.py:170} INFO - Processing /home/airflow/.local/lib/python3.6/site-packages/airflow/example_dags/tutorial_taskflow_api_etl_virtualenv.py took 0.063 seconds
[2022-10-01 00:12:47,351] {processor.py:162} INFO - Started process (PID=6967) to work on /home/airflow/.local/lib/python3.6/site-packages/airflow/example_dags/tutorial_taskflow_api_etl_virtualenv.py
[2022-10-01 00:12:47,352] {processor.py:613} INFO - Processing file /home/airflow/.local/lib/python3.6/site-packages/airflow/example_dags/tutorial_taskflow_api_etl_virtualenv.py for tasks to queue
[2022-10-01 00:12:47,353] {logging_mixin.py:109} INFO - [2022-10-01 00:12:47,353] {dagbag.py:496} INFO - Filling up the DagBag from /home/airflow/.local/lib/python3.6/site-packages/airflow/example_dags/tutorial_taskflow_api_etl_virtualenv.py
[2022-10-01 00:12:47,364] {processor.py:623} INFO - DAG(s) dict_keys(['tutorial_taskflow_api_etl_virtualenv']) retrieved from /home/airflow/.local/lib/python3.6/site-packages/airflow/example_dags/tutorial_taskflow_api_etl_virtualenv.py
[2022-10-01 00:12:47,515] {logging_mixin.py:109} INFO - [2022-10-01 00:12:47,514] {dag.py:1833} INFO - Sync 1 DAGs
[2022-10-01 00:12:47,524] {logging_mixin.py:109} INFO - [2022-10-01 00:12:47,524] {dag.py:2306} INFO - Setting next_dagrun for tutorial_taskflow_api_etl_virtualenv to None
[2022-10-01 00:12:47,536] {processor.py:170} INFO - Processing /home/airflow/.local/lib/python3.6/site-packages/airflow/example_dags/tutorial_taskflow_api_etl_virtualenv.py took 0.188 seconds
[2022-10-01 00:13:18,257] {processor.py:162} INFO - Started process (PID=7019) to work on /home/airflow/.local/lib/python3.6/site-packages/airflow/example_dags/tutorial_taskflow_api_etl_virtualenv.py
[2022-10-01 00:13:18,259] {processor.py:613} INFO - Processing file /home/airflow/.local/lib/python3.6/site-packages/airflow/example_dags/tutorial_taskflow_api_etl_virtualenv.py for tasks to queue
[2022-10-01 00:13:18,260] {logging_mixin.py:109} INFO - [2022-10-01 00:13:18,260] {dagbag.py:496} INFO - Filling up the DagBag from /home/airflow/.local/lib/python3.6/site-packages/airflow/example_dags/tutorial_taskflow_api_etl_virtualenv.py
[2022-10-01 00:13:18,271] {processor.py:623} INFO - DAG(s) dict_keys(['tutorial_taskflow_api_etl_virtualenv']) retrieved from /home/airflow/.local/lib/python3.6/site-packages/airflow/example_dags/tutorial_taskflow_api_etl_virtualenv.py
[2022-10-01 00:13:18,290] {logging_mixin.py:109} INFO - [2022-10-01 00:13:18,290] {dag.py:1833} INFO - Sync 1 DAGs
[2022-10-01 00:13:18,303] {logging_mixin.py:109} INFO - [2022-10-01 00:13:18,303] {dag.py:2306} INFO - Setting next_dagrun for tutorial_taskflow_api_etl_virtualenv to None
[2022-10-01 00:13:18,314] {processor.py:170} INFO - Processing /home/airflow/.local/lib/python3.6/site-packages/airflow/example_dags/tutorial_taskflow_api_etl_virtualenv.py took 0.060 seconds
[2022-10-01 00:13:48,404] {processor.py:162} INFO - Started process (PID=7080) to work on /home/airflow/.local/lib/python3.6/site-packages/airflow/example_dags/tutorial_taskflow_api_etl_virtualenv.py
[2022-10-01 00:13:48,407] {processor.py:613} INFO - Processing file /home/airflow/.local/lib/python3.6/site-packages/airflow/example_dags/tutorial_taskflow_api_etl_virtualenv.py for tasks to queue
[2022-10-01 00:13:48,408] {logging_mixin.py:109} INFO - [2022-10-01 00:13:48,408] {dagbag.py:496} INFO - Filling up the DagBag from /home/airflow/.local/lib/python3.6/site-packages/airflow/example_dags/tutorial_taskflow_api_etl_virtualenv.py
[2022-10-01 00:13:48,421] {processor.py:623} INFO - DAG(s) dict_keys(['tutorial_taskflow_api_etl_virtualenv']) retrieved from /home/airflow/.local/lib/python3.6/site-packages/airflow/example_dags/tutorial_taskflow_api_etl_virtualenv.py
[2022-10-01 00:13:48,580] {logging_mixin.py:109} INFO - [2022-10-01 00:13:48,580] {dag.py:1833} INFO - Sync 1 DAGs
[2022-10-01 00:13:48,592] {logging_mixin.py:109} INFO - [2022-10-01 00:13:48,592] {dag.py:2306} INFO - Setting next_dagrun for tutorial_taskflow_api_etl_virtualenv to None
[2022-10-01 00:13:48,604] {processor.py:170} INFO - Processing /home/airflow/.local/lib/python3.6/site-packages/airflow/example_dags/tutorial_taskflow_api_etl_virtualenv.py took 0.203 seconds
[2022-10-01 00:14:18,789] {processor.py:162} INFO - Started process (PID=7141) to work on /home/airflow/.local/lib/python3.6/site-packages/airflow/example_dags/tutorial_taskflow_api_etl_virtualenv.py
[2022-10-01 00:14:18,791] {processor.py:613} INFO - Processing file /home/airflow/.local/lib/python3.6/site-packages/airflow/example_dags/tutorial_taskflow_api_etl_virtualenv.py for tasks to queue
[2022-10-01 00:14:18,793] {logging_mixin.py:109} INFO - [2022-10-01 00:14:18,793] {dagbag.py:496} INFO - Filling up the DagBag from /home/airflow/.local/lib/python3.6/site-packages/airflow/example_dags/tutorial_taskflow_api_etl_virtualenv.py
[2022-10-01 00:14:18,812] {processor.py:623} INFO - DAG(s) dict_keys(['tutorial_taskflow_api_etl_virtualenv']) retrieved from /home/airflow/.local/lib/python3.6/site-packages/airflow/example_dags/tutorial_taskflow_api_etl_virtualenv.py
[2022-10-01 00:14:18,832] {logging_mixin.py:109} INFO - [2022-10-01 00:14:18,832] {dag.py:1833} INFO - Sync 1 DAGs
[2022-10-01 00:14:18,845] {logging_mixin.py:109} INFO - [2022-10-01 00:14:18,845] {dag.py:2306} INFO - Setting next_dagrun for tutorial_taskflow_api_etl_virtualenv to None
[2022-10-01 00:14:18,857] {processor.py:170} INFO - Processing /home/airflow/.local/lib/python3.6/site-packages/airflow/example_dags/tutorial_taskflow_api_etl_virtualenv.py took 0.072 seconds
[2022-10-01 00:14:49,558] {processor.py:162} INFO - Started process (PID=7193) to work on /home/airflow/.local/lib/python3.6/site-packages/airflow/example_dags/tutorial_taskflow_api_etl_virtualenv.py
[2022-10-01 00:14:49,561] {processor.py:613} INFO - Processing file /home/airflow/.local/lib/python3.6/site-packages/airflow/example_dags/tutorial_taskflow_api_etl_virtualenv.py for tasks to queue
[2022-10-01 00:14:49,562] {logging_mixin.py:109} INFO - [2022-10-01 00:14:49,562] {dagbag.py:496} INFO - Filling up the DagBag from /home/airflow/.local/lib/python3.6/site-packages/airflow/example_dags/tutorial_taskflow_api_etl_virtualenv.py
[2022-10-01 00:14:49,573] {processor.py:623} INFO - DAG(s) dict_keys(['tutorial_taskflow_api_etl_virtualenv']) retrieved from /home/airflow/.local/lib/python3.6/site-packages/airflow/example_dags/tutorial_taskflow_api_etl_virtualenv.py
[2022-10-01 00:14:49,592] {logging_mixin.py:109} INFO - [2022-10-01 00:14:49,592] {dag.py:1833} INFO - Sync 1 DAGs
[2022-10-01 00:14:49,603] {logging_mixin.py:109} INFO - [2022-10-01 00:14:49,603] {dag.py:2306} INFO - Setting next_dagrun for tutorial_taskflow_api_etl_virtualenv to None
[2022-10-01 00:14:49,614] {processor.py:170} INFO - Processing /home/airflow/.local/lib/python3.6/site-packages/airflow/example_dags/tutorial_taskflow_api_etl_virtualenv.py took 0.058 seconds
[2022-10-01 00:15:20,498] {processor.py:162} INFO - Started process (PID=7254) to work on /home/airflow/.local/lib/python3.6/site-packages/airflow/example_dags/tutorial_taskflow_api_etl_virtualenv.py
[2022-10-01 00:15:20,500] {processor.py:613} INFO - Processing file /home/airflow/.local/lib/python3.6/site-packages/airflow/example_dags/tutorial_taskflow_api_etl_virtualenv.py for tasks to queue
[2022-10-01 00:15:20,502] {logging_mixin.py:109} INFO - [2022-10-01 00:15:20,502] {dagbag.py:496} INFO - Filling up the DagBag from /home/airflow/.local/lib/python3.6/site-packages/airflow/example_dags/tutorial_taskflow_api_etl_virtualenv.py
[2022-10-01 00:15:20,527] {processor.py:623} INFO - DAG(s) dict_keys(['tutorial_taskflow_api_etl_virtualenv']) retrieved from /home/airflow/.local/lib/python3.6/site-packages/airflow/example_dags/tutorial_taskflow_api_etl_virtualenv.py
[2022-10-01 00:15:20,729] {logging_mixin.py:109} INFO - [2022-10-01 00:15:20,728] {dag.py:1833} INFO - Sync 1 DAGs
[2022-10-01 00:15:20,744] {logging_mixin.py:109} INFO - [2022-10-01 00:15:20,744] {dag.py:2306} INFO - Setting next_dagrun for tutorial_taskflow_api_etl_virtualenv to None
[2022-10-01 00:15:20,760] {processor.py:170} INFO - Processing /home/airflow/.local/lib/python3.6/site-packages/airflow/example_dags/tutorial_taskflow_api_etl_virtualenv.py took 0.265 seconds
[2022-10-01 00:15:51,630] {processor.py:162} INFO - Started process (PID=7315) to work on /home/airflow/.local/lib/python3.6/site-packages/airflow/example_dags/tutorial_taskflow_api_etl_virtualenv.py
[2022-10-01 00:15:51,632] {processor.py:613} INFO - Processing file /home/airflow/.local/lib/python3.6/site-packages/airflow/example_dags/tutorial_taskflow_api_etl_virtualenv.py for tasks to queue
[2022-10-01 00:15:51,633] {logging_mixin.py:109} INFO - [2022-10-01 00:15:51,633] {dagbag.py:496} INFO - Filling up the DagBag from /home/airflow/.local/lib/python3.6/site-packages/airflow/example_dags/tutorial_taskflow_api_etl_virtualenv.py
[2022-10-01 00:15:51,643] {processor.py:623} INFO - DAG(s) dict_keys(['tutorial_taskflow_api_etl_virtualenv']) retrieved from /home/airflow/.local/lib/python3.6/site-packages/airflow/example_dags/tutorial_taskflow_api_etl_virtualenv.py
[2022-10-01 00:15:51,791] {logging_mixin.py:109} INFO - [2022-10-01 00:15:51,791] {dag.py:1833} INFO - Sync 1 DAGs
[2022-10-01 00:15:51,802] {logging_mixin.py:109} INFO - [2022-10-01 00:15:51,802] {dag.py:2306} INFO - Setting next_dagrun for tutorial_taskflow_api_etl_virtualenv to None
[2022-10-01 00:15:51,814] {processor.py:170} INFO - Processing /home/airflow/.local/lib/python3.6/site-packages/airflow/example_dags/tutorial_taskflow_api_etl_virtualenv.py took 0.186 seconds
[2022-10-01 00:16:22,342] {processor.py:162} INFO - Started process (PID=7366) to work on /home/airflow/.local/lib/python3.6/site-packages/airflow/example_dags/tutorial_taskflow_api_etl_virtualenv.py
[2022-10-01 00:16:22,344] {processor.py:613} INFO - Processing file /home/airflow/.local/lib/python3.6/site-packages/airflow/example_dags/tutorial_taskflow_api_etl_virtualenv.py for tasks to queue
[2022-10-01 00:16:22,345] {logging_mixin.py:109} INFO - [2022-10-01 00:16:22,345] {dagbag.py:496} INFO - Filling up the DagBag from /home/airflow/.local/lib/python3.6/site-packages/airflow/example_dags/tutorial_taskflow_api_etl_virtualenv.py
[2022-10-01 00:16:22,356] {processor.py:623} INFO - DAG(s) dict_keys(['tutorial_taskflow_api_etl_virtualenv']) retrieved from /home/airflow/.local/lib/python3.6/site-packages/airflow/example_dags/tutorial_taskflow_api_etl_virtualenv.py
[2022-10-01 00:16:22,376] {logging_mixin.py:109} INFO - [2022-10-01 00:16:22,376] {dag.py:1833} INFO - Sync 1 DAGs
[2022-10-01 00:16:22,389] {logging_mixin.py:109} INFO - [2022-10-01 00:16:22,389] {dag.py:2306} INFO - Setting next_dagrun for tutorial_taskflow_api_etl_virtualenv to None
[2022-10-01 00:16:22,400] {processor.py:170} INFO - Processing /home/airflow/.local/lib/python3.6/site-packages/airflow/example_dags/tutorial_taskflow_api_etl_virtualenv.py took 0.060 seconds
[2022-10-01 00:16:53,192] {processor.py:162} INFO - Started process (PID=7427) to work on /home/airflow/.local/lib/python3.6/site-packages/airflow/example_dags/tutorial_taskflow_api_etl_virtualenv.py
[2022-10-01 00:16:53,194] {processor.py:613} INFO - Processing file /home/airflow/.local/lib/python3.6/site-packages/airflow/example_dags/tutorial_taskflow_api_etl_virtualenv.py for tasks to queue
[2022-10-01 00:16:53,195] {logging_mixin.py:109} INFO - [2022-10-01 00:16:53,195] {dagbag.py:496} INFO - Filling up the DagBag from /home/airflow/.local/lib/python3.6/site-packages/airflow/example_dags/tutorial_taskflow_api_etl_virtualenv.py
[2022-10-01 00:16:53,207] {processor.py:623} INFO - DAG(s) dict_keys(['tutorial_taskflow_api_etl_virtualenv']) retrieved from /home/airflow/.local/lib/python3.6/site-packages/airflow/example_dags/tutorial_taskflow_api_etl_virtualenv.py
[2022-10-01 00:16:53,359] {logging_mixin.py:109} INFO - [2022-10-01 00:16:53,359] {dag.py:1833} INFO - Sync 1 DAGs
[2022-10-01 00:16:53,371] {logging_mixin.py:109} INFO - [2022-10-01 00:16:53,371] {dag.py:2306} INFO - Setting next_dagrun for tutorial_taskflow_api_etl_virtualenv to None
[2022-10-01 00:16:53,383] {processor.py:170} INFO - Processing /home/airflow/.local/lib/python3.6/site-packages/airflow/example_dags/tutorial_taskflow_api_etl_virtualenv.py took 0.193 seconds
[2022-10-01 00:17:24,310] {processor.py:162} INFO - Started process (PID=7488) to work on /home/airflow/.local/lib/python3.6/site-packages/airflow/example_dags/tutorial_taskflow_api_etl_virtualenv.py
[2022-10-01 00:17:24,311] {processor.py:613} INFO - Processing file /home/airflow/.local/lib/python3.6/site-packages/airflow/example_dags/tutorial_taskflow_api_etl_virtualenv.py for tasks to queue
[2022-10-01 00:17:24,313] {logging_mixin.py:109} INFO - [2022-10-01 00:17:24,313] {dagbag.py:496} INFO - Filling up the DagBag from /home/airflow/.local/lib/python3.6/site-packages/airflow/example_dags/tutorial_taskflow_api_etl_virtualenv.py
[2022-10-01 00:17:24,325] {processor.py:623} INFO - DAG(s) dict_keys(['tutorial_taskflow_api_etl_virtualenv']) retrieved from /home/airflow/.local/lib/python3.6/site-packages/airflow/example_dags/tutorial_taskflow_api_etl_virtualenv.py
[2022-10-01 00:17:24,346] {logging_mixin.py:109} INFO - [2022-10-01 00:17:24,345] {dag.py:1833} INFO - Sync 1 DAGs
[2022-10-01 00:17:24,359] {logging_mixin.py:109} INFO - [2022-10-01 00:17:24,359] {dag.py:2306} INFO - Setting next_dagrun for tutorial_taskflow_api_etl_virtualenv to None
[2022-10-01 00:17:24,371] {processor.py:170} INFO - Processing /home/airflow/.local/lib/python3.6/site-packages/airflow/example_dags/tutorial_taskflow_api_etl_virtualenv.py took 0.064 seconds
[2022-10-01 00:17:54,507] {processor.py:162} INFO - Started process (PID=7540) to work on /home/airflow/.local/lib/python3.6/site-packages/airflow/example_dags/tutorial_taskflow_api_etl_virtualenv.py
[2022-10-01 00:17:54,509] {processor.py:613} INFO - Processing file /home/airflow/.local/lib/python3.6/site-packages/airflow/example_dags/tutorial_taskflow_api_etl_virtualenv.py for tasks to queue
[2022-10-01 00:17:54,511] {logging_mixin.py:109} INFO - [2022-10-01 00:17:54,511] {dagbag.py:496} INFO - Filling up the DagBag from /home/airflow/.local/lib/python3.6/site-packages/airflow/example_dags/tutorial_taskflow_api_etl_virtualenv.py
[2022-10-01 00:17:54,526] {processor.py:623} INFO - DAG(s) dict_keys(['tutorial_taskflow_api_etl_virtualenv']) retrieved from /home/airflow/.local/lib/python3.6/site-packages/airflow/example_dags/tutorial_taskflow_api_etl_virtualenv.py
[2022-10-01 00:17:54,694] {logging_mixin.py:109} INFO - [2022-10-01 00:17:54,694] {dag.py:1833} INFO - Sync 1 DAGs
[2022-10-01 00:17:54,707] {logging_mixin.py:109} INFO - [2022-10-01 00:17:54,706] {dag.py:2306} INFO - Setting next_dagrun for tutorial_taskflow_api_etl_virtualenv to None
[2022-10-01 00:17:54,719] {processor.py:170} INFO - Processing /home/airflow/.local/lib/python3.6/site-packages/airflow/example_dags/tutorial_taskflow_api_etl_virtualenv.py took 0.214 seconds
[2022-10-01 00:18:17,640] {processor.py:162} INFO - Started process (PID=7591) to work on /home/airflow/.local/lib/python3.6/site-packages/airflow/example_dags/tutorial_taskflow_api_etl_virtualenv.py
[2022-10-01 00:18:17,642] {processor.py:613} INFO - Processing file /home/airflow/.local/lib/python3.6/site-packages/airflow/example_dags/tutorial_taskflow_api_etl_virtualenv.py for tasks to queue
[2022-10-01 00:18:17,644] {logging_mixin.py:109} INFO - [2022-10-01 00:18:17,643] {dagbag.py:496} INFO - Filling up the DagBag from /home/airflow/.local/lib/python3.6/site-packages/airflow/example_dags/tutorial_taskflow_api_etl_virtualenv.py
[2022-10-01 00:18:17,658] {processor.py:623} INFO - DAG(s) dict_keys(['tutorial_taskflow_api_etl_virtualenv']) retrieved from /home/airflow/.local/lib/python3.6/site-packages/airflow/example_dags/tutorial_taskflow_api_etl_virtualenv.py
[2022-10-01 00:18:17,704] {logging_mixin.py:109} INFO - [2022-10-01 00:18:17,704] {dag.py:1833} INFO - Sync 1 DAGs
[2022-10-01 00:18:17,721] {logging_mixin.py:109} INFO - [2022-10-01 00:18:17,721] {dag.py:2306} INFO - Setting next_dagrun for tutorial_taskflow_api_etl_virtualenv to None
[2022-10-01 00:18:17,736] {processor.py:170} INFO - Processing /home/airflow/.local/lib/python3.6/site-packages/airflow/example_dags/tutorial_taskflow_api_etl_virtualenv.py took 0.098 seconds
[2022-10-01 00:18:48,979] {processor.py:162} INFO - Started process (PID=7652) to work on /home/airflow/.local/lib/python3.6/site-packages/airflow/example_dags/tutorial_taskflow_api_etl_virtualenv.py
[2022-10-01 00:18:48,981] {processor.py:613} INFO - Processing file /home/airflow/.local/lib/python3.6/site-packages/airflow/example_dags/tutorial_taskflow_api_etl_virtualenv.py for tasks to queue
[2022-10-01 00:18:48,982] {logging_mixin.py:109} INFO - [2022-10-01 00:18:48,982] {dagbag.py:496} INFO - Filling up the DagBag from /home/airflow/.local/lib/python3.6/site-packages/airflow/example_dags/tutorial_taskflow_api_etl_virtualenv.py
[2022-10-01 00:18:48,994] {processor.py:623} INFO - DAG(s) dict_keys(['tutorial_taskflow_api_etl_virtualenv']) retrieved from /home/airflow/.local/lib/python3.6/site-packages/airflow/example_dags/tutorial_taskflow_api_etl_virtualenv.py
[2022-10-01 00:18:49,207] {logging_mixin.py:109} INFO - [2022-10-01 00:18:49,207] {dag.py:1833} INFO - Sync 1 DAGs
[2022-10-01 00:18:49,214] {logging_mixin.py:109} INFO - [2022-10-01 00:18:49,214] {dag.py:2306} INFO - Setting next_dagrun for tutorial_taskflow_api_etl_virtualenv to None
[2022-10-01 00:18:49,225] {processor.py:170} INFO - Processing /home/airflow/.local/lib/python3.6/site-packages/airflow/example_dags/tutorial_taskflow_api_etl_virtualenv.py took 0.248 seconds
[2022-10-01 00:19:19,930] {processor.py:162} INFO - Started process (PID=7713) to work on /home/airflow/.local/lib/python3.6/site-packages/airflow/example_dags/tutorial_taskflow_api_etl_virtualenv.py
[2022-10-01 00:19:19,931] {processor.py:613} INFO - Processing file /home/airflow/.local/lib/python3.6/site-packages/airflow/example_dags/tutorial_taskflow_api_etl_virtualenv.py for tasks to queue
[2022-10-01 00:19:19,932] {logging_mixin.py:109} INFO - [2022-10-01 00:19:19,932] {dagbag.py:496} INFO - Filling up the DagBag from /home/airflow/.local/lib/python3.6/site-packages/airflow/example_dags/tutorial_taskflow_api_etl_virtualenv.py
[2022-10-01 00:19:19,947] {processor.py:623} INFO - DAG(s) dict_keys(['tutorial_taskflow_api_etl_virtualenv']) retrieved from /home/airflow/.local/lib/python3.6/site-packages/airflow/example_dags/tutorial_taskflow_api_etl_virtualenv.py
[2022-10-01 00:19:20,162] {logging_mixin.py:109} INFO - [2022-10-01 00:19:20,162] {dag.py:1833} INFO - Sync 1 DAGs
[2022-10-01 00:19:20,172] {logging_mixin.py:109} INFO - [2022-10-01 00:19:20,172] {dag.py:2306} INFO - Setting next_dagrun for tutorial_taskflow_api_etl_virtualenv to None
[2022-10-01 00:19:20,185] {processor.py:170} INFO - Processing /home/airflow/.local/lib/python3.6/site-packages/airflow/example_dags/tutorial_taskflow_api_etl_virtualenv.py took 0.258 seconds
[2022-10-01 00:19:50,974] {processor.py:162} INFO - Started process (PID=7773) to work on /home/airflow/.local/lib/python3.6/site-packages/airflow/example_dags/tutorial_taskflow_api_etl_virtualenv.py
[2022-10-01 00:19:50,975] {processor.py:613} INFO - Processing file /home/airflow/.local/lib/python3.6/site-packages/airflow/example_dags/tutorial_taskflow_api_etl_virtualenv.py for tasks to queue
[2022-10-01 00:19:50,977] {logging_mixin.py:109} INFO - [2022-10-01 00:19:50,976] {dagbag.py:496} INFO - Filling up the DagBag from /home/airflow/.local/lib/python3.6/site-packages/airflow/example_dags/tutorial_taskflow_api_etl_virtualenv.py
[2022-10-01 00:19:50,990] {processor.py:623} INFO - DAG(s) dict_keys(['tutorial_taskflow_api_etl_virtualenv']) retrieved from /home/airflow/.local/lib/python3.6/site-packages/airflow/example_dags/tutorial_taskflow_api_etl_virtualenv.py
[2022-10-01 00:19:51,224] {logging_mixin.py:109} INFO - [2022-10-01 00:19:51,224] {dag.py:1833} INFO - Sync 1 DAGs
[2022-10-01 00:19:51,235] {logging_mixin.py:109} INFO - [2022-10-01 00:19:51,235] {dag.py:2306} INFO - Setting next_dagrun for tutorial_taskflow_api_etl_virtualenv to None
[2022-10-01 00:19:51,250] {processor.py:170} INFO - Processing /home/airflow/.local/lib/python3.6/site-packages/airflow/example_dags/tutorial_taskflow_api_etl_virtualenv.py took 0.278 seconds
