[2022-10-01 00:00:00,789] {processor.py:162} INFO - Started process (PID=5515) to work on /home/airflow/.local/lib/python3.6/site-packages/airflow/example_dags/tutorial_etl_dag.py
[2022-10-01 00:00:00,791] {processor.py:613} INFO - Processing file /home/airflow/.local/lib/python3.6/site-packages/airflow/example_dags/tutorial_etl_dag.py for tasks to queue
[2022-10-01 00:00:00,793] {logging_mixin.py:109} INFO - [2022-10-01 00:00:00,793] {dagbag.py:496} INFO - Filling up the DagBag from /home/airflow/.local/lib/python3.6/site-packages/airflow/example_dags/tutorial_etl_dag.py
[2022-10-01 00:00:00,804] {processor.py:623} INFO - DAG(s) dict_keys(['tutorial_etl_dag']) retrieved from /home/airflow/.local/lib/python3.6/site-packages/airflow/example_dags/tutorial_etl_dag.py
[2022-10-01 00:00:01,007] {logging_mixin.py:109} INFO - [2022-10-01 00:00:01,007] {dag.py:1833} INFO - Sync 1 DAGs
[2022-10-01 00:00:01,021] {logging_mixin.py:109} INFO - [2022-10-01 00:00:01,021] {dag.py:2306} INFO - Setting next_dagrun for tutorial_etl_dag to None
[2022-10-01 00:00:01,033] {processor.py:170} INFO - Processing /home/airflow/.local/lib/python3.6/site-packages/airflow/example_dags/tutorial_etl_dag.py took 0.247 seconds
[2022-10-01 00:00:31,594] {processor.py:162} INFO - Started process (PID=5576) to work on /home/airflow/.local/lib/python3.6/site-packages/airflow/example_dags/tutorial_etl_dag.py
[2022-10-01 00:00:31,598] {processor.py:613} INFO - Processing file /home/airflow/.local/lib/python3.6/site-packages/airflow/example_dags/tutorial_etl_dag.py for tasks to queue
[2022-10-01 00:00:31,601] {logging_mixin.py:109} INFO - [2022-10-01 00:00:31,601] {dagbag.py:496} INFO - Filling up the DagBag from /home/airflow/.local/lib/python3.6/site-packages/airflow/example_dags/tutorial_etl_dag.py
[2022-10-01 00:00:31,612] {processor.py:623} INFO - DAG(s) dict_keys(['tutorial_etl_dag']) retrieved from /home/airflow/.local/lib/python3.6/site-packages/airflow/example_dags/tutorial_etl_dag.py
[2022-10-01 00:00:31,636] {logging_mixin.py:109} INFO - [2022-10-01 00:00:31,635] {dag.py:1833} INFO - Sync 1 DAGs
[2022-10-01 00:00:31,652] {logging_mixin.py:109} INFO - [2022-10-01 00:00:31,652] {dag.py:2306} INFO - Setting next_dagrun for tutorial_etl_dag to None
[2022-10-01 00:00:31,664] {processor.py:170} INFO - Processing /home/airflow/.local/lib/python3.6/site-packages/airflow/example_dags/tutorial_etl_dag.py took 0.076 seconds
[2022-10-01 00:01:02,403] {processor.py:162} INFO - Started process (PID=5626) to work on /home/airflow/.local/lib/python3.6/site-packages/airflow/example_dags/tutorial_etl_dag.py
[2022-10-01 00:01:02,405] {processor.py:613} INFO - Processing file /home/airflow/.local/lib/python3.6/site-packages/airflow/example_dags/tutorial_etl_dag.py for tasks to queue
[2022-10-01 00:01:02,406] {logging_mixin.py:109} INFO - [2022-10-01 00:01:02,405] {dagbag.py:496} INFO - Filling up the DagBag from /home/airflow/.local/lib/python3.6/site-packages/airflow/example_dags/tutorial_etl_dag.py
[2022-10-01 00:01:02,414] {processor.py:623} INFO - DAG(s) dict_keys(['tutorial_etl_dag']) retrieved from /home/airflow/.local/lib/python3.6/site-packages/airflow/example_dags/tutorial_etl_dag.py
[2022-10-01 00:01:02,434] {logging_mixin.py:109} INFO - [2022-10-01 00:01:02,434] {dag.py:1833} INFO - Sync 1 DAGs
[2022-10-01 00:01:02,445] {logging_mixin.py:109} INFO - [2022-10-01 00:01:02,445] {dag.py:2306} INFO - Setting next_dagrun for tutorial_etl_dag to None
[2022-10-01 00:01:02,458] {processor.py:170} INFO - Processing /home/airflow/.local/lib/python3.6/site-packages/airflow/example_dags/tutorial_etl_dag.py took 0.058 seconds
[2022-10-01 00:01:32,730] {processor.py:162} INFO - Started process (PID=5687) to work on /home/airflow/.local/lib/python3.6/site-packages/airflow/example_dags/tutorial_etl_dag.py
[2022-10-01 00:01:32,732] {processor.py:613} INFO - Processing file /home/airflow/.local/lib/python3.6/site-packages/airflow/example_dags/tutorial_etl_dag.py for tasks to queue
[2022-10-01 00:01:32,734] {logging_mixin.py:109} INFO - [2022-10-01 00:01:32,734] {dagbag.py:496} INFO - Filling up the DagBag from /home/airflow/.local/lib/python3.6/site-packages/airflow/example_dags/tutorial_etl_dag.py
[2022-10-01 00:01:32,742] {processor.py:623} INFO - DAG(s) dict_keys(['tutorial_etl_dag']) retrieved from /home/airflow/.local/lib/python3.6/site-packages/airflow/example_dags/tutorial_etl_dag.py
[2022-10-01 00:01:32,761] {logging_mixin.py:109} INFO - [2022-10-01 00:01:32,761] {dag.py:1833} INFO - Sync 1 DAGs
[2022-10-01 00:01:32,772] {logging_mixin.py:109} INFO - [2022-10-01 00:01:32,772] {dag.py:2306} INFO - Setting next_dagrun for tutorial_etl_dag to None
[2022-10-01 00:01:32,782] {processor.py:170} INFO - Processing /home/airflow/.local/lib/python3.6/site-packages/airflow/example_dags/tutorial_etl_dag.py took 0.054 seconds
[2022-10-01 00:02:02,963] {processor.py:162} INFO - Started process (PID=5748) to work on /home/airflow/.local/lib/python3.6/site-packages/airflow/example_dags/tutorial_etl_dag.py
[2022-10-01 00:02:02,965] {processor.py:613} INFO - Processing file /home/airflow/.local/lib/python3.6/site-packages/airflow/example_dags/tutorial_etl_dag.py for tasks to queue
[2022-10-01 00:02:02,966] {logging_mixin.py:109} INFO - [2022-10-01 00:02:02,966] {dagbag.py:496} INFO - Filling up the DagBag from /home/airflow/.local/lib/python3.6/site-packages/airflow/example_dags/tutorial_etl_dag.py
[2022-10-01 00:02:02,975] {processor.py:623} INFO - DAG(s) dict_keys(['tutorial_etl_dag']) retrieved from /home/airflow/.local/lib/python3.6/site-packages/airflow/example_dags/tutorial_etl_dag.py
[2022-10-01 00:02:02,994] {logging_mixin.py:109} INFO - [2022-10-01 00:02:02,994] {dag.py:1833} INFO - Sync 1 DAGs
[2022-10-01 00:02:03,007] {logging_mixin.py:109} INFO - [2022-10-01 00:02:03,007] {dag.py:2306} INFO - Setting next_dagrun for tutorial_etl_dag to None
[2022-10-01 00:02:03,017] {processor.py:170} INFO - Processing /home/airflow/.local/lib/python3.6/site-packages/airflow/example_dags/tutorial_etl_dag.py took 0.057 seconds
[2022-10-01 00:02:33,340] {processor.py:162} INFO - Started process (PID=5799) to work on /home/airflow/.local/lib/python3.6/site-packages/airflow/example_dags/tutorial_etl_dag.py
[2022-10-01 00:02:33,341] {processor.py:613} INFO - Processing file /home/airflow/.local/lib/python3.6/site-packages/airflow/example_dags/tutorial_etl_dag.py for tasks to queue
[2022-10-01 00:02:33,343] {logging_mixin.py:109} INFO - [2022-10-01 00:02:33,343] {dagbag.py:496} INFO - Filling up the DagBag from /home/airflow/.local/lib/python3.6/site-packages/airflow/example_dags/tutorial_etl_dag.py
[2022-10-01 00:02:33,351] {processor.py:623} INFO - DAG(s) dict_keys(['tutorial_etl_dag']) retrieved from /home/airflow/.local/lib/python3.6/site-packages/airflow/example_dags/tutorial_etl_dag.py
[2022-10-01 00:02:33,367] {logging_mixin.py:109} INFO - [2022-10-01 00:02:33,367] {dag.py:1833} INFO - Sync 1 DAGs
[2022-10-01 00:02:33,379] {logging_mixin.py:109} INFO - [2022-10-01 00:02:33,379] {dag.py:2306} INFO - Setting next_dagrun for tutorial_etl_dag to None
[2022-10-01 00:02:33,390] {processor.py:170} INFO - Processing /home/airflow/.local/lib/python3.6/site-packages/airflow/example_dags/tutorial_etl_dag.py took 0.053 seconds
[2022-10-01 00:03:03,461] {processor.py:162} INFO - Started process (PID=5860) to work on /home/airflow/.local/lib/python3.6/site-packages/airflow/example_dags/tutorial_etl_dag.py
[2022-10-01 00:03:03,463] {processor.py:613} INFO - Processing file /home/airflow/.local/lib/python3.6/site-packages/airflow/example_dags/tutorial_etl_dag.py for tasks to queue
[2022-10-01 00:03:03,464] {logging_mixin.py:109} INFO - [2022-10-01 00:03:03,464] {dagbag.py:496} INFO - Filling up the DagBag from /home/airflow/.local/lib/python3.6/site-packages/airflow/example_dags/tutorial_etl_dag.py
[2022-10-01 00:03:03,475] {processor.py:623} INFO - DAG(s) dict_keys(['tutorial_etl_dag']) retrieved from /home/airflow/.local/lib/python3.6/site-packages/airflow/example_dags/tutorial_etl_dag.py
[2022-10-01 00:03:03,495] {logging_mixin.py:109} INFO - [2022-10-01 00:03:03,495] {dag.py:1833} INFO - Sync 1 DAGs
[2022-10-01 00:03:03,510] {logging_mixin.py:109} INFO - [2022-10-01 00:03:03,510] {dag.py:2306} INFO - Setting next_dagrun for tutorial_etl_dag to None
[2022-10-01 00:03:03,522] {processor.py:170} INFO - Processing /home/airflow/.local/lib/python3.6/site-packages/airflow/example_dags/tutorial_etl_dag.py took 0.064 seconds
[2022-10-01 00:03:33,739] {processor.py:162} INFO - Started process (PID=5921) to work on /home/airflow/.local/lib/python3.6/site-packages/airflow/example_dags/tutorial_etl_dag.py
[2022-10-01 00:03:33,740] {processor.py:613} INFO - Processing file /home/airflow/.local/lib/python3.6/site-packages/airflow/example_dags/tutorial_etl_dag.py for tasks to queue
[2022-10-01 00:03:33,741] {logging_mixin.py:109} INFO - [2022-10-01 00:03:33,741] {dagbag.py:496} INFO - Filling up the DagBag from /home/airflow/.local/lib/python3.6/site-packages/airflow/example_dags/tutorial_etl_dag.py
[2022-10-01 00:03:33,750] {processor.py:623} INFO - DAG(s) dict_keys(['tutorial_etl_dag']) retrieved from /home/airflow/.local/lib/python3.6/site-packages/airflow/example_dags/tutorial_etl_dag.py
[2022-10-01 00:03:33,797] {logging_mixin.py:109} INFO - [2022-10-01 00:03:33,797] {dag.py:1833} INFO - Sync 1 DAGs
[2022-10-01 00:03:33,813] {logging_mixin.py:109} INFO - [2022-10-01 00:03:33,813] {dag.py:2306} INFO - Setting next_dagrun for tutorial_etl_dag to None
[2022-10-01 00:03:33,825] {processor.py:170} INFO - Processing /home/airflow/.local/lib/python3.6/site-packages/airflow/example_dags/tutorial_etl_dag.py took 0.089 seconds
[2022-10-01 00:04:04,074] {processor.py:162} INFO - Started process (PID=5972) to work on /home/airflow/.local/lib/python3.6/site-packages/airflow/example_dags/tutorial_etl_dag.py
[2022-10-01 00:04:04,076] {processor.py:613} INFO - Processing file /home/airflow/.local/lib/python3.6/site-packages/airflow/example_dags/tutorial_etl_dag.py for tasks to queue
[2022-10-01 00:04:04,078] {logging_mixin.py:109} INFO - [2022-10-01 00:04:04,078] {dagbag.py:496} INFO - Filling up the DagBag from /home/airflow/.local/lib/python3.6/site-packages/airflow/example_dags/tutorial_etl_dag.py
[2022-10-01 00:04:04,087] {processor.py:623} INFO - DAG(s) dict_keys(['tutorial_etl_dag']) retrieved from /home/airflow/.local/lib/python3.6/site-packages/airflow/example_dags/tutorial_etl_dag.py
[2022-10-01 00:04:04,106] {logging_mixin.py:109} INFO - [2022-10-01 00:04:04,106] {dag.py:1833} INFO - Sync 1 DAGs
[2022-10-01 00:04:04,118] {logging_mixin.py:109} INFO - [2022-10-01 00:04:04,118] {dag.py:2306} INFO - Setting next_dagrun for tutorial_etl_dag to None
[2022-10-01 00:04:04,128] {processor.py:170} INFO - Processing /home/airflow/.local/lib/python3.6/site-packages/airflow/example_dags/tutorial_etl_dag.py took 0.056 seconds
[2022-10-01 00:04:34,316] {processor.py:162} INFO - Started process (PID=6033) to work on /home/airflow/.local/lib/python3.6/site-packages/airflow/example_dags/tutorial_etl_dag.py
[2022-10-01 00:04:34,318] {processor.py:613} INFO - Processing file /home/airflow/.local/lib/python3.6/site-packages/airflow/example_dags/tutorial_etl_dag.py for tasks to queue
[2022-10-01 00:04:34,319] {logging_mixin.py:109} INFO - [2022-10-01 00:04:34,319] {dagbag.py:496} INFO - Filling up the DagBag from /home/airflow/.local/lib/python3.6/site-packages/airflow/example_dags/tutorial_etl_dag.py
[2022-10-01 00:04:34,328] {processor.py:623} INFO - DAG(s) dict_keys(['tutorial_etl_dag']) retrieved from /home/airflow/.local/lib/python3.6/site-packages/airflow/example_dags/tutorial_etl_dag.py
[2022-10-01 00:04:34,347] {logging_mixin.py:109} INFO - [2022-10-01 00:04:34,347] {dag.py:1833} INFO - Sync 1 DAGs
[2022-10-01 00:04:34,360] {logging_mixin.py:109} INFO - [2022-10-01 00:04:34,360] {dag.py:2306} INFO - Setting next_dagrun for tutorial_etl_dag to None
[2022-10-01 00:04:34,372] {processor.py:170} INFO - Processing /home/airflow/.local/lib/python3.6/site-packages/airflow/example_dags/tutorial_etl_dag.py took 0.058 seconds
[2022-10-01 00:05:04,677] {processor.py:162} INFO - Started process (PID=6093) to work on /home/airflow/.local/lib/python3.6/site-packages/airflow/example_dags/tutorial_etl_dag.py
[2022-10-01 00:05:04,680] {processor.py:613} INFO - Processing file /home/airflow/.local/lib/python3.6/site-packages/airflow/example_dags/tutorial_etl_dag.py for tasks to queue
[2022-10-01 00:05:04,681] {logging_mixin.py:109} INFO - [2022-10-01 00:05:04,681] {dagbag.py:496} INFO - Filling up the DagBag from /home/airflow/.local/lib/python3.6/site-packages/airflow/example_dags/tutorial_etl_dag.py
[2022-10-01 00:05:04,690] {processor.py:623} INFO - DAG(s) dict_keys(['tutorial_etl_dag']) retrieved from /home/airflow/.local/lib/python3.6/site-packages/airflow/example_dags/tutorial_etl_dag.py
[2022-10-01 00:05:04,713] {logging_mixin.py:109} INFO - [2022-10-01 00:05:04,713] {dag.py:1833} INFO - Sync 1 DAGs
[2022-10-01 00:05:04,727] {logging_mixin.py:109} INFO - [2022-10-01 00:05:04,727] {dag.py:2306} INFO - Setting next_dagrun for tutorial_etl_dag to None
[2022-10-01 00:05:04,742] {processor.py:170} INFO - Processing /home/airflow/.local/lib/python3.6/site-packages/airflow/example_dags/tutorial_etl_dag.py took 0.069 seconds
[2022-10-01 00:05:34,947] {processor.py:162} INFO - Started process (PID=6145) to work on /home/airflow/.local/lib/python3.6/site-packages/airflow/example_dags/tutorial_etl_dag.py
[2022-10-01 00:05:34,949] {processor.py:613} INFO - Processing file /home/airflow/.local/lib/python3.6/site-packages/airflow/example_dags/tutorial_etl_dag.py for tasks to queue
[2022-10-01 00:05:34,950] {logging_mixin.py:109} INFO - [2022-10-01 00:05:34,950] {dagbag.py:496} INFO - Filling up the DagBag from /home/airflow/.local/lib/python3.6/site-packages/airflow/example_dags/tutorial_etl_dag.py
[2022-10-01 00:05:34,959] {processor.py:623} INFO - DAG(s) dict_keys(['tutorial_etl_dag']) retrieved from /home/airflow/.local/lib/python3.6/site-packages/airflow/example_dags/tutorial_etl_dag.py
[2022-10-01 00:05:34,980] {logging_mixin.py:109} INFO - [2022-10-01 00:05:34,979] {dag.py:1833} INFO - Sync 1 DAGs
[2022-10-01 00:05:34,992] {logging_mixin.py:109} INFO - [2022-10-01 00:05:34,992] {dag.py:2306} INFO - Setting next_dagrun for tutorial_etl_dag to None
[2022-10-01 00:05:35,004] {processor.py:170} INFO - Processing /home/airflow/.local/lib/python3.6/site-packages/airflow/example_dags/tutorial_etl_dag.py took 0.059 seconds
[2022-10-01 00:06:05,319] {processor.py:162} INFO - Started process (PID=6207) to work on /home/airflow/.local/lib/python3.6/site-packages/airflow/example_dags/tutorial_etl_dag.py
[2022-10-01 00:06:05,322] {processor.py:613} INFO - Processing file /home/airflow/.local/lib/python3.6/site-packages/airflow/example_dags/tutorial_etl_dag.py for tasks to queue
[2022-10-01 00:06:05,323] {logging_mixin.py:109} INFO - [2022-10-01 00:06:05,323] {dagbag.py:496} INFO - Filling up the DagBag from /home/airflow/.local/lib/python3.6/site-packages/airflow/example_dags/tutorial_etl_dag.py
[2022-10-01 00:06:05,334] {processor.py:623} INFO - DAG(s) dict_keys(['tutorial_etl_dag']) retrieved from /home/airflow/.local/lib/python3.6/site-packages/airflow/example_dags/tutorial_etl_dag.py
[2022-10-01 00:06:05,355] {logging_mixin.py:109} INFO - [2022-10-01 00:06:05,355] {dag.py:1833} INFO - Sync 1 DAGs
[2022-10-01 00:06:05,370] {logging_mixin.py:109} INFO - [2022-10-01 00:06:05,370] {dag.py:2306} INFO - Setting next_dagrun for tutorial_etl_dag to None
[2022-10-01 00:06:05,384] {processor.py:170} INFO - Processing /home/airflow/.local/lib/python3.6/site-packages/airflow/example_dags/tutorial_etl_dag.py took 0.070 seconds
[2022-10-01 00:06:35,585] {processor.py:162} INFO - Started process (PID=6259) to work on /home/airflow/.local/lib/python3.6/site-packages/airflow/example_dags/tutorial_etl_dag.py
[2022-10-01 00:06:35,587] {processor.py:613} INFO - Processing file /home/airflow/.local/lib/python3.6/site-packages/airflow/example_dags/tutorial_etl_dag.py for tasks to queue
[2022-10-01 00:06:35,588] {logging_mixin.py:109} INFO - [2022-10-01 00:06:35,588] {dagbag.py:496} INFO - Filling up the DagBag from /home/airflow/.local/lib/python3.6/site-packages/airflow/example_dags/tutorial_etl_dag.py
[2022-10-01 00:06:35,597] {processor.py:623} INFO - DAG(s) dict_keys(['tutorial_etl_dag']) retrieved from /home/airflow/.local/lib/python3.6/site-packages/airflow/example_dags/tutorial_etl_dag.py
[2022-10-01 00:06:35,617] {logging_mixin.py:109} INFO - [2022-10-01 00:06:35,617] {dag.py:1833} INFO - Sync 1 DAGs
[2022-10-01 00:06:35,629] {logging_mixin.py:109} INFO - [2022-10-01 00:06:35,629] {dag.py:2306} INFO - Setting next_dagrun for tutorial_etl_dag to None
[2022-10-01 00:06:35,640] {processor.py:170} INFO - Processing /home/airflow/.local/lib/python3.6/site-packages/airflow/example_dags/tutorial_etl_dag.py took 0.056 seconds
[2022-10-01 00:07:05,773] {processor.py:162} INFO - Started process (PID=6320) to work on /home/airflow/.local/lib/python3.6/site-packages/airflow/example_dags/tutorial_etl_dag.py
[2022-10-01 00:07:05,776] {processor.py:613} INFO - Processing file /home/airflow/.local/lib/python3.6/site-packages/airflow/example_dags/tutorial_etl_dag.py for tasks to queue
[2022-10-01 00:07:05,777] {logging_mixin.py:109} INFO - [2022-10-01 00:07:05,777] {dagbag.py:496} INFO - Filling up the DagBag from /home/airflow/.local/lib/python3.6/site-packages/airflow/example_dags/tutorial_etl_dag.py
[2022-10-01 00:07:05,786] {processor.py:623} INFO - DAG(s) dict_keys(['tutorial_etl_dag']) retrieved from /home/airflow/.local/lib/python3.6/site-packages/airflow/example_dags/tutorial_etl_dag.py
[2022-10-01 00:07:05,806] {logging_mixin.py:109} INFO - [2022-10-01 00:07:05,806] {dag.py:1833} INFO - Sync 1 DAGs
[2022-10-01 00:07:05,819] {logging_mixin.py:109} INFO - [2022-10-01 00:07:05,818] {dag.py:2306} INFO - Setting next_dagrun for tutorial_etl_dag to None
[2022-10-01 00:07:05,828] {processor.py:170} INFO - Processing /home/airflow/.local/lib/python3.6/site-packages/airflow/example_dags/tutorial_etl_dag.py took 0.057 seconds
[2022-10-01 00:07:37,308] {processor.py:162} INFO - Started process (PID=6381) to work on /home/airflow/.local/lib/python3.6/site-packages/airflow/example_dags/tutorial_etl_dag.py
[2022-10-01 00:07:37,310] {processor.py:613} INFO - Processing file /home/airflow/.local/lib/python3.6/site-packages/airflow/example_dags/tutorial_etl_dag.py for tasks to queue
[2022-10-01 00:07:37,312] {logging_mixin.py:109} INFO - [2022-10-01 00:07:37,312] {dagbag.py:496} INFO - Filling up the DagBag from /home/airflow/.local/lib/python3.6/site-packages/airflow/example_dags/tutorial_etl_dag.py
[2022-10-01 00:07:37,326] {processor.py:623} INFO - DAG(s) dict_keys(['tutorial_etl_dag']) retrieved from /home/airflow/.local/lib/python3.6/site-packages/airflow/example_dags/tutorial_etl_dag.py
[2022-10-01 00:07:37,355] {logging_mixin.py:109} INFO - [2022-10-01 00:07:37,355] {dag.py:1833} INFO - Sync 1 DAGs
[2022-10-01 00:07:37,374] {logging_mixin.py:109} INFO - [2022-10-01 00:07:37,373] {dag.py:2306} INFO - Setting next_dagrun for tutorial_etl_dag to None
[2022-10-01 00:07:37,390] {processor.py:170} INFO - Processing /home/airflow/.local/lib/python3.6/site-packages/airflow/example_dags/tutorial_etl_dag.py took 0.087 seconds
[2022-10-01 00:08:07,501] {processor.py:162} INFO - Started process (PID=6432) to work on /home/airflow/.local/lib/python3.6/site-packages/airflow/example_dags/tutorial_etl_dag.py
[2022-10-01 00:08:07,503] {processor.py:613} INFO - Processing file /home/airflow/.local/lib/python3.6/site-packages/airflow/example_dags/tutorial_etl_dag.py for tasks to queue
[2022-10-01 00:08:07,504] {logging_mixin.py:109} INFO - [2022-10-01 00:08:07,504] {dagbag.py:496} INFO - Filling up the DagBag from /home/airflow/.local/lib/python3.6/site-packages/airflow/example_dags/tutorial_etl_dag.py
[2022-10-01 00:08:07,515] {processor.py:623} INFO - DAG(s) dict_keys(['tutorial_etl_dag']) retrieved from /home/airflow/.local/lib/python3.6/site-packages/airflow/example_dags/tutorial_etl_dag.py
[2022-10-01 00:08:07,537] {logging_mixin.py:109} INFO - [2022-10-01 00:08:07,537] {dag.py:1833} INFO - Sync 1 DAGs
[2022-10-01 00:08:07,553] {logging_mixin.py:109} INFO - [2022-10-01 00:08:07,552] {dag.py:2306} INFO - Setting next_dagrun for tutorial_etl_dag to None
[2022-10-01 00:08:07,563] {processor.py:170} INFO - Processing /home/airflow/.local/lib/python3.6/site-packages/airflow/example_dags/tutorial_etl_dag.py took 0.065 seconds
[2022-10-01 00:08:37,821] {processor.py:162} INFO - Started process (PID=6493) to work on /home/airflow/.local/lib/python3.6/site-packages/airflow/example_dags/tutorial_etl_dag.py
[2022-10-01 00:08:37,822] {processor.py:613} INFO - Processing file /home/airflow/.local/lib/python3.6/site-packages/airflow/example_dags/tutorial_etl_dag.py for tasks to queue
[2022-10-01 00:08:37,824] {logging_mixin.py:109} INFO - [2022-10-01 00:08:37,824] {dagbag.py:496} INFO - Filling up the DagBag from /home/airflow/.local/lib/python3.6/site-packages/airflow/example_dags/tutorial_etl_dag.py
[2022-10-01 00:08:37,832] {processor.py:623} INFO - DAG(s) dict_keys(['tutorial_etl_dag']) retrieved from /home/airflow/.local/lib/python3.6/site-packages/airflow/example_dags/tutorial_etl_dag.py
[2022-10-01 00:08:37,850] {logging_mixin.py:109} INFO - [2022-10-01 00:08:37,849] {dag.py:1833} INFO - Sync 1 DAGs
[2022-10-01 00:08:37,861] {logging_mixin.py:109} INFO - [2022-10-01 00:08:37,861] {dag.py:2306} INFO - Setting next_dagrun for tutorial_etl_dag to None
[2022-10-01 00:08:37,872] {processor.py:170} INFO - Processing /home/airflow/.local/lib/python3.6/site-packages/airflow/example_dags/tutorial_etl_dag.py took 0.054 seconds
[2022-10-01 00:09:08,961] {processor.py:162} INFO - Started process (PID=6553) to work on /home/airflow/.local/lib/python3.6/site-packages/airflow/example_dags/tutorial_etl_dag.py
[2022-10-01 00:09:08,963] {processor.py:613} INFO - Processing file /home/airflow/.local/lib/python3.6/site-packages/airflow/example_dags/tutorial_etl_dag.py for tasks to queue
[2022-10-01 00:09:08,964] {logging_mixin.py:109} INFO - [2022-10-01 00:09:08,964] {dagbag.py:496} INFO - Filling up the DagBag from /home/airflow/.local/lib/python3.6/site-packages/airflow/example_dags/tutorial_etl_dag.py
[2022-10-01 00:09:08,982] {processor.py:623} INFO - DAG(s) dict_keys(['tutorial_etl_dag']) retrieved from /home/airflow/.local/lib/python3.6/site-packages/airflow/example_dags/tutorial_etl_dag.py
[2022-10-01 00:09:09,009] {logging_mixin.py:109} INFO - [2022-10-01 00:09:09,009] {dag.py:1833} INFO - Sync 1 DAGs
[2022-10-01 00:09:09,027] {logging_mixin.py:109} INFO - [2022-10-01 00:09:09,027] {dag.py:2306} INFO - Setting next_dagrun for tutorial_etl_dag to None
[2022-10-01 00:09:09,040] {processor.py:170} INFO - Processing /home/airflow/.local/lib/python3.6/site-packages/airflow/example_dags/tutorial_etl_dag.py took 0.084 seconds
[2022-10-01 00:09:39,669] {processor.py:162} INFO - Started process (PID=6605) to work on /home/airflow/.local/lib/python3.6/site-packages/airflow/example_dags/tutorial_etl_dag.py
[2022-10-01 00:09:39,671] {processor.py:613} INFO - Processing file /home/airflow/.local/lib/python3.6/site-packages/airflow/example_dags/tutorial_etl_dag.py for tasks to queue
[2022-10-01 00:09:39,672] {logging_mixin.py:109} INFO - [2022-10-01 00:09:39,672] {dagbag.py:496} INFO - Filling up the DagBag from /home/airflow/.local/lib/python3.6/site-packages/airflow/example_dags/tutorial_etl_dag.py
[2022-10-01 00:09:39,682] {processor.py:623} INFO - DAG(s) dict_keys(['tutorial_etl_dag']) retrieved from /home/airflow/.local/lib/python3.6/site-packages/airflow/example_dags/tutorial_etl_dag.py
[2022-10-01 00:09:39,701] {logging_mixin.py:109} INFO - [2022-10-01 00:09:39,701] {dag.py:1833} INFO - Sync 1 DAGs
[2022-10-01 00:09:39,714] {logging_mixin.py:109} INFO - [2022-10-01 00:09:39,714] {dag.py:2306} INFO - Setting next_dagrun for tutorial_etl_dag to None
[2022-10-01 00:09:39,725] {processor.py:170} INFO - Processing /home/airflow/.local/lib/python3.6/site-packages/airflow/example_dags/tutorial_etl_dag.py took 0.059 seconds
[2022-10-01 00:10:10,603] {processor.py:162} INFO - Started process (PID=6666) to work on /home/airflow/.local/lib/python3.6/site-packages/airflow/example_dags/tutorial_etl_dag.py
[2022-10-01 00:10:10,604] {processor.py:613} INFO - Processing file /home/airflow/.local/lib/python3.6/site-packages/airflow/example_dags/tutorial_etl_dag.py for tasks to queue
[2022-10-01 00:10:10,605] {logging_mixin.py:109} INFO - [2022-10-01 00:10:10,605] {dagbag.py:496} INFO - Filling up the DagBag from /home/airflow/.local/lib/python3.6/site-packages/airflow/example_dags/tutorial_etl_dag.py
[2022-10-01 00:10:10,616] {processor.py:623} INFO - DAG(s) dict_keys(['tutorial_etl_dag']) retrieved from /home/airflow/.local/lib/python3.6/site-packages/airflow/example_dags/tutorial_etl_dag.py
[2022-10-01 00:10:10,638] {logging_mixin.py:109} INFO - [2022-10-01 00:10:10,638] {dag.py:1833} INFO - Sync 1 DAGs
[2022-10-01 00:10:10,651] {logging_mixin.py:109} INFO - [2022-10-01 00:10:10,651] {dag.py:2306} INFO - Setting next_dagrun for tutorial_etl_dag to None
[2022-10-01 00:10:10,663] {processor.py:170} INFO - Processing /home/airflow/.local/lib/python3.6/site-packages/airflow/example_dags/tutorial_etl_dag.py took 0.063 seconds
[2022-10-01 00:10:41,182] {processor.py:162} INFO - Started process (PID=6727) to work on /home/airflow/.local/lib/python3.6/site-packages/airflow/example_dags/tutorial_etl_dag.py
[2022-10-01 00:10:41,184] {processor.py:613} INFO - Processing file /home/airflow/.local/lib/python3.6/site-packages/airflow/example_dags/tutorial_etl_dag.py for tasks to queue
[2022-10-01 00:10:41,185] {logging_mixin.py:109} INFO - [2022-10-01 00:10:41,185] {dagbag.py:496} INFO - Filling up the DagBag from /home/airflow/.local/lib/python3.6/site-packages/airflow/example_dags/tutorial_etl_dag.py
[2022-10-01 00:10:41,194] {processor.py:623} INFO - DAG(s) dict_keys(['tutorial_etl_dag']) retrieved from /home/airflow/.local/lib/python3.6/site-packages/airflow/example_dags/tutorial_etl_dag.py
[2022-10-01 00:10:41,213] {logging_mixin.py:109} INFO - [2022-10-01 00:10:41,213] {dag.py:1833} INFO - Sync 1 DAGs
[2022-10-01 00:10:41,228] {logging_mixin.py:109} INFO - [2022-10-01 00:10:41,228] {dag.py:2306} INFO - Setting next_dagrun for tutorial_etl_dag to None
[2022-10-01 00:10:41,238] {processor.py:170} INFO - Processing /home/airflow/.local/lib/python3.6/site-packages/airflow/example_dags/tutorial_etl_dag.py took 0.059 seconds
[2022-10-01 00:11:11,727] {processor.py:162} INFO - Started process (PID=6778) to work on /home/airflow/.local/lib/python3.6/site-packages/airflow/example_dags/tutorial_etl_dag.py
[2022-10-01 00:11:11,728] {processor.py:613} INFO - Processing file /home/airflow/.local/lib/python3.6/site-packages/airflow/example_dags/tutorial_etl_dag.py for tasks to queue
[2022-10-01 00:11:11,729] {logging_mixin.py:109} INFO - [2022-10-01 00:11:11,729] {dagbag.py:496} INFO - Filling up the DagBag from /home/airflow/.local/lib/python3.6/site-packages/airflow/example_dags/tutorial_etl_dag.py
[2022-10-01 00:11:11,738] {processor.py:623} INFO - DAG(s) dict_keys(['tutorial_etl_dag']) retrieved from /home/airflow/.local/lib/python3.6/site-packages/airflow/example_dags/tutorial_etl_dag.py
[2022-10-01 00:11:11,761] {logging_mixin.py:109} INFO - [2022-10-01 00:11:11,761] {dag.py:1833} INFO - Sync 1 DAGs
[2022-10-01 00:11:11,780] {logging_mixin.py:109} INFO - [2022-10-01 00:11:11,780] {dag.py:2306} INFO - Setting next_dagrun for tutorial_etl_dag to None
[2022-10-01 00:11:11,794] {processor.py:170} INFO - Processing /home/airflow/.local/lib/python3.6/site-packages/airflow/example_dags/tutorial_etl_dag.py took 0.069 seconds
[2022-10-01 00:11:42,641] {processor.py:162} INFO - Started process (PID=6839) to work on /home/airflow/.local/lib/python3.6/site-packages/airflow/example_dags/tutorial_etl_dag.py
[2022-10-01 00:11:42,642] {processor.py:613} INFO - Processing file /home/airflow/.local/lib/python3.6/site-packages/airflow/example_dags/tutorial_etl_dag.py for tasks to queue
[2022-10-01 00:11:42,644] {logging_mixin.py:109} INFO - [2022-10-01 00:11:42,644] {dagbag.py:496} INFO - Filling up the DagBag from /home/airflow/.local/lib/python3.6/site-packages/airflow/example_dags/tutorial_etl_dag.py
[2022-10-01 00:11:42,652] {processor.py:623} INFO - DAG(s) dict_keys(['tutorial_etl_dag']) retrieved from /home/airflow/.local/lib/python3.6/site-packages/airflow/example_dags/tutorial_etl_dag.py
[2022-10-01 00:11:42,669] {logging_mixin.py:109} INFO - [2022-10-01 00:11:42,669] {dag.py:1833} INFO - Sync 1 DAGs
[2022-10-01 00:11:42,679] {logging_mixin.py:109} INFO - [2022-10-01 00:11:42,679] {dag.py:2306} INFO - Setting next_dagrun for tutorial_etl_dag to None
[2022-10-01 00:11:42,690] {processor.py:170} INFO - Processing /home/airflow/.local/lib/python3.6/site-packages/airflow/example_dags/tutorial_etl_dag.py took 0.052 seconds
[2022-10-01 00:12:12,745] {processor.py:162} INFO - Started process (PID=6900) to work on /home/airflow/.local/lib/python3.6/site-packages/airflow/example_dags/tutorial_etl_dag.py
[2022-10-01 00:12:12,747] {processor.py:613} INFO - Processing file /home/airflow/.local/lib/python3.6/site-packages/airflow/example_dags/tutorial_etl_dag.py for tasks to queue
[2022-10-01 00:12:12,748] {logging_mixin.py:109} INFO - [2022-10-01 00:12:12,748] {dagbag.py:496} INFO - Filling up the DagBag from /home/airflow/.local/lib/python3.6/site-packages/airflow/example_dags/tutorial_etl_dag.py
[2022-10-01 00:12:12,758] {processor.py:623} INFO - DAG(s) dict_keys(['tutorial_etl_dag']) retrieved from /home/airflow/.local/lib/python3.6/site-packages/airflow/example_dags/tutorial_etl_dag.py
[2022-10-01 00:12:12,776] {logging_mixin.py:109} INFO - [2022-10-01 00:12:12,775] {dag.py:1833} INFO - Sync 1 DAGs
[2022-10-01 00:12:12,792] {logging_mixin.py:109} INFO - [2022-10-01 00:12:12,792] {dag.py:2306} INFO - Setting next_dagrun for tutorial_etl_dag to None
[2022-10-01 00:12:12,802] {processor.py:170} INFO - Processing /home/airflow/.local/lib/python3.6/site-packages/airflow/example_dags/tutorial_etl_dag.py took 0.060 seconds
[2022-10-01 00:12:43,876] {processor.py:162} INFO - Started process (PID=6951) to work on /home/airflow/.local/lib/python3.6/site-packages/airflow/example_dags/tutorial_etl_dag.py
[2022-10-01 00:12:43,878] {processor.py:613} INFO - Processing file /home/airflow/.local/lib/python3.6/site-packages/airflow/example_dags/tutorial_etl_dag.py for tasks to queue
[2022-10-01 00:12:43,879] {logging_mixin.py:109} INFO - [2022-10-01 00:12:43,879] {dagbag.py:496} INFO - Filling up the DagBag from /home/airflow/.local/lib/python3.6/site-packages/airflow/example_dags/tutorial_etl_dag.py
[2022-10-01 00:12:43,888] {processor.py:623} INFO - DAG(s) dict_keys(['tutorial_etl_dag']) retrieved from /home/airflow/.local/lib/python3.6/site-packages/airflow/example_dags/tutorial_etl_dag.py
[2022-10-01 00:12:43,909] {logging_mixin.py:109} INFO - [2022-10-01 00:12:43,909] {dag.py:1833} INFO - Sync 1 DAGs
[2022-10-01 00:12:43,927] {logging_mixin.py:109} INFO - [2022-10-01 00:12:43,927] {dag.py:2306} INFO - Setting next_dagrun for tutorial_etl_dag to None
[2022-10-01 00:12:43,938] {processor.py:170} INFO - Processing /home/airflow/.local/lib/python3.6/site-packages/airflow/example_dags/tutorial_etl_dag.py took 0.064 seconds
[2022-10-01 00:13:14,897] {processor.py:162} INFO - Started process (PID=7013) to work on /home/airflow/.local/lib/python3.6/site-packages/airflow/example_dags/tutorial_etl_dag.py
[2022-10-01 00:13:14,898] {processor.py:613} INFO - Processing file /home/airflow/.local/lib/python3.6/site-packages/airflow/example_dags/tutorial_etl_dag.py for tasks to queue
[2022-10-01 00:13:14,900] {logging_mixin.py:109} INFO - [2022-10-01 00:13:14,899] {dagbag.py:496} INFO - Filling up the DagBag from /home/airflow/.local/lib/python3.6/site-packages/airflow/example_dags/tutorial_etl_dag.py
[2022-10-01 00:13:14,909] {processor.py:623} INFO - DAG(s) dict_keys(['tutorial_etl_dag']) retrieved from /home/airflow/.local/lib/python3.6/site-packages/airflow/example_dags/tutorial_etl_dag.py
[2022-10-01 00:13:14,937] {logging_mixin.py:109} INFO - [2022-10-01 00:13:14,937] {dag.py:1833} INFO - Sync 1 DAGs
[2022-10-01 00:13:14,954] {logging_mixin.py:109} INFO - [2022-10-01 00:13:14,954] {dag.py:2306} INFO - Setting next_dagrun for tutorial_etl_dag to None
[2022-10-01 00:13:14,968] {processor.py:170} INFO - Processing /home/airflow/.local/lib/python3.6/site-packages/airflow/example_dags/tutorial_etl_dag.py took 0.074 seconds
[2022-10-01 00:13:45,966] {processor.py:162} INFO - Started process (PID=7074) to work on /home/airflow/.local/lib/python3.6/site-packages/airflow/example_dags/tutorial_etl_dag.py
[2022-10-01 00:13:45,968] {processor.py:613} INFO - Processing file /home/airflow/.local/lib/python3.6/site-packages/airflow/example_dags/tutorial_etl_dag.py for tasks to queue
[2022-10-01 00:13:45,969] {logging_mixin.py:109} INFO - [2022-10-01 00:13:45,969] {dagbag.py:496} INFO - Filling up the DagBag from /home/airflow/.local/lib/python3.6/site-packages/airflow/example_dags/tutorial_etl_dag.py
[2022-10-01 00:13:45,978] {processor.py:623} INFO - DAG(s) dict_keys(['tutorial_etl_dag']) retrieved from /home/airflow/.local/lib/python3.6/site-packages/airflow/example_dags/tutorial_etl_dag.py
[2022-10-01 00:13:45,997] {logging_mixin.py:109} INFO - [2022-10-01 00:13:45,996] {dag.py:1833} INFO - Sync 1 DAGs
[2022-10-01 00:13:46,010] {logging_mixin.py:109} INFO - [2022-10-01 00:13:46,010] {dag.py:2306} INFO - Setting next_dagrun for tutorial_etl_dag to None
[2022-10-01 00:13:46,021] {processor.py:170} INFO - Processing /home/airflow/.local/lib/python3.6/site-packages/airflow/example_dags/tutorial_etl_dag.py took 0.058 seconds
[2022-10-01 00:14:16,525] {processor.py:162} INFO - Started process (PID=7125) to work on /home/airflow/.local/lib/python3.6/site-packages/airflow/example_dags/tutorial_etl_dag.py
[2022-10-01 00:14:16,527] {processor.py:613} INFO - Processing file /home/airflow/.local/lib/python3.6/site-packages/airflow/example_dags/tutorial_etl_dag.py for tasks to queue
[2022-10-01 00:14:16,528] {logging_mixin.py:109} INFO - [2022-10-01 00:14:16,528] {dagbag.py:496} INFO - Filling up the DagBag from /home/airflow/.local/lib/python3.6/site-packages/airflow/example_dags/tutorial_etl_dag.py
[2022-10-01 00:14:16,537] {processor.py:623} INFO - DAG(s) dict_keys(['tutorial_etl_dag']) retrieved from /home/airflow/.local/lib/python3.6/site-packages/airflow/example_dags/tutorial_etl_dag.py
[2022-10-01 00:14:16,557] {logging_mixin.py:109} INFO - [2022-10-01 00:14:16,557] {dag.py:1833} INFO - Sync 1 DAGs
[2022-10-01 00:14:16,571] {logging_mixin.py:109} INFO - [2022-10-01 00:14:16,571] {dag.py:2306} INFO - Setting next_dagrun for tutorial_etl_dag to None
[2022-10-01 00:14:16,582] {processor.py:170} INFO - Processing /home/airflow/.local/lib/python3.6/site-packages/airflow/example_dags/tutorial_etl_dag.py took 0.060 seconds
[2022-10-01 00:14:47,224] {processor.py:162} INFO - Started process (PID=7187) to work on /home/airflow/.local/lib/python3.6/site-packages/airflow/example_dags/tutorial_etl_dag.py
[2022-10-01 00:14:47,226] {processor.py:613} INFO - Processing file /home/airflow/.local/lib/python3.6/site-packages/airflow/example_dags/tutorial_etl_dag.py for tasks to queue
[2022-10-01 00:14:47,227] {logging_mixin.py:109} INFO - [2022-10-01 00:14:47,227] {dagbag.py:496} INFO - Filling up the DagBag from /home/airflow/.local/lib/python3.6/site-packages/airflow/example_dags/tutorial_etl_dag.py
[2022-10-01 00:14:47,234] {processor.py:623} INFO - DAG(s) dict_keys(['tutorial_etl_dag']) retrieved from /home/airflow/.local/lib/python3.6/site-packages/airflow/example_dags/tutorial_etl_dag.py
[2022-10-01 00:14:47,271] {logging_mixin.py:109} INFO - [2022-10-01 00:14:47,270] {dag.py:1833} INFO - Sync 1 DAGs
[2022-10-01 00:14:47,286] {logging_mixin.py:109} INFO - [2022-10-01 00:14:47,286] {dag.py:2306} INFO - Setting next_dagrun for tutorial_etl_dag to None
[2022-10-01 00:14:47,295] {processor.py:170} INFO - Processing /home/airflow/.local/lib/python3.6/site-packages/airflow/example_dags/tutorial_etl_dag.py took 0.073 seconds
[2022-10-01 00:15:18,070] {processor.py:162} INFO - Started process (PID=7248) to work on /home/airflow/.local/lib/python3.6/site-packages/airflow/example_dags/tutorial_etl_dag.py
[2022-10-01 00:15:18,072] {processor.py:613} INFO - Processing file /home/airflow/.local/lib/python3.6/site-packages/airflow/example_dags/tutorial_etl_dag.py for tasks to queue
[2022-10-01 00:15:18,073] {logging_mixin.py:109} INFO - [2022-10-01 00:15:18,073] {dagbag.py:496} INFO - Filling up the DagBag from /home/airflow/.local/lib/python3.6/site-packages/airflow/example_dags/tutorial_etl_dag.py
[2022-10-01 00:15:18,082] {processor.py:623} INFO - DAG(s) dict_keys(['tutorial_etl_dag']) retrieved from /home/airflow/.local/lib/python3.6/site-packages/airflow/example_dags/tutorial_etl_dag.py
[2022-10-01 00:15:18,104] {logging_mixin.py:109} INFO - [2022-10-01 00:15:18,104] {dag.py:1833} INFO - Sync 1 DAGs
[2022-10-01 00:15:18,117] {logging_mixin.py:109} INFO - [2022-10-01 00:15:18,117] {dag.py:2306} INFO - Setting next_dagrun for tutorial_etl_dag to None
[2022-10-01 00:15:18,128] {processor.py:170} INFO - Processing /home/airflow/.local/lib/python3.6/site-packages/airflow/example_dags/tutorial_etl_dag.py took 0.060 seconds
[2022-10-01 00:15:48,192] {processor.py:162} INFO - Started process (PID=7299) to work on /home/airflow/.local/lib/python3.6/site-packages/airflow/example_dags/tutorial_etl_dag.py
[2022-10-01 00:15:48,194] {processor.py:613} INFO - Processing file /home/airflow/.local/lib/python3.6/site-packages/airflow/example_dags/tutorial_etl_dag.py for tasks to queue
[2022-10-01 00:15:48,196] {logging_mixin.py:109} INFO - [2022-10-01 00:15:48,196] {dagbag.py:496} INFO - Filling up the DagBag from /home/airflow/.local/lib/python3.6/site-packages/airflow/example_dags/tutorial_etl_dag.py
[2022-10-01 00:15:48,207] {processor.py:623} INFO - DAG(s) dict_keys(['tutorial_etl_dag']) retrieved from /home/airflow/.local/lib/python3.6/site-packages/airflow/example_dags/tutorial_etl_dag.py
[2022-10-01 00:15:48,226] {logging_mixin.py:109} INFO - [2022-10-01 00:15:48,226] {dag.py:1833} INFO - Sync 1 DAGs
[2022-10-01 00:15:48,236] {logging_mixin.py:109} INFO - [2022-10-01 00:15:48,236] {dag.py:2306} INFO - Setting next_dagrun for tutorial_etl_dag to None
[2022-10-01 00:15:48,245] {processor.py:170} INFO - Processing /home/airflow/.local/lib/python3.6/site-packages/airflow/example_dags/tutorial_etl_dag.py took 0.055 seconds
[2022-10-01 00:16:18,895] {processor.py:162} INFO - Started process (PID=7360) to work on /home/airflow/.local/lib/python3.6/site-packages/airflow/example_dags/tutorial_etl_dag.py
[2022-10-01 00:16:18,897] {processor.py:613} INFO - Processing file /home/airflow/.local/lib/python3.6/site-packages/airflow/example_dags/tutorial_etl_dag.py for tasks to queue
[2022-10-01 00:16:18,898] {logging_mixin.py:109} INFO - [2022-10-01 00:16:18,897] {dagbag.py:496} INFO - Filling up the DagBag from /home/airflow/.local/lib/python3.6/site-packages/airflow/example_dags/tutorial_etl_dag.py
[2022-10-01 00:16:18,907] {processor.py:623} INFO - DAG(s) dict_keys(['tutorial_etl_dag']) retrieved from /home/airflow/.local/lib/python3.6/site-packages/airflow/example_dags/tutorial_etl_dag.py
[2022-10-01 00:16:18,925] {logging_mixin.py:109} INFO - [2022-10-01 00:16:18,925] {dag.py:1833} INFO - Sync 1 DAGs
[2022-10-01 00:16:18,940] {logging_mixin.py:109} INFO - [2022-10-01 00:16:18,940] {dag.py:2306} INFO - Setting next_dagrun for tutorial_etl_dag to None
[2022-10-01 00:16:18,952] {processor.py:170} INFO - Processing /home/airflow/.local/lib/python3.6/site-packages/airflow/example_dags/tutorial_etl_dag.py took 0.060 seconds
[2022-10-01 00:16:49,867] {processor.py:162} INFO - Started process (PID=7421) to work on /home/airflow/.local/lib/python3.6/site-packages/airflow/example_dags/tutorial_etl_dag.py
[2022-10-01 00:16:49,869] {processor.py:613} INFO - Processing file /home/airflow/.local/lib/python3.6/site-packages/airflow/example_dags/tutorial_etl_dag.py for tasks to queue
[2022-10-01 00:16:49,870] {logging_mixin.py:109} INFO - [2022-10-01 00:16:49,870] {dagbag.py:496} INFO - Filling up the DagBag from /home/airflow/.local/lib/python3.6/site-packages/airflow/example_dags/tutorial_etl_dag.py
[2022-10-01 00:16:49,879] {processor.py:623} INFO - DAG(s) dict_keys(['tutorial_etl_dag']) retrieved from /home/airflow/.local/lib/python3.6/site-packages/airflow/example_dags/tutorial_etl_dag.py
[2022-10-01 00:16:49,897] {logging_mixin.py:109} INFO - [2022-10-01 00:16:49,897] {dag.py:1833} INFO - Sync 1 DAGs
[2022-10-01 00:16:49,910] {logging_mixin.py:109} INFO - [2022-10-01 00:16:49,910] {dag.py:2306} INFO - Setting next_dagrun for tutorial_etl_dag to None
[2022-10-01 00:16:49,922] {processor.py:170} INFO - Processing /home/airflow/.local/lib/python3.6/site-packages/airflow/example_dags/tutorial_etl_dag.py took 0.058 seconds
[2022-10-01 00:17:19,998] {processor.py:162} INFO - Started process (PID=7472) to work on /home/airflow/.local/lib/python3.6/site-packages/airflow/example_dags/tutorial_etl_dag.py
[2022-10-01 00:17:19,999] {processor.py:613} INFO - Processing file /home/airflow/.local/lib/python3.6/site-packages/airflow/example_dags/tutorial_etl_dag.py for tasks to queue
[2022-10-01 00:17:20,001] {logging_mixin.py:109} INFO - [2022-10-01 00:17:20,001] {dagbag.py:496} INFO - Filling up the DagBag from /home/airflow/.local/lib/python3.6/site-packages/airflow/example_dags/tutorial_etl_dag.py
[2022-10-01 00:17:20,012] {processor.py:623} INFO - DAG(s) dict_keys(['tutorial_etl_dag']) retrieved from /home/airflow/.local/lib/python3.6/site-packages/airflow/example_dags/tutorial_etl_dag.py
[2022-10-01 00:17:20,033] {logging_mixin.py:109} INFO - [2022-10-01 00:17:20,032] {dag.py:1833} INFO - Sync 1 DAGs
[2022-10-01 00:17:20,046] {logging_mixin.py:109} INFO - [2022-10-01 00:17:20,046] {dag.py:2306} INFO - Setting next_dagrun for tutorial_etl_dag to None
[2022-10-01 00:17:20,057] {processor.py:170} INFO - Processing /home/airflow/.local/lib/python3.6/site-packages/airflow/example_dags/tutorial_etl_dag.py took 0.062 seconds
[2022-10-01 00:17:51,025] {processor.py:162} INFO - Started process (PID=7534) to work on /home/airflow/.local/lib/python3.6/site-packages/airflow/example_dags/tutorial_etl_dag.py
[2022-10-01 00:17:51,027] {processor.py:613} INFO - Processing file /home/airflow/.local/lib/python3.6/site-packages/airflow/example_dags/tutorial_etl_dag.py for tasks to queue
[2022-10-01 00:17:51,029] {logging_mixin.py:109} INFO - [2022-10-01 00:17:51,029] {dagbag.py:496} INFO - Filling up the DagBag from /home/airflow/.local/lib/python3.6/site-packages/airflow/example_dags/tutorial_etl_dag.py
[2022-10-01 00:17:51,038] {processor.py:623} INFO - DAG(s) dict_keys(['tutorial_etl_dag']) retrieved from /home/airflow/.local/lib/python3.6/site-packages/airflow/example_dags/tutorial_etl_dag.py
[2022-10-01 00:17:51,057] {logging_mixin.py:109} INFO - [2022-10-01 00:17:51,057] {dag.py:1833} INFO - Sync 1 DAGs
[2022-10-01 00:17:51,069] {logging_mixin.py:109} INFO - [2022-10-01 00:17:51,069] {dag.py:2306} INFO - Setting next_dagrun for tutorial_etl_dag to None
[2022-10-01 00:17:51,079] {processor.py:170} INFO - Processing /home/airflow/.local/lib/python3.6/site-packages/airflow/example_dags/tutorial_etl_dag.py took 0.057 seconds
[2022-10-01 00:18:17,460] {processor.py:162} INFO - Started process (PID=7587) to work on /home/airflow/.local/lib/python3.6/site-packages/airflow/example_dags/tutorial_etl_dag.py
[2022-10-01 00:18:17,461] {processor.py:613} INFO - Processing file /home/airflow/.local/lib/python3.6/site-packages/airflow/example_dags/tutorial_etl_dag.py for tasks to queue
[2022-10-01 00:18:17,462] {logging_mixin.py:109} INFO - [2022-10-01 00:18:17,462] {dagbag.py:496} INFO - Filling up the DagBag from /home/airflow/.local/lib/python3.6/site-packages/airflow/example_dags/tutorial_etl_dag.py
[2022-10-01 00:18:17,472] {processor.py:623} INFO - DAG(s) dict_keys(['tutorial_etl_dag']) retrieved from /home/airflow/.local/lib/python3.6/site-packages/airflow/example_dags/tutorial_etl_dag.py
[2022-10-01 00:18:17,492] {logging_mixin.py:109} INFO - [2022-10-01 00:18:17,491] {dag.py:1833} INFO - Sync 1 DAGs
[2022-10-01 00:18:17,503] {logging_mixin.py:109} INFO - [2022-10-01 00:18:17,503] {dag.py:2306} INFO - Setting next_dagrun for tutorial_etl_dag to None
[2022-10-01 00:18:17,513] {processor.py:170} INFO - Processing /home/airflow/.local/lib/python3.6/site-packages/airflow/example_dags/tutorial_etl_dag.py took 0.056 seconds
[2022-10-01 00:18:48,790] {processor.py:162} INFO - Started process (PID=7648) to work on /home/airflow/.local/lib/python3.6/site-packages/airflow/example_dags/tutorial_etl_dag.py
[2022-10-01 00:18:48,792] {processor.py:613} INFO - Processing file /home/airflow/.local/lib/python3.6/site-packages/airflow/example_dags/tutorial_etl_dag.py for tasks to queue
[2022-10-01 00:18:48,793] {logging_mixin.py:109} INFO - [2022-10-01 00:18:48,793] {dagbag.py:496} INFO - Filling up the DagBag from /home/airflow/.local/lib/python3.6/site-packages/airflow/example_dags/tutorial_etl_dag.py
[2022-10-01 00:18:48,803] {processor.py:623} INFO - DAG(s) dict_keys(['tutorial_etl_dag']) retrieved from /home/airflow/.local/lib/python3.6/site-packages/airflow/example_dags/tutorial_etl_dag.py
[2022-10-01 00:18:48,823] {logging_mixin.py:109} INFO - [2022-10-01 00:18:48,823] {dag.py:1833} INFO - Sync 1 DAGs
[2022-10-01 00:18:48,835] {logging_mixin.py:109} INFO - [2022-10-01 00:18:48,835] {dag.py:2306} INFO - Setting next_dagrun for tutorial_etl_dag to None
[2022-10-01 00:18:48,846] {processor.py:170} INFO - Processing /home/airflow/.local/lib/python3.6/site-packages/airflow/example_dags/tutorial_etl_dag.py took 0.059 seconds
[2022-10-01 00:19:19,731] {processor.py:162} INFO - Started process (PID=7709) to work on /home/airflow/.local/lib/python3.6/site-packages/airflow/example_dags/tutorial_etl_dag.py
[2022-10-01 00:19:19,733] {processor.py:613} INFO - Processing file /home/airflow/.local/lib/python3.6/site-packages/airflow/example_dags/tutorial_etl_dag.py for tasks to queue
[2022-10-01 00:19:19,734] {logging_mixin.py:109} INFO - [2022-10-01 00:19:19,734] {dagbag.py:496} INFO - Filling up the DagBag from /home/airflow/.local/lib/python3.6/site-packages/airflow/example_dags/tutorial_etl_dag.py
[2022-10-01 00:19:19,744] {processor.py:623} INFO - DAG(s) dict_keys(['tutorial_etl_dag']) retrieved from /home/airflow/.local/lib/python3.6/site-packages/airflow/example_dags/tutorial_etl_dag.py
[2022-10-01 00:19:19,764] {logging_mixin.py:109} INFO - [2022-10-01 00:19:19,763] {dag.py:1833} INFO - Sync 1 DAGs
[2022-10-01 00:19:19,775] {logging_mixin.py:109} INFO - [2022-10-01 00:19:19,775] {dag.py:2306} INFO - Setting next_dagrun for tutorial_etl_dag to None
[2022-10-01 00:19:19,787] {processor.py:170} INFO - Processing /home/airflow/.local/lib/python3.6/site-packages/airflow/example_dags/tutorial_etl_dag.py took 0.059 seconds
[2022-10-01 00:19:50,804] {processor.py:162} INFO - Started process (PID=7769) to work on /home/airflow/.local/lib/python3.6/site-packages/airflow/example_dags/tutorial_etl_dag.py
[2022-10-01 00:19:50,806] {processor.py:613} INFO - Processing file /home/airflow/.local/lib/python3.6/site-packages/airflow/example_dags/tutorial_etl_dag.py for tasks to queue
[2022-10-01 00:19:50,807] {logging_mixin.py:109} INFO - [2022-10-01 00:19:50,807] {dagbag.py:496} INFO - Filling up the DagBag from /home/airflow/.local/lib/python3.6/site-packages/airflow/example_dags/tutorial_etl_dag.py
[2022-10-01 00:19:50,817] {processor.py:623} INFO - DAG(s) dict_keys(['tutorial_etl_dag']) retrieved from /home/airflow/.local/lib/python3.6/site-packages/airflow/example_dags/tutorial_etl_dag.py
[2022-10-01 00:19:50,837] {logging_mixin.py:109} INFO - [2022-10-01 00:19:50,836] {dag.py:1833} INFO - Sync 1 DAGs
[2022-10-01 00:19:50,850] {logging_mixin.py:109} INFO - [2022-10-01 00:19:50,850] {dag.py:2306} INFO - Setting next_dagrun for tutorial_etl_dag to None
[2022-10-01 00:19:50,861] {processor.py:170} INFO - Processing /home/airflow/.local/lib/python3.6/site-packages/airflow/example_dags/tutorial_etl_dag.py took 0.060 seconds
