[2022-10-01 01:54:44,947] {taskinstance.py:903} INFO - Dependencies all met for <TaskInstance: daily_data_processing_pipeline.start_task 2022-10-01T01:54:44.390846+00:00 [queued]>
[2022-10-01 01:54:44,961] {taskinstance.py:903} INFO - Dependencies all met for <TaskInstance: daily_data_processing_pipeline.start_task 2022-10-01T01:54:44.390846+00:00 [queued]>
[2022-10-01 01:54:44,962] {taskinstance.py:1094} INFO - 
--------------------------------------------------------------------------------
[2022-10-01 01:54:44,963] {taskinstance.py:1095} INFO - Starting attempt 1 of 1
[2022-10-01 01:54:44,964] {taskinstance.py:1096} INFO - 
--------------------------------------------------------------------------------
[2022-10-01 01:54:44,976] {taskinstance.py:1114} INFO - Executing <Task(_PythonDecoratedOperator): start_task> on 2022-10-01T01:54:44.390846+00:00
[2022-10-01 01:54:44,981] {standard_task_runner.py:52} INFO - Started process 4019 to run task
[2022-10-01 01:54:44,984] {standard_task_runner.py:76} INFO - Running: ['***', 'tasks', 'run', 'daily_data_processing_pipeline', 'start_task', '2022-10-01T01:54:44.390846+00:00', '--job-id', '17', '--pool', 'default_pool', '--raw', '--subdir', 'DAGS_FOLDER/dag_schedule.py', '--cfg-path', '/tmp/tmpuakifh5d', '--error-file', '/tmp/tmpptucg5uq']
[2022-10-01 01:54:44,985] {standard_task_runner.py:77} INFO - Job 17: Subtask start_task
[2022-10-01 01:54:45,021] {logging_mixin.py:109} INFO - Running <TaskInstance: daily_data_processing_pipeline.start_task 2022-10-01T01:54:44.390846+00:00 [running]> on host f7d8021d0ce4
[2022-10-01 01:54:45,061] {taskinstance.py:1253} INFO - Exporting the following env vars:
AIRFLOW_CTX_DAG_OWNER=***
AIRFLOW_CTX_DAG_ID=daily_data_processing_pipeline
AIRFLOW_CTX_TASK_ID=start_task
AIRFLOW_CTX_EXECUTION_DATE=2022-10-01T01:54:44.390846+00:00
AIRFLOW_CTX_DAG_RUN_ID=manual__2022-10-01T01:54:44.390846+00:00
[2022-10-01 01:54:45,063] {dag_schedule.py:35} INFO - Task Triggered
[2022-10-01 01:54:45,063] {dag_schedule.py:36} INFO - 2022-10-01T01:54:45.063902
[2022-10-01 01:54:45,064] {python.py:151} INFO - Done. Returned value was: None
[2022-10-01 01:54:45,073] {taskinstance.py:1218} INFO - Marking task as SUCCESS. dag_id=daily_data_processing_pipeline, task_id=start_task, execution_date=20221001T015444, start_date=20221001T015444, end_date=20221001T015445
[2022-10-01 01:54:45,117] {local_task_job.py:151} INFO - Task exited with return code 0
[2022-10-01 01:54:45,155] {local_task_job.py:261} INFO - 2 downstream tasks scheduled from follow-on schedule check
