[2022-10-01 02:01:35,984] {taskinstance.py:903} INFO - Dependencies all met for <TaskInstance: daily_data_processing_pipeline.dataset2.load 2022-10-01T02:01:31.541692+00:00 [queued]>
[2022-10-01 02:01:36,005] {taskinstance.py:903} INFO - Dependencies all met for <TaskInstance: daily_data_processing_pipeline.dataset2.load 2022-10-01T02:01:31.541692+00:00 [queued]>
[2022-10-01 02:01:36,006] {taskinstance.py:1094} INFO - 
--------------------------------------------------------------------------------
[2022-10-01 02:01:36,006] {taskinstance.py:1095} INFO - Starting attempt 1 of 1
[2022-10-01 02:01:36,007] {taskinstance.py:1096} INFO - 
--------------------------------------------------------------------------------
[2022-10-01 02:01:36,019] {taskinstance.py:1114} INFO - Executing <Task(_PythonDecoratedOperator): dataset2.load> on 2022-10-01T02:01:31.541692+00:00
[2022-10-01 02:01:36,025] {standard_task_runner.py:52} INFO - Started process 4768 to run task
[2022-10-01 02:01:36,029] {standard_task_runner.py:76} INFO - Running: ['***', 'tasks', 'run', 'daily_data_processing_pipeline', 'dataset2.load', '2022-10-01T02:01:31.541692+00:00', '--job-id', '30', '--pool', 'default_pool', '--raw', '--subdir', 'DAGS_FOLDER/dag_schedule.py', '--cfg-path', '/tmp/tmp6twymb_t', '--error-file', '/tmp/tmpof8urim7']
[2022-10-01 02:01:36,030] {standard_task_runner.py:77} INFO - Job 30: Subtask dataset2.load
[2022-10-01 02:01:36,071] {logging_mixin.py:109} INFO - Running <TaskInstance: daily_data_processing_pipeline.dataset2.load 2022-10-01T02:01:31.541692+00:00 [running]> on host f7d8021d0ce4
[2022-10-01 02:01:36,306] {taskinstance.py:1253} INFO - Exporting the following env vars:
AIRFLOW_CTX_DAG_OWNER=***
AIRFLOW_CTX_DAG_ID=daily_data_processing_pipeline
AIRFLOW_CTX_TASK_ID=dataset2.load
AIRFLOW_CTX_EXECUTION_DATE=2022-10-01T02:01:31.541692+00:00
AIRFLOW_CTX_DAG_RUN_ID=manual__2022-10-01T02:01:31.541692+00:00
[2022-10-01 02:01:36,368] {dag_schedule.py:101} INFO - Output File Path
[2022-10-01 02:01:36,369] {dag_schedule.py:102} INFO - /opt/***/dags/output/dataset2.csv
[2022-10-01 02:01:36,404] {python.py:151} INFO - Done. Returned value was: None
[2022-10-01 02:01:36,413] {taskinstance.py:1218} INFO - Marking task as SUCCESS. dag_id=daily_data_processing_pipeline, task_id=dataset2.load, execution_date=20221001T020131, start_date=20221001T020135, end_date=20221001T020136
[2022-10-01 02:01:36,443] {local_task_job.py:151} INFO - Task exited with return code 0
[2022-10-01 02:01:36,468] {local_task_job.py:261} INFO - 0 downstream tasks scheduled from follow-on schedule check
