[2022-10-01 02:01:32,347] {taskinstance.py:903} INFO - Dependencies all met for <TaskInstance: daily_data_processing_pipeline.start_task 2022-10-01T02:01:31.541692+00:00 [queued]>
[2022-10-01 02:01:32,363] {taskinstance.py:903} INFO - Dependencies all met for <TaskInstance: daily_data_processing_pipeline.start_task 2022-10-01T02:01:31.541692+00:00 [queued]>
[2022-10-01 02:01:32,364] {taskinstance.py:1094} INFO - 
--------------------------------------------------------------------------------
[2022-10-01 02:01:32,364] {taskinstance.py:1095} INFO - Starting attempt 1 of 1
[2022-10-01 02:01:32,365] {taskinstance.py:1096} INFO - 
--------------------------------------------------------------------------------
[2022-10-01 02:01:32,374] {taskinstance.py:1114} INFO - Executing <Task(_PythonDecoratedOperator): start_task> on 2022-10-01T02:01:31.541692+00:00
[2022-10-01 02:01:32,379] {standard_task_runner.py:52} INFO - Started process 4750 to run task
[2022-10-01 02:01:32,382] {standard_task_runner.py:76} INFO - Running: ['***', 'tasks', 'run', 'daily_data_processing_pipeline', 'start_task', '2022-10-01T02:01:31.541692+00:00', '--job-id', '25', '--pool', 'default_pool', '--raw', '--subdir', 'DAGS_FOLDER/dag_schedule.py', '--cfg-path', '/tmp/tmpef06b9xt', '--error-file', '/tmp/tmpa4amb84j']
[2022-10-01 02:01:32,383] {standard_task_runner.py:77} INFO - Job 25: Subtask start_task
[2022-10-01 02:01:32,423] {logging_mixin.py:109} INFO - Running <TaskInstance: daily_data_processing_pipeline.start_task 2022-10-01T02:01:31.541692+00:00 [running]> on host f7d8021d0ce4
[2022-10-01 02:01:32,465] {taskinstance.py:1253} INFO - Exporting the following env vars:
AIRFLOW_CTX_DAG_OWNER=***
AIRFLOW_CTX_DAG_ID=daily_data_processing_pipeline
AIRFLOW_CTX_TASK_ID=start_task
AIRFLOW_CTX_EXECUTION_DATE=2022-10-01T02:01:31.541692+00:00
AIRFLOW_CTX_DAG_RUN_ID=manual__2022-10-01T02:01:31.541692+00:00
[2022-10-01 02:01:32,466] {dag_schedule.py:36} INFO - Task Triggered
[2022-10-01 02:01:32,467] {dag_schedule.py:37} INFO - 2022-10-01T02:01:32.467263
[2022-10-01 02:01:32,467] {python.py:151} INFO - Done. Returned value was: None
[2022-10-01 02:01:32,477] {taskinstance.py:1218} INFO - Marking task as SUCCESS. dag_id=daily_data_processing_pipeline, task_id=start_task, execution_date=20221001T020131, start_date=20221001T020132, end_date=20221001T020132
[2022-10-01 02:01:32,515] {local_task_job.py:151} INFO - Task exited with return code 0
[2022-10-01 02:01:32,538] {local_task_job.py:261} INFO - 2 downstream tasks scheduled from follow-on schedule check
