[2022-10-01 02:02:35,476] {taskinstance.py:903} INFO - Dependencies all met for <TaskInstance: daily_data_processing_pipeline.start_task 2022-10-01T02:02:34.373129+00:00 [queued]>
[2022-10-01 02:02:35,493] {taskinstance.py:903} INFO - Dependencies all met for <TaskInstance: daily_data_processing_pipeline.start_task 2022-10-01T02:02:34.373129+00:00 [queued]>
[2022-10-01 02:02:35,494] {taskinstance.py:1094} INFO - 
--------------------------------------------------------------------------------
[2022-10-01 02:02:35,495] {taskinstance.py:1095} INFO - Starting attempt 1 of 1
[2022-10-01 02:02:35,496] {taskinstance.py:1096} INFO - 
--------------------------------------------------------------------------------
[2022-10-01 02:02:35,506] {taskinstance.py:1114} INFO - Executing <Task(_PythonDecoratedOperator): start_task> on 2022-10-01T02:02:34.373129+00:00
[2022-10-01 02:02:35,511] {standard_task_runner.py:52} INFO - Started process 4869 to run task
[2022-10-01 02:02:35,515] {standard_task_runner.py:76} INFO - Running: ['***', 'tasks', 'run', 'daily_data_processing_pipeline', 'start_task', '2022-10-01T02:02:34.373129+00:00', '--job-id', '32', '--pool', 'default_pool', '--raw', '--subdir', 'DAGS_FOLDER/dag_schedule.py', '--cfg-path', '/tmp/tmpy7p7_4cb', '--error-file', '/tmp/tmpazsco_uv']
[2022-10-01 02:02:35,516] {standard_task_runner.py:77} INFO - Job 32: Subtask start_task
[2022-10-01 02:02:35,558] {logging_mixin.py:109} INFO - Running <TaskInstance: daily_data_processing_pipeline.start_task 2022-10-01T02:02:34.373129+00:00 [running]> on host f7d8021d0ce4
[2022-10-01 02:02:35,604] {taskinstance.py:1253} INFO - Exporting the following env vars:
AIRFLOW_CTX_DAG_OWNER=***
AIRFLOW_CTX_DAG_ID=daily_data_processing_pipeline
AIRFLOW_CTX_TASK_ID=start_task
AIRFLOW_CTX_EXECUTION_DATE=2022-10-01T02:02:34.373129+00:00
AIRFLOW_CTX_DAG_RUN_ID=manual__2022-10-01T02:02:34.373129+00:00
[2022-10-01 02:02:35,606] {dag_schedule.py:36} INFO - Task Triggered
[2022-10-01 02:02:35,606] {dag_schedule.py:37} INFO - 2022-10-01T02:02:35.606899
[2022-10-01 02:02:35,607] {python.py:151} INFO - Done. Returned value was: None
[2022-10-01 02:02:35,617] {taskinstance.py:1218} INFO - Marking task as SUCCESS. dag_id=daily_data_processing_pipeline, task_id=start_task, execution_date=20221001T020234, start_date=20221001T020235, end_date=20221001T020235
[2022-10-01 02:02:35,648] {local_task_job.py:151} INFO - Task exited with return code 0
[2022-10-01 02:02:35,678] {local_task_job.py:261} INFO - 2 downstream tasks scheduled from follow-on schedule check
