[2022-10-01 02:03:53,798] {taskinstance.py:903} INFO - Dependencies all met for <TaskInstance: daily_data_processing_pipeline.dataset2.load 2022-10-01T02:03:47.919891+00:00 [queued]>
[2022-10-01 02:03:53,813] {taskinstance.py:903} INFO - Dependencies all met for <TaskInstance: daily_data_processing_pipeline.dataset2.load 2022-10-01T02:03:47.919891+00:00 [queued]>
[2022-10-01 02:03:53,814] {taskinstance.py:1094} INFO - 
--------------------------------------------------------------------------------
[2022-10-01 02:03:53,815] {taskinstance.py:1095} INFO - Starting attempt 1 of 1
[2022-10-01 02:03:53,815] {taskinstance.py:1096} INFO - 
--------------------------------------------------------------------------------
[2022-10-01 02:03:53,824] {taskinstance.py:1114} INFO - Executing <Task(_PythonDecoratedOperator): dataset2.load> on 2022-10-01T02:03:47.919891+00:00
[2022-10-01 02:03:53,829] {standard_task_runner.py:52} INFO - Started process 5041 to run task
[2022-10-01 02:03:53,832] {standard_task_runner.py:76} INFO - Running: ['***', 'tasks', 'run', 'daily_data_processing_pipeline', 'dataset2.load', '2022-10-01T02:03:47.919891+00:00', '--job-id', '44', '--pool', 'default_pool', '--raw', '--subdir', 'DAGS_FOLDER/dag_schedule.py', '--cfg-path', '/tmp/tmpu_ynjpz4', '--error-file', '/tmp/tmp59gboncx']
[2022-10-01 02:03:53,833] {standard_task_runner.py:77} INFO - Job 44: Subtask dataset2.load
[2022-10-01 02:03:53,874] {logging_mixin.py:109} INFO - Running <TaskInstance: daily_data_processing_pipeline.dataset2.load 2022-10-01T02:03:47.919891+00:00 [running]> on host f7d8021d0ce4
[2022-10-01 02:03:54,110] {taskinstance.py:1253} INFO - Exporting the following env vars:
AIRFLOW_CTX_DAG_OWNER=***
AIRFLOW_CTX_DAG_ID=daily_data_processing_pipeline
AIRFLOW_CTX_TASK_ID=dataset2.load
AIRFLOW_CTX_EXECUTION_DATE=2022-10-01T02:03:47.919891+00:00
AIRFLOW_CTX_DAG_RUN_ID=manual__2022-10-01T02:03:47.919891+00:00
[2022-10-01 02:03:54,158] {dag_schedule.py:104} INFO - Output File Path
[2022-10-01 02:03:54,158] {dag_schedule.py:105} INFO - /opt/***/dags/output/dataset2.csv
[2022-10-01 02:03:54,183] {python.py:151} INFO - Done. Returned value was: None
[2022-10-01 02:03:54,193] {taskinstance.py:1218} INFO - Marking task as SUCCESS. dag_id=daily_data_processing_pipeline, task_id=dataset2.load, execution_date=20221001T020347, start_date=20221001T020353, end_date=20221001T020354
[2022-10-01 02:03:54,245] {local_task_job.py:151} INFO - Task exited with return code 0
[2022-10-01 02:03:54,267] {local_task_job.py:261} INFO - 0 downstream tasks scheduled from follow-on schedule check
