[2022-10-01 01:49:32,287] {taskinstance.py:903} INFO - Dependencies all met for <TaskInstance: daily_data_processing_pipeline.start_task 2022-09-30T01:00:00+00:00 [queued]>
[2022-10-01 01:49:32,303] {taskinstance.py:903} INFO - Dependencies all met for <TaskInstance: daily_data_processing_pipeline.start_task 2022-09-30T01:00:00+00:00 [queued]>
[2022-10-01 01:49:32,304] {taskinstance.py:1094} INFO - 
--------------------------------------------------------------------------------
[2022-10-01 01:49:32,305] {taskinstance.py:1095} INFO - Starting attempt 1 of 1
[2022-10-01 01:49:32,306] {taskinstance.py:1096} INFO - 
--------------------------------------------------------------------------------
[2022-10-01 01:49:32,315] {taskinstance.py:1114} INFO - Executing <Task(_PythonDecoratedOperator): start_task> on 2022-09-30T01:00:00+00:00
[2022-10-01 01:49:32,320] {standard_task_runner.py:52} INFO - Started process 3454 to run task
[2022-10-01 01:49:32,324] {standard_task_runner.py:76} INFO - Running: ['***', 'tasks', 'run', 'daily_data_processing_pipeline', 'start_task', '2022-09-30T01:00:00+00:00', '--job-id', '8', '--pool', 'default_pool', '--raw', '--subdir', 'DAGS_FOLDER/dag_schedule.py', '--cfg-path', '/tmp/tmpd1vz__jh', '--error-file', '/tmp/tmpri4zzm5j']
[2022-10-01 01:49:32,324] {standard_task_runner.py:77} INFO - Job 8: Subtask start_task
[2022-10-01 01:49:32,367] {logging_mixin.py:109} INFO - Running <TaskInstance: daily_data_processing_pipeline.start_task 2022-09-30T01:00:00+00:00 [running]> on host f7d8021d0ce4
[2022-10-01 01:49:32,412] {taskinstance.py:1253} INFO - Exporting the following env vars:
AIRFLOW_CTX_DAG_OWNER=***
AIRFLOW_CTX_DAG_ID=daily_data_processing_pipeline
AIRFLOW_CTX_TASK_ID=start_task
AIRFLOW_CTX_EXECUTION_DATE=2022-09-30T01:00:00+00:00
AIRFLOW_CTX_DAG_RUN_ID=scheduled__2022-09-30T01:00:00+00:00
[2022-10-01 01:49:32,414] {dag_schedule.py:35} INFO - Task Triggered
[2022-10-01 01:49:32,415] {dag_schedule.py:36} INFO - 2022-10-01T01:49:32.415346
[2022-10-01 01:49:32,416] {python.py:151} INFO - Done. Returned value was: None
[2022-10-01 01:49:32,426] {taskinstance.py:1218} INFO - Marking task as SUCCESS. dag_id=daily_data_processing_pipeline, task_id=start_task, execution_date=20220930T010000, start_date=20221001T014932, end_date=20221001T014932
[2022-10-01 01:49:32,456] {local_task_job.py:151} INFO - Task exited with return code 0
[2022-10-01 01:49:32,482] {local_task_job.py:261} INFO - 2 downstream tasks scheduled from follow-on schedule check
