[2022-10-01 01:53:25,050] {taskinstance.py:903} INFO - Dependencies all met for <TaskInstance: daily_data_processing_pipeline.start_task 2022-10-01T01:53:24.465878+00:00 [queued]>
[2022-10-01 01:53:25,067] {taskinstance.py:903} INFO - Dependencies all met for <TaskInstance: daily_data_processing_pipeline.start_task 2022-10-01T01:53:24.465878+00:00 [queued]>
[2022-10-01 01:53:25,068] {taskinstance.py:1094} INFO - 
--------------------------------------------------------------------------------
[2022-10-01 01:53:25,068] {taskinstance.py:1095} INFO - Starting attempt 1 of 1
[2022-10-01 01:53:25,069] {taskinstance.py:1096} INFO - 
--------------------------------------------------------------------------------
[2022-10-01 01:53:25,078] {taskinstance.py:1114} INFO - Executing <Task(_PythonDecoratedOperator): start_task> on 2022-10-01T01:53:24.465878+00:00
[2022-10-01 01:53:25,083] {standard_task_runner.py:52} INFO - Started process 3877 to run task
[2022-10-01 01:53:25,086] {standard_task_runner.py:76} INFO - Running: ['***', 'tasks', 'run', 'daily_data_processing_pipeline', 'start_task', '2022-10-01T01:53:24.465878+00:00', '--job-id', '14', '--pool', 'default_pool', '--raw', '--subdir', 'DAGS_FOLDER/dag_schedule.py', '--cfg-path', '/tmp/tmpo2rc_vok', '--error-file', '/tmp/tmpkvnesabt']
[2022-10-01 01:53:25,087] {standard_task_runner.py:77} INFO - Job 14: Subtask start_task
[2022-10-01 01:53:25,133] {logging_mixin.py:109} INFO - Running <TaskInstance: daily_data_processing_pipeline.start_task 2022-10-01T01:53:24.465878+00:00 [running]> on host f7d8021d0ce4
[2022-10-01 01:53:25,173] {taskinstance.py:1253} INFO - Exporting the following env vars:
AIRFLOW_CTX_DAG_OWNER=***
AIRFLOW_CTX_DAG_ID=daily_data_processing_pipeline
AIRFLOW_CTX_TASK_ID=start_task
AIRFLOW_CTX_EXECUTION_DATE=2022-10-01T01:53:24.465878+00:00
AIRFLOW_CTX_DAG_RUN_ID=manual__2022-10-01T01:53:24.465878+00:00
[2022-10-01 01:53:25,175] {dag_schedule.py:35} INFO - Task Triggered
[2022-10-01 01:53:25,175] {dag_schedule.py:36} INFO - 2022-10-01T01:53:25.175968
[2022-10-01 01:53:25,176] {python.py:151} INFO - Done. Returned value was: None
[2022-10-01 01:53:25,184] {taskinstance.py:1218} INFO - Marking task as SUCCESS. dag_id=daily_data_processing_pipeline, task_id=start_task, execution_date=20221001T015324, start_date=20221001T015325, end_date=20221001T015325
[2022-10-01 01:53:25,218] {local_task_job.py:151} INFO - Task exited with return code 0
[2022-10-01 01:53:25,243] {local_task_job.py:261} INFO - 2 downstream tasks scheduled from follow-on schedule check
